[List description]
[Description]
 Text=PrintMachine-Infos
 FileVersion=10
 Units=SCM-Units
 Metric=0
 TextQuote.Start=1
 TextQuote.End=1
 RepresentationCode.CondStart=171
 RepresentationCode.CondSep=166
 RepresentationCode.CondEnd=187
 RepresentationCode.Tab=247
 RepresentationCode.Ret=182
 RepresentationCode.PhantomSpace=2
 RepresentationCode.LockNextChar=3
 RepresentationCode.ExprSep=164
 LCID=1031
 UserVars.ManualSortOrder=1
 Created=13.11.2006, 13:41:05
 CreatedByApp=cbi30.exe [3.0.0-PTF3, Build 13344]
 CreatedByDLL=CMLL11.DLL [11,15,0,0 (06-04-24 10:35)]
 CreatedByUser=keuer on KEUER
 LastModified=22.11.2016, 08:27:53
 LastModifiedByApp=CBI61.EXE [6.1-SP4, Build 38114M]
 LastModifiedByDLL=CMLL17.DLL [17.3.2012.9809 (12-04-05 09:06)F]
 LastModifiedByUser=keuer on PCKEUER
 CreatedByCallFrom=comctl32.dll
[Layout]
 P1.Template=
 xGrid=5000
 yGrid=5000
 GridShow=TRUE
 GridSnap=TRUE
 EnhancedExpressions=TRUE
 EnhancedOldExpressions=FALSE
 Decimals=2
 RealDataPreviewPageLimit=-2
 DefFont={(0,0,0),8.000000,-11,0,0,0,400,0,0,0,0,3,2,1,34,Calibri}
 HelpLines.Horizontal=
 HelpLines.Vertical=
 PDF.MaxOutlineDepth=2
 PDF.MaxOutlineDepth.IDX=3
 DefaultSize.Objecttype1=(0,0,280000,5000)
 DefaultSize.Objecttype2=(0,0,80000,35000)
 DefaultSize.Objecttype6=(0,0,290000,150000)
 ObjectCount=12
[UserSection]

[SumVariables]
[Layer]
 Name=Basis
 Condition=
 WorkspaceColor=(102,102,102)
 Visible=TRUE
 LayerID=0
[Layer]
 Name=Erste Seite
 Condition=Page() = 1
 WorkspaceColor=(197,207,10)
 Visible=TRUE
 LayerID=1
[Layer]
 Name=Folgeseiten
 Condition=Page() <> 1
 WorkspaceColor=(161,203,243)
 Visible=TRUE
 LayerID=2
[ProjectTemplates]
 [@ProjectTemplates]
  {
  [ProjectTemplates]
   {
   [ProjectTemplate]
	{
	Identifier=
	bVisible=True
	Condition=True
	Filename=ProjectPath$() + "PrintMachine-Infos A4 quer ohne Halterinfo.lst"
	}
   }
  }
[Object]
 ObjectID=1
 ObjectName=Text
 Locked=FALSE
 LinkID=31
 LinkToID=0
 LinkMode=32
 LayerID=0
 GroupID=0
 Identifier=Halter links
 Condition=True
 UserLocked=False
 WrapBefore=False
 ExportAsPicture=False
 Position/Left=5600
 Position/Top=10800
 Position/Width=2900
 Position/Height=184200
 Direction=1
 bFill=False
 Frame/Layout=0
 Frame/Left/Spacing=0
 Frame/Left/Line=False
 Frame/Top/Spacing=0
 Frame/Top/Line=False
 Frame/Right/Spacing=0
 Frame/Right/Line=False
 Frame/Bottom/Spacing=0
 Frame/Bottom/Line=True
 Frame/Bottom/Line/Color=RGB(0,0,0)
 Frame/Bottom/Line/LineType=0
 Frame/Bottom/LineWidth=0
 PDFLevel=0
 PDFText=
 IndexPDFLevel=0
 IndexPDFText=
 IssueCondition=True
 bPageWrap=False
 bBottomAligned=False
 [@Lines]
  {
  [Lines]
   {
   [Line]
	{
	[Font]
	 {
	 Default=True
	 }
	Align=2
	Adjusted=False
	Uneraseable=False
	LineWrap=1
	PageWrapAllowed=True
	ForceWrap=False
	SpaceOptimization=True
	Spacing.Paragraph=0
	Spacing.Line=0
	OutputFormatter=
	Condition=True
	Text=Halter.Name1 + Cond(Halter.Name2 <> "",Halter.Name2 + ", ","") + Halter.Strasse + ", " + Halter.PLZ + " " + Halter.Ort
	Tab=0
	TabAlign=0
	}
   }
  }
[Object]
 ObjectID=2
 ObjectName=Rechteck
 Locked=FALSE
 LinkID=43
 LinkToID=0
 LinkMode=32
 LayerID=1
 GroupID=0
 Identifier=
 Condition=True
 UserLocked=False
 WrapBefore=False
 ExportAsPicture=False
 Position/Left=10000
 Position/Top=10000
 Position/Width=80000
 Position/Height=35000
 Direction=0
 PDFLevel=0
 PDFText=
 IndexPDFLevel=0
 IndexPDFText=
 IssueCondition=True
 bFrame=True
 FgColor=RGB(0,0,0)
 Width=100
 bFill=True
 Raster=1
 BkColor=RGB(0,0,0)
 bShadow=False
 Rounding=0
[Object]
 ObjectID=1
 ObjectName=Text
 Locked=FALSE
 LinkID=25
 LinkToID=0
 LinkMode=0
 LayerID=1
 GroupID=0
 Identifier=Halter.Name1
 Condition=True
 UserLocked=False
 WrapBefore=False
 ExportAsPicture=False
 Position/Left=51000
 Position/Top=75000
 Position/Width=44000
 Position/Height=105000
 Direction=1
 bFill=False
 Frame/Layout=0
 Frame/Left/Spacing=0
 Frame/Left/Line=False
 Frame/Top/Spacing=0
 Frame/Top/Line=False
 Frame/Right/Spacing=0
 Frame/Right/Line=False
 Frame/Bottom/Spacing=0
 Frame/Bottom/Line=False
 PDFLevel=0
 PDFText=
 IndexPDFLevel=0
 IndexPDFText=
 IssueCondition=True
 bPageWrap=False
 bBottomAligned=False
 [@Lines]
  {
  [Lines]
   {
   [Line]
	{
	[Font]
	 {
	 Default=False
	 FaceName="Calibri"
	 GdiCharSet=0
	 Size=18
	 Width=0
	 Bold=False
	 Italic=False
	 Underline=False
	 Strikeout=False
	 Color=RGB(0,0,0)
	 PitchAndFamily=34
	 OutPrecision=3
	 }
	Align=0
	Adjusted=False
	Uneraseable=False
	LineWrap=1
	PageWrapAllowed=True
	ForceWrap=False
	SpaceOptimization=True
	Spacing.Paragraph=0
	Spacing.Line=0
	OutputFormatter=
	Condition=True
	Text=Halter.Name1
	Tab=0
	TabAlign=0
	}
   [Line]
	{
	[Font]
	 {
	 Default=False
	 FaceName="Calibri"
	 GdiCharSet=0
	 Size=18
	 Width=0
	 Bold=False
	 Italic=False
	 Underline=False
	 Strikeout=False
	 Color=RGB(0,0,0)
	 PitchAndFamily=34
	 OutPrecision=3
	 }
	Align=0
	Adjusted=False
	Uneraseable=False
	LineWrap=0
	PageWrapAllowed=False
	ForceWrap=False
	SpaceOptimization=True
	Spacing.Paragraph=0
	Spacing.Line=0
	OutputFormatter=
	Condition=True
	Text=Halter.Name2
	Tab=0
	TabAlign=0
	}
   [Line]
	{
	[Font]
	 {
	 Default=False
	 FaceName="Calibri"
	 GdiCharSet=0
	 Size=18
	 Width=0
	 Bold=False
	 Italic=False
	 Underline=False
	 Strikeout=False
	 Color=RGB(0,0,0)
	 PitchAndFamily=34
	 OutPrecision=3
	 }
	Align=0
	Adjusted=False
	Uneraseable=False
	LineWrap=0
	PageWrapAllowed=False
	ForceWrap=False
	SpaceOptimization=True
	Spacing.Paragraph=0
	Spacing.Line=0
	OutputFormatter=
	Condition=True
	Text=Halter.Strasse
	Tab=0
	TabAlign=0
	}
   [Line]
	{
	[Font]
	 {
	 Default=False
	 FaceName="Calibri"
	 GdiCharSet=0
	 Size=18
	 Width=0
	 Bold=False
	 Italic=False
	 Underline=False
	 Strikeout=False
	 Color=RGB(0,0,0)
	 PitchAndFamily=34
	 OutPrecision=3
	 }
	Align=0
	Adjusted=False
	Uneraseable=False
	LineWrap=0
	PageWrapAllowed=False
	ForceWrap=False
	SpaceOptimization=True
	Spacing.Paragraph=0
	Spacing.Line=0
	OutputFormatter=
	Condition=True
	Text=Halter.PLZ + " " + Halter.Ort
	Tab=0
	TabAlign=0
	}
   }
  }
[Object]
 ObjectID=1
 ObjectName=Text
 Locked=FALSE
 LinkID=38
 LinkToID=0
 LinkMode=32
 LayerID=1
 GroupID=0
 Identifier=
 Condition=True
 UserLocked=False
 WrapBefore=True
 ExportAsPicture=False
 Position/Left=260000
 Position/Top=185000
 Position/Width=20000
 Position/Height=10000
 Direction=0
 bFill=False
 Frame/Layout=0
 Frame/Left/Spacing=0
 Frame/Left/Line=False
 Frame/Top/Spacing=0
 Frame/Top/Line=False
 Frame/Right/Spacing=0
 Frame/Right/Line=False
 Frame/Bottom/Spacing=0
 Frame/Bottom/Line=False
 PDFLevel=0
 PDFText=
 IndexPDFLevel=0
 IndexPDFText=
 IssueCondition=True
 bPageWrap=False
 bBottomAligned=False
 [@Lines]
  
[Object]
 ObjectID=1
 ObjectName=Text
 Locked=FALSE
 LinkID=196
 LinkToID=0
 LinkMode=32
 LayerID=2
 GroupID=0
 Identifier=Überschrift
 Condition=True
 UserLocked=False
 WrapBefore=False
 ExportAsPicture=False
 Position/Left=10000
 Position/Top=10000
 Position/Width=133500
 Position/Height=6300
 Direction=0
 bFill=False
 Frame/Layout=0
 Frame/Left/Spacing=0
 Frame/Left/Line=False
 Frame/Top/Spacing=0
 Frame/Top/Line=False
 Frame/Right/Spacing=0
 Frame/Right/Line=False
 Frame/Bottom/Spacing=0
 Frame/Bottom/Line=False
 PDFLevel=0
 PDFText=
 IndexPDFLevel=0
 IndexPDFText=
 IssueCondition=True
 bPageWrap=False
 bBottomAligned=False
 [@Lines]
  {
  [Lines]
   {
   [Line]
	{
	[Font]
	 {
	 Default=False
	 FaceName="Calibri"
	 GdiCharSet=0
	 Size=12
	 Width=0
	 Bold=True
	 Italic=False
	 Underline=False
	 Strikeout=False
	 Color=RGB(0,0,0)
	 PitchAndFamily=34
	 OutPrecision=3
	 }
	Align=0
	Adjusted=False
	Uneraseable=False
	LineWrap=1
	PageWrapAllowed=True
	ForceWrap=False
	SpaceOptimization=True
	Spacing.Paragraph=0
	Spacing.Line=0
	OutputFormatter=
	Condition=True
	Text="Tierärztlicher Arzneimittel-Anwendungs- und Abgabebeleg"
	Tab=0
	TabAlign=0
	}
   }
  }
[Object]
 ObjectID=1
 ObjectName=Text
 Locked=FALSE
 LinkID=165
 LinkToID=0
 LinkMode=32
 LayerID=2
 GroupID=0
 Identifier=Mitglied.Name1
 Condition=True
 UserLocked=False
 WrapBefore=False
 ExportAsPicture=False
 Position/Left=10000
 Position/Top=20000
 Position/Width=61200
 Position/Height=25000
 Direction=0
 bFill=False
 Frame/Layout=0
 Frame/Left/Spacing=0
 Frame/Left/Line=False
 Frame/Top/Spacing=0
 Frame/Top/Line=False
 Frame/Right/Spacing=0
 Frame/Right/Line=False
 Frame/Bottom/Spacing=0
 Frame/Bottom/Line=False
 PDFLevel=0
 PDFText=
 IndexPDFLevel=0
 IndexPDFText=
 IssueCondition=True
 bPageWrap=False
 bBottomAligned=False
 [@Lines]
  {
  [Lines]
   {
   [Line]
	{
	[Font]
	 {
	 Default=False
	 FaceName="Calibri"
	 GdiCharSet=0
	 Size=12
	 Width=0
	 Bold=False
	 Italic=False
	 Underline=False
	 Strikeout=False
	 Color=RGB(0,0,0)
	 PitchAndFamily=34
	 OutPrecision=3
	 }
	Align=0
	Adjusted=False
	Uneraseable=False
	LineWrap=1
	PageWrapAllowed=True
	ForceWrap=False
	SpaceOptimization=True
	Spacing.Paragraph=0
	Spacing.Line=0
	OutputFormatter=
	Condition=True
	Text=Mitglied.Name1
	Tab=0
	TabAlign=0
	}
   [Line]
	{
	[Font]
	 {
	 Default=False
	 FaceName="Calibri"
	 GdiCharSet=0
	 Size=12
	 Width=0
	 Bold=False
	 Italic=False
	 Underline=False
	 Strikeout=False
	 Color=RGB(0,0,0)
	 PitchAndFamily=34
	 OutPrecision=3
	 }
	Align=0
	Adjusted=False
	Uneraseable=False
	LineWrap=0
	PageWrapAllowed=False
	ForceWrap=False
	SpaceOptimization=True
	Spacing.Paragraph=0
	Spacing.Line=0
	OutputFormatter=
	Condition=True
	Text=Mitglied.Name2
	Tab=0
	TabAlign=0
	}
   [Line]
	{
	[Font]
	 {
	 Default=False
	 FaceName="Calibri"
	 GdiCharSet=0
	 Size=12
	 Width=0
	 Bold=False
	 Italic=False
	 Underline=False
	 Strikeout=False
	 Color=RGB(0,0,0)
	 PitchAndFamily=34
	 OutPrecision=3
	 }
	Align=0
	Adjusted=False
	Uneraseable=False
	LineWrap=0
	PageWrapAllowed=False
	ForceWrap=False
	SpaceOptimization=True
	Spacing.Paragraph=0
	Spacing.Line=0
	OutputFormatter=
	Condition=True
	Text=Mitglied.Strasse
	Tab=0
	TabAlign=0
	}
   [Line]
	{
	[Font]
	 {
	 Default=False
	 FaceName="Calibri"
	 GdiCharSet=0
	 Size=12
	 Width=0
	 Bold=False
	 Italic=False
	 Underline=False
	 Strikeout=False
	 Color=RGB(0,0,0)
	 PitchAndFamily=34
	 OutPrecision=3
	 }
	Align=0
	Adjusted=False
	Uneraseable=False
	LineWrap=0
	PageWrapAllowed=False
	ForceWrap=False
	SpaceOptimization=True
	Spacing.Paragraph=0
	Spacing.Line=0
	OutputFormatter=
	Condition=True
	Text=Mitglied.Ort
	Tab=0
	TabAlign=0
	}
   [Line]
	{
	[Font]
	 {
	 Default=True
	 }
	Align=0
	Adjusted=False
	Uneraseable=False
	LineWrap=1
	PageWrapAllowed=True
	ForceWrap=False
	SpaceOptimization=True
	Spacing.Paragraph=0
	Spacing.Line=0
	OutputFormatter=
	Condition=True
	Text=" "
	Tab=0
	TabAlign=0
	}
   [Line]
	{
	[Font]
	 {
	 Default=True
	 }
	Align=0
	Adjusted=False
	Uneraseable=False
	LineWrap=1
	PageWrapAllowed=True
	ForceWrap=False
	SpaceOptimization=True
	Spacing.Paragraph=0
	Spacing.Line=0
	OutputFormatter=
	Condition=True
	Text="Name und Anschrift des Tierarztes"
	Tab=0
	TabAlign=0
	}
   }
  }
[Object]
 ObjectID=1
 ObjectName=Text
 Locked=FALSE
 LinkID=179
 LinkToID=0
 LinkMode=32
 LayerID=2
 GroupID=0
 Identifier=Halter.Name1
 Condition=True
 UserLocked=False
 WrapBefore=False
 ExportAsPicture=False
 Position/Left=85000
 Position/Top=20000
 Position/Width=61200
 Position/Height=25000
 Direction=0
 bFill=False
 Frame/Layout=0
 Frame/Left/Spacing=0
 Frame/Left/Line=False
 Frame/Top/Spacing=0
 Frame/Top/Line=False
 Frame/Right/Spacing=0
 Frame/Right/Line=False
 Frame/Bottom/Spacing=0
 Frame/Bottom/Line=False
 PDFLevel=0
 PDFText=
 IndexPDFLevel=0
 IndexPDFText=
 IssueCondition=True
 bPageWrap=False
 bBottomAligned=False
 [@Lines]
  {
  [Lines]
   {
   [Line]
	{
	[Font]
	 {
	 Default=False
	 FaceName="Calibri"
	 GdiCharSet=0
	 Size=12
	 Width=0
	 Bold=False
	 Italic=False
	 Underline=False
	 Strikeout=False
	 Color=RGB(0,0,0)
	 PitchAndFamily=34
	 OutPrecision=3
	 }
	Align=0
	Adjusted=False
	Uneraseable=False
	LineWrap=1
	PageWrapAllowed=True
	ForceWrap=False
	SpaceOptimization=True
	Spacing.Paragraph=0
	Spacing.Line=0
	OutputFormatter=
	Condition=True
	Text=Halter.Name1
	Tab=0
	TabAlign=0
	}
   [Line]
	{
	[Font]
	 {
	 Default=False
	 FaceName="Calibri"
	 GdiCharSet=0
	 Size=12
	 Width=0
	 Bold=False
	 Italic=False
	 Underline=False
	 Strikeout=False
	 Color=RGB(0,0,0)
	 PitchAndFamily=34
	 OutPrecision=3
	 }
	Align=0
	Adjusted=False
	Uneraseable=False
	LineWrap=0
	PageWrapAllowed=False
	ForceWrap=False
	SpaceOptimization=True
	Spacing.Paragraph=0
	Spacing.Line=0
	OutputFormatter=
	Condition=True
	Text=Halter.Name2
	Tab=0
	TabAlign=0
	}
   [Line]
	{
	[Font]
	 {
	 Default=False
	 FaceName="Calibri"
	 GdiCharSet=0
	 Size=12
	 Width=0
	 Bold=False
	 Italic=False
	 Underline=False
	 Strikeout=False
	 Color=RGB(0,0,0)
	 PitchAndFamily=34
	 OutPrecision=3
	 }
	Align=0
	Adjusted=False
	Uneraseable=False
	LineWrap=0
	PageWrapAllowed=False
	ForceWrap=False
	SpaceOptimization=True
	Spacing.Paragraph=0
	Spacing.Line=0
	OutputFormatter=
	Condition=True
	Text=Halter.Strasse
	Tab=0
	TabAlign=0
	}
   [Line]
	{
	[Font]
	 {
	 Default=False
	 FaceName="Calibri"
	 GdiCharSet=0
	 Size=12
	 Width=0
	 Bold=False
	 Italic=False
	 Underline=False
	 Strikeout=False
	 Color=RGB(0,0,0)
	 PitchAndFamily=34
	 OutPrecision=3
	 }
	Align=0
	Adjusted=False
	Uneraseable=False
	LineWrap=0
	PageWrapAllowed=False
	ForceWrap=False
	SpaceOptimization=True
	Spacing.Paragraph=0
	Spacing.Line=0
	OutputFormatter=
	Condition=True
	Text=Halter.PLZ + " " + Halter.Ort
	Tab=0
	TabAlign=0
	}
   [Line]
	{
	[Font]
	 {
	 Default=True
	 }
	Align=0
	Adjusted=False
	Uneraseable=False
	LineWrap=1
	PageWrapAllowed=True
	ForceWrap=False
	SpaceOptimization=True
	Spacing.Paragraph=0
	Spacing.Line=0
	OutputFormatter=
	Condition=True
	Text=" "
	Tab=0
	TabAlign=0
	}
   [Line]
	{
	[Font]
	 {
	 Default=False
	 FaceName="Calibri"
	 GdiCharSet=0
	 Size=8
	 Width=0
	 Bold=False
	 Italic=False
	 Underline=False
	 Strikeout=False
	 Color=RGB(0,0,0)
	 PitchAndFamily=34
	 OutPrecision=3
	 }
	Align=0
	Adjusted=False
	Uneraseable=False
	LineWrap=1
	PageWrapAllowed=True
	ForceWrap=False
	SpaceOptimization=True
	Spacing.Paragraph=0
	Spacing.Line=0
	OutputFormatter=
	Condition=True
	Text="Name und Anschrift des Tierhalters"
	Tab=0
	TabAlign=0
	}
   }
  }
[Object]
 ObjectID=6
 ObjectName=Tabelle
 Locked=FALSE
 LinkID=1
 LinkToID=38
 LinkMode=0
 LayerID=2
 GroupID=0
 Identifier=AAB-Tabelle
 Condition=True
 UserLocked=False
 WrapBefore=False
 Position/Left=10000
 Position/Top=45000
 Position/Width=290000
 Position/Height=150000
 Direction=0
 PDFLevel=0
 PDFText=
 IndexPDFLevel=0
 IndexPDFText=
 IssueCondition=True
 bFooterOnBottom=False
 bFillBottom=False
 DefaultFont/Default=True
 DefaultFont/FaceName="Calibri"
 DefaultFont/GdiCharSet=0
 DefaultFont/Size=8.0
 DefaultFont/Width=0
 DefaultFont/Bold=False
 DefaultFont/Italic=False
 DefaultFont/Underline=False
 DefaultFont/Strikeout=False
 DefaultFont/Color=LL.Color.Black
 DefaultFont/PitchAndFamily=34
 DefaultFont/OutPrecision=3
 FgColor=RGB(0,0,0)
 bFill=False
 ColumnCount=0
 [@Tables]
  {
  [Tables]
   {
   [Table]
	{
	TableType=List
	TableID=
	RelationID=
	[GroupHeaderLines]
	 {
	 bConcatDataLines=True
	 bKeepTogether=False
	 }
	[GroupFooterLines]
	 {
	 bAlsoOnEmptyGroup=False
	 bKeepTogether=False
	 }
	[DataLines]
	 {
	 bKeepTogether=True
	 bSuppress=False
	 bForceSumCalculation=False
	 }
	ZebraPattern=False
	[FooterLines]
	 {
	 bKeepTogether=True
	 }
	PageBreakCondition=False
	[DefaultFrame]
	 {
	 Layout=1
	 [Left]
	  {
	  Spacing=1000
	  Line=True
	  [Line]
	   {
	   Color=RGB(0,0,0)
	   LineType=0
	   }
	  LineWidth=0
	  }
	 [Top]
	  {
	  Spacing=500
	  Line=True
	  [Line]
	   {
	   Color=RGB(0,0,0)
	   LineType=0
	   }
	  LineWidth=0
	  }
	 [Right]
	  {
	  Spacing=1000
	  Line=True
	  [Line]
	   {
	   Color=RGB(0,0,0)
	   LineType=0
	   }
	  LineWidth=0
	  }
	 [Bottom]
	  {
	  Spacing=500
	  Line=True
	  [Line]
	   {
	   Color=RGB(0,0,0)
	   LineType=0
	   }
	  LineWidth=0
	  }
	 }
	ColumnCount=0
	FormulaFilter=True
	DesignScheme="PROJECT"
	[Body]
	 {
	 [Lines]
	  {
	  [Line]
	   {
	   [Columns]
		{
		[Column]
		 {
		 Identifier=
		 OutputFormatter=
		 Text=Art
		 Width=50700
		 Height=10000
		 FixedHeight=0
		 bIsotropic=True
		 PlainTextFormat=True
		 Align=0
		 AlignDecPosition=-10000
		 VAlign=0
		 DrawingAlignment=8
		 Adjusted=False
		 LineWrap=1
		 ForceWrap=False
		 FlowControl=False
		 Spacing.Line=0
		 bFill=False
		 FgColor=RGB(0,0,0)
		 SpaceOptimization=True
		 Link.URL=
		 WithText=False
		 [Frame]
		  {
		  Default=False
		  Layout=1
		  [Left]
		   {
		   Spacing=1000
		   Line=True
		   [Line]
			{
			Color=RGB(0,0,0)
			LineType=0
			}
		   LineWidth=0
		   }
		  [Top]
		   {
		   Spacing=500
		   Line=False
		   }
		  [Right]
		   {
		   Spacing=1000
		   Line=True
		   [Line]
			{
			Color=RGB(0,0,0)
			LineType=0
			}
		   LineWidth=0
		   }
		  [Bottom]
		   {
		   Spacing=500
		   Line=False
		   }
		  }
		 [Font]
		  {
		  Default=True
		  }
		 Direction=0
		 BarWidth=0
		 [BarWidth]
		  {
		  Align=0
		  }
		 BarRatio=0
		 ExportAsPicture=False
		 DwgSaveAsJPEG=False
		 Condition=True
		 }
		[Column]
		 {
		 Identifier=
		 OutputFormatter=
		 Text=Diagnose
		 Width=34700
		 Height=10000
		 FixedHeight=0
		 bIsotropic=True
		 PlainTextFormat=True
		 Align=0
		 AlignDecPosition=-10000
		 VAlign=0
		 DrawingAlignment=8
		 Adjusted=False
		 LineWrap=1
		 ForceWrap=False
		 FlowControl=False
		 Spacing.Line=0
		 bFill=False
		 FgColor=RGB(0,0,0)
		 SpaceOptimization=True
		 Link.URL=
		 WithText=False
		 [Frame]
		  {
		  Default=False
		  Layout=1
		  [Left]
		   {
		   Spacing=1000
		   Line=True
		   [Line]
			{
			Color=RGB(0,0,0)
			LineType=0
			}
		   LineWidth=0
		   }
		  [Top]
		   {
		   Spacing=500
		   Line=False
		   }
		  [Right]
		   {
		   Spacing=1000
		   Line=True
		   [Line]
			{
			Color=RGB(0,0,0)
			LineType=0
			}
		   LineWidth=0
		   }
		  [Bottom]
		   {
		   Spacing=500
		   Line=False
		   }
		  }
		 [Font]
		  {
		  Default=True
		  }
		 Direction=0
		 BarWidth=0
		 [BarWidth]
		  {
		  Align=0
		  }
		 BarRatio=0
		 ExportAsPicture=False
		 DwgSaveAsJPEG=False
		 Condition=True
		 }
		[Column]
		 {
		 Identifier=
		 OutputFormatter=
		 Text=Charge
		 Width=26700
		 Height=10000
		 FixedHeight=0
		 bIsotropic=True
		 PlainTextFormat=True
		 Align=0
		 AlignDecPosition=-10000
		 VAlign=0
		 DrawingAlignment=8
		 Adjusted=False
		 LineWrap=1
		 ForceWrap=False
		 FlowControl=False
		 Spacing.Line=0
		 bFill=False
		 FgColor=RGB(0,0,0)
		 SpaceOptimization=True
		 Link.URL=
		 WithText=False
		 [Frame]
		  {
		  Default=False
		  Layout=1
		  [Left]
		   {
		   Spacing=1000
		   Line=True
		   [Line]
			{
			Color=RGB(0,0,0)
			LineType=0
			}
		   LineWidth=0
		   }
		  [Top]
		   {
		   Spacing=500
		   Line=False
		   }
		  [Right]
		   {
		   Spacing=1000
		   Line=True
		   [Line]
			{
			Color=RGB(0,0,0)
			LineType=0
			}
		   LineWidth=0
		   }
		  [Bottom]
		   {
		   Spacing=500
		   Line=False
		   }
		  }
		 [Font]
		  {
		  Default=True
		  }
		 Direction=0
		 BarWidth=0
		 [BarWidth]
		  {
		  Align=0
		  }
		 BarRatio=0
		 ExportAsPicture=False
		 DwgSaveAsJPEG=False
		 Condition=True
		 }
		[Column]
		 {
		 Identifier=
		 OutputFormatter=
		 Text=Cond(AnzahlK <> "",AnzahlK + " x " + Bezeichnung,"")
		 Width=36700
		 Height=10000
		 FixedHeight=0
		 bIsotropic=True
		 PlainTextFormat=True
		 Align=0
		 AlignDecPosition=-10000
		 VAlign=0
		 DrawingAlignment=8
		 Adjusted=False
		 LineWrap=1
		 ForceWrap=False
		 FlowControl=False
		 Spacing.Line=0
		 bFill=False
		 FgColor=RGB(0,0,0)
		 SpaceOptimization=True
		 Link.URL=
		 WithText=False
		 [Frame]
		  {
		  Default=False
		  Layout=1
		  [Left]
		   {
		   Spacing=1000
		   Line=True
		   [Line]
			{
			Color=RGB(0,0,0)
			LineType=0
			}
		   LineWidth=0
		   }
		  [Top]
		   {
		   Spacing=500
		   Line=False
		   }
		  [Right]
		   {
		   Spacing=1000
		   Line=True
		   [Line]
			{
			Color=RGB(0,0,0)
			LineType=0
			}
		   LineWidth=0
		   }
		  [Bottom]
		   {
		   Spacing=500
		   Line=False
		   }
		  }
		 [Font]
		  {
		  Default=True
		  }
		 Direction=0
		 BarWidth=0
		 [BarWidth]
		  {
		  Align=0
		  }
		 BarRatio=0
		 ExportAsPicture=False
		 DwgSaveAsJPEG=False
		 Condition=True
		 }
		[Column]
		 {
		 Identifier=
		 OutputFormatter=
		 Text=Cond(AnzahlA <> "", AnzahlA + " x " + Bezeichnung, "")
		 Width=30700
		 Height=10000
		 FixedHeight=0
		 bIsotropic=True
		 PlainTextFormat=True
		 Align=0
		 AlignDecPosition=-10000
		 VAlign=0
		 DrawingAlignment=8
		 Adjusted=False
		 LineWrap=1
		 ForceWrap=False
		 FlowControl=False
		 Spacing.Line=0
		 bFill=False
		 FgColor=RGB(0,0,0)
		 SpaceOptimization=True
		 Link.URL=
		 WithText=False
		 [Frame]
		  {
		  Default=False
		  Layout=1
		  [Left]
		   {
		   Spacing=1000
		   Line=True
		   [Line]
			{
			Color=RGB(0,0,0)
			LineType=0
			}
		   LineWidth=0
		   }
		  [Top]
		   {
		   Spacing=500
		   Line=False
		   }
		  [Right]
		   {
		   Spacing=1000
		   Line=True
		   [Line]
			{
			Color=RGB(0,0,0)
			LineType=0
			}
		   LineWidth=0
		   }
		  [Bottom]
		   {
		   Spacing=500
		   Line=False
		   }
		  }
		 [Font]
		  {
		  Default=True
		  }
		 Direction=0
		 BarWidth=0
		 [BarWidth]
		  {
		  Align=0
		  }
		 BarRatio=0
		 ExportAsPicture=False
		 DwgSaveAsJPEG=False
		 Condition=True
		 }
		[Column]
		 {
		 Identifier=
		 OutputFormatter=
		 Text=Dosierung
		 Width=34700
		 Height=10000
		 FixedHeight=0
		 bIsotropic=True
		 PlainTextFormat=True
		 Align=0
		 AlignDecPosition=-10000
		 VAlign=0
		 DrawingAlignment=8
		 Adjusted=False
		 LineWrap=1
		 ForceWrap=False
		 FlowControl=False
		 Spacing.Line=0
		 bFill=False
		 FgColor=RGB(0,0,0)
		 SpaceOptimization=True
		 Link.URL=
		 WithText=False
		 [Frame]
		  {
		  Default=False
		  Layout=1
		  [Left]
		   {
		   Spacing=1000
		   Line=True
		   [Line]
			{
			Color=RGB(0,0,0)
			LineType=0
			}
		   LineWidth=0
		   }
		  [Top]
		   {
		   Spacing=500
		   Line=False
		   }
		  [Right]
		   {
		   Spacing=1000
		   Line=True
		   [Line]
			{
			Color=RGB(0,0,0)
			LineType=0
			}
		   LineWidth=0
		   }
		  [Bottom]
		   {
		   Spacing=500
		   Line=False
		   }
		  }
		 [Font]
		  {
		  Default=True
		  }
		 Direction=0
		 BarWidth=0
		 [BarWidth]
		  {
		  Align=0
		  }
		 BarRatio=0
		 ExportAsPicture=False
		 DwgSaveAsJPEG=False
		 Condition=True
		 }
		[Column]
		 {
		 Identifier=
		 OutputFormatter=
		 Text=Dauer
		 Width=27700
		 Height=10000
		 FixedHeight=0
		 bIsotropic=True
		 PlainTextFormat=True
		 Align=0
		 AlignDecPosition=-10000
		 VAlign=0
		 DrawingAlignment=8
		 Adjusted=False
		 LineWrap=1
		 ForceWrap=False
		 FlowControl=False
		 Spacing.Line=0
		 bFill=False
		 FgColor=RGB(0,0,0)
		 SpaceOptimization=True
		 Link.URL=
		 WithText=False
		 [Frame]
		  {
		  Default=False
		  Layout=1
		  [Left]
		   {
		   Spacing=1000
		   Line=True
		   [Line]
			{
			Color=RGB(0,0,0)
			LineType=0
			}
		   LineWidth=0
		   }
		  [Top]
		   {
		   Spacing=500
		   Line=False
		   }
		  [Right]
		   {
		   Spacing=1000
		   Line=True
		   [Line]
			{
			Color=RGB(0,0,0)
			LineType=0
			}
		   LineWidth=0
		   }
		  [Bottom]
		   {
		   Spacing=500
		   Line=False
		   }
		  }
		 [Font]
		  {
		  Default=True
		  }
		 Direction=0
		 BarWidth=0
		 [BarWidth]
		  {
		  Align=0
		  }
		 BarRatio=0
		 ExportAsPicture=False
		 DwgSaveAsJPEG=False
		 Condition=True
		 }
		[Column]
		 {
		 Identifier=
		 OutputFormatter=
		 Text=Wartezeit.Fleisch
		 Width=18000
		 Height=10000
		 FixedHeight=0
		 bIsotropic=True
		 PlainTextFormat=True
		 Align=2
		 AlignDecPosition=-10000
		 VAlign=0
		 DrawingAlignment=8
		 Adjusted=False
		 LineWrap=1
		 ForceWrap=False
		 FlowControl=False
		 Spacing.Line=0
		 bFill=False
		 FgColor=RGB(0,0,0)
		 SpaceOptimization=True
		 Link.URL=
		 WithText=False
		 [Frame]
		  {
		  Default=False
		  Layout=1
		  [Left]
		   {
		   Spacing=1000
		   Line=True
		   [Line]
			{
			Color=RGB(0,0,0)
			LineType=0
			}
		   LineWidth=0
		   }
		  [Top]
		   {
		   Spacing=500
		   Line=False
		   }
		  [Right]
		   {
		   Spacing=1000
		   Line=True
		   [Line]
			{
			Color=RGB(0,0,0)
			LineType=0
			}
		   LineWidth=0
		   }
		  [Bottom]
		   {
		   Spacing=500
		   Line=False
		   }
		  }
		 [Font]
		  {
		  Default=True
		  }
		 Direction=0
		 BarWidth=0
		 [BarWidth]
		  {
		  Align=0
		  }
		 BarRatio=0
		 ExportAsPicture=False
		 DwgSaveAsJPEG=False
		 Condition=True
		 }
		[Column]
		 {
		 Identifier=
		 OutputFormatter=
		 Text=Wartezeit.Milch
		 Width=22000
		 Height=10000
		 FixedHeight=0
		 bIsotropic=True
		 PlainTextFormat=True
		 Align=2
		 AlignDecPosition=-10000
		 VAlign=0
		 DrawingAlignment=8
		 Adjusted=False
		 LineWrap=1
		 ForceWrap=False
		 FlowControl=False
		 Spacing.Line=0
		 bFill=False
		 FgColor=RGB(0,0,0)
		 SpaceOptimization=True
		 Link.URL=
		 WithText=False
		 [Frame]
		  {
		  Default=False
		  Layout=1
		  [Left]
		   {
		   Spacing=1000
		   Line=True
		   [Line]
			{
			Color=RGB(0,0,0)
			LineType=0
			}
		   LineWidth=0
		   }
		  [Top]
		   {
		   Spacing=500
		   Line=False
		   }
		  [Right]
		   {
		   Spacing=1000
		   Line=True
		   [Line]
			{
			Color=RGB(0,0,0)
			LineType=0
			}
		   LineWidth=0
		   }
		  [Bottom]
		   {
		   Spacing=500
		   Line=False
		   }
		  }
		 [Font]
		  {
		  Default=True
		  }
		 Direction=0
		 BarWidth=0
		 [BarWidth]
		  {
		  Align=0
		  }
		 BarRatio=0
		 ExportAsPicture=False
		 DwgSaveAsJPEG=False
		 Condition=True
		 }
		}
	   [Options]
		{
		Description=Zeilendefinition  1
		[LFont]
		 {
		 Default=True
		 }
		DisplayInDesigner=True
		PDFLevel=0
		PDFText=
		IndexPDFLevel=0
		IndexPDFText=
		[ReservedSpace]
		 {
		 Left=0
		 Top=0
		 Right=0
		 Bottom=0
		 }
		LCondition=True
		Anchor=0
		Anchor.ToTop=True
		}
	   }
	  [Line]
	   {
	   [Columns]
		{
		[Column]
		 {
		 Identifier=
		 OutputFormatter=
		 Text=Identitäten
		 Width=50700
		 Height=10000
		 FixedHeight=0
		 bIsotropic=True
		 PlainTextFormat=True
		 Align=0
		 AlignDecPosition=-10000
		 VAlign=0
		 DrawingAlignment=8
		 Adjusted=False
		 LineWrap=1
		 ForceWrap=False
		 FlowControl=False
		 Spacing.Line=0
		 bFill=False
		 FgColor=RGB(0,0,0)
		 SpaceOptimization=True
		 Link.URL=
		 WithText=False
		 [Frame]
		  {
		  Default=False
		  Layout=1
		  [Left]
		   {
		   Spacing=1000
		   Line=True
		   [Line]
			{
			Color=RGB(0,0,0)
			LineType=0
			}
		   LineWidth=0
		   }
		  [Top]
		   {
		   Spacing=500
		   Line=False
		   }
		  [Right]
		   {
		   Spacing=1000
		   Line=True
		   [Line]
			{
			Color=RGB(0,0,0)
			LineType=0
			}
		   LineWidth=0
		   }
		  [Bottom]
		   {
		   Spacing=500
		   Line=False
		   }
		  }
		 [Font]
		  {
		  Default=True
		  }
		 Direction=0
		 BarWidth=0
		 [BarWidth]
		  {
		  Align=0
		  }
		 BarRatio=0
		 ExportAsPicture=False
		 DwgSaveAsJPEG=False
		 Condition=True
		 }
		[Column]
		 {
		 Identifier=
		 OutputFormatter=
		 Text=Wiederholung
		 Width=34700
		 Height=10000
		 FixedHeight=0
		 bIsotropic=True
		 PlainTextFormat=True
		 Align=0
		 AlignDecPosition=-10000
		 VAlign=0
		 DrawingAlignment=8
		 Adjusted=False
		 LineWrap=1
		 ForceWrap=False
		 FlowControl=False
		 Spacing.Line=0
		 bFill=False
		 FgColor=RGB(0,0,0)
		 SpaceOptimization=True
		 Link.URL=
		 WithText=False
		 [Frame]
		  {
		  Default=False
		  Layout=1
		  [Left]
		   {
		   Spacing=1000
		   Line=True
		   [Line]
			{
			Color=RGB(0,0,0)
			LineType=0
			}
		   LineWidth=0
		   }
		  [Top]
		   {
		   Spacing=500
		   Line=False
		   }
		  [Right]
		   {
		   Spacing=1000
		   Line=True
		   [Line]
			{
			Color=RGB(0,0,0)
			LineType=0
			}
		   LineWidth=0
		   }
		  [Bottom]
		   {
		   Spacing=500
		   Line=False
		   }
		  }
		 [Font]
		  {
		  Default=True
		  }
		 Direction=0
		 BarWidth=0
		 [BarWidth]
		  {
		  Align=0
		  }
		 BarRatio=0
		 ExportAsPicture=False
		 DwgSaveAsJPEG=False
		 Condition=True
		 }
		[Column]
		 {
		 Identifier=
		 OutputFormatter=
		 Text=""
		 Width=26700
		 Height=10000
		 FixedHeight=0
		 bIsotropic=True
		 PlainTextFormat=True
		 Align=0
		 AlignDecPosition=-10000
		 VAlign=0
		 DrawingAlignment=8
		 Adjusted=False
		 LineWrap=1
		 ForceWrap=False
		 FlowControl=False
		 Spacing.Line=0
		 bFill=False
		 FgColor=RGB(0,0,0)
		 SpaceOptimization=True
		 Link.URL=
		 WithText=False
		 [Frame]
		  {
		  Default=False
		  Layout=1
		  [Left]
		   {
		   Spacing=1000
		   Line=True
		   [Line]
			{
			Color=RGB(0,0,0)
			LineType=0
			}
		   LineWidth=0
		   }
		  [Top]
		   {
		   Spacing=500
		   Line=False
		   }
		  [Right]
		   {
		   Spacing=1000
		   Line=True
		   [Line]
			{
			Color=RGB(0,0,0)
			LineType=0
			}
		   LineWidth=0
		   }
		  [Bottom]
		   {
		   Spacing=500
		   Line=False
		   }
		  }
		 [Font]
		  {
		  Default=True
		  }
		 Direction=0
		 BarWidth=0
		 [BarWidth]
		  {
		  Align=0
		  }
		 BarRatio=0
		 ExportAsPicture=False
		 DwgSaveAsJPEG=False
		 Condition=True
		 }
		[Column]
		 {
		 Identifier=
		 OutputFormatter=
		 Text=""
		 Width=36700
		 Height=10000
		 FixedHeight=0
		 bIsotropic=True
		 PlainTextFormat=True
		 Align=0
		 AlignDecPosition=-10000
		 VAlign=0
		 DrawingAlignment=8
		 Adjusted=False
		 LineWrap=1
		 ForceWrap=False
		 FlowControl=False
		 Spacing.Line=0
		 bFill=False
		 FgColor=RGB(0,0,0)
		 SpaceOptimization=True
		 Link.URL=
		 WithText=False
		 [Frame]
		  {
		  Default=False
		  Layout=1
		  [Left]
		   {
		   Spacing=1000
		   Line=True
		   [Line]
			{
			Color=RGB(0,0,0)
			LineType=0
			}
		   LineWidth=0
		   }
		  [Top]
		   {
		   Spacing=500
		   Line=False
		   }
		  [Right]
		   {
		   Spacing=1000
		   Line=True
		   [Line]
			{
			Color=RGB(0,0,0)
			LineType=0
			}
		   LineWidth=0
		   }
		  [Bottom]
		   {
		   Spacing=500
		   Line=False
		   }
		  }
		 [Font]
		  {
		  Default=True
		  }
		 Direction=0
		 BarWidth=0
		 [BarWidth]
		  {
		  Align=0
		  }
		 BarRatio=0
		 ExportAsPicture=False
		 DwgSaveAsJPEG=False
		 Condition=True
		 }
		[Column]
		 {
		 Identifier=
		 OutputFormatter=
		 Text=""
		 Width=30700
		 Height=10000
		 FixedHeight=0
		 bIsotropic=True
		 PlainTextFormat=True
		 Align=0
		 AlignDecPosition=-10000
		 VAlign=0
		 DrawingAlignment=8
		 Adjusted=False
		 LineWrap=1
		 ForceWrap=False
		 FlowControl=False
		 Spacing.Line=0
		 bFill=False
		 FgColor=RGB(0,0,0)
		 SpaceOptimization=True
		 Link.URL=
		 WithText=False
		 [Frame]
		  {
		  Default=False
		  Layout=1
		  [Left]
		   {
		   Spacing=1000
		   Line=True
		   [Line]
			{
			Color=RGB(0,0,0)
			LineType=0
			}
		   LineWidth=0
		   }
		  [Top]
		   {
		   Spacing=500
		   Line=False
		   }
		  [Right]
		   {
		   Spacing=1000
		   Line=True
		   [Line]
			{
			Color=RGB(0,0,0)
			LineType=0
			}
		   LineWidth=0
		   }
		  [Bottom]
		   {
		   Spacing=500
		   Line=False
		   }
		  }
		 [Font]
		  {
		  Default=True
		  }
		 Direction=0
		 BarWidth=0
		 [BarWidth]
		  {
		  Align=0
		  }
		 BarRatio=0
		 ExportAsPicture=False
		 DwgSaveAsJPEG=False
		 Condition=True
		 }
		[Column]
		 {
		 Identifier=
		 OutputFormatter=
		 Text=""
		 Width=34700
		 Height=10000
		 FixedHeight=0
		 bIsotropic=True
		 PlainTextFormat=True
		 Align=0
		 AlignDecPosition=-10000
		 VAlign=0
		 DrawingAlignment=8
		 Adjusted=False
		 LineWrap=1
		 ForceWrap=False
		 FlowControl=False
		 Spacing.Line=0
		 bFill=False
		 FgColor=RGB(0,0,0)
		 SpaceOptimization=True
		 Link.URL=
		 WithText=False
		 [Frame]
		  {
		  Default=False
		  Layout=1
		  [Left]
		   {
		   Spacing=1000
		   Line=True
		   [Line]
			{
			Color=RGB(0,0,0)
			LineType=0
			}
		   LineWidth=0
		   }
		  [Top]
		   {
		   Spacing=500
		   Line=False
		   }
		  [Right]
		   {
		   Spacing=1000
		   Line=True
		   [Line]
			{
			Color=RGB(0,0,0)
			LineType=0
			}
		   LineWidth=0
		   }
		  [Bottom]
		   {
		   Spacing=500
		   Line=False
		   }
		  }
		 [Font]
		  {
		  Default=True
		  }
		 Direction=0
		 BarWidth=0
		 [BarWidth]
		  {
		  Align=0
		  }
		 BarRatio=0
		 ExportAsPicture=False
		 DwgSaveAsJPEG=False
		 Condition=True
		 }
		[Column]
		 {
		 Identifier=
		 OutputFormatter=
		 Text=""
		 Width=27700
		 Height=10000
		 FixedHeight=0
		 bIsotropic=True
		 PlainTextFormat=True
		 Align=0
		 AlignDecPosition=-10000
		 VAlign=0
		 DrawingAlignment=8
		 Adjusted=False
		 LineWrap=1
		 ForceWrap=False
		 FlowControl=False
		 Spacing.Line=0
		 bFill=False
		 FgColor=RGB(0,0,0)
		 SpaceOptimization=True
		 Link.URL=
		 WithText=False
		 [Frame]
		  {
		  Default=False
		  Layout=1
		  [Left]
		   {
		   Spacing=1000
		   Line=True
		   [Line]
			{
			Color=RGB(0,0,0)
			LineType=0
			}
		   LineWidth=0
		   }
		  [Top]
		   {
		   Spacing=500
		   Line=False
		   }
		  [Right]
		   {
		   Spacing=1000
		   Line=True
		   [Line]
			{
			Color=RGB(0,0,0)
			LineType=0
			}
		   LineWidth=0
		   }
		  [Bottom]
		   {
		   Spacing=500
		   Line=False
		   }
		  }
		 [Font]
		  {
		  Default=True
		  }
		 Direction=0
		 BarWidth=0
		 [BarWidth]
		  {
		  Align=0
		  }
		 BarRatio=0
		 ExportAsPicture=False
		 DwgSaveAsJPEG=False
		 Condition=True
		 }
		[Column]
		 {
		 Identifier=
		 OutputFormatter=
		 Text=""
		 Width=18000
		 Height=10000
		 FixedHeight=0
		 bIsotropic=True
		 PlainTextFormat=True
		 Align=0
		 AlignDecPosition=-10000
		 VAlign=0
		 DrawingAlignment=8
		 Adjusted=False
		 LineWrap=1
		 ForceWrap=False
		 FlowControl=False
		 Spacing.Line=0
		 bFill=False
		 FgColor=RGB(0,0,0)
		 SpaceOptimization=True
		 Link.URL=
		 WithText=False
		 [Frame]
		  {
		  Default=False
		  Layout=1
		  [Left]
		   {
		   Spacing=1000
		   Line=True
		   [Line]
			{
			Color=RGB(0,0,0)
			LineType=0
			}
		   LineWidth=0
		   }
		  [Top]
		   {
		   Spacing=500
		   Line=False
		   }
		  [Right]
		   {
		   Spacing=1000
		   Line=True
		   [Line]
			{
			Color=RGB(0,0,0)
			LineType=0
			}
		   LineWidth=0
		   }
		  [Bottom]
		   {
		   Spacing=500
		   Line=False
		   }
		  }
		 [Font]
		  {
		  Default=True
		  }
		 Direction=0
		 BarWidth=0
		 [BarWidth]
		  {
		  Align=0
		  }
		 BarRatio=0
		 ExportAsPicture=False
		 DwgSaveAsJPEG=False
		 Condition=True
		 }
		[Column]
		 {
		 Identifier=
		 OutputFormatter=
		 Text=""
		 Width=22000
		 Height=10000
		 FixedHeight=0
		 bIsotropic=True
		 PlainTextFormat=True
		 Align=0
		 AlignDecPosition=-10000
		 VAlign=0
		 DrawingAlignment=8
		 Adjusted=False
		 LineWrap=1
		 ForceWrap=False
		 FlowControl=False
		 Spacing.Line=0
		 bFill=False
		 FgColor=RGB(0,0,0)
		 SpaceOptimization=True
		 Link.URL=
		 WithText=False
		 [Frame]
		  {
		  Default=False
		  Layout=1
		  [Left]
		   {
		   Spacing=1000
		   Line=True
		   [Line]
			{
			Color=RGB(0,0,0)
			LineType=0
			}
		   LineWidth=0
		   }
		  [Top]
		   {
		   Spacing=500
		   Line=False
		   }
		  [Right]
		   {
		   Spacing=1000
		   Line=True
		   [Line]
			{
			Color=RGB(0,0,0)
			LineType=0
			}
		   LineWidth=0
		   }
		  [Bottom]
		   {
		   Spacing=500
		   Line=False
		   }
		  }
		 [Font]
		  {
		  Default=True
		  }
		 Direction=0
		 BarWidth=0
		 [BarWidth]
		  {
		  Align=0
		  }
		 BarRatio=0
		 ExportAsPicture=False
		 DwgSaveAsJPEG=False
		 Condition=True
		 }
		}
	   [Options]
		{
		Description=Zeilendefinition  2
		[LFont]
		 {
		 Default=True
		 }
		DisplayInDesigner=True
		PDFLevel=0
		PDFText=
		IndexPDFLevel=0
		IndexPDFText=
		[ReservedSpace]
		 {
		 Left=0
		 Top=0
		 Right=0
		 Bottom=0
		 }
		LCondition=True
		Anchor=0
		Anchor.ToTop=True
		}
	   }
	  [Line]
	   {
	   [Columns]
		{
		[Column]
		 {
		 Identifier=
		 OutputFormatter=
		 Text=Ort
		 Width=50700
		 Height=10000
		 FixedHeight=0
		 bIsotropic=True
		 PlainTextFormat=True
		 Align=0
		 AlignDecPosition=-10000
		 VAlign=0
		 DrawingAlignment=8
		 Adjusted=False
		 LineWrap=1
		 ForceWrap=False
		 FlowControl=False
		 Spacing.Line=0
		 bFill=False
		 FgColor=RGB(0,0,0)
		 SpaceOptimization=True
		 Link.URL=
		 WithText=False
		 [Frame]
		  {
		  Default=False
		  Layout=1
		  [Left]
		   {
		   Spacing=1000
		   Line=True
		   [Line]
			{
			Color=RGB(0,0,0)
			LineType=0
			}
		   LineWidth=0
		   }
		  [Top]
		   {
		   Spacing=500
		   Line=False
		   }
		  [Right]
		   {
		   Spacing=1000
		   Line=True
		   [Line]
			{
			Color=RGB(0,0,0)
			LineType=0
			}
		   LineWidth=0
		   }
		  [Bottom]
		   {
		   Spacing=500
		   Line=True
		   [Line]
			{
			Color=RGB(0,0,0)
			LineType=0
			}
		   LineWidth=0
		   }
		  }
		 [Font]
		  {
		  Default=True
		  }
		 Direction=0
		 BarWidth=0
		 [BarWidth]
		  {
		  Align=0
		  }
		 BarRatio=0
		 ExportAsPicture=False
		 DwgSaveAsJPEG=False
		 Condition=True
		 }
		[Column]
		 {
		 Identifier=
		 OutputFormatter=
		 Text=TAName
		 Width=34700
		 Height=10000
		 FixedHeight=0
		 bIsotropic=True
		 PlainTextFormat=True
		 Align=0
		 AlignDecPosition=-10000
		 VAlign=0
		 DrawingAlignment=8
		 Adjusted=False
		 LineWrap=1
		 ForceWrap=False
		 FlowControl=False
		 Spacing.Line=0
		 bFill=False
		 FgColor=RGB(0,0,0)
		 SpaceOptimization=True
		 Link.URL=
		 WithText=False
		 [Frame]
		  {
		  Default=False
		  Layout=1
		  [Left]
		   {
		   Spacing=1000
		   Line=True
		   [Line]
			{
			Color=RGB(0,0,0)
			LineType=0
			}
		   LineWidth=0
		   }
		  [Top]
		   {
		   Spacing=500
		   Line=False
		   }
		  [Right]
		   {
		   Spacing=1000
		   Line=True
		   [Line]
			{
			Color=RGB(0,0,0)
			LineType=0
			}
		   LineWidth=0
		   }
		  [Bottom]
		   {
		   Spacing=500
		   Line=True
		   [Line]
			{
			Color=RGB(0,0,0)
			LineType=0
			}
		   LineWidth=0
		   }
		  }
		 [Font]
		  {
		  Default=True
		  }
		 Direction=0
		 BarWidth=0
		 [BarWidth]
		  {
		  Align=0
		  }
		 BarRatio=0
		 ExportAsPicture=False
		 DwgSaveAsJPEG=False
		 Condition=True
		 }
		[Column]
		 {
		 Identifier=
		 OutputFormatter=
		 Text=""
		 Width=26700
		 Height=10000
		 FixedHeight=0
		 bIsotropic=True
		 PlainTextFormat=True
		 Align=0
		 AlignDecPosition=-10000
		 VAlign=0
		 DrawingAlignment=8
		 Adjusted=False
		 LineWrap=1
		 ForceWrap=False
		 FlowControl=False
		 Spacing.Line=0
		 bFill=False
		 FgColor=RGB(0,0,0)
		 SpaceOptimization=True
		 Link.URL=
		 WithText=False
		 [Frame]
		  {
		  Default=False
		  Layout=1
		  [Left]
		   {
		   Spacing=1000
		   Line=True
		   [Line]
			{
			Color=RGB(0,0,0)
			LineType=0
			}
		   LineWidth=0
		   }
		  [Top]
		   {
		   Spacing=500
		   Line=False
		   }
		  [Right]
		   {
		   Spacing=1000
		   Line=True
		   [Line]
			{
			Color=RGB(0,0,0)
			LineType=0
			}
		   LineWidth=0
		   }
		  [Bottom]
		   {
		   Spacing=500
		   Line=True
		   [Line]
			{
			Color=RGB(0,0,0)
			LineType=0
			}
		   LineWidth=0
		   }
		  }
		 [Font]
		  {
		  Default=True
		  }
		 Direction=0
		 BarWidth=0
		 [BarWidth]
		  {
		  Align=0
		  }
		 BarRatio=0
		 ExportAsPicture=False
		 DwgSaveAsJPEG=False
		 Condition=True
		 }
		[Column]
		 {
		 Identifier=
		 OutputFormatter=
		 Text=Cond(AnzahlK <> "", Verabreichung, "")
		 Width=36700
		 Height=10000
		 FixedHeight=0
		 bIsotropic=True
		 PlainTextFormat=True
		 Align=0
		 AlignDecPosition=-10000
		 VAlign=0
		 DrawingAlignment=8
		 Adjusted=False
		 LineWrap=1
		 ForceWrap=False
		 FlowControl=False
		 Spacing.Line=0
		 bFill=False
		 FgColor=RGB(0,0,0)
		 SpaceOptimization=True
		 Link.URL=
		 WithText=False
		 [Frame]
		  {
		  Default=False
		  Layout=1
		  [Left]
		   {
		   Spacing=1000
		   Line=True
		   [Line]
			{
			Color=RGB(0,0,0)
			LineType=0
			}
		   LineWidth=0
		   }
		  [Top]
		   {
		   Spacing=500
		   Line=False
		   }
		  [Right]
		   {
		   Spacing=1000
		   Line=True
		   [Line]
			{
			Color=RGB(0,0,0)
			LineType=0
			}
		   LineWidth=0
		   }
		  [Bottom]
		   {
		   Spacing=500
		   Line=True
		   [Line]
			{
			Color=RGB(0,0,0)
			LineType=0
			}
		   LineWidth=0
		   }
		  }
		 [Font]
		  {
		  Default=True
		  }
		 Direction=0
		 BarWidth=0
		 [BarWidth]
		  {
		  Align=0
		  }
		 BarRatio=0
		 ExportAsPicture=False
		 DwgSaveAsJPEG=False
		 Condition=True
		 }
		[Column]
		 {
		 Identifier=
		 OutputFormatter=
		 Text=""
		 Width=30700
		 Height=10000
		 FixedHeight=0
		 bIsotropic=True
		 PlainTextFormat=True
		 Align=0
		 AlignDecPosition=-10000
		 VAlign=0
		 DrawingAlignment=8
		 Adjusted=False
		 LineWrap=1
		 ForceWrap=False
		 FlowControl=False
		 Spacing.Line=0
		 bFill=False
		 FgColor=RGB(0,0,0)
		 SpaceOptimization=True
		 Link.URL=
		 WithText=False
		 [Frame]
		  {
		  Default=False
		  Layout=1
		  [Left]
		   {
		   Spacing=1000
		   Line=True
		   [Line]
			{
			Color=RGB(0,0,0)
			LineType=0
			}
		   LineWidth=0
		   }
		  [Top]
		   {
		   Spacing=500
		   Line=False
		   }
		  [Right]
		   {
		   Spacing=1000
		   Line=True
		   [Line]
			{
			Color=RGB(0,0,0)
			LineType=0
			}
		   LineWidth=0
		   }
		  [Bottom]
		   {
		   Spacing=500
		   Line=True
		   [Line]
			{
			Color=RGB(0,0,0)
			LineType=0
			}
		   LineWidth=0
		   }
		  }
		 [Font]
		  {
		  Default=True
		  }
		 Direction=0
		 BarWidth=0
		 [BarWidth]
		  {
		  Align=0
		  }
		 BarRatio=0
		 ExportAsPicture=False
		 DwgSaveAsJPEG=False
		 Condition=True
		 }
		[Column]
		 {
		 Identifier=
		 OutputFormatter=
		 Text=""
		 Width=34700
		 Height=10000
		 FixedHeight=0
		 bIsotropic=True
		 PlainTextFormat=True
		 Align=0
		 AlignDecPosition=-10000
		 VAlign=0
		 DrawingAlignment=8
		 Adjusted=False
		 LineWrap=1
		 ForceWrap=False
		 FlowControl=False
		 Spacing.Line=0
		 bFill=False
		 FgColor=RGB(0,0,0)
		 SpaceOptimization=True
		 Link.URL=
		 WithText=False
		 [Frame]
		  {
		  Default=False
		  Layout=1
		  [Left]
		   {
		   Spacing=1000
		   Line=True
		   [Line]
			{
			Color=RGB(0,0,0)
			LineType=0
			}
		   LineWidth=0
		   }
		  [Top]
		   {
		   Spacing=500
		   Line=False
		   }
		  [Right]
		   {
		   Spacing=1000
		   Line=True
		   [Line]
			{
			Color=RGB(0,0,0)
			LineType=0
			}
		   LineWidth=0
		   }
		  [Bottom]
		   {
		   Spacing=500
		   Line=True
		   [Line]
			{
			Color=RGB(0,0,0)
			LineType=0
			}
		   LineWidth=0
		   }
		  }
		 [Font]
		  {
		  Default=True
		  }
		 Direction=0
		 BarWidth=0
		 [BarWidth]
		  {
		  Align=0
		  }
		 BarRatio=0
		 ExportAsPicture=False
		 DwgSaveAsJPEG=False
		 Condition=True
		 }
		[Column]
		 {
		 Identifier=
		 OutputFormatter=
		 Text=""
		 Width=27700
		 Height=10000
		 FixedHeight=0
		 bIsotropic=True
		 PlainTextFormat=True
		 Align=0
		 AlignDecPosition=-10000
		 VAlign=0
		 DrawingAlignment=8
		 Adjusted=False
		 LineWrap=1
		 ForceWrap=False
		 FlowControl=False
		 Spacing.Line=0
		 bFill=False
		 FgColor=RGB(0,0,0)
		 SpaceOptimization=True
		 Link.URL=
		 WithText=False
		 [Frame]
		  {
		  Default=False
		  Layout=1
		  [Left]
		   {
		   Spacing=1000
		   Line=True
		   [Line]
			{
			Color=RGB(0,0,0)
			LineType=0
			}
		   LineWidth=0
		   }
		  [Top]
		   {
		   Spacing=500
		   Line=False
		   }
		  [Right]
		   {
		   Spacing=1000
		   Line=True
		   [Line]
			{
			Color=RGB(0,0,0)
			LineType=0
			}
		   LineWidth=0
		   }
		  [Bottom]
		   {
		   Spacing=500
		   Line=True
		   [Line]
			{
			Color=RGB(0,0,0)
			LineType=0
			}
		   LineWidth=0
		   }
		  }
		 [Font]
		  {
		  Default=True
		  }
		 Direction=0
		 BarWidth=0
		 [BarWidth]
		  {
		  Align=0
		  }
		 BarRatio=0
		 ExportAsPicture=False
		 DwgSaveAsJPEG=False
		 Condition=True
		 }
		[Column]
		 {
		 Identifier=
		 OutputFormatter=
		 Text=""
		 Width=18000
		 Height=10000
		 FixedHeight=0
		 bIsotropic=True
		 PlainTextFormat=True
		 Align=0
		 AlignDecPosition=-10000
		 VAlign=0
		 DrawingAlignment=8
		 Adjusted=False
		 LineWrap=1
		 ForceWrap=False
		 FlowControl=False
		 Spacing.Line=0
		 bFill=False
		 FgColor=RGB(0,0,0)
		 SpaceOptimization=True
		 Link.URL=
		 WithText=False
		 [Frame]
		  {
		  Default=False
		  Layout=1
		  [Left]
		   {
		   Spacing=1000
		   Line=True
		   [Line]
			{
			Color=RGB(0,0,0)
			LineType=0
			}
		   LineWidth=0
		   }
		  [Top]
		   {
		   Spacing=500
		   Line=False
		   }
		  [Right]
		   {
		   Spacing=1000
		   Line=True
		   [Line]
			{
			Color=RGB(0,0,0)
			LineType=0
			}
		   LineWidth=0
		   }
		  [Bottom]
		   {
		   Spacing=500
		   Line=True
		   [Line]
			{
			Color=RGB(0,0,0)
			LineType=0
			}
		   LineWidth=0
		   }
		  }
		 [Font]
		  {
		  Default=True
		  }
		 Direction=0
		 BarWidth=0
		 [BarWidth]
		  {
		  Align=0
		  }
		 BarRatio=0
		 ExportAsPicture=False
		 DwgSaveAsJPEG=False
		 Condition=True
		 }
		[Column]
		 {
		 Identifier=
		 OutputFormatter=
		 Text=""
		 Width=22000
		 Height=10000
		 FixedHeight=0
		 bIsotropic=True
		 PlainTextFormat=True
		 Align=0
		 AlignDecPosition=-10000
		 VAlign=0
		 DrawingAlignment=8
		 Adjusted=False
		 LineWrap=1
		 ForceWrap=False
		 FlowControl=False
		 Spacing.Line=0
		 bFill=False
		 FgColor=RGB(0,0,0)
		 SpaceOptimization=True
		 Link.URL=
		 WithText=False
		 [Frame]
		  {
		  Default=False
		  Layout=1
		  [Left]
		   {
		   Spacing=1000
		   Line=True
		   [Line]
			{
			Color=RGB(0,0,0)
			LineType=0
			}
		   LineWidth=0
		   }
		  [Top]
		   {
		   Spacing=500
		   Line=False
		   }
		  [Right]
		   {
		   Spacing=1000
		   Line=True
		   [Line]
			{
			Color=RGB(0,0,0)
			LineType=0
			}
		   LineWidth=0
		   }
		  [Bottom]
		   {
		   Spacing=500
		   Line=True
		   [Line]
			{
			Color=RGB(0,0,0)
			LineType=0
			}
		   LineWidth=0
		   }
		  }
		 [Font]
		  {
		  Default=True
		  }
		 Direction=0
		 BarWidth=0
		 [BarWidth]
		  {
		  Align=0
		  }
		 BarRatio=0
		 ExportAsPicture=False
		 DwgSaveAsJPEG=False
		 Condition=True
		 }
		}
	   [Options]
		{
		Description=Zeilendefinition  3
		[LFont]
		 {
		 Default=True
		 }
		DisplayInDesigner=True
		PDFLevel=0
		PDFText=
		IndexPDFLevel=0
		IndexPDFText=
		[ReservedSpace]
		 {
		 Left=0
		 Top=0
		 Right=0
		 Bottom=0
		 }
		LCondition=True
		Anchor=0
		Anchor.ToTop=True
		}
	   }
	  }
	 [Options]
	  {
	  }
	 }
	[Header]
	 {
	 [Lines]
	  {
	  [Line]
	   {
	   [Columns]
		{
		[Column]
		 {
		 Identifier=
		 OutputFormatter=
		 Text="Anzahl, Art und"
		 Width=50700
		 Height=10000
		 FixedHeight=0
		 bIsotropic=True
		 PlainTextFormat=True
		 Align=0
		 AlignDecPosition=-10000
		 VAlign=0
		 DrawingAlignment=8
		 Adjusted=False
		 LineWrap=1
		 ForceWrap=False
		 FlowControl=False
		 Spacing.Line=0
		 bFill=False
		 FgColor=RGB(0,0,0)
		 SpaceOptimization=True
		 Link.URL=
		 WithText=False
		 [Frame]
		  {
		  Default=False
		  Layout=1
		  [Left]
		   {
		   Spacing=1000
		   Line=True
		   [Line]
			{
			Color=RGB(0,0,0)
			LineType=0
			}
		   LineWidth=0
		   }
		  [Top]
		   {
		   Spacing=500
		   Line=True
		   [Line]
			{
			Color=RGB(0,0,0)
			LineType=0
			}
		   LineWidth=0
		   }
		  [Right]
		   {
		   Spacing=1000
		   Line=True
		   [Line]
			{
			Color=RGB(0,0,0)
			LineType=0
			}
		   LineWidth=0
		   }
		  [Bottom]
		   {
		   Spacing=500
		   Line=False
		   }
		  }
		 [Font]
		  {
		  Default=True
		  }
		 Direction=0
		 BarWidth=0
		 [BarWidth]
		  {
		  Align=0
		  }
		 BarRatio=0
		 ExportAsPicture=False
		 DwgSaveAsJPEG=False
		 Condition=True
		 }
		[Column]
		 {
		 Identifier=
		 OutputFormatter=
		 Text="Diagnose"
		 Width=34700
		 Height=10000
		 FixedHeight=0
		 bIsotropic=True
		 PlainTextFormat=True
		 Align=0
		 AlignDecPosition=-10000
		 VAlign=0
		 DrawingAlignment=8
		 Adjusted=False
		 LineWrap=1
		 ForceWrap=False
		 FlowControl=False
		 Spacing.Line=0
		 bFill=False
		 FgColor=RGB(0,0,0)
		 SpaceOptimization=True
		 Link.URL=
		 WithText=False
		 [Frame]
		  {
		  Default=False
		  Layout=1
		  [Left]
		   {
		   Spacing=1000
		   Line=True
		   [Line]
			{
			Color=RGB(0,0,0)
			LineType=0
			}
		   LineWidth=0
		   }
		  [Top]
		   {
		   Spacing=500
		   Line=True
		   [Line]
			{
			Color=RGB(0,0,0)
			LineType=0
			}
		   LineWidth=0
		   }
		  [Right]
		   {
		   Spacing=1000
		   Line=True
		   [Line]
			{
			Color=RGB(0,0,0)
			LineType=0
			}
		   LineWidth=0
		   }
		  [Bottom]
		   {
		   Spacing=500
		   Line=False
		   }
		  }
		 [Font]
		  {
		  Default=True
		  }
		 Direction=0
		 BarWidth=0
		 [BarWidth]
		  {
		  Align=0
		  }
		 BarRatio=0
		 ExportAsPicture=False
		 DwgSaveAsJPEG=False
		 Condition=True
		 }
		[Column]
		 {
		 Identifier=
		 OutputFormatter=
		 Text="Chargen-"
		 Width=26700
		 Height=10000
		 FixedHeight=0
		 bIsotropic=True
		 PlainTextFormat=True
		 Align=0
		 AlignDecPosition=-10000
		 VAlign=0
		 DrawingAlignment=8
		 Adjusted=False
		 LineWrap=1
		 ForceWrap=False
		 FlowControl=False
		 Spacing.Line=0
		 bFill=False
		 FgColor=RGB(0,0,0)
		 SpaceOptimization=True
		 Link.URL=
		 WithText=False
		 [Frame]
		  {
		  Default=False
		  Layout=1
		  [Left]
		   {
		   Spacing=1000
		   Line=True
		   [Line]
			{
			Color=RGB(0,0,0)
			LineType=0
			}
		   LineWidth=0
		   }
		  [Top]
		   {
		   Spacing=500
		   Line=True
		   [Line]
			{
			Color=RGB(0,0,0)
			LineType=0
			}
		   LineWidth=0
		   }
		  [Right]
		   {
		   Spacing=1000
		   Line=True
		   [Line]
			{
			Color=RGB(0,0,0)
			LineType=0
			}
		   LineWidth=0
		   }
		  [Bottom]
		   {
		   Spacing=500
		   Line=False
		   }
		  }
		 [Font]
		  {
		  Default=True
		  }
		 Direction=0
		 BarWidth=0
		 [BarWidth]
		  {
		  Align=0
		  }
		 BarRatio=0
		 ExportAsPicture=False
		 DwgSaveAsJPEG=False
		 Condition=True
		 }
		[Column]
		 {
		 Identifier=
		 OutputFormatter=
		 Text="Anwendungsmenge,"
		 Width=36700
		 Height=10000
		 FixedHeight=0
		 bIsotropic=True
		 PlainTextFormat=True
		 Align=0
		 AlignDecPosition=-10000
		 VAlign=0
		 DrawingAlignment=8
		 Adjusted=False
		 LineWrap=1
		 ForceWrap=False
		 FlowControl=False
		 Spacing.Line=0
		 bFill=False
		 FgColor=RGB(0,0,0)
		 SpaceOptimization=True
		 Link.URL=
		 WithText=False
		 [Frame]
		  {
		  Default=False
		  Layout=1
		  [Left]
		   {
		   Spacing=1000
		   Line=True
		   [Line]
			{
			Color=RGB(0,0,0)
			LineType=0
			}
		   LineWidth=0
		   }
		  [Top]
		   {
		   Spacing=500
		   Line=True
		   [Line]
			{
			Color=RGB(0,0,0)
			LineType=0
			}
		   LineWidth=0
		   }
		  [Right]
		   {
		   Spacing=1000
		   Line=True
		   [Line]
			{
			Color=RGB(0,0,0)
			LineType=0
			}
		   LineWidth=0
		   }
		  [Bottom]
		   {
		   Spacing=500
		   Line=False
		   }
		  }
		 [Font]
		  {
		  Default=True
		  }
		 Direction=0
		 BarWidth=0
		 [BarWidth]
		  {
		  Align=0
		  }
		 BarRatio=0
		 ExportAsPicture=False
		 DwgSaveAsJPEG=False
		 Condition=True
		 }
		[Column]
		 {
		 Identifier=
		 OutputFormatter=
		 Text="Abgabemenge"
		 Width=30700
		 Height=10000
		 FixedHeight=0
		 bIsotropic=True
		 PlainTextFormat=True
		 Align=0
		 AlignDecPosition=-10000
		 VAlign=0
		 DrawingAlignment=8
		 Adjusted=False
		 LineWrap=1
		 ForceWrap=False
		 FlowControl=False
		 Spacing.Line=0
		 bFill=False
		 FgColor=RGB(0,0,0)
		 SpaceOptimization=True
		 Link.URL=
		 WithText=False
		 [Frame]
		  {
		  Default=False
		  Layout=1
		  [Left]
		   {
		   Spacing=1000
		   Line=True
		   [Line]
			{
			Color=RGB(0,0,0)
			LineType=0
			}
		   LineWidth=0
		   }
		  [Top]
		   {
		   Spacing=500
		   Line=True
		   [Line]
			{
			Color=RGB(0,0,0)
			LineType=0
			}
		   LineWidth=0
		   }
		  [Right]
		   {
		   Spacing=1000
		   Line=True
		   [Line]
			{
			Color=RGB(0,0,0)
			LineType=0
			}
		   LineWidth=0
		   }
		  [Bottom]
		   {
		   Spacing=500
		   Line=False
		   }
		  }
		 [Font]
		  {
		  Default=True
		  }
		 Direction=0
		 BarWidth=0
		 [BarWidth]
		  {
		  Align=0
		  }
		 BarRatio=0
		 ExportAsPicture=False
		 DwgSaveAsJPEG=False
		 Condition=True
		 }
		[Column]
		 {
		 Identifier=
		 OutputFormatter=
		 Text="Dosierung pro"
		 Width=34700
		 Height=10000
		 FixedHeight=0
		 bIsotropic=True
		 PlainTextFormat=True
		 Align=0
		 AlignDecPosition=-10000
		 VAlign=0
		 DrawingAlignment=8
		 Adjusted=False
		 LineWrap=1
		 ForceWrap=False
		 FlowControl=False
		 Spacing.Line=0
		 bFill=False
		 FgColor=RGB(0,0,0)
		 SpaceOptimization=True
		 Link.URL=
		 WithText=False
		 [Frame]
		  {
		  Default=False
		  Layout=1
		  [Left]
		   {
		   Spacing=1000
		   Line=True
		   [Line]
			{
			Color=RGB(0,0,0)
			LineType=0
			}
		   LineWidth=0
		   }
		  [Top]
		   {
		   Spacing=500
		   Line=True
		   [Line]
			{
			Color=RGB(0,0,0)
			LineType=0
			}
		   LineWidth=0
		   }
		  [Right]
		   {
		   Spacing=1000
		   Line=True
		   [Line]
			{
			Color=RGB(0,0,0)
			LineType=0
			}
		   LineWidth=0
		   }
		  [Bottom]
		   {
		   Spacing=500
		   Line=False
		   }
		  }
		 [Font]
		  {
		  Default=True
		  }
		 Direction=0
		 BarWidth=0
		 [BarWidth]
		  {
		  Align=0
		  }
		 BarRatio=0
		 ExportAsPicture=False
		 DwgSaveAsJPEG=False
		 Condition=True
		 }
		[Column]
		 {
		 Identifier=
		 OutputFormatter=
		 Text="Dauer der"
		 Width=27700
		 Height=10000
		 FixedHeight=0
		 bIsotropic=True
		 PlainTextFormat=True
		 Align=0
		 AlignDecPosition=-10000
		 VAlign=0
		 DrawingAlignment=8
		 Adjusted=False
		 LineWrap=1
		 ForceWrap=False
		 FlowControl=False
		 Spacing.Line=0
		 bFill=False
		 FgColor=RGB(0,0,0)
		 SpaceOptimization=True
		 Link.URL=
		 WithText=False
		 [Frame]
		  {
		  Default=False
		  Layout=1
		  [Left]
		   {
		   Spacing=1000
		   Line=True
		   [Line]
			{
			Color=RGB(0,0,0)
			LineType=0
			}
		   LineWidth=0
		   }
		  [Top]
		   {
		   Spacing=500
		   Line=True
		   [Line]
			{
			Color=RGB(0,0,0)
			LineType=0
			}
		   LineWidth=0
		   }
		  [Right]
		   {
		   Spacing=1000
		   Line=True
		   [Line]
			{
			Color=RGB(0,0,0)
			LineType=0
			}
		   LineWidth=0
		   }
		  [Bottom]
		   {
		   Spacing=500
		   Line=False
		   }
		  }
		 [Font]
		  {
		  Default=True
		  }
		 Direction=0
		 BarWidth=0
		 [BarWidth]
		  {
		  Align=0
		  }
		 BarRatio=0
		 ExportAsPicture=False
		 DwgSaveAsJPEG=False
		 Condition=True
		 }
		[Column]
		 {
		 Identifier=
		 OutputFormatter=
		 Text="Wartezeit"
		 Width=40000
		 Height=10000
		 FixedHeight=0
		 bIsotropic=True
		 PlainTextFormat=True
		 Align=1
		 AlignDecPosition=-10000
		 VAlign=0
		 DrawingAlignment=8
		 Adjusted=False
		 LineWrap=1
		 ForceWrap=False
		 FlowControl=False
		 Spacing.Line=0
		 bFill=False
		 FgColor=RGB(0,0,0)
		 SpaceOptimization=True
		 Link.URL=
		 WithText=False
		 [Frame]
		  {
		  Default=False
		  Layout=1
		  [Left]
		   {
		   Spacing=1000
		   Line=True
		   [Line]
			{
			Color=RGB(0,0,0)
			LineType=0
			}
		   LineWidth=0
		   }
		  [Top]
		   {
		   Spacing=500
		   Line=True
		   [Line]
			{
			Color=RGB(0,0,0)
			LineType=0
			}
		   LineWidth=0
		   }
		  [Right]
		   {
		   Spacing=1000
		   Line=True
		   [Line]
			{
			Color=RGB(0,0,0)
			LineType=0
			}
		   LineWidth=0
		   }
		  [Bottom]
		   {
		   Spacing=500
		   Line=False
		   }
		  }
		 [Font]
		  {
		  Default=True
		  }
		 Direction=0
		 BarWidth=0
		 [BarWidth]
		  {
		  Align=0
		  }
		 BarRatio=0
		 ExportAsPicture=False
		 DwgSaveAsJPEG=False
		 Condition=True
		 }
		}
	   [Options]
		{
		Description=Zeilendefinition  1
		[LFont]
		 {
		 Default=True
		 }
		DisplayInDesigner=True
		PDFLevel=0
		PDFText=
		IndexPDFLevel=0
		IndexPDFText=
		[ReservedSpace]
		 {
		 Left=0
		 Top=0
		 Right=0
		 Bottom=0
		 }
		LCondition=True
		Anchor=0
		Anchor.ToTop=True
		}
	   }
	  [Line]
	   {
	   [Columns]
		{
		[Column]
		 {
		 Identifier=
		 OutputFormatter=
		 Text="Identität der Tiere"
		 Width=50700
		 Height=10000
		 FixedHeight=0
		 bIsotropic=True
		 PlainTextFormat=True
		 Align=0
		 AlignDecPosition=-10000
		 VAlign=0
		 DrawingAlignment=8
		 Adjusted=False
		 LineWrap=1
		 ForceWrap=False
		 FlowControl=False
		 Spacing.Line=0
		 bFill=False
		 FgColor=RGB(0,0,0)
		 SpaceOptimization=True
		 Link.URL=
		 WithText=False
		 [Frame]
		  {
		  Default=False
		  Layout=1
		  [Left]
		   {
		   Spacing=1000
		   Line=True
		   [Line]
			{
			Color=RGB(0,0,0)
			LineType=0
			}
		   LineWidth=0
		   }
		  [Top]
		   {
		   Spacing=500
		   Line=False
		   }
		  [Right]
		   {
		   Spacing=1000
		   Line=True
		   [Line]
			{
			Color=RGB(0,0,0)
			LineType=0
			}
		   LineWidth=0
		   }
		  [Bottom]
		   {
		   Spacing=500
		   Line=False
		   }
		  }
		 [Font]
		  {
		  Default=True
		  }
		 Direction=0
		 BarWidth=0
		 [BarWidth]
		  {
		  Align=0
		  }
		 BarRatio=0
		 ExportAsPicture=False
		 DwgSaveAsJPEG=False
		 Condition=True
		 }
		[Column]
		 {
		 Identifier=
		 OutputFormatter=
		 Text=""
		 Width=34700
		 Height=10000
		 FixedHeight=0
		 bIsotropic=True
		 PlainTextFormat=True
		 Align=0
		 AlignDecPosition=-10000
		 VAlign=0
		 DrawingAlignment=8
		 Adjusted=False
		 LineWrap=1
		 ForceWrap=False
		 FlowControl=False
		 Spacing.Line=0
		 bFill=False
		 FgColor=RGB(0,0,0)
		 SpaceOptimization=True
		 Link.URL=
		 WithText=False
		 [Frame]
		  {
		  Default=False
		  Layout=1
		  [Left]
		   {
		   Spacing=1000
		   Line=True
		   [Line]
			{
			Color=RGB(0,0,0)
			LineType=0
			}
		   LineWidth=0
		   }
		  [Top]
		   {
		   Spacing=500
		   Line=False
		   }
		  [Right]
		   {
		   Spacing=1000
		   Line=True
		   [Line]
			{
			Color=RGB(0,0,0)
			LineType=0
			}
		   LineWidth=0
		   }
		  [Bottom]
		   {
		   Spacing=500
		   Line=False
		   }
		  }
		 [Font]
		  {
		  Default=True
		  }
		 Direction=0
		 BarWidth=0
		 [BarWidth]
		  {
		  Align=0
		  }
		 BarRatio=0
		 ExportAsPicture=False
		 DwgSaveAsJPEG=False
		 Condition=True
		 }
		[Column]
		 {
		 Identifier=
		 OutputFormatter=
		 Text="Bezeichnung"
		 Width=26700
		 Height=10000
		 FixedHeight=0
		 bIsotropic=True
		 PlainTextFormat=True
		 Align=0
		 AlignDecPosition=-10000
		 VAlign=0
		 DrawingAlignment=8
		 Adjusted=False
		 LineWrap=1
		 ForceWrap=False
		 FlowControl=False
		 Spacing.Line=0
		 bFill=False
		 FgColor=RGB(0,0,0)
		 SpaceOptimization=True
		 Link.URL=
		 WithText=False
		 [Frame]
		  {
		  Default=False
		  Layout=1
		  [Left]
		   {
		   Spacing=1000
		   Line=True
		   [Line]
			{
			Color=RGB(0,0,0)
			LineType=0
			}
		   LineWidth=0
		   }
		  [Top]
		   {
		   Spacing=500
		   Line=False
		   }
		  [Right]
		   {
		   Spacing=1000
		   Line=True
		   [Line]
			{
			Color=RGB(0,0,0)
			LineType=0
			}
		   LineWidth=0
		   }
		  [Bottom]
		   {
		   Spacing=500
		   Line=False
		   }
		  }
		 [Font]
		  {
		  Default=True
		  }
		 Direction=0
		 BarWidth=0
		 [BarWidth]
		  {
		  Align=0
		  }
		 BarRatio=0
		 ExportAsPicture=False
		 DwgSaveAsJPEG=False
		 Condition=True
		 }
		[Column]
		 {
		 Identifier=
		 OutputFormatter=
		 Text="Arzneimittelbezeichnung"
		 Width=36700
		 Height=10000
		 FixedHeight=0
		 bIsotropic=True
		 PlainTextFormat=True
		 Align=0
		 AlignDecPosition=-10000
		 VAlign=0
		 DrawingAlignment=8
		 Adjusted=False
		 LineWrap=1
		 ForceWrap=False
		 FlowControl=False
		 Spacing.Line=0
		 bFill=False
		 FgColor=RGB(0,0,0)
		 SpaceOptimization=True
		 Link.URL=
		 WithText=False
		 [Frame]
		  {
		  Default=False
		  Layout=1
		  [Left]
		   {
		   Spacing=1000
		   Line=True
		   [Line]
			{
			Color=RGB(0,0,0)
			LineType=0
			}
		   LineWidth=0
		   }
		  [Top]
		   {
		   Spacing=500
		   Line=False
		   }
		  [Right]
		   {
		   Spacing=1000
		   Line=True
		   [Line]
			{
			Color=RGB(0,0,0)
			LineType=0
			}
		   LineWidth=0
		   }
		  [Bottom]
		   {
		   Spacing=500
		   Line=False
		   }
		  }
		 [Font]
		  {
		  Default=True
		  }
		 Direction=0
		 BarWidth=0
		 [BarWidth]
		  {
		  Align=0
		  }
		 BarRatio=0
		 ExportAsPicture=False
		 DwgSaveAsJPEG=False
		 Condition=True
		 }
		[Column]
		 {
		 Identifier=
		 OutputFormatter=
		 Text=""
		 Width=30700
		 Height=10000
		 FixedHeight=0
		 bIsotropic=True
		 PlainTextFormat=True
		 Align=0
		 AlignDecPosition=-10000
		 VAlign=0
		 DrawingAlignment=8
		 Adjusted=False
		 LineWrap=1
		 ForceWrap=False
		 FlowControl=False
		 Spacing.Line=0
		 bFill=False
		 FgColor=RGB(0,0,0)
		 SpaceOptimization=True
		 Link.URL=
		 WithText=False
		 [Frame]
		  {
		  Default=False
		  Layout=1
		  [Left]
		   {
		   Spacing=1000
		   Line=True
		   [Line]
			{
			Color=RGB(0,0,0)
			LineType=0
			}
		   LineWidth=0
		   }
		  [Top]
		   {
		   Spacing=500
		   Line=False
		   }
		  [Right]
		   {
		   Spacing=1000
		   Line=True
		   [Line]
			{
			Color=RGB(0,0,0)
			LineType=0
			}
		   LineWidth=0
		   }
		  [Bottom]
		   {
		   Spacing=500
		   Line=False
		   }
		  }
		 [Font]
		  {
		  Default=True
		  }
		 Direction=0
		 BarWidth=0
		 [BarWidth]
		  {
		  Align=0
		  }
		 BarRatio=0
		 ExportAsPicture=False
		 DwgSaveAsJPEG=False
		 Condition=True
		 }
		[Column]
		 {
		 Identifier=
		 OutputFormatter=
		 Text="Tier und Tag"
		 Width=34700
		 Height=10000
		 FixedHeight=0
		 bIsotropic=True
		 PlainTextFormat=True
		 Align=0
		 AlignDecPosition=-10000
		 VAlign=0
		 DrawingAlignment=8
		 Adjusted=False
		 LineWrap=1
		 ForceWrap=False
		 FlowControl=False
		 Spacing.Line=0
		 bFill=False
		 FgColor=RGB(0,0,0)
		 SpaceOptimization=True
		 Link.URL=
		 WithText=False
		 [Frame]
		  {
		  Default=False
		  Layout=1
		  [Left]
		   {
		   Spacing=1000
		   Line=True
		   [Line]
			{
			Color=RGB(0,0,0)
			LineType=0
			}
		   LineWidth=0
		   }
		  [Top]
		   {
		   Spacing=500
		   Line=False
		   }
		  [Right]
		   {
		   Spacing=1000
		   Line=True
		   [Line]
			{
			Color=RGB(0,0,0)
			LineType=0
			}
		   LineWidth=0
		   }
		  [Bottom]
		   {
		   Spacing=500
		   Line=False
		   }
		  }
		 [Font]
		  {
		  Default=True
		  }
		 Direction=0
		 BarWidth=0
		 [BarWidth]
		  {
		  Align=0
		  }
		 BarRatio=0
		 ExportAsPicture=False
		 DwgSaveAsJPEG=False
		 Condition=True
		 }
		[Column]
		 {
		 Identifier=
		 OutputFormatter=
		 Text="Anwendung"
		 Width=27700
		 Height=10000
		 FixedHeight=0
		 bIsotropic=True
		 PlainTextFormat=True
		 Align=0
		 AlignDecPosition=-10000
		 VAlign=0
		 DrawingAlignment=8
		 Adjusted=False
		 LineWrap=1
		 ForceWrap=False
		 FlowControl=False
		 Spacing.Line=0
		 bFill=False
		 FgColor=RGB(0,0,0)
		 SpaceOptimization=True
		 Link.URL=
		 WithText=False
		 [Frame]
		  {
		  Default=False
		  Layout=1
		  [Left]
		   {
		   Spacing=1000
		   Line=True
		   [Line]
			{
			Color=RGB(0,0,0)
			LineType=0
			}
		   LineWidth=0
		   }
		  [Top]
		   {
		   Spacing=500
		   Line=False
		   }
		  [Right]
		   {
		   Spacing=1000
		   Line=True
		   [Line]
			{
			Color=RGB(0,0,0)
			LineType=0
			}
		   LineWidth=0
		   }
		  [Bottom]
		   {
		   Spacing=500
		   Line=False
		   }
		  }
		 [Font]
		  {
		  Default=True
		  }
		 Direction=0
		 BarWidth=0
		 [BarWidth]
		  {
		  Align=0
		  }
		 BarRatio=0
		 ExportAsPicture=False
		 DwgSaveAsJPEG=False
		 Condition=True
		 }
		[Column]
		 {
		 Identifier=
		 OutputFormatter=
		 Text="in Tagen"
		 Width=40000
		 Height=10000
		 FixedHeight=0
		 bIsotropic=True
		 PlainTextFormat=True
		 Align=1
		 AlignDecPosition=-10000
		 VAlign=0
		 DrawingAlignment=8
		 Adjusted=False
		 LineWrap=1
		 ForceWrap=False
		 FlowControl=False
		 Spacing.Line=0
		 bFill=False
		 FgColor=RGB(0,0,0)
		 SpaceOptimization=True
		 Link.URL=
		 WithText=False
		 [Frame]
		  {
		  Default=False
		  Layout=1
		  [Left]
		   {
		   Spacing=1000
		   Line=True
		   [Line]
			{
			Color=RGB(0,0,0)
			LineType=0
			}
		   LineWidth=0
		   }
		  [Top]
		   {
		   Spacing=500
		   Line=False
		   }
		  [Right]
		   {
		   Spacing=1000
		   Line=True
		   [Line]
			{
			Color=RGB(0,0,0)
			LineType=0
			}
		   LineWidth=0
		   }
		  [Bottom]
		   {
		   Spacing=500
		   Line=False
		   }
		  }
		 [Font]
		  {
		  Default=True
		  }
		 Direction=0
		 BarWidth=0
		 [BarWidth]
		  {
		  Align=0
		  }
		 BarRatio=0
		 ExportAsPicture=False
		 DwgSaveAsJPEG=False
		 Condition=True
		 }
		}
	   [Options]
		{
		Description=Zeilendefinition  2
		[LFont]
		 {
		 Default=True
		 }
		DisplayInDesigner=True
		PDFLevel=0
		PDFText=
		IndexPDFLevel=0
		IndexPDFText=
		[ReservedSpace]
		 {
		 Left=0
		 Top=0
		 Right=0
		 Bottom=0
		 }
		LCondition=True
		Anchor=0
		Anchor.ToTop=True
		}
	   }
	  [Line]
	   {
	   [Columns]
		{
		[Column]
		 {
		 Identifier=
		 OutputFormatter=
		 Text="Standort"
		 Width=50700
		 Height=10000
		 FixedHeight=0
		 bIsotropic=True
		 PlainTextFormat=True
		 Align=0
		 AlignDecPosition=-10000
		 VAlign=0
		 DrawingAlignment=8
		 Adjusted=False
		 LineWrap=1
		 ForceWrap=False
		 FlowControl=False
		 Spacing.Line=0
		 bFill=False
		 FgColor=RGB(0,0,0)
		 SpaceOptimization=True
		 Link.URL=
		 WithText=False
		 [Frame]
		  {
		  Default=False
		  Layout=1
		  [Left]
		   {
		   Spacing=1000
		   Line=True
		   [Line]
			{
			Color=RGB(0,0,0)
			LineType=0
			}
		   LineWidth=0
		   }
		  [Top]
		   {
		   Spacing=500
		   Line=False
		   }
		  [Right]
		   {
		   Spacing=1000
		   Line=True
		   [Line]
			{
			Color=RGB(0,0,0)
			LineType=0
			}
		   LineWidth=0
		   }
		  [Bottom]
		   {
		   Spacing=500
		   Line=True
		   [Line]
			{
			Color=RGB(0,0,0)
			LineType=0
			}
		   LineWidth=0
		   }
		  }
		 [Font]
		  {
		  Default=True
		  }
		 Direction=0
		 BarWidth=0
		 [BarWidth]
		  {
		  Align=0
		  }
		 BarRatio=0
		 ExportAsPicture=False
		 DwgSaveAsJPEG=False
		 Condition=True
		 }
		[Column]
		 {
		 Identifier=
		 OutputFormatter=
		 Text="Behandelnder Tierarzt"
		 Width=34700
		 Height=10000
		 FixedHeight=0
		 bIsotropic=True
		 PlainTextFormat=True
		 Align=0
		 AlignDecPosition=-10000
		 VAlign=0
		 DrawingAlignment=8
		 Adjusted=False
		 LineWrap=1
		 ForceWrap=False
		 FlowControl=False
		 Spacing.Line=0
		 bFill=False
		 FgColor=RGB(0,0,0)
		 SpaceOptimization=True
		 Link.URL=
		 WithText=False
		 [Frame]
		  {
		  Default=False
		  Layout=1
		  [Left]
		   {
		   Spacing=1000
		   Line=True
		   [Line]
			{
			Color=RGB(0,0,0)
			LineType=0
			}
		   LineWidth=0
		   }
		  [Top]
		   {
		   Spacing=500
		   Line=False
		   }
		  [Right]
		   {
		   Spacing=1000
		   Line=True
		   [Line]
			{
			Color=RGB(0,0,0)
			LineType=0
			}
		   LineWidth=0
		   }
		  [Bottom]
		   {
		   Spacing=500
		   Line=True
		   [Line]
			{
			Color=RGB(0,0,0)
			LineType=0
			}
		   LineWidth=0
		   }
		  }
		 [Font]
		  {
		  Default=True
		  }
		 Direction=0
		 BarWidth=0
		 [BarWidth]
		  {
		  Align=0
		  }
		 BarRatio=0
		 ExportAsPicture=False
		 DwgSaveAsJPEG=False
		 Condition=True
		 }
		[Column]
		 {
		 Identifier=
		 OutputFormatter=
		 Text=""
		 Width=26700
		 Height=10000
		 FixedHeight=0
		 bIsotropic=True
		 PlainTextFormat=True
		 Align=0
		 AlignDecPosition=-10000
		 VAlign=0
		 DrawingAlignment=8
		 Adjusted=False
		 LineWrap=1
		 ForceWrap=False
		 FlowControl=False
		 Spacing.Line=0
		 bFill=False
		 FgColor=RGB(0,0,0)
		 SpaceOptimization=True
		 Link.URL=
		 WithText=False
		 [Frame]
		  {
		  Default=False
		  Layout=1
		  [Left]
		   {
		   Spacing=1000
		   Line=True
		   [Line]
			{
			Color=RGB(0,0,0)
			LineType=0
			}
		   LineWidth=0
		   }
		  [Top]
		   {
		   Spacing=500
		   Line=False
		   }
		  [Right]
		   {
		   Spacing=1000
		   Line=True
		   [Line]
			{
			Color=RGB(0,0,0)
			LineType=0
			}
		   LineWidth=0
		   }
		  [Bottom]
		   {
		   Spacing=500
		   Line=True
		   [Line]
			{
			Color=RGB(0,0,0)
			LineType=0
			}
		   LineWidth=0
		   }
		  }
		 [Font]
		  {
		  Default=True
		  }
		 Direction=0
		 BarWidth=0
		 [BarWidth]
		  {
		  Align=0
		  }
		 BarRatio=0
		 ExportAsPicture=False
		 DwgSaveAsJPEG=False
		 Condition=True
		 }
		[Column]
		 {
		 Identifier=
		 OutputFormatter=
		 Text="Art der Verabreichung"
		 Width=36700
		 Height=10000
		 FixedHeight=0
		 bIsotropic=True
		 PlainTextFormat=True
		 Align=0
		 AlignDecPosition=-10000
		 VAlign=0
		 DrawingAlignment=8
		 Adjusted=False
		 LineWrap=1
		 ForceWrap=False
		 FlowControl=False
		 Spacing.Line=0
		 bFill=False
		 FgColor=RGB(0,0,0)
		 SpaceOptimization=True
		 Link.URL=
		 WithText=False
		 [Frame]
		  {
		  Default=False
		  Layout=1
		  [Left]
		   {
		   Spacing=1000
		   Line=True
		   [Line]
			{
			Color=RGB(0,0,0)
			LineType=0
			}
		   LineWidth=0
		   }
		  [Top]
		   {
		   Spacing=500
		   Line=False
		   }
		  [Right]
		   {
		   Spacing=1000
		   Line=True
		   [Line]
			{
			Color=RGB(0,0,0)
			LineType=0
			}
		   LineWidth=0
		   }
		  [Bottom]
		   {
		   Spacing=500
		   Line=True
		   [Line]
			{
			Color=RGB(0,0,0)
			LineType=0
			}
		   LineWidth=0
		   }
		  }
		 [Font]
		  {
		  Default=True
		  }
		 Direction=0
		 BarWidth=0
		 [BarWidth]
		  {
		  Align=0
		  }
		 BarRatio=0
		 ExportAsPicture=False
		 DwgSaveAsJPEG=False
		 Condition=True
		 }
		[Column]
		 {
		 Identifier=
		 OutputFormatter=
		 Text=""
		 Width=30700
		 Height=10000
		 FixedHeight=0
		 bIsotropic=True
		 PlainTextFormat=True
		 Align=0
		 AlignDecPosition=-10000
		 VAlign=0
		 DrawingAlignment=8
		 Adjusted=False
		 LineWrap=1
		 ForceWrap=False
		 FlowControl=False
		 Spacing.Line=0
		 bFill=False
		 FgColor=RGB(0,0,0)
		 SpaceOptimization=True
		 Link.URL=
		 WithText=False
		 [Frame]
		  {
		  Default=False
		  Layout=1
		  [Left]
		   {
		   Spacing=1000
		   Line=True
		   [Line]
			{
			Color=RGB(0,0,0)
			LineType=0
			}
		   LineWidth=0
		   }
		  [Top]
		   {
		   Spacing=500
		   Line=False
		   }
		  [Right]
		   {
		   Spacing=1000
		   Line=True
		   [Line]
			{
			Color=RGB(0,0,0)
			LineType=0
			}
		   LineWidth=0
		   }
		  [Bottom]
		   {
		   Spacing=500
		   Line=True
		   [Line]
			{
			Color=RGB(0,0,0)
			LineType=0
			}
		   LineWidth=0
		   }
		  }
		 [Font]
		  {
		  Default=True
		  }
		 Direction=0
		 BarWidth=0
		 [BarWidth]
		  {
		  Align=0
		  }
		 BarRatio=0
		 ExportAsPicture=False
		 DwgSaveAsJPEG=False
		 Condition=True
		 }
		[Column]
		 {
		 Identifier=
		 OutputFormatter=
		 Text=""
		 Width=34700
		 Height=10000
		 FixedHeight=0
		 bIsotropic=True
		 PlainTextFormat=True
		 Align=0
		 AlignDecPosition=-10000
		 VAlign=0
		 DrawingAlignment=8
		 Adjusted=False
		 LineWrap=1
		 ForceWrap=False
		 FlowControl=False
		 Spacing.Line=0
		 bFill=False
		 FgColor=RGB(0,0,0)
		 SpaceOptimization=True
		 Link.URL=
		 WithText=False
		 [Frame]
		  {
		  Default=False
		  Layout=1
		  [Left]
		   {
		   Spacing=1000
		   Line=True
		   [Line]
			{
			Color=RGB(0,0,0)
			LineType=0
			}
		   LineWidth=0
		   }
		  [Top]
		   {
		   Spacing=500
		   Line=False
		   }
		  [Right]
		   {
		   Spacing=1000
		   Line=True
		   [Line]
			{
			Color=RGB(0,0,0)
			LineType=0
			}
		   LineWidth=0
		   }
		  [Bottom]
		   {
		   Spacing=500
		   Line=True
		   [Line]
			{
			Color=RGB(0,0,0)
			LineType=0
			}
		   LineWidth=0
		   }
		  }
		 [Font]
		  {
		  Default=True
		  }
		 Direction=0
		 BarWidth=0
		 [BarWidth]
		  {
		  Align=0
		  }
		 BarRatio=0
		 ExportAsPicture=False
		 DwgSaveAsJPEG=False
		 Condition=True
		 }
		[Column]
		 {
		 Identifier=
		 OutputFormatter=
		 Text=""
		 Width=27700
		 Height=10000
		 FixedHeight=0
		 bIsotropic=True
		 PlainTextFormat=True
		 Align=0
		 AlignDecPosition=-10000
		 VAlign=0
		 DrawingAlignment=8
		 Adjusted=False
		 LineWrap=1
		 ForceWrap=False
		 FlowControl=False
		 Spacing.Line=0
		 bFill=False
		 FgColor=RGB(0,0,0)
		 SpaceOptimization=True
		 Link.URL=
		 WithText=False
		 [Frame]
		  {
		  Default=False
		  Layout=1
		  [Left]
		   {
		   Spacing=1000
		   Line=True
		   [Line]
			{
			Color=RGB(0,0,0)
			LineType=0
			}
		   LineWidth=0
		   }
		  [Top]
		   {
		   Spacing=500
		   Line=False
		   }
		  [Right]
		   {
		   Spacing=1000
		   Line=True
		   [Line]
			{
			Color=RGB(0,0,0)
			LineType=0
			}
		   LineWidth=0
		   }
		  [Bottom]
		   {
		   Spacing=500
		   Line=True
		   [Line]
			{
			Color=RGB(0,0,0)
			LineType=0
			}
		   LineWidth=0
		   }
		  }
		 [Font]
		  {
		  Default=True
		  }
		 Direction=0
		 BarWidth=0
		 [BarWidth]
		  {
		  Align=0
		  }
		 BarRatio=0
		 ExportAsPicture=False
		 DwgSaveAsJPEG=False
		 Condition=True
		 }
		[Column]
		 {
		 Identifier=
		 OutputFormatter=
		 Text="essb.Gew."
		 Width=18000
		 Height=10000
		 FixedHeight=0
		 bIsotropic=True
		 PlainTextFormat=True
		 Align=0
		 AlignDecPosition=-10000
		 VAlign=0
		 DrawingAlignment=8
		 Adjusted=False
		 LineWrap=1
		 ForceWrap=False
		 FlowControl=False
		 Spacing.Line=0
		 bFill=False
		 FgColor=RGB(0,0,0)
		 SpaceOptimization=True
		 Link.URL=
		 WithText=False
		 [Frame]
		  {
		  Default=False
		  Layout=1
		  [Left]
		   {
		   Spacing=1000
		   Line=True
		   [Line]
			{
			Color=RGB(0,0,0)
			LineType=0
			}
		   LineWidth=0
		   }
		  [Top]
		   {
		   Spacing=500
		   Line=False
		   }
		  [Right]
		   {
		   Spacing=1000
		   Line=True
		   [Line]
			{
			Color=RGB(0,0,0)
			LineType=0
			}
		   LineWidth=0
		   }
		  [Bottom]
		   {
		   Spacing=500
		   Line=True
		   [Line]
			{
			Color=RGB(0,0,0)
			LineType=0
			}
		   LineWidth=0
		   }
		  }
		 [Font]
		  {
		  Default=True
		  }
		 Direction=0
		 BarWidth=0
		 [BarWidth]
		  {
		  Align=0
		  }
		 BarRatio=0
		 ExportAsPicture=False
		 DwgSaveAsJPEG=False
		 Condition=True
		 }
		[Column]
		 {
		 Identifier=
		 OutputFormatter=
		 Text="Milch"
		 Width=22000
		 Height=10000
		 FixedHeight=0
		 bIsotropic=True
		 PlainTextFormat=True
		 Align=0
		 AlignDecPosition=-10000
		 VAlign=0
		 DrawingAlignment=8
		 Adjusted=False
		 LineWrap=1
		 ForceWrap=False
		 FlowControl=False
		 Spacing.Line=0
		 bFill=False
		 FgColor=RGB(0,0,0)
		 SpaceOptimization=True
		 Link.URL=
		 WithText=False
		 [Frame]
		  {
		  Default=False
		  Layout=1
		  [Left]
		   {
		   Spacing=1000
		   Line=True
		   [Line]
			{
			Color=RGB(0,0,0)
			LineType=0
			}
		   LineWidth=0
		   }
		  [Top]
		   {
		   Spacing=500
		   Line=False
		   }
		  [Right]
		   {
		   Spacing=1000
		   Line=True
		   [Line]
			{
			Color=RGB(0,0,0)
			LineType=0
			}
		   LineWidth=0
		   }
		  [Bottom]
		   {
		   Spacing=500
		   Line=True
		   [Line]
			{
			Color=RGB(0,0,0)
			LineType=0
			}
		   LineWidth=0
		   }
		  }
		 [Font]
		  {
		  Default=True
		  }
		 Direction=0
		 BarWidth=0
		 [BarWidth]
		  {
		  Align=0
		  }
		 BarRatio=0
		 ExportAsPicture=False
		 DwgSaveAsJPEG=False
		 Condition=True
		 }
		}
	   [Options]
		{
		Description=Zeilendefinition  3
		[LFont]
		 {
		 Default=True
		 }
		DisplayInDesigner=True
		PDFLevel=0
		PDFText=
		IndexPDFLevel=0
		IndexPDFText=
		[ReservedSpace]
		 {
		 Left=0
		 Top=0
		 Right=0
		 Bottom=0
		 }
		LCondition=True
		Anchor=0
		Anchor.ToTop=True
		}
	   }
	  }
	 [Options]
	  {
	  }
	 }
	[Footer]
	 {
	 [Lines]
	  {
	  [Line]
	   {
	   [Columns]
		{
		}
	   [Options]
		{
		Description=
		[LFont]
		 {
		 Default=True
		 }
		DisplayInDesigner=True
		PDFLevel=0
		PDFText=
		IndexPDFLevel=0
		IndexPDFText=
		[ReservedSpace]
		 {
		 Left=0
		 Top=0
		 Right=0
		 Bottom=0
		 }
		LCondition=True
		Anchor=0
		Anchor.ToTop=True
		}
	   }
	  }
	 [Options]
	  {
	  }
	 }
	[GroupHeader]
	 {
	 [Lines]
	  {
	  [Line]
	   {
	   [Columns]
		{
		[Column]
		 {
		 Identifier=
		 OutputFormatter=
		 Text=" "
		 Width=286600
		 Height=10000
		 FixedHeight=0
		 bIsotropic=True
		 PlainTextFormat=True
		 Align=0
		 AlignDecPosition=-10000
		 VAlign=0
		 DrawingAlignment=8
		 Adjusted=False
		 LineWrap=1
		 ForceWrap=False
		 FlowControl=False
		 Spacing.Line=0
		 bFill=False
		 FgColor=RGB(0,0,0)
		 SpaceOptimization=True
		 Link.URL=
		 WithText=False
		 [Frame]
		  {
		  Default=False
		  Layout=1
		  [Left]
		   {
		   Spacing=1000
		   Line=False
		   }
		  [Top]
		   {
		   Spacing=0
		   Line=False
		   }
		  [Right]
		   {
		   Spacing=1000
		   Line=False
		   }
		  [Bottom]
		   {
		   Spacing=0
		   Line=False
		   }
		  }
		 [Font]
		  {
		  Default=True
		  }
		 Direction=0
		 BarWidth=0
		 [BarWidth]
		  {
		  Align=0
		  }
		 BarRatio=0
		 ExportAsPicture=False
		 DwgSaveAsJPEG=False
		 Condition=True
		 }
		}
	   [Options]
		{
		Description=Halter
		[LFont]
		 {
		 Default=True
		 }
		DisplayInDesigner=True
		PDFLevel=1
		PDFText=
		IndexPDFLevel=0
		IndexPDFText=
		[ReservedSpace]
		 {
		 Left=0
		 Top=1000
		 Right=0
		 Bottom=0
		 }
		LCondition=True
		Anchor=0
		Anchor.ToTop=True
		GroupCondition=Halter.Kennung
		ResetSums=@AnzInGruppe;
		OnNewPage=True
		PrintRightAfterHeader=True
		}
	   }
	  [Line]
	   {
	   [Columns]
		{
		[Column]
		 {
		 Identifier=
		 OutputFormatter=
		 Text= "Anwendungs-/Abgabebeleg Nr." + Nr + " vom "  + Date$ (Datum)
		 Width=105000
		 Height=10000
		 FixedHeight=0
		 bIsotropic=True
		 PlainTextFormat=True
		 Align=0
		 AlignDecPosition=-10000
		 VAlign=0
		 DrawingAlignment=8
		 Adjusted=False
		 LineWrap=1
		 ForceWrap=False
		 FlowControl=False
		 Spacing.Line=0
		 bFill=True
		 Raster=1
		 BkColor=RGB(224,224,224)
		 FgColor=RGB(0,0,0)
		 SpaceOptimization=True
		 Link.URL=
		 WithText=False
		 [Frame]
		  {
		  Default=False
		  Layout=1
		  [Left]
		   {
		   Spacing=1000
		   Line=True
		   [Line]
			{
			Color=RGB(0,0,0)
			LineType=0
			}
		   LineWidth=0
		   }
		  [Top]
		   {
		   Spacing=0
		   Line=False
		   }
		  [Right]
		   {
		   Spacing=1000
		   Line=False
		   }
		  [Bottom]
		   {
		   Spacing=0
		   Line=True
		   [Line]
			{
			Color=RGB(0,0,0)
			LineType=0
			}
		   LineWidth=0
		   }
		  }
		 [Font]
		  {
		  Default=True
		  }
		 Direction=0
		 BarWidth=0
		 [BarWidth]
		  {
		  Align=0
		  }
		 BarRatio=0
		 ExportAsPicture=False
		 DwgSaveAsJPEG=False
		 Condition=True
		 }
		[Column]
		 {
		 Identifier=
		 OutputFormatter=
		 Text="Fortlaufende Belegnummer des Tierarztes im jeweiligen Jahr"
		 Width=81700
		 Height=10000
		 FixedHeight=0
		 bIsotropic=True
		 PlainTextFormat=True
		 Align=0
		 AlignDecPosition=-10000
		 VAlign=0
		 DrawingAlignment=8
		 Adjusted=False
		 LineWrap=1
		 ForceWrap=False
		 FlowControl=False
		 Spacing.Line=0
		 bFill=True
		 Raster=1
		 BkColor=RGB(224,224,224)
		 FgColor=RGB(0,0,0)
		 SpaceOptimization=True
		 Link.URL=
		 WithText=False
		 [Frame]
		  {
		  Default=False
		  Layout=1
		  [Left]
		   {
		   Spacing=1000
		   Line=False
		   }
		  [Top]
		   {
		   Spacing=0
		   Line=False
		   }
		  [Right]
		   {
		   Spacing=1000
		   Line=False
		   }
		  [Bottom]
		   {
		   Spacing=0
		   Line=True
		   [Line]
			{
			Color=RGB(0,0,0)
			LineType=0
			}
		   LineWidth=0
		   }
		  }
		 [Font]
		  {
		  Default=False
		  FaceName="Calibri"
		  GdiCharSet=0
		  Size=6
		  Width=0
		  Bold=False
		  Italic=False
		  Underline=False
		  Strikeout=False
		  Color=RGB(0,0,0)
		  PitchAndFamily=34
		  OutPrecision=3
		  }
		 Direction=0
		 BarWidth=0
		 [BarWidth]
		  {
		  Align=0
		  }
		 BarRatio=0
		 ExportAsPicture=False
		 DwgSaveAsJPEG=False
		 Condition=True
		 }
		[Column]
		 {
		 Identifier=
		 OutputFormatter=
		 Text=" "
		 Width=95200
		 Height=10000
		 FixedHeight=0
		 bIsotropic=True
		 PlainTextFormat=True
		 Align=0
		 AlignDecPosition=-10000
		 VAlign=0
		 DrawingAlignment=8
		 Adjusted=False
		 LineWrap=1
		 ForceWrap=False
		 FlowControl=False
		 Spacing.Line=0
		 bFill=False
		 FgColor=RGB(0,0,0)
		 SpaceOptimization=True
		 Link.URL=
		 WithText=False
		 [Frame]
		  {
		  Default=False
		  Layout=1
		  [Left]
		   {
		   Spacing=1000
		   Line=False
		   }
		  [Top]
		   {
		   Spacing=0
		   Line=False
		   }
		  [Right]
		   {
		   Spacing=1000
		   Line=True
		   [Line]
			{
			Color=RGB(0,0,0)
			LineType=0
			}
		   LineWidth=0
		   }
		  [Bottom]
		   {
		   Spacing=0
		   Line=True
		   [Line]
			{
			Color=RGB(0,0,0)
			LineType=0
			}
		   LineWidth=0
		   }
		  }
		 [Font]
		  {
		  Default=True
		  }
		 Direction=0
		 BarWidth=0
		 [BarWidth]
		  {
		  Align=0
		  }
		 BarRatio=0
		 ExportAsPicture=False
		 DwgSaveAsJPEG=False
		 Condition=True
		 }
		}
	   [Options]
		{
		Description=AABNr
		[LFont]
		 {
		 Default=True
		 }
		DisplayInDesigner=True
		PDFLevel=2
		PDFText=
		IndexPDFLevel=0
		IndexPDFText=
		[ReservedSpace]
		 {
		 Left=0
		 Top=1000
		 Right=0
		 Bottom=0
		 }
		LCondition=True
		Anchor=0
		Anchor.ToTop=True
		GroupCondition=Nr
		ResetSums=
		OnNewPage=False
		PrintRightAfterHeader=False
		}
	   }
	  }
	 [Options]
	  {
	  }
	 }
	[GroupFooter]
	 {
	 [Lines]
	  {
	  [Line]
	   {
	   [Columns]
		{
		[Column]
		 {
		 Identifier=
		 OutputFormatter=
		 Text=" "
		 Width=286600
		 Height=10000
		 FixedHeight=0
		 bIsotropic=True
		 PlainTextFormat=True
		 Align=0
		 AlignDecPosition=-10000
		 VAlign=0
		 DrawingAlignment=8
		 Adjusted=False
		 LineWrap=1
		 ForceWrap=False
		 FlowControl=False
		 Spacing.Line=0
		 bFill=False
		 FgColor=RGB(0,0,0)
		 SpaceOptimization=True
		 Link.URL=
		 WithText=False
		 [Frame]
		  {
		  Default=False
		  Layout=1
		  [Left]
		   {
		   Spacing=1000
		   Line=False
		   }
		  [Top]
		   {
		   Spacing=500
		   Line=False
		   }
		  [Right]
		   {
		   Spacing=1000
		   Line=False
		   }
		  [Bottom]
		   {
		   Spacing=500
		   Line=False
		   }
		  }
		 [Font]
		  {
		  Default=True
		  }
		 Direction=0
		 BarWidth=0
		 [BarWidth]
		  {
		  Align=0
		  }
		 BarRatio=0
		 ExportAsPicture=False
		 DwgSaveAsJPEG=False
		 Condition=True
		 }
		}
	   [Options]
		{
		Description=Halter (1)
		[LFont]
		 {
		 Default=True
		 }
		DisplayInDesigner=True
		PDFLevel=0
		PDFText=
		IndexPDFLevel=0
		IndexPDFText=
		[ReservedSpace]
		 {
		 Left=0
		 Top=1000
		 Right=0
		 Bottom=0
		 }
		LCondition=True
		Anchor=0
		Anchor.ToTop=True
		GroupCondition=Halter.Kennung
		ResetSums=@AnzInGruppe;
		TriggerNewPage=True
		}
	   }
	  }
	 [Options]
	  {
	  }
	 }
	}
   }
  }
[Object]
 ObjectID=1
 ObjectName=Text
 Locked=FALSE
 LinkID=5
 LinkToID=0
 LinkMode=32
 LayerID=0
 GroupID=0
 Identifier=
 Condition=True
 UserLocked=False
 WrapBefore=False
 ExportAsPicture=False
 Position/Left=10000
 Position/Top=200000
 Position/Width=280000
 Position/Height=5000
 Direction=0
 bFill=False
 Frame/Layout=0
 Frame/Left/Spacing=0
 Frame/Left/Line=False
 Frame/Top/Spacing=0
 Frame/Top/Line=False
 Frame/Right/Spacing=0
 Frame/Right/Line=False
 Frame/Bottom/Spacing=0
 Frame/Bottom/Line=False
 PDFLevel=0
 PDFText=
 IndexPDFLevel=0
 IndexPDFText=
 IssueCondition=True
 bPageWrap=False
 bBottomAligned=False
 [@Lines]
  {
  [Lines]
   {
   [Line]
	{
	[Font]
	 {
	 Default=True
	 }
	Align=0
	Adjusted=False
	Uneraseable=False
	LineWrap=1
	PageWrapAllowed=True
	ForceWrap=False
	SpaceOptimization=True
	Spacing.Paragraph=0
	Spacing.Line=0
	OutputFormatter=
	Condition=True
	Text="Dieser Beleg wurde maschinell erstellt und hat auch ohne Unterschrift Gültigkeit.     Dieser Beleg wurde maschinell erstellt und hat auch ohne Unterschrift Gültigkeit."
	Tab=0
	TabAlign=0
	}
   }
  }
[UserVariables]
[Parameters]
 [@Parameters]
  {
  [Parameters]
   {
   LL.ProjectDescription=PrintMachine-Infos
   }
  }
[UsedIdentifiers]
 Variables=Bericht.Deckblatt;Bericht.HalterNr;Bericht.Land;Bericht.MitgliedNr;Bericht.Name;Bericht.Name1;Bericht.Name2;Bericht.Ort;Bericht.RechnungNr;Bericht.Strasse;Halter.Name1;Halter.Name2;Halter.Ort;Halter.PLZ;Halter.Strasse;Mitglied.Name1;Mitglied.Name2;Mitglied.Ort;Mitglied.Strasse;Bericht.GUID;PMEmail
 Fields=AnzahlA;AnzahlK;Art;Bezeichnung;Charge;Datum;Dauer;Diagnose;Dosierung;Halter.Kennung;Identitäten;Nr;Ort;TAName;Verabreichung;Wartezeit.Fleisch;Wartezeit.Milch;Wiederholung
[PageLayouts]
 [@PageLayouts]
  {
  [PageLayouts]
   {
   [PageLayout]
	{
	DisplayName=
	Condition=True
	SourceTray=0
	ForcePaperFormat=True
	UsePhysicalPaper=True
	PaperFormat=9
	PaperFormat.cx=297000
	PaperFormat.cy=210000
	PaperFormat.Orientation=2
	Copies=1
	Duplex=0
	Collate=0
	FitPage=False
	ShowInPrintDialog=True
	}
   }
  }
[ExtendedInfo]
 [@ExtendedInfos]
  {
  [UserDefinedDesignScheme]
   {
   [Foreground]
	{
	Color=(173,215,227)
	Color=(167,195,209)
	Color=(165,170,199)
	Color=(155,122,153)
	Color=(135,95,119)
	Color=(255,230,179)
	Color=(238,190,93)
	Color=(242,167,17)
	Color=(166,178,102)
	Color=(102,204,199)
	}
   [Background]
	{
	Color=(240,249,255)
	Color=(255,230,179)
	Color=(173,215,227)
	Color=(167,195,209)
	FillMode=1
	}
   }
  }
