[List description]
[Description]
 Text=PrintMachine-Infos
 FileVersion=15
 Units=SCM-Units
 Metric=0
 TextQuote.Start=1
 TextQuote.End=1
 RepresentationCode.CondStart=171
 RepresentationCode.CondSep=166
 RepresentationCode.CondEnd=187
 RepresentationCode.Tab=247
 RepresentationCode.Ret=182
 RepresentationCode.PhantomSpace=8203
 RepresentationCode.LockNextChar=8288
 RepresentationCode.ExprSep=164
 LCID=1031
 UserVars.ManualSortOrder=1
 Created=14.11.2006, 11:30:56
 CreatedByApp=tvna.exe []
 CreatedByDLL=CMLL11.DLL [11,15,0,0 (06-04-24 10:35)]
 CreatedByUser=martin on _MARTIN
 LastModified=26.04.2019, 11:45:08
 LastModifiedByApp=CBI61.EXE [6.1-SP4, Build 38114M]
 LastModifiedByDLL=CMLL24.DLL [24.0.2018.29813 (18-10-19 13:33)F]
 LastModifiedByUser=keuer on PCKEUER
 CreatedByCallFrom=cdlli61.dll
[Layout]
 P1.Template=
 xGrid=5000
 yGrid=5000
 GridShow=TRUE
 GridSnap=TRUE
 EnhancedExpressions=TRUE
 EnhancedOldExpressions=FALSE
 Decimals=2
 RealDataPreviewPageLimit=2
 DefFont={(0,0,0),10.000000,-13,0,0,0,400,0,0,0,0,3,2,1,34,Calibri}
 HelpLines.Horizontal=
 HelpLines.Vertical=
 PDF.MaxOutlineDepth=2
 PDF.MaxOutlineDepth.IDX=3
 DefaultSize.Objecttype1=(0,0,271100,8000)
 DefaultSize.Objecttype6=(0,0,265000,160000)
 DefaultSize.Objecttype11=(0,0,262100,151800)
 ObjectCount=8
[UserSection]
 
[SumVariables]
[Layer]
 Name=Basis
 Condition=
 WorkspaceColor=(102,102,102)
 Visible=TRUE
 LayerID=0
[Layer]
 Name=Erste Seite
 Condition=Page() = 1
 WorkspaceColor=(197,207,10)
 Visible=TRUE
 LayerID=1
[Layer]
 Name=Folgeseiten
 Condition=Page() <> 1
 WorkspaceColor=(161,203,243)
 Visible=TRUE
 LayerID=2
[ProjectTemplates]
 [@ProjectTemplates]
  {
  [ProjectTemplates]
   {
   [ProjectTemplate]
	{
	Identifier=
	Filename=ProjectPath$() + "Grund-Baustein_A4quer.lst"
	bVisible=True
	Condition=True
	ProjectUUID={7CC0A5C8-CC90-F90B-5DA3-9641C7A4B5FE}
	}
   [ProjectTemplate]
	{
	Identifier=
	Filename=ProjectPath$() + "PrintMachine-Infos.lst"
	bVisible=True
	Condition=True
	ProjectUUID={61E2B60D-9FA8-68A4-A891-CBA7DB4B6ED8}
	}
   }
  }
[Object]
 ObjectID=1
 ObjectName=Text
 Locked=FALSE
 LinkUUID={A8A8A2FD-AE30-4D68-ACA9-E45DB7BFE585}
 LinkMode=32
 LayerID=0
 LayerCond=
 GroupUUID=
 Identifier=
 Condition=True
 UserLocked=False
 WrapBefore=False
 bPageWrap=False
 ExportAsPicture=False
 Position/Left=20000
 Position/Top=6000
 Position/Width=271100
 Position/Height=8000
 Direction=0
 bFill=0
 Frame/Layout=0
 Frame/Left/Spacing=0
 Frame/Left/Line=False
 Frame/Top/Spacing=0
 Frame/Top/Line=False
 Frame/Right/Spacing=0
 Frame/Right/Line=False
 Frame/Bottom/Spacing=0
 Frame/Bottom/Line=False
 PDFLevel=0
 PDFText=
 IndexPDFLevel=0
 IndexPDFText=
 IssueCondition=True
 Link.URL=
 Animation=""
 HTMLAnimation=""
 bBottomAligned=0
 [@Lines]
  {
  [Lines]
   {
   [Line]
	{
	[Font]
	 {
	 Default=False
	 FaceName="Calibri"
	 GdiCharSet=0
	 Size=20
	 Width=0
	 Bold=False
	 Italic=False
	 Underline=False
	 Strikeout=False
	 Color=RGB(0,0,0)
	 PitchAndFamily=34
	 OutPrecision=3
	 }
	Align=0
	Adjusted=False
	Uneraseable=False
	LineWrap=1
	PageWrapAllowed=True
	ForceWrap=False
	SpaceOptimization=True
	Spacing.Paragraph=0
	Spacing.Line=0
	OutputFormatter=
	Condition=True
	[ConditionalFormatter]
	 {
	 }
	Text="Altersstruktur der Mitglieder (" + Bereich + "): " + Date$(von) + " bis " + Date$(bis)
	Tab=0
	TabAlign=0
	}
   }
  }
[Object]
 ObjectID=6
 ObjectName=Tabelle
 Locked=FALSE
 LinkUUID={446FBAC4-5161-4728-8DAF-682AC49619CE}
 LinkMode=32
 LayerID=0
 LayerCond=
 GroupUUID=
 Identifier=
 Condition=True
 UserLocked=False
 WrapBefore=False
 Position/Left=20000
 Position/Top=20000
 Position/Width=265000
 Position/Height=160000
 Direction=0
 Frame/Layout=0
 Frame/Left/Spacing=0
 Frame/Left/Line=False
 Frame/Top/Spacing=0
 Frame/Top/Line=False
 Frame/Right/Spacing=0
 Frame/Right/Line=False
 Frame/Bottom/Spacing=0
 Frame/Bottom/Line=False
 PDFLevel=0
 PDFText=
 IndexPDFLevel=0
 IndexPDFText=
 IssueCondition=True
 Link.URL=
 Animation=""
 bFooterOnBottom=False
 bFillBottom=False
 DefaultFont/Default=True
 DefaultFont/FaceName="Calibri"
 DefaultFont/GdiCharSet=0
 DefaultFont/Size=Null()
 DefaultFont/Width=#Null()
 DefaultFont/Bold=Null()
 DefaultFont/Italic=Null()
 DefaultFont/Underline=Null()
 DefaultFont/Strikeout=Null()
 DefaultFont/Color=Null()
 DefaultFont/PitchAndFamily=Null()
 DefaultFont/OutPrecision=Null()
 FgColor=RGB(0,0,0)
 bFill=0
 ColumnCount=1
 ColumnCount.Distance=0
 ColumnBreakCondition=False
 [@Tables]
  {
  [Tables]
   {
   [Table]
	{
	TableType=List
	TableID=
	RelationID=
	[GroupHeaderLines]
	 {
	 bConcatDataLines=True
	 bKeepTogether=False
	 }
	[GroupFooterLines]
	 {
	 bAlsoOnEmptyGroup=False
	 bKeepTogether=False
	 }
	[DataLines]
	 {
	 bKeepTogether=True
	 bSuppress=True
	 bForceSumCalculation=False
	 }
	ZebraPattern=1
	[ZebraPattern]
	 {
	 Pattern=1
	 Color=RGB(192,192,192)
	 }
	[FooterLines]
	 {
	 bKeepTogether=True
	 }
	PageBreakCondition=False
	[DefaultFrame]
	 {
	 Layout=1
	 [Left]
	  {
	  Spacing=1000
	  Line=True
	  [Line]
	   {
	   Color=RGB(0,0,0)
	   LineType=0
	   }
	  LineWidth=0
	  }
	 [Top]
	  {
	  Spacing=500
	  Line=True
	  [Line]
	   {
	   Color=RGB(0,0,0)
	   LineType=0
	   }
	  LineWidth=0
	  }
	 [Right]
	  {
	  Spacing=1000
	  Line=True
	  [Line]
	   {
	   Color=RGB(0,0,0)
	   LineType=0
	   }
	  LineWidth=0
	  }
	 [Bottom]
	  {
	  Spacing=500
	  Line=True
	  [Line]
	   {
	   Color=RGB(0,0,0)
	   LineType=0
	   }
	  LineWidth=0
	  }
	 }
	UseSepTicks=True
	ColumnCount=0
	ColumnCount.Distance=1000
	ColumnBreakCondition=False
	FormulaFilter=True
	DesignScheme="PROJECT"
	[Body]
	 {
	 [Lines]
	  {
	  [Line]
	   {
	   [Columns]
		{
		[Column]
		 {
		 Identifier=
		 Text=Alter
		 Width=132500
		 Height=10000
		 FixedHeight=0
		 bIsotropic=True
		 PlainTextFormat=True
		 Align=0
		 AlignDecPosition=-10000
		 VAlign=0
		 DrawingAlignment=0
		 Adjusted=False
		 LineWrap=1
		 ForceWrap=False
		 FlowControl=False
		 Spacing.Line=0
		 bFill=0
		 FgColor=LL.Color.Black
		 SpaceOptimization=True
		 Link.URL=
		 WithText=False
		 MatchDevicePixel=False
		 [Frame]
		  {
		  Default=True
		  Layout=1
		  [Left]
		   {
		   Spacing=1000
		   Line=True
		   [Line]
			{
			Color=LL.Color.Black
			LineType=0
			}
		   LineWidth=0
		   }
		  [Top]
		   {
		   Spacing=500
		   Line=True
		   [Line]
			{
			Color=LL.Color.Black
			LineType=0
			}
		   LineWidth=0
		   }
		  [Right]
		   {
		   Spacing=1000
		   Line=True
		   [Line]
			{
			Color=LL.Color.Black
			LineType=0
			}
		   LineWidth=0
		   }
		  [Bottom]
		   {
		   Spacing=500
		   Line=True
		   [Line]
			{
			Color=LL.Color.Black
			LineType=0
			}
		   LineWidth=0
		   }
		  }
		 [Font]
		  {
		  Default=True
		  FaceName=Null()
		  GdiCharSet=Null()
		  Size=Null()
		  Width=#Null()
		  Bold=Null()
		  Italic=Null()
		  Underline=Null()
		  Strikeout=Null()
		  Color=Null()
		  PitchAndFamily=Null()
		  OutPrecision=Null()
		  }
		 Direction=0
		 BarWidth=0
		 [BarWidth]
		  {
		  Align=0
		  }
		 BarRatio=0
		 ExportAsPicture=False
		 DwgSaveAsJPEG=0
		 Condition=True
		 Animation=""
		 HTMLAnimation=""
		 }
		[Column]
		 {
		 Identifier=
		 Text=Anzahl
		 Width=132500
		 Height=10000
		 FixedHeight=0
		 bIsotropic=True
		 PlainTextFormat=True
		 Align=0
		 AlignDecPosition=-10000
		 VAlign=0
		 DrawingAlignment=0
		 Adjusted=False
		 LineWrap=1
		 ForceWrap=False
		 FlowControl=False
		 Spacing.Line=0
		 bFill=0
		 FgColor=LL.Color.Black
		 SpaceOptimization=True
		 Link.URL=
		 WithText=False
		 MatchDevicePixel=False
		 [Frame]
		  {
		  Default=True
		  Layout=1
		  [Left]
		   {
		   Spacing=1000
		   Line=True
		   [Line]
			{
			Color=LL.Color.Black
			LineType=0
			}
		   LineWidth=0
		   }
		  [Top]
		   {
		   Spacing=500
		   Line=True
		   [Line]
			{
			Color=LL.Color.Black
			LineType=0
			}
		   LineWidth=0
		   }
		  [Right]
		   {
		   Spacing=1000
		   Line=True
		   [Line]
			{
			Color=LL.Color.Black
			LineType=0
			}
		   LineWidth=0
		   }
		  [Bottom]
		   {
		   Spacing=500
		   Line=True
		   [Line]
			{
			Color=LL.Color.Black
			LineType=0
			}
		   LineWidth=0
		   }
		  }
		 [Font]
		  {
		  Default=True
		  FaceName=Null()
		  GdiCharSet=Null()
		  Size=Null()
		  Width=#Null()
		  Bold=Null()
		  Italic=Null()
		  Underline=Null()
		  Strikeout=Null()
		  Color=Null()
		  PitchAndFamily=Null()
		  OutPrecision=Null()
		  }
		 Direction=0
		 BarWidth=0
		 [BarWidth]
		  {
		  Align=0
		  }
		 BarRatio=0
		 ExportAsPicture=False
		 DwgSaveAsJPEG=0
		 Condition=True
		 Animation=""
		 HTMLAnimation=""
		 }
		}
	   [Options]
		{
		Description=Zeilendefinition  1
		[LFont]
		 {
		 Default=True
		 FaceName=Null()
		 GdiCharSet=Null()
		 Size=Null()
		 Width=#Null()
		 Bold=Null()
		 Italic=Null()
		 Underline=Null()
		 Strikeout=Null()
		 Color=Null()
		 PitchAndFamily=Null()
		 OutPrecision=Null()
		 }
		DisplayInDesigner=True
		PDFLevel=0
		PDFText=
		IndexPDFLevel=0
		IndexPDFText=
		[ReservedSpace]
		 {
		 Left=0
		 Top=0
		 Right=0
		 Bottom=0
		 }
		LCondition=True
		Anchor=0
		Anchor.ToTop=True
		}
	   }
	  }
	 [Options]
	  {
	  }
	 }
	[Header]
	 {
	 [Lines]
	  {
	  [Line]
	   {
	   [Columns]
		{
		}
	   [Options]
		{
		Description=
		[LFont]
		 {
		 Default=True
		 FaceName=Null()
		 GdiCharSet=Null()
		 Size=Null()
		 Width=#Null()
		 Bold=Null()
		 Italic=Null()
		 Underline=Null()
		 Strikeout=Null()
		 Color=Null()
		 PitchAndFamily=Null()
		 OutPrecision=Null()
		 }
		DisplayInDesigner=True
		PDFLevel=0
		PDFText=
		IndexPDFLevel=0
		IndexPDFText=
		[ReservedSpace]
		 {
		 Left=0
		 Top=0
		 Right=0
		 Bottom=0
		 }
		LCondition=True
		Anchor=0
		Anchor.ToTop=True
		}
	   }
	  }
	 [Options]
	  {
	  }
	 }
	[Footer]
	 {
	 [Lines]
	  {
	  [Line]
	   {
	   [Columns]
		{
		[Column]
		 {
		 Identifier=Anzahl
		 Width=250000
		 Height=70000
		 FixedHeight=0
		 bIsotropic=True
		 PlainTextFormat=True
		 Align=0
		 AlignDecPosition=-10000
		 VAlign=0
		 DrawingAlignment=0
		 Adjusted=False
		 LineWrap=1
		 ForceWrap=False
		 FlowControl=False
		 Spacing.Line=0
		 bFill=LL.Scheme.BackgroundFillMode
		 Raster=1
		 BkColor=RGB(206,215,212)
		 FgColor=LL.Color.Black
		 SpaceOptimization=True
		 Link.URL=
		 WithText=False
		 MatchDevicePixel=False
		 [Frame]
		  {
		  Default=False
		  Layout=1
		  [Left]
		   {
		   Spacing=1000
		   Line=False
		   }
		  [Top]
		   {
		   Spacing=500
		   Line=False
		   }
		  [Right]
		   {
		   Spacing=1000
		   Line=False
		   }
		  [Bottom]
		   {
		   Spacing=500
		   Line=False
		   }
		  }
		 [Font]
		  {
		  Default=True
		  FaceName=Null()
		  GdiCharSet=Null()
		  Size=Null()
		  Width=#Null()
		  Bold=Null()
		  Italic=Null()
		  Underline=Null()
		  Strikeout=Null()
		  Color=Null()
		  PitchAndFamily=Null()
		  OutPrecision=Null()
		  }
		 Direction=0
		 BarWidth=0
		 [BarWidth]
		  {
		  Align=0
		  }
		 BarRatio=0
		 ExportAsPicture=False
		 DwgSaveAsJPEG=0
		 Condition=True
		 Animation=""
		 HTMLAnimation=""
		 LLXType=LLCHART
		 [LLXObject]
		  {
		  [Engine]
		   {
		   bFill=0
		   HasAlternatezAxis=False
		   zAxisSecondaryAssignment=0
		   Orientation=1
		   UseLightEffect=True
		   FrameColor=RGB(180,180,180)
		   [AdditionalProperties]
			{
			Type=1
			DataMode=2
			VisMode=0
			Flags=5373952
			bNewAxisMode=TRUE
			}
		   [xAxis]
			{
			FormulaValue=Alter * 5
			FormulaFilter=True
			SamplesForDesigner=5
			AutoSort=0
			MaxEntryCount=0
			[MaxEntryCount]
			 {
			 bWithOthers=False
			 }
			Label="Andere"
			MinimumPercentage=0
			RoundLimits=True
			FormulaCoord=Cond( LL.ChartObject.AxisCoordinate=-10, "ohne Namen", Cond( LL.ChartObject.AxisCoordinate<=0, "unbekannt", "ab "+ Str$( LL.ChartObject.AxisCoordinate, 2, 0)))
			[FormulaCoord.Font]
			 {
			 Default=True
			 FaceName=Null()
			 GdiCharSet=Null()
			 Size=Null()
			 Width=#Null()
			 Bold=Null()
			 Italic=Null()
			 Underline=Null()
			 Strikeout=Null()
			 Color=Null()
			 PitchAndFamily=Null()
			 OutPrecision=Null()
			 }
			FormulaCoord.RotationAngle=0
			FormulaCoord.FixedSize=False
			FormulaCoord.OutputFormatter=
			FormulaLabel="Alter"
			[FormulaLabel.Font]
			 {
			 Default=True
			 FaceName=Null()
			 GdiCharSet=Null()
			 Size=Null()
			 Width=#Null()
			 Bold=Null()
			 Italic=Null()
			 Underline=Null()
			 Strikeout=Null()
			 Color=Null()
			 PitchAndFamily=Null()
			 OutPrecision=Null()
			 }
			FormulaLabel.RotationAngle=0
			FormulaLabel.OutputFormatter=
			CoordTextPlacement=1
			CoordTextPlacement.Equidistant=False
			[CoordTextPlacement.bFrame]
			 {
			 Layout=0
			 [Left]
			  {
			  Spacing=1000
			  Line=False
			  }
			 [Top]
			  {
			  Spacing=1000
			  Line=False
			  }
			 [Right]
			  {
			  Spacing=1000
			  Line=False
			  }
			 [Bottom]
			  {
			  Spacing=1000
			  Line=False
			  }
			 }
			RelativePartOfAtAxisText=30
			RelativePartOfLegendText=0
			TickmarkColor=RGB(180,180,180)
			CountOfIntermediateTicks=0
			SignalRegions=False
			[AreaList]
			 {
			 [ItemList]
			  {
			  }
			 }
			}
		   [yAxis]
			{
			FormulaValue=Geschlecht
			FormulaFilter=True
			SamplesForDesigner=5
			AutoSort=0
			RoundLimits=True
			MinPercentageForArcs=0
			FormulaCoordOthers="Andere"
			[FormulaCoordOthers.Font]
			 {
			 Default=True
			 FaceName=Null()
			 GdiCharSet=Null()
			 Size=Null()
			 Width=#Null()
			 Bold=Null()
			 Italic=Null()
			 Underline=Null()
			 Strikeout=Null()
			 Color=Null()
			 PitchAndFamily=Null()
			 OutPrecision=Null()
			 }
			FormulaCoordOthers.FixedSize=False
			FormulaCoordOthers.OutputFormatter=
			FormulaCoord=LL.ChartObject.AxisCoordinate
			[FormulaCoord.Font]
			 {
			 Default=True
			 FaceName=Null()
			 GdiCharSet=Null()
			 Size=Null()
			 Width=#Null()
			 Bold=Null()
			 Italic=Null()
			 Underline=Null()
			 Strikeout=Null()
			 Color=Null()
			 PitchAndFamily=Null()
			 OutPrecision=Null()
			 }
			FormulaCoord.RotationAngle=0
			FormulaCoord.FixedSize=False
			FormulaCoord.OutputFormatter=
			FormulaLabel="Geschlecht"
			[FormulaLabel.Font]
			 {
			 Default=True
			 FaceName=Null()
			 GdiCharSet=Null()
			 Size=Null()
			 Width=#Null()
			 Bold=Null()
			 Italic=Null()
			 Underline=Null()
			 Strikeout=Null()
			 Color=Null()
			 PitchAndFamily=Null()
			 OutPrecision=Null()
			 }
			FormulaLabel.RotationAngle=0
			FormulaLabel.OutputFormatter=
			CoordTextPlacement=4
			CoordTextPlacement.Equidistant=False
			[CoordTextPlacement.bFrame]
			 {
			 Layout=0
			 [Left]
			  {
			  Spacing=1000
			  Line=True
			  [Line]
			   {
			   Color=LL.Color.Black
			   LineType=0
			   }
			  LineWidth=0
			  }
			 [Top]
			  {
			  Spacing=1000
			  Line=True
			  [Line]
			   {
			   Color=LL.Color.Black
			   LineType=0
			   }
			  LineWidth=0
			  }
			 [Right]
			  {
			  Spacing=1000
			  Line=True
			  [Line]
			   {
			   Color=LL.Color.Black
			   LineType=0
			   }
			  LineWidth=0
			  }
			 [Bottom]
			  {
			  Spacing=1000
			  Line=True
			  [Line]
			   {
			   Color=LL.Color.Black
			   LineType=0
			   }
			  LineWidth=0
			  }
			 }
			RelativePartOfAtAxisText=30
			RelativePartOfLegendText=0
			CountOfIntermediateTicks=0
			[AreaList]
			 {
			 [ItemList]
			  {
			  }
			 }
			}
		   [zAxis0]
			{
			FormulaMin=True
			[FormulaMin]
			 {
			 Value=0
			 }
			FormulaMax=True
			[FormulaMax]
			 {
			 Value=1.0
			 }
			FilterZeroes=False
			HandleNullValue=0
			FormulaValue=Anzahl
			FormulaCoordOnObjects=1
			[FormulaCoordOnObjects]
			 {
			 [Font]
			  {
			  Default=True
			  FaceName=Null()
			  GdiCharSet=Null()
			  Size=Null()
			  Width=#Null()
			  Bold=Null()
			  Italic=Null()
			  Underline=Null()
			  Strikeout=Null()
			  Color=Null()
			  PitchAndFamily=Null()
			  OutPrecision=Null()
			  }
			 OutputFormatter=DOUBLE
			 [OutputFormatter.DOUBLE]
			  {
			  DecimalCharType=-2
			  ThousandsCharType=-2
			  NegativeFormatType=-2
			  Decimals=0
			  EmptyIfBool=True
			  LeadingZero=True
			  ForceSign=False
			  ExponentialFormat=0
			  Units=
			  RemoveTrailingZeroes=False
			  MultiplyBy100=False
			  }
			 Formula=LL.ChartObject.AxisCoordinate
			 [Filling]
			  {
			  bShow=0
			  }
			 RotationAngle=0
			 OOTextDrawMethod=0
			 }
			AutoTickmarks=True
			[AutoTickmarks]
			 {
			 Value=1.0
			 }
			Visual=1
			LineTypeOverride=0
			VisualSym=-1
			CoordGridLines=True
			[CoordGridLines]
			 {
			 Color=RGB(180,180,180)
			 LineType=0
			 }
			CoordGridLinesWidth=0
			CoordGridZebraPattern=0
			BarWidthPercentage=60
			Distortion=0
			PostProcessing=0
			[PostProcessing]
			 {
			 Count=3
			 }
			FormulaCoord=LL.ChartObject.AxisCoordinate
			[FormulaCoord.Font]
			 {
			 Default=True
			 FaceName=Null()
			 GdiCharSet=Null()
			 Size=Null()
			 Width=#Null()
			 Bold=Null()
			 Italic=Null()
			 Underline=Null()
			 Strikeout=Null()
			 Color=Null()
			 PitchAndFamily=Null()
			 OutPrecision=Null()
			 }
			FormulaCoord.RotationAngle=0
			FormulaCoord.FixedSize=False
			FormulaCoord.OutputFormatter=DOUBLE
			[FormulaCoord.OutputFormatter.DOUBLE]
			 {
			 DecimalCharType=-2
			 ThousandsCharType=-2
			 NegativeFormatType=-2
			 Decimals=0
			 EmptyIfBool=False
			 LeadingZero=True
			 ForceSign=False
			 ExponentialFormat=0
			 Units=
			 RemoveTrailingZeroes=False
			 MultiplyBy100=False
			 }
			FormulaLabel="Anzahl"
			[FormulaLabel.Font]
			 {
			 Default=True
			 FaceName=Null()
			 GdiCharSet=Null()
			 Size=Null()
			 Width=#Null()
			 Bold=Null()
			 Italic=Null()
			 Underline=Null()
			 Strikeout=Null()
			 Color=Null()
			 PitchAndFamily=Null()
			 OutPrecision=Null()
			 }
			FormulaLabel.RotationAngle=90
			FormulaLabel.OutputFormatter=
			CoordTextPlacement=1
			CoordTextPlacement.Equidistant=False
			[CoordTextPlacement.bFrame]
			 {
			 Layout=0
			 [Left]
			  {
			  Spacing=1000
			  Line=False
			  }
			 [Top]
			  {
			  Spacing=1000
			  Line=False
			  }
			 [Right]
			  {
			  Spacing=1000
			  Line=False
			  }
			 [Bottom]
			  {
			  Spacing=1000
			  Line=False
			  }
			 }
			RelativePartOfAtAxisText=30
			RelativePartOfLegendText=0
			TickmarkColor=RGB(180,180,180)
			CountOfIntermediateTicks=0
			SignalRegions=False
			[AreaList]
			 {
			 [ItemList]
			  {
			  }
			 }
			}
		   [RScriptData]
			{
			RSCode=
			}
		   }
		  TitleFormula="∑ = " + Fstr$(GesamtAnzahl,"?&")
		  [TitleFormula.Font]
		   {
		   Default=True
		   FaceName=Null()
		   GdiCharSet=Null()
		   Size=Null()
		   Width=#Null()
		   Bold=Null()
		   Italic=Null()
		   Underline=Null()
		   Strikeout=Null()
		   Color=Null()
		   PitchAndFamily=Null()
		   OutPrecision=Null()
		   }
		  TitleFormula.OutputFormatter=
		  TitlePosition=3
		  Background=True
		  [Background]
		   {
		   [Filling]
			{
			bShow=1
			Raster=1
			Color=LL.Color.White
			}
		   [Frame]
			{
			bShow=0
			}
		   [Shadow]
			{
			bShow=0
			}
		   Rounding=0
		   }
		  Colors\Color0=RGB(255,51,0)
		  Colors\Color1=RGB(0,102,204)
		  Colors\Color2=RGB(102,204,51)
		  Colors\Color3=RGB(255,204,0)
		  Colors\Color4=RGB(255,121,75)
		  Colors\Color5=RGB(153,153,255)
		  Colors\Color6=RGB(180,220,180)
		  Colors\Color7=RGB(255,219,157)
		  Colors\Color8=RGB(255,153,51)
		  Colors\Color9=RGB(102,102,204)
		  EnhancedColorContrast=False
		  Version=2
		  UUID={DE664806-E52E-4BE4-B079-CED781CAB9A7}
		  }
		 }
		}
	   [Options]
		{
		Description=
		[LFont]
		 {
		 Default=True
		 FaceName=Null()
		 GdiCharSet=Null()
		 Size=Null()
		 Width=#Null()
		 Bold=Null()
		 Italic=Null()
		 Underline=Null()
		 Strikeout=Null()
		 Color=Null()
		 PitchAndFamily=Null()
		 OutPrecision=Null()
		 }
		DisplayInDesigner=True
		PDFLevel=0
		PDFText=
		IndexPDFLevel=0
		IndexPDFText=
		[ReservedSpace]
		 {
		 Left=0
		 Top=0
		 Right=0
		 Bottom=0
		 }
		LCondition=True
		Anchor=0
		Anchor.ToTop=True
		}
	   }
	  [Line]
	   {
	   [Columns]
		{
		[Column]
		 {
		 Identifier=Umsatz
		 Width=250000
		 Height=70000
		 FixedHeight=0
		 bIsotropic=True
		 PlainTextFormat=True
		 Align=0
		 AlignDecPosition=-10000
		 VAlign=0
		 DrawingAlignment=0
		 Adjusted=False
		 LineWrap=1
		 ForceWrap=False
		 FlowControl=False
		 Spacing.Line=0
		 bFill=LL.Scheme.BackgroundFillMode
		 Raster=1
		 BkColor=RGB(206,215,212)
		 FgColor=LL.Color.Black
		 SpaceOptimization=True
		 Link.URL=
		 WithText=False
		 MatchDevicePixel=False
		 [Frame]
		  {
		  Default=False
		  Layout=1
		  [Left]
		   {
		   Spacing=1000
		   Line=False
		   }
		  [Top]
		   {
		   Spacing=500
		   Line=False
		   }
		  [Right]
		   {
		   Spacing=1000
		   Line=False
		   }
		  [Bottom]
		   {
		   Spacing=500
		   Line=False
		   }
		  }
		 [Font]
		  {
		  Default=True
		  FaceName=Null()
		  GdiCharSet=Null()
		  Size=Null()
		  Width=#Null()
		  Bold=Null()
		  Italic=Null()
		  Underline=Null()
		  Strikeout=Null()
		  Color=Null()
		  PitchAndFamily=Null()
		  OutPrecision=Null()
		  }
		 Direction=0
		 BarWidth=0
		 [BarWidth]
		  {
		  Align=0
		  }
		 BarRatio=0
		 ExportAsPicture=False
		 DwgSaveAsJPEG=0
		 Condition=True
		 Animation=""
		 HTMLAnimation=""
		 LLXType=LLCHART
		 [LLXObject]
		  {
		  [Engine]
		   {
		   bFill=0
		   HasAlternatezAxis=False
		   zAxisSecondaryAssignment=0
		   Orientation=1
		   UseLightEffect=True
		   FrameColor=RGB(180,180,180)
		   [AdditionalProperties]
			{
			Type=1
			DataMode=2
			VisMode=0
			Flags=5373952
			bNewAxisMode=TRUE
			}
		   [xAxis]
			{
			FormulaValue=Alter * 5
			FormulaFilter=True
			SamplesForDesigner=5
			AutoSort=0
			MaxEntryCount=0
			[MaxEntryCount]
			 {
			 bWithOthers=False
			 }
			Label="Andere"
			MinimumPercentage=0
			RoundLimits=True
			FormulaCoord=Cond( LL.ChartObject.AxisCoordinate=-10, "ohne Namen", Cond( LL.ChartObject.AxisCoordinate<=0, "unbekannt", "ab "+ Str$( LL.ChartObject.AxisCoordinate, 2, 0)))
			[FormulaCoord.Font]
			 {
			 Default=True
			 FaceName=Null()
			 GdiCharSet=Null()
			 Size=Null()
			 Width=#Null()
			 Bold=Null()
			 Italic=Null()
			 Underline=Null()
			 Strikeout=Null()
			 Color=Null()
			 PitchAndFamily=Null()
			 OutPrecision=Null()
			 }
			FormulaCoord.RotationAngle=0
			FormulaCoord.FixedSize=False
			FormulaCoord.OutputFormatter=
			FormulaLabel="Alter"
			[FormulaLabel.Font]
			 {
			 Default=True
			 FaceName=Null()
			 GdiCharSet=Null()
			 Size=Null()
			 Width=#Null()
			 Bold=Null()
			 Italic=Null()
			 Underline=Null()
			 Strikeout=Null()
			 Color=Null()
			 PitchAndFamily=Null()
			 OutPrecision=Null()
			 }
			FormulaLabel.RotationAngle=0
			FormulaLabel.OutputFormatter=
			CoordTextPlacement=1
			CoordTextPlacement.Equidistant=False
			[CoordTextPlacement.bFrame]
			 {
			 Layout=0
			 [Left]
			  {
			  Spacing=1000
			  Line=False
			  }
			 [Top]
			  {
			  Spacing=1000
			  Line=False
			  }
			 [Right]
			  {
			  Spacing=1000
			  Line=False
			  }
			 [Bottom]
			  {
			  Spacing=1000
			  Line=False
			  }
			 }
			RelativePartOfAtAxisText=30
			RelativePartOfLegendText=0
			TickmarkColor=RGB(180,180,180)
			CountOfIntermediateTicks=0
			SignalRegions=False
			[AreaList]
			 {
			 [ItemList]
			  {
			  }
			 }
			}
		   [yAxis]
			{
			FormulaValue=Geschlecht
			FormulaFilter=True
			SamplesForDesigner=5
			AutoSort=0
			RoundLimits=True
			MinPercentageForArcs=0
			FormulaCoordOthers="Andere"
			[FormulaCoordOthers.Font]
			 {
			 Default=True
			 FaceName=Null()
			 GdiCharSet=Null()
			 Size=Null()
			 Width=#Null()
			 Bold=Null()
			 Italic=Null()
			 Underline=Null()
			 Strikeout=Null()
			 Color=Null()
			 PitchAndFamily=Null()
			 OutPrecision=Null()
			 }
			FormulaCoordOthers.FixedSize=False
			FormulaCoordOthers.OutputFormatter=
			FormulaCoord=LL.ChartObject.AxisCoordinate
			[FormulaCoord.Font]
			 {
			 Default=True
			 FaceName=Null()
			 GdiCharSet=Null()
			 Size=Null()
			 Width=#Null()
			 Bold=Null()
			 Italic=Null()
			 Underline=Null()
			 Strikeout=Null()
			 Color=Null()
			 PitchAndFamily=Null()
			 OutPrecision=Null()
			 }
			FormulaCoord.RotationAngle=0
			FormulaCoord.FixedSize=False
			FormulaCoord.OutputFormatter=
			FormulaLabel="Geschlecht"
			[FormulaLabel.Font]
			 {
			 Default=True
			 FaceName=Null()
			 GdiCharSet=Null()
			 Size=Null()
			 Width=#Null()
			 Bold=Null()
			 Italic=Null()
			 Underline=Null()
			 Strikeout=Null()
			 Color=Null()
			 PitchAndFamily=Null()
			 OutPrecision=Null()
			 }
			FormulaLabel.RotationAngle=0
			FormulaLabel.OutputFormatter=
			CoordTextPlacement=4
			CoordTextPlacement.Equidistant=False
			[CoordTextPlacement.bFrame]
			 {
			 Layout=0
			 [Left]
			  {
			  Spacing=1000
			  Line=True
			  [Line]
			   {
			   Color=LL.Color.Black
			   LineType=0
			   }
			  LineWidth=0
			  }
			 [Top]
			  {
			  Spacing=1000
			  Line=True
			  [Line]
			   {
			   Color=LL.Color.Black
			   LineType=0
			   }
			  LineWidth=0
			  }
			 [Right]
			  {
			  Spacing=1000
			  Line=True
			  [Line]
			   {
			   Color=LL.Color.Black
			   LineType=0
			   }
			  LineWidth=0
			  }
			 [Bottom]
			  {
			  Spacing=1000
			  Line=True
			  [Line]
			   {
			   Color=LL.Color.Black
			   LineType=0
			   }
			  LineWidth=0
			  }
			 }
			RelativePartOfAtAxisText=30
			RelativePartOfLegendText=0
			CountOfIntermediateTicks=0
			[AreaList]
			 {
			 [ItemList]
			  {
			  }
			 }
			}
		   [zAxis0]
			{
			FormulaMin=True
			[FormulaMin]
			 {
			 Value=0
			 }
			FormulaMax=True
			[FormulaMax]
			 {
			 Value=1.0
			 }
			FilterZeroes=False
			HandleNullValue=0
			FormulaValue=Umsatz
			FormulaCoordOnObjects=1
			[FormulaCoordOnObjects]
			 {
			 [Font]
			  {
			  Default=True
			  FaceName=Null()
			  GdiCharSet=Null()
			  Size=Null()
			  Width=#Null()
			  Bold=Null()
			  Italic=Null()
			  Underline=Null()
			  Strikeout=Null()
			  Color=Null()
			  PitchAndFamily=Null()
			  OutPrecision=Null()
			  }
			 OutputFormatter=DOUBLE
			 [OutputFormatter.DOUBLE]
			  {
			  DecimalCharType=-2
			  ThousandsCharType=-2
			  NegativeFormatType=-2
			  Decimals=0
			  EmptyIfBool=True
			  LeadingZero=True
			  ForceSign=False
			  ExponentialFormat=0
			  Units=
			  RemoveTrailingZeroes=False
			  MultiplyBy100=False
			  }
			 Formula=LL.ChartObject.AxisCoordinate
			 [Filling]
			  {
			  bShow=0
			  }
			 RotationAngle=90
			 OOTextDrawMethod=0
			 }
			AutoTickmarks=True
			[AutoTickmarks]
			 {
			 Value=1.0
			 }
			Visual=1
			LineTypeOverride=0
			VisualSym=-1
			CoordGridLines=True
			[CoordGridLines]
			 {
			 Color=RGB(180,180,180)
			 LineType=0
			 }
			CoordGridLinesWidth=0
			CoordGridZebraPattern=0
			BarWidthPercentage=60
			Distortion=0
			PostProcessing=0
			[PostProcessing]
			 {
			 Count=3
			 }
			FormulaCoord=LL.ChartObject.AxisCoordinate
			[FormulaCoord.Font]
			 {
			 Default=True
			 FaceName=Null()
			 GdiCharSet=Null()
			 Size=Null()
			 Width=#Null()
			 Bold=Null()
			 Italic=Null()
			 Underline=Null()
			 Strikeout=Null()
			 Color=Null()
			 PitchAndFamily=Null()
			 OutPrecision=Null()
			 }
			FormulaCoord.RotationAngle=0
			FormulaCoord.FixedSize=False
			FormulaCoord.OutputFormatter=DOUBLE
			[FormulaCoord.OutputFormatter.DOUBLE]
			 {
			 DecimalCharType=-2
			 ThousandsCharType=-2
			 NegativeFormatType=-2
			 Decimals=0
			 EmptyIfBool=False
			 LeadingZero=True
			 ForceSign=False
			 ExponentialFormat=0
			 Units=
			 RemoveTrailingZeroes=False
			 MultiplyBy100=False
			 }
			FormulaLabel="Umsatz €"
			[FormulaLabel.Font]
			 {
			 Default=True
			 FaceName=Null()
			 GdiCharSet=Null()
			 Size=Null()
			 Width=#Null()
			 Bold=Null()
			 Italic=Null()
			 Underline=Null()
			 Strikeout=Null()
			 Color=Null()
			 PitchAndFamily=Null()
			 OutPrecision=Null()
			 }
			FormulaLabel.RotationAngle=90
			FormulaLabel.OutputFormatter=
			CoordTextPlacement=1
			CoordTextPlacement.Equidistant=False
			[CoordTextPlacement.bFrame]
			 {
			 Layout=0
			 [Left]
			  {
			  Spacing=1000
			  Line=False
			  }
			 [Top]
			  {
			  Spacing=1000
			  Line=False
			  }
			 [Right]
			  {
			  Spacing=1000
			  Line=False
			  }
			 [Bottom]
			  {
			  Spacing=1000
			  Line=False
			  }
			 }
			RelativePartOfAtAxisText=30
			RelativePartOfLegendText=0
			TickmarkColor=RGB(180,180,180)
			CountOfIntermediateTicks=0
			SignalRegions=False
			[AreaList]
			 {
			 [ItemList]
			  {
			  }
			 }
			}
		   [RScriptData]
			{
			RSCode=
			}
		   }
		  TitleFormula="∑ = € " + Fstr$(GesamtUmsatz,"?,?,?.##")
		  [TitleFormula.Font]
		   {
		   Default=True
		   FaceName=Null()
		   GdiCharSet=Null()
		   Size=Null()
		   Width=#Null()
		   Bold=Null()
		   Italic=Null()
		   Underline=Null()
		   Strikeout=Null()
		   Color=Null()
		   PitchAndFamily=Null()
		   OutPrecision=Null()
		   }
		  TitleFormula.OutputFormatter=
		  TitlePosition=3
		  Background=True
		  [Background]
		   {
		   [Filling]
			{
			bShow=1
			Raster=1
			Color=LL.Color.White
			}
		   [Frame]
			{
			bShow=0
			}
		   [Shadow]
			{
			bShow=0
			}
		   Rounding=0
		   }
		  Colors\Color0=RGB(255,51,0)
		  Colors\Color1=RGB(0,102,204)
		  Colors\Color2=RGB(102,204,51)
		  Colors\Color3=RGB(255,204,0)
		  Colors\Color4=RGB(255,121,75)
		  Colors\Color5=RGB(153,153,255)
		  Colors\Color6=RGB(180,220,180)
		  Colors\Color7=RGB(255,219,157)
		  Colors\Color8=RGB(255,153,51)
		  Colors\Color9=RGB(102,102,204)
		  EnhancedColorContrast=False
		  Version=2
		  UUID={9EC660EA-A285-4E4A-A542-B6F952498EB9}
		  }
		 }
		}
	   [Options]
		{
		Description=
		[LFont]
		 {
		 Default=True
		 FaceName=Null()
		 GdiCharSet=Null()
		 Size=Null()
		 Width=#Null()
		 Bold=Null()
		 Italic=Null()
		 Underline=Null()
		 Strikeout=Null()
		 Color=Null()
		 PitchAndFamily=Null()
		 OutPrecision=Null()
		 }
		DisplayInDesigner=True
		PDFLevel=0
		PDFText=
		IndexPDFLevel=0
		IndexPDFText=
		[ReservedSpace]
		 {
		 Left=0
		 Top=0
		 Right=0
		 Bottom=0
		 }
		LCondition=True
		Anchor=0
		Anchor.ToTop=True
		}
	   }
	  }
	 [Options]
	  {
	  }
	 }
	[GroupHeader]
	 {
	 [Lines]
	  {
	  [Line]
	   {
	   [Columns]
		{
		}
	   [Options]
		{
		Description=
		[LFont]
		 {
		 Default=True
		 FaceName=Null()
		 GdiCharSet=Null()
		 Size=Null()
		 Width=#Null()
		 Bold=Null()
		 Italic=Null()
		 Underline=Null()
		 Strikeout=Null()
		 Color=Null()
		 PitchAndFamily=Null()
		 OutPrecision=Null()
		 }
		DisplayInDesigner=True
		PDFLevel=1
		PDFText=
		IndexPDFLevel=0
		IndexPDFText=
		[ReservedSpace]
		 {
		 Left=0
		 Top=1000
		 Right=0
		 Bottom=0
		 }
		Anchor=0
		Anchor.ToTop=True
		GroupCondition=
		ResetSums=
		OnNewPage=False
		[OnNewPage]
		 {
		 ResetPageNumberOption=0
		 }
		PrintRightAfterHeader=False
		LCondition=True
		}
	   }
	  }
	 [Options]
	  {
	  }
	 }
	[GroupFooter]
	 {
	 [Lines]
	  {
	  [Line]
	   {
	   [Columns]
		{
		}
	   [Options]
		{
		Description=
		[LFont]
		 {
		 Default=True
		 FaceName=Null()
		 GdiCharSet=Null()
		 Size=Null()
		 Width=#Null()
		 Bold=Null()
		 Italic=Null()
		 Underline=Null()
		 Strikeout=Null()
		 Color=Null()
		 PitchAndFamily=Null()
		 OutPrecision=Null()
		 }
		DisplayInDesigner=True
		PDFLevel=0
		PDFText=
		IndexPDFLevel=0
		IndexPDFText=
		[ReservedSpace]
		 {
		 Left=0
		 Top=0
		 Right=0
		 Bottom=1000
		 }
		Anchor=0
		Anchor.ToTop=True
		GroupCondition=
		ResetSums=
		TriggerNewPage=False
		LCondition=True
		}
	   }
	  }
	 [Options]
	  {
	  }
	 }
	}
   }
  }
[UserVariables]
[Parameters]
 [@Parameters]
  {
  [Parameters]
   {
   LL.DesignScheme="HOTAIRBALLOON"
   LL.ProjectDescription=PrintMachine-Infos
   }
  }
[UsedIdentifiers]
 Variables=Benutzer.Zeichen;Bereich;Bericht.Deckblatt;Bericht.GUID;Bericht.HalterNr;Bericht.Land;Bericht.MitgliedNr;Bericht.MitgliedNrL;Bericht.Name;Bericht.Name1;Bericht.Name2;Bericht.Ort;Bericht.ProgVer;Bericht.RechnungNr;Bericht.Strasse;GesamtAnzahl;GesamtUmsatz;LayoutName;PMEmail;bis;von
 Fields=Alter;Anzahl;Geschlecht;Umsatz
 ChartFields=
[PageLayouts]
 [@PageLayouts]
  {
  [PageLayouts]
   {
   [PageLayout]
	{
	DisplayName=
	Condition=True
	SourceTray=0
	ForcePaperFormat=True
	UsePhysicalPaper=True
	PaperFormat=9
	PaperFormat.cx=297000
	PaperFormat.cy=210000
	PaperFormat.Orientation=2
	Copies=1
	Duplex=0
	Collate=0
	FitPage=False
	ShowInPrintDialog=True
	}
   }
  }
[ExtendedInfo]
 [@ExtendedInfos]
  {
  [UserDefinedDesignScheme]
   {
   [Foreground]
	{
	Color=(173,215,227)
	Color=(167,195,209)
	Color=(165,170,199)
	Color=(155,122,153)
	Color=(135,95,119)
	Color=(255,230,179)
	Color=(238,190,93)
	Color=(242,167,17)
	Color=(166,178,102)
	Color=(102,204,199)
	}
   [Background]
	{
	Color=(240,249,255)
	Color=(255,230,179)
	Color=(173,215,227)
	Color=(167,195,209)
	FillMode=1
	}
   }
  [AutoTranslationTable.ID]
   {
   2={446FBAC4-5161-4728-8DAF-682AC49619CE}
   27={A8A8A2FD-AE30-4D68-ACA9-E45DB7BFE585}
   }
  [UIDescriptions]
   {
   }
  }
