[List description]
[Description]
 Text=PrintMachine-Infos
 FileVersion=15
 Units=SCM-Units
 Metric=0
 TextQuote.Start=1
 TextQuote.End=1
 RepresentationCode.CondStart=171
 RepresentationCode.CondSep=166
 RepresentationCode.CondEnd=187
 RepresentationCode.Tab=247
 RepresentationCode.Ret=182
 RepresentationCode.PhantomSpace=8203
 RepresentationCode.LockNextChar=8288
 RepresentationCode.ExprSep=164
 LCID=1031
 UserVars.ManualSortOrder=1
 Created=13.11.2006, 13:41:05
 CreatedByApp=cbi30.exe [3.0.0-PTF3, Build 13344]
 CreatedByDLL=CMLL11.DLL [11,15,0,0 (06-04-24 10:35)]
 CreatedByUser=keuer on KEUER
 LastModified=27.04.2022, 11:51:42
 LastModifiedByApp=CBI62.EXE [6.2 SP5, Build 47428]
 LastModifiedByDLL=CMLL24.DLL [24.7.2019.34410 (19-12-03 10:28)F]
 LastModifiedByUser=Keuer on RDSH02
 CreatedByCallFrom=cdlli62.dll
[Layout]
 P1.Template=
 xGrid=5000
 yGrid=5000
 GridShow=TRUE
 GridSnap=TRUE
 EnhancedExpressions=TRUE
 EnhancedOldExpressions=FALSE
 Decimals=2
 RealDataPreviewPageLimit=-2
 DefFont={(0,0,0),8.000000,-11,0,0,0,400,0,0,0,0,3,2,1,34,Calibri}
 HelpLines.Horizontal=
 HelpLines.Vertical=
 PDF.MaxOutlineDepth=2
 PDF.MaxOutlineDepth.IDX=3
 DefaultSize.Objecttype1=(0,0,130000,25000)
 DefaultSize.Objecttype2=(0,0,80000,35000)
 DefaultSize.Objecttype6=(0,0,281900,165000)
 ObjectCount=9
[UserSection]
 
[SumVariables]
[Layer]
 Name=Basis
 Condition=
 WorkspaceColor=(102,102,102)
 Visible=TRUE
 LayerID=2
[Layer]
 Name=Seite 1
 Condition=Page() = 1
 WorkspaceColor=(0,128,0)
 Visible=TRUE
 LayerID=1
[Layer]
 Name=Folgeseiten
 Condition=Page() <> 1
 WorkspaceColor=(0,128,255)
 Visible=TRUE
 LayerID=0
[ProjectTemplates]
 [@ProjectTemplates]
  {
  [ProjectTemplates]
   {
   [ProjectTemplate]
	{
	Identifier=
	Filename=ProjectPath$() + "PrintMachine-Infos A4 quer ohne Halterinfo.lst"
	bVisible=True
	Condition=True
	ProjectUUID={62F84C8B-3942-435C-8C3B-6E83F9B3F544}
	}
   }
  }
[Object]
 ObjectID=1
 ObjectName=Text
 Locked=FALSE
 LinkUUID={1AC67BA8-1604-4070-B1F4-ACB7351F8A9E}
 LinkMode=32
 LayerID=2
 LayerCond=
 GroupUUID=
 Identifier=Überschrift
 Condition=True
 UserLocked=False
 WrapBefore=False
 bPageWrap=False
 ExportAsPicture=False
 Position/Left=10000
 Position/Top=10000
 Position/Width=133500
 Position/Height=6300
 Direction=0
 bFill=0
 Frame/Layout=0
 Frame/Left/Spacing=0
 Frame/Left/Line=False
 Frame/Top/Spacing=0
 Frame/Top/Line=False
 Frame/Right/Spacing=0
 Frame/Right/Line=False
 Frame/Bottom/Spacing=0
 Frame/Bottom/Line=False
 PDFLevel=0
 PDFText=
 IndexPDFLevel=0
 IndexPDFText=
 IssueCondition=True
 Link.URL=
 Animation=""
 HTMLAnimation=""
 bBottomAligned=0
 [@Lines]
  {
  [Lines]
   {
   [Line]
	{
	[Font]
	 {
	 Default=False
	 FaceName="Calibri"
	 GdiCharSet=0
	 Size=12
	 Width=0
	 Bold=True
	 Italic=False
	 Underline=False
	 Strikeout=False
	 Color=RGB(0,0,0)
	 PitchAndFamily=34
	 OutPrecision=3
	 }
	Align=0
	Adjusted=False
	Uneraseable=False
	LineWrap=1
	PageWrapAllowed=True
	ForceWrap=False
	SpaceOptimization=True
	Spacing.Paragraph=0
	Spacing.Line=0
	OutputFormatter=
	Condition=True
	[ConditionalFormatter]
	 {
	 }
	Text="Bestandsbuch über die Anwendung von Arzneimitteln"
	Tab=0
	TabAlign=0
	}
   }
  }
[Object]
 ObjectID=6
 ObjectName=Tabelle
 Locked=FALSE
 LinkUUID={E53C9E39-DEDC-4FCA-981A-047E637303DF}
 LinkMode=0
 LayerID=2
 LayerCond=
 GroupUUID=
 Identifier=AAB-Tabelle
 Condition=True
 UserLocked=False
 WrapBefore=False
 Position/Left=10000
 Position/Top=35000
 Position/Width=281900
 Position/Height=165000
 Direction=0
 Frame/Layout=0
 Frame/Left/Spacing=0
 Frame/Left/Line=False
 Frame/Top/Spacing=0
 Frame/Top/Line=False
 Frame/Right/Spacing=0
 Frame/Right/Line=False
 Frame/Bottom/Spacing=0
 Frame/Bottom/Line=False
 PDFLevel=0
 PDFText=
 IndexPDFLevel=0
 IndexPDFText=
 IssueCondition=True
 Link.URL=
 Animation=""
 bFooterOnBottom=False
 bFillBottom=False
 DefaultFont/Default=True
 DefaultFont/FaceName="Calibri"
 DefaultFont/GdiCharSet=0
 DefaultFont/Size=Null()
 DefaultFont/Width=#Null()
 DefaultFont/Bold=Null()
 DefaultFont/Italic=Null()
 DefaultFont/Underline=Null()
 DefaultFont/Strikeout=Null()
 DefaultFont/Color=Null()
 DefaultFont/PitchAndFamily=Null()
 DefaultFont/OutPrecision=Null()
 FgColor=RGB(0,0,0)
 bFill=0
 ColumnCount=0
 ColumnCount.Distance=0
 ColumnBreakCondition=False
 [@Tables]
  {
  [Tables]
   {
   [Table]
	{
	TableType=List
	TableID=
	RelationID=
	[GroupHeaderLines]
	 {
	 bConcatDataLines=True
	 bKeepTogether=False
	 }
	[GroupFooterLines]
	 {
	 bAlsoOnEmptyGroup=False
	 bKeepTogether=False
	 }
	[DataLines]
	 {
	 bKeepTogether=True
	 bSuppress=False
	 bForceSumCalculation=False
	 }
	ZebraPattern=0
	[FooterLines]
	 {
	 bKeepTogether=True
	 }
	PageBreakCondition=False
	[DefaultFrame]
	 {
	 Layout=1
	 [Left]
	  {
	  Spacing=1000
	  Line=True
	  [Line]
	   {
	   Color=RGB(0,0,0)
	   LineType=0
	   }
	  LineWidth=0
	  }
	 [Top]
	  {
	  Spacing=500
	  Line=True
	  [Line]
	   {
	   Color=RGB(0,0,0)
	   LineType=0
	   }
	  LineWidth=0
	  }
	 [Right]
	  {
	  Spacing=1000
	  Line=True
	  [Line]
	   {
	   Color=RGB(0,0,0)
	   LineType=0
	   }
	  LineWidth=0
	  }
	 [Bottom]
	  {
	  Spacing=500
	  Line=True
	  [Line]
	   {
	   Color=RGB(0,0,0)
	   LineType=0
	   }
	  LineWidth=0
	  }
	 }
	UseSepTicks=True
	ColumnCount=0
	ColumnCount.Distance=1000
	ColumnBreakCondition=False
	FormulaFilter=True
	DesignScheme="PROJECT"
	[Body]
	 {
	 [Lines]
	  {
	  [Line]
	   {
	   [Columns]
		{
		[Column]
		 {
		 Identifier=
		 Text=Art
		 Width=25000
		 Height=10000
		 FixedHeight=0
		 bIsotropic=True
		 PlainTextFormat=True
		 Align=0
		 AlignDecPosition=-10000
		 VAlign=0
		 DrawingAlignment=8
		 Adjusted=False
		 LineWrap=1
		 ForceWrap=False
		 FlowControl=False
		 Spacing.Line=0
		 bFill=0
		 FgColor=RGB(0,0,0)
		 SpaceOptimization=True
		 Link.URL=
		 WithText=False
		 MatchDevicePixel=False
		 [Frame]
		  {
		  Default=False
		  Layout=1
		  [Left]
		   {
		   Spacing=1000
		   Line=True
		   [Line]
			{
			Color=RGB(0,0,0)
			LineType=0
			}
		   LineWidth=0
		   }
		  [Top]
		   {
		   Spacing=500
		   Line=True
		   [Line]
			{
			Color=RGB(0,0,0)
			LineType=0
			}
		   LineWidth=0
		   }
		  [Right]
		   {
		   Spacing=1000
		   Line=True
		   [Line]
			{
			Color=RGB(0,0,0)
			LineType=0
			}
		   LineWidth=0
		   }
		  [Bottom]
		   {
		   Spacing=500
		   Line=False
		   }
		  }
		 [Font]
		  {
		  Default=True
		  FaceName=Null()
		  GdiCharSet=Null()
		  Size=Null()
		  Width=#Null()
		  Bold=Null()
		  Italic=Null()
		  Underline=Null()
		  Strikeout=Null()
		  Color=Null()
		  PitchAndFamily=Null()
		  OutPrecision=Null()
		  }
		 Direction=0
		 BarWidth=0
		 [BarWidth]
		  {
		  Align=0
		  }
		 BarRatio=0
		 ExportAsPicture=False
		 DwgSaveAsJPEG=0
		 Condition=True
		 Animation=""
		 HTMLAnimation=""
		 }
		[Column]
		 {
		 Identifier=
		 Text=Ort
		 Width=40000
		 Height=10000
		 FixedHeight=0
		 bIsotropic=True
		 PlainTextFormat=True
		 Align=0
		 AlignDecPosition=-10000
		 VAlign=0
		 DrawingAlignment=8
		 Adjusted=False
		 LineWrap=1
		 ForceWrap=False
		 FlowControl=False
		 Spacing.Line=0
		 bFill=0
		 FgColor=RGB(0,0,0)
		 SpaceOptimization=True
		 Link.URL=
		 WithText=False
		 MatchDevicePixel=False
		 [Frame]
		  {
		  Default=False
		  Layout=1
		  [Left]
		   {
		   Spacing=1000
		   Line=True
		   [Line]
			{
			Color=RGB(0,0,0)
			LineType=0
			}
		   LineWidth=0
		   }
		  [Top]
		   {
		   Spacing=500
		   Line=True
		   [Line]
			{
			Color=RGB(0,0,0)
			LineType=0
			}
		   LineWidth=0
		   }
		  [Right]
		   {
		   Spacing=1000
		   Line=True
		   [Line]
			{
			Color=RGB(0,0,0)
			LineType=0
			}
		   LineWidth=0
		   }
		  [Bottom]
		   {
		   Spacing=500
		   Line=False
		   }
		  }
		 [Font]
		  {
		  Default=True
		  FaceName=Null()
		  GdiCharSet=Null()
		  Size=Null()
		  Width=#Null()
		  Bold=Null()
		  Italic=Null()
		  Underline=Null()
		  Strikeout=Null()
		  Color=Null()
		  PitchAndFamily=Null()
		  OutPrecision=Null()
		  }
		 Direction=0
		 BarWidth=0
		 [BarWidth]
		  {
		  Align=0
		  }
		 BarRatio=0
		 ExportAsPicture=False
		 DwgSaveAsJPEG=0
		 Condition=True
		 Animation=""
		 HTMLAnimation=""
		 }
		[Column]
		 {
		 Identifier=
		 Text=" x " + Bezeichnung
		 Width=51000
		 Height=10000
		 FixedHeight=0
		 bIsotropic=True
		 PlainTextFormat=True
		 Align=0
		 AlignDecPosition=-10000
		 VAlign=0
		 DrawingAlignment=8
		 Adjusted=False
		 LineWrap=1
		 ForceWrap=False
		 FlowControl=False
		 Spacing.Line=0
		 bFill=0
		 FgColor=RGB(0,0,0)
		 SpaceOptimization=True
		 Link.URL=
		 WithText=False
		 MatchDevicePixel=False
		 [Frame]
		  {
		  Default=False
		  Layout=1
		  [Left]
		   {
		   Spacing=1000
		   Line=True
		   [Line]
			{
			Color=RGB(0,0,0)
			LineType=0
			}
		   LineWidth=0
		   }
		  [Top]
		   {
		   Spacing=500
		   Line=True
		   [Line]
			{
			Color=RGB(0,0,0)
			LineType=0
			}
		   LineWidth=0
		   }
		  [Right]
		   {
		   Spacing=1000
		   Line=True
		   [Line]
			{
			Color=RGB(0,0,0)
			LineType=0
			}
		   LineWidth=0
		   }
		  [Bottom]
		   {
		   Spacing=500
		   Line=False
		   }
		  }
		 [Font]
		  {
		  Default=True
		  FaceName=Null()
		  GdiCharSet=Null()
		  Size=Null()
		  Width=#Null()
		  Bold=Null()
		  Italic=Null()
		  Underline=Null()
		  Strikeout=Null()
		  Color=Null()
		  PitchAndFamily=Null()
		  OutPrecision=Null()
		  }
		 Direction=0
		 BarWidth=0
		 [BarWidth]
		  {
		  Align=0
		  }
		 BarRatio=0
		 ExportAsPicture=False
		 DwgSaveAsJPEG=0
		 Condition=True
		 Animation=""
		 HTMLAnimation=""
		 }
		[Column]
		 {
		 Identifier=
		 Text=Cond(AnzahlK=0,"",Date$(Datum))
		 Width=18000
		 Height=10000
		 FixedHeight=0
		 bIsotropic=True
		 PlainTextFormat=True
		 Align=0
		 AlignDecPosition=-10000
		 VAlign=0
		 DrawingAlignment=8
		 Adjusted=False
		 LineWrap=1
		 ForceWrap=False
		 FlowControl=False
		 Spacing.Line=0
		 bFill=0
		 FgColor=RGB(0,0,0)
		 SpaceOptimization=True
		 Link.URL=
		 WithText=False
		 MatchDevicePixel=False
		 [Frame]
		  {
		  Default=False
		  Layout=1
		  [Left]
		   {
		   Spacing=1000
		   Line=True
		   [Line]
			{
			Color=RGB(0,0,0)
			LineType=0
			}
		   LineWidth=0
		   }
		  [Top]
		   {
		   Spacing=500
		   Line=True
		   [Line]
			{
			Color=RGB(0,0,0)
			LineType=0
			}
		   LineWidth=0
		   }
		  [Right]
		   {
		   Spacing=1000
		   Line=True
		   [Line]
			{
			Color=RGB(0,0,0)
			LineType=0
			}
		   LineWidth=0
		   }
		  [Bottom]
		   {
		   Spacing=500
		   Line=False
		   }
		  }
		 [Font]
		  {
		  Default=True
		  FaceName=Null()
		  GdiCharSet=Null()
		  Size=Null()
		  Width=#Null()
		  Bold=Null()
		  Italic=Null()
		  Underline=Null()
		  Strikeout=Null()
		  Color=Null()
		  PitchAndFamily=Null()
		  OutPrecision=Null()
		  }
		 Direction=0
		 BarWidth=0
		 [BarWidth]
		  {
		  Align=0
		  }
		 BarRatio=0
		 ExportAsPicture=False
		 DwgSaveAsJPEG=0
		 Condition=True
		 Animation=""
		 HTMLAnimation=""
		 }
		[Column]
		 {
		 Identifier=
		 Text=""
		 Width=18000
		 Height=10000
		 FixedHeight=0
		 bIsotropic=True
		 PlainTextFormat=True
		 Align=0
		 AlignDecPosition=-10000
		 VAlign=0
		 DrawingAlignment=8
		 Adjusted=False
		 LineWrap=1
		 ForceWrap=False
		 FlowControl=False
		 Spacing.Line=0
		 bFill=0
		 FgColor=RGB(0,0,0)
		 SpaceOptimization=True
		 Link.URL=
		 WithText=False
		 MatchDevicePixel=False
		 [Frame]
		  {
		  Default=False
		  Layout=1
		  [Left]
		   {
		   Spacing=1000
		   Line=True
		   [Line]
			{
			Color=RGB(0,0,0)
			LineType=0
			}
		   LineWidth=0
		   }
		  [Top]
		   {
		   Spacing=500
		   Line=True
		   [Line]
			{
			Color=RGB(0,0,0)
			LineType=0
			}
		   LineWidth=0
		   }
		  [Right]
		   {
		   Spacing=1000
		   Line=True
		   [Line]
			{
			Color=RGB(0,0,0)
			LineType=0
			}
		   LineWidth=0
		   }
		  [Bottom]
		   {
		   Spacing=500
		   Line=False
		   }
		  }
		 [Font]
		  {
		  Default=True
		  FaceName=Null()
		  GdiCharSet=Null()
		  Size=Null()
		  Width=#Null()
		  Bold=Null()
		  Italic=Null()
		  Underline=Null()
		  Strikeout=Null()
		  Color=Null()
		  PitchAndFamily=Null()
		  OutPrecision=Null()
		  }
		 Direction=0
		 BarWidth=0
		 [BarWidth]
		  {
		  Align=0
		  }
		 BarRatio=0
		 ExportAsPicture=False
		 DwgSaveAsJPEG=0
		 Condition=True
		 Animation=""
		 HTMLAnimation=""
		 }
		[Column]
		 {
		 Identifier=
		 Text=""
		 Width=18000
		 Height=10000
		 FixedHeight=0
		 bIsotropic=True
		 PlainTextFormat=True
		 Align=0
		 AlignDecPosition=-10000
		 VAlign=0
		 DrawingAlignment=8
		 Adjusted=False
		 LineWrap=1
		 ForceWrap=False
		 FlowControl=False
		 Spacing.Line=0
		 bFill=0
		 FgColor=RGB(0,0,0)
		 SpaceOptimization=True
		 Link.URL=
		 WithText=False
		 MatchDevicePixel=False
		 [Frame]
		  {
		  Default=False
		  Layout=1
		  [Left]
		   {
		   Spacing=1000
		   Line=True
		   [Line]
			{
			Color=RGB(0,0,0)
			LineType=0
			}
		   LineWidth=0
		   }
		  [Top]
		   {
		   Spacing=500
		   Line=True
		   [Line]
			{
			Color=RGB(0,0,0)
			LineType=0
			}
		   LineWidth=0
		   }
		  [Right]
		   {
		   Spacing=1000
		   Line=True
		   [Line]
			{
			Color=RGB(0,0,0)
			LineType=0
			}
		   LineWidth=0
		   }
		  [Bottom]
		   {
		   Spacing=500
		   Line=False
		   }
		  }
		 [Font]
		  {
		  Default=True
		  FaceName=Null()
		  GdiCharSet=Null()
		  Size=Null()
		  Width=#Null()
		  Bold=Null()
		  Italic=Null()
		  Underline=Null()
		  Strikeout=Null()
		  Color=Null()
		  PitchAndFamily=Null()
		  OutPrecision=Null()
		  }
		 Direction=0
		 BarWidth=0
		 [BarWidth]
		  {
		  Align=0
		  }
		 BarRatio=0
		 ExportAsPicture=False
		 DwgSaveAsJPEG=0
		 Condition=True
		 Animation=""
		 HTMLAnimation=""
		 }
		[Column]
		 {
		 Identifier=
		 Text=""
		 Width=18000
		 Height=10000
		 FixedHeight=0
		 bIsotropic=True
		 PlainTextFormat=True
		 Align=0
		 AlignDecPosition=-10000
		 VAlign=0
		 DrawingAlignment=8
		 Adjusted=False
		 LineWrap=1
		 ForceWrap=False
		 FlowControl=False
		 Spacing.Line=0
		 bFill=0
		 FgColor=RGB(0,0,0)
		 SpaceOptimization=True
		 Link.URL=
		 WithText=False
		 MatchDevicePixel=False
		 [Frame]
		  {
		  Default=False
		  Layout=1
		  [Left]
		   {
		   Spacing=1000
		   Line=True
		   [Line]
			{
			Color=RGB(0,0,0)
			LineType=0
			}
		   LineWidth=0
		   }
		  [Top]
		   {
		   Spacing=500
		   Line=True
		   [Line]
			{
			Color=RGB(0,0,0)
			LineType=0
			}
		   LineWidth=0
		   }
		  [Right]
		   {
		   Spacing=1000
		   Line=True
		   [Line]
			{
			Color=RGB(0,0,0)
			LineType=0
			}
		   LineWidth=0
		   }
		  [Bottom]
		   {
		   Spacing=500
		   Line=False
		   }
		  }
		 [Font]
		  {
		  Default=True
		  FaceName=Null()
		  GdiCharSet=Null()
		  Size=Null()
		  Width=#Null()
		  Bold=Null()
		  Italic=Null()
		  Underline=Null()
		  Strikeout=Null()
		  Color=Null()
		  PitchAndFamily=Null()
		  OutPrecision=Null()
		  }
		 Direction=0
		 BarWidth=0
		 [BarWidth]
		  {
		  Align=0
		  }
		 BarRatio=0
		 ExportAsPicture=False
		 DwgSaveAsJPEG=0
		 Condition=True
		 Animation=""
		 HTMLAnimation=""
		 }
		[Column]
		 {
		 Identifier=
		 Text=""
		 Width=19000
		 Height=10000
		 FixedHeight=0
		 bIsotropic=True
		 PlainTextFormat=True
		 Align=0
		 AlignDecPosition=-10000
		 VAlign=0
		 DrawingAlignment=8
		 Adjusted=False
		 LineWrap=1
		 ForceWrap=False
		 FlowControl=False
		 Spacing.Line=0
		 bFill=0
		 FgColor=RGB(0,0,0)
		 SpaceOptimization=True
		 Link.URL=
		 WithText=False
		 MatchDevicePixel=False
		 [Frame]
		  {
		  Default=False
		  Layout=1
		  [Left]
		   {
		   Spacing=1000
		   Line=True
		   [Line]
			{
			Color=RGB(0,0,0)
			LineType=0
			}
		   LineWidth=0
		   }
		  [Top]
		   {
		   Spacing=500
		   Line=True
		   [Line]
			{
			Color=RGB(0,0,0)
			LineType=0
			}
		   LineWidth=0
		   }
		  [Right]
		   {
		   Spacing=1000
		   Line=True
		   [Line]
			{
			Color=RGB(0,0,0)
			LineType=0
			}
		   LineWidth=0
		   }
		  [Bottom]
		   {
		   Spacing=500
		   Line=False
		   }
		  }
		 [Font]
		  {
		  Default=True
		  FaceName=Null()
		  GdiCharSet=Null()
		  Size=Null()
		  Width=#Null()
		  Bold=Null()
		  Italic=Null()
		  Underline=Null()
		  Strikeout=Null()
		  Color=Null()
		  PitchAndFamily=Null()
		  OutPrecision=Null()
		  }
		 Direction=0
		 BarWidth=0
		 [BarWidth]
		  {
		  Align=0
		  }
		 BarRatio=0
		 ExportAsPicture=False
		 DwgSaveAsJPEG=0
		 Condition=True
		 Animation=""
		 HTMLAnimation=""
		 }
		[Column]
		 {
		 Identifier=
		 Text="Essb. Gewebe"
		 Width=35000
		 Height=10000
		 FixedHeight=0
		 bIsotropic=True
		 PlainTextFormat=True
		 Align=0
		 AlignDecPosition=-10000
		 VAlign=0
		 DrawingAlignment=8
		 Adjusted=False
		 LineWrap=1
		 ForceWrap=False
		 FlowControl=False
		 Spacing.Line=0
		 bFill=0
		 FgColor=RGB(0,0,0)
		 SpaceOptimization=True
		 Link.URL=
		 WithText=False
		 MatchDevicePixel=False
		 [Frame]
		  {
		  Default=False
		  Layout=1
		  [Left]
		   {
		   Spacing=1000
		   Line=True
		   [Line]
			{
			Color=RGB(0,0,0)
			LineType=0
			}
		   LineWidth=0
		   }
		  [Top]
		   {
		   Spacing=500
		   Line=True
		   [Line]
			{
			Color=RGB(0,0,0)
			LineType=0
			}
		   LineWidth=0
		   }
		  [Right]
		   {
		   Spacing=1000
		   Line=True
		   [Line]
			{
			Color=RGB(0,0,0)
			LineType=0
			}
		   LineWidth=0
		   }
		  [Bottom]
		   {
		   Spacing=500
		   Line=False
		   }
		  }
		 [Font]
		  {
		  Default=True
		  FaceName=Null()
		  GdiCharSet=Null()
		  Size=Null()
		  Width=#Null()
		  Bold=Null()
		  Italic=Null()
		  Underline=Null()
		  Strikeout=Null()
		  Color=Null()
		  PitchAndFamily=Null()
		  OutPrecision=Null()
		  }
		 Direction=0
		 BarWidth=0
		 [BarWidth]
		  {
		  Align=0
		  }
		 BarRatio=0
		 ExportAsPicture=False
		 DwgSaveAsJPEG=0
		 Condition=True
		 Animation=""
		 HTMLAnimation=""
		 }
		[Column]
		 {
		 Identifier=
		 Text=""
		 Width=37000
		 Height=10000
		 FixedHeight=0
		 bIsotropic=True
		 PlainTextFormat=True
		 Align=0
		 AlignDecPosition=-10000
		 VAlign=0
		 DrawingAlignment=8
		 Adjusted=False
		 LineWrap=1
		 ForceWrap=False
		 FlowControl=False
		 Spacing.Line=0
		 bFill=0
		 FgColor=RGB(0,0,0)
		 SpaceOptimization=True
		 Link.URL=
		 WithText=False
		 MatchDevicePixel=False
		 [Frame]
		  {
		  Default=False
		  Layout=1
		  [Left]
		   {
		   Spacing=1000
		   Line=True
		   [Line]
			{
			Color=RGB(0,0,0)
			LineType=0
			}
		   LineWidth=0
		   }
		  [Top]
		   {
		   Spacing=500
		   Line=True
		   [Line]
			{
			Color=RGB(0,0,0)
			LineType=0
			}
		   LineWidth=0
		   }
		  [Right]
		   {
		   Spacing=1000
		   Line=True
		   [Line]
			{
			Color=RGB(0,0,0)
			LineType=0
			}
		   LineWidth=0
		   }
		  [Bottom]
		   {
		   Spacing=500
		   Line=False
		   }
		  }
		 [Font]
		  {
		  Default=True
		  FaceName=Null()
		  GdiCharSet=Null()
		  Size=Null()
		  Width=#Null()
		  Bold=Null()
		  Italic=Null()
		  Underline=Null()
		  Strikeout=Null()
		  Color=Null()
		  PitchAndFamily=Null()
		  OutPrecision=Null()
		  }
		 Direction=0
		 BarWidth=0
		 [BarWidth]
		  {
		  Align=0
		  }
		 BarRatio=0
		 ExportAsPicture=False
		 DwgSaveAsJPEG=0
		 Condition=True
		 Animation=""
		 HTMLAnimation=""
		 }
		}
	   [Options]
		{
		Description=Zeilendefinition  1
		[LFont]
		 {
		 Default=True
		 FaceName=Null()
		 GdiCharSet=Null()
		 Size=Null()
		 Width=#Null()
		 Bold=Null()
		 Italic=Null()
		 Underline=Null()
		 Strikeout=Null()
		 Color=Null()
		 PitchAndFamily=Null()
		 OutPrecision=Null()
		 }
		DisplayInDesigner=True
		PDFLevel=0
		PDFText=
		IndexPDFLevel=0
		IndexPDFText=
		[ReservedSpace]
		 {
		 Left=0
		 Top=0
		 Right=0
		 Bottom=0
		 }
		LCondition=True
		IndexedGroups=0
		Anchor=0
		Anchor.ToTop=True
		}
	   }
	  [Line]
	   {
	   [Columns]
		{
		[Column]
		 {
		 Identifier=
		 Text=Identitäten
		 Width=25000
		 Height=10000
		 FixedHeight=0
		 bIsotropic=True
		 PlainTextFormat=True
		 Align=0
		 AlignDecPosition=-10000
		 VAlign=0
		 DrawingAlignment=8
		 Adjusted=False
		 LineWrap=1
		 ForceWrap=False
		 FlowControl=False
		 Spacing.Line=0
		 bFill=0
		 FgColor=RGB(0,0,0)
		 SpaceOptimization=True
		 Link.URL=
		 WithText=False
		 MatchDevicePixel=False
		 [Frame]
		  {
		  Default=False
		  Layout=1
		  [Left]
		   {
		   Spacing=1000
		   Line=True
		   [Line]
			{
			Color=RGB(0,0,0)
			LineType=0
			}
		   LineWidth=0
		   }
		  [Top]
		   {
		   Spacing=500
		   Line=False
		   }
		  [Right]
		   {
		   Spacing=1000
		   Line=True
		   [Line]
			{
			Color=RGB(0,0,0)
			LineType=0
			}
		   LineWidth=0
		   }
		  [Bottom]
		   {
		   Spacing=500
		   Line=False
		   }
		  }
		 [Font]
		  {
		  Default=True
		  FaceName=Null()
		  GdiCharSet=Null()
		  Size=Null()
		  Width=#Null()
		  Bold=Null()
		  Italic=Null()
		  Underline=Null()
		  Strikeout=Null()
		  Color=Null()
		  PitchAndFamily=Null()
		  OutPrecision=Null()
		  }
		 Direction=0
		 BarWidth=0
		 [BarWidth]
		  {
		  Align=0
		  }
		 BarRatio=0
		 ExportAsPicture=False
		 DwgSaveAsJPEG=0
		 Condition=True
		 Animation=""
		 HTMLAnimation=""
		 }
		[Column]
		 {
		 Identifier=
		 Text=""
		 Width=40000
		 Height=10000
		 FixedHeight=0
		 bIsotropic=True
		 PlainTextFormat=True
		 Align=0
		 AlignDecPosition=-10000
		 VAlign=0
		 DrawingAlignment=8
		 Adjusted=False
		 LineWrap=1
		 ForceWrap=False
		 FlowControl=False
		 Spacing.Line=0
		 bFill=0
		 FgColor=RGB(0,0,0)
		 SpaceOptimization=True
		 Link.URL=
		 WithText=False
		 MatchDevicePixel=False
		 [Frame]
		  {
		  Default=False
		  Layout=1
		  [Left]
		   {
		   Spacing=1000
		   Line=True
		   [Line]
			{
			Color=RGB(0,0,0)
			LineType=0
			}
		   LineWidth=0
		   }
		  [Top]
		   {
		   Spacing=500
		   Line=False
		   }
		  [Right]
		   {
		   Spacing=1000
		   Line=True
		   [Line]
			{
			Color=RGB(0,0,0)
			LineType=0
			}
		   LineWidth=0
		   }
		  [Bottom]
		   {
		   Spacing=500
		   Line=False
		   }
		  }
		 [Font]
		  {
		  Default=True
		  FaceName=Null()
		  GdiCharSet=Null()
		  Size=Null()
		  Width=#Null()
		  Bold=Null()
		  Italic=Null()
		  Underline=Null()
		  Strikeout=Null()
		  Color=Null()
		  PitchAndFamily=Null()
		  OutPrecision=Null()
		  }
		 Direction=0
		 BarWidth=0
		 [BarWidth]
		  {
		  Align=0
		  }
		 BarRatio=0
		 ExportAsPicture=False
		 DwgSaveAsJPEG=0
		 Condition=True
		 Animation=""
		 HTMLAnimation=""
		 }
		[Column]
		 {
		 Identifier=
		 Text=""
		 Width=51000
		 Height=10000
		 FixedHeight=0
		 bIsotropic=True
		 PlainTextFormat=True
		 Align=0
		 AlignDecPosition=-10000
		 VAlign=0
		 DrawingAlignment=8
		 Adjusted=False
		 LineWrap=1
		 ForceWrap=False
		 FlowControl=False
		 Spacing.Line=0
		 bFill=0
		 FgColor=RGB(0,0,0)
		 SpaceOptimization=True
		 Link.URL=
		 WithText=False
		 MatchDevicePixel=False
		 [Frame]
		  {
		  Default=False
		  Layout=1
		  [Left]
		   {
		   Spacing=1000
		   Line=True
		   [Line]
			{
			Color=RGB(0,0,0)
			LineType=0
			}
		   LineWidth=0
		   }
		  [Top]
		   {
		   Spacing=500
		   Line=False
		   }
		  [Right]
		   {
		   Spacing=1000
		   Line=True
		   [Line]
			{
			Color=RGB(0,0,0)
			LineType=0
			}
		   LineWidth=0
		   }
		  [Bottom]
		   {
		   Spacing=500
		   Line=False
		   }
		  }
		 [Font]
		  {
		  Default=True
		  FaceName=Null()
		  GdiCharSet=Null()
		  Size=Null()
		  Width=#Null()
		  Bold=Null()
		  Italic=Null()
		  Underline=Null()
		  Strikeout=Null()
		  Color=Null()
		  PitchAndFamily=Null()
		  OutPrecision=Null()
		  }
		 Direction=0
		 BarWidth=0
		 [BarWidth]
		  {
		  Align=0
		  }
		 BarRatio=0
		 ExportAsPicture=False
		 DwgSaveAsJPEG=0
		 Condition=True
		 Animation=""
		 HTMLAnimation=""
		 }
		[Column]
		 {
		 Identifier=
		 Text=""
		 Width=18000
		 Height=10000
		 FixedHeight=0
		 bIsotropic=True
		 PlainTextFormat=True
		 Align=0
		 AlignDecPosition=-10000
		 VAlign=0
		 DrawingAlignment=8
		 Adjusted=False
		 LineWrap=1
		 ForceWrap=False
		 FlowControl=False
		 Spacing.Line=0
		 bFill=0
		 FgColor=RGB(0,0,0)
		 SpaceOptimization=True
		 Link.URL=
		 WithText=False
		 MatchDevicePixel=False
		 [Frame]
		  {
		  Default=False
		  Layout=1
		  [Left]
		   {
		   Spacing=1000
		   Line=True
		   [Line]
			{
			Color=RGB(0,0,0)
			LineType=0
			}
		   LineWidth=0
		   }
		  [Top]
		   {
		   Spacing=500
		   Line=False
		   }
		  [Right]
		   {
		   Spacing=1000
		   Line=True
		   [Line]
			{
			Color=RGB(0,0,0)
			LineType=0
			}
		   LineWidth=0
		   }
		  [Bottom]
		   {
		   Spacing=500
		   Line=False
		   }
		  }
		 [Font]
		  {
		  Default=True
		  FaceName=Null()
		  GdiCharSet=Null()
		  Size=Null()
		  Width=#Null()
		  Bold=Null()
		  Italic=Null()
		  Underline=Null()
		  Strikeout=Null()
		  Color=Null()
		  PitchAndFamily=Null()
		  OutPrecision=Null()
		  }
		 Direction=0
		 BarWidth=0
		 [BarWidth]
		  {
		  Align=0
		  }
		 BarRatio=0
		 ExportAsPicture=False
		 DwgSaveAsJPEG=0
		 Condition=True
		 Animation=""
		 HTMLAnimation=""
		 }
		[Column]
		 {
		 Identifier=
		 Text=""
		 Width=18000
		 Height=10000
		 FixedHeight=0
		 bIsotropic=True
		 PlainTextFormat=True
		 Align=0
		 AlignDecPosition=-10000
		 VAlign=0
		 DrawingAlignment=8
		 Adjusted=False
		 LineWrap=1
		 ForceWrap=False
		 FlowControl=False
		 Spacing.Line=0
		 bFill=0
		 FgColor=RGB(0,0,0)
		 SpaceOptimization=True
		 Link.URL=
		 WithText=False
		 MatchDevicePixel=False
		 [Frame]
		  {
		  Default=False
		  Layout=1
		  [Left]
		   {
		   Spacing=1000
		   Line=True
		   [Line]
			{
			Color=RGB(0,0,0)
			LineType=0
			}
		   LineWidth=0
		   }
		  [Top]
		   {
		   Spacing=500
		   Line=False
		   }
		  [Right]
		   {
		   Spacing=1000
		   Line=True
		   [Line]
			{
			Color=RGB(0,0,0)
			LineType=0
			}
		   LineWidth=0
		   }
		  [Bottom]
		   {
		   Spacing=500
		   Line=False
		   }
		  }
		 [Font]
		  {
		  Default=True
		  FaceName=Null()
		  GdiCharSet=Null()
		  Size=Null()
		  Width=#Null()
		  Bold=Null()
		  Italic=Null()
		  Underline=Null()
		  Strikeout=Null()
		  Color=Null()
		  PitchAndFamily=Null()
		  OutPrecision=Null()
		  }
		 Direction=0
		 BarWidth=0
		 [BarWidth]
		  {
		  Align=0
		  }
		 BarRatio=0
		 ExportAsPicture=False
		 DwgSaveAsJPEG=0
		 Condition=True
		 Animation=""
		 HTMLAnimation=""
		 }
		[Column]
		 {
		 Identifier=
		 Text=""
		 Width=18000
		 Height=10000
		 FixedHeight=0
		 bIsotropic=True
		 PlainTextFormat=True
		 Align=0
		 AlignDecPosition=-10000
		 VAlign=0
		 DrawingAlignment=8
		 Adjusted=False
		 LineWrap=1
		 ForceWrap=False
		 FlowControl=False
		 Spacing.Line=0
		 bFill=0
		 FgColor=RGB(0,0,0)
		 SpaceOptimization=True
		 Link.URL=
		 WithText=False
		 MatchDevicePixel=False
		 [Frame]
		  {
		  Default=False
		  Layout=1
		  [Left]
		   {
		   Spacing=1000
		   Line=True
		   [Line]
			{
			Color=RGB(0,0,0)
			LineType=0
			}
		   LineWidth=0
		   }
		  [Top]
		   {
		   Spacing=500
		   Line=False
		   }
		  [Right]
		   {
		   Spacing=1000
		   Line=True
		   [Line]
			{
			Color=RGB(0,0,0)
			LineType=0
			}
		   LineWidth=0
		   }
		  [Bottom]
		   {
		   Spacing=500
		   Line=False
		   }
		  }
		 [Font]
		  {
		  Default=True
		  FaceName=Null()
		  GdiCharSet=Null()
		  Size=Null()
		  Width=#Null()
		  Bold=Null()
		  Italic=Null()
		  Underline=Null()
		  Strikeout=Null()
		  Color=Null()
		  PitchAndFamily=Null()
		  OutPrecision=Null()
		  }
		 Direction=0
		 BarWidth=0
		 [BarWidth]
		  {
		  Align=0
		  }
		 BarRatio=0
		 ExportAsPicture=False
		 DwgSaveAsJPEG=0
		 Condition=True
		 Animation=""
		 HTMLAnimation=""
		 }
		[Column]
		 {
		 Identifier=
		 Text=""
		 Width=18000
		 Height=10000
		 FixedHeight=0
		 bIsotropic=True
		 PlainTextFormat=True
		 Align=0
		 AlignDecPosition=-10000
		 VAlign=0
		 DrawingAlignment=8
		 Adjusted=False
		 LineWrap=1
		 ForceWrap=False
		 FlowControl=False
		 Spacing.Line=0
		 bFill=0
		 FgColor=RGB(0,0,0)
		 SpaceOptimization=True
		 Link.URL=
		 WithText=False
		 MatchDevicePixel=False
		 [Frame]
		  {
		  Default=False
		  Layout=1
		  [Left]
		   {
		   Spacing=1000
		   Line=True
		   [Line]
			{
			Color=RGB(0,0,0)
			LineType=0
			}
		   LineWidth=0
		   }
		  [Top]
		   {
		   Spacing=500
		   Line=False
		   }
		  [Right]
		   {
		   Spacing=1000
		   Line=True
		   [Line]
			{
			Color=RGB(0,0,0)
			LineType=0
			}
		   LineWidth=0
		   }
		  [Bottom]
		   {
		   Spacing=500
		   Line=False
		   }
		  }
		 [Font]
		  {
		  Default=True
		  FaceName=Null()
		  GdiCharSet=Null()
		  Size=Null()
		  Width=#Null()
		  Bold=Null()
		  Italic=Null()
		  Underline=Null()
		  Strikeout=Null()
		  Color=Null()
		  PitchAndFamily=Null()
		  OutPrecision=Null()
		  }
		 Direction=0
		 BarWidth=0
		 [BarWidth]
		  {
		  Align=0
		  }
		 BarRatio=0
		 ExportAsPicture=False
		 DwgSaveAsJPEG=0
		 Condition=True
		 Animation=""
		 HTMLAnimation=""
		 }
		[Column]
		 {
		 Identifier=
		 Text=""
		 Width=19000
		 Height=10000
		 FixedHeight=0
		 bIsotropic=True
		 PlainTextFormat=True
		 Align=0
		 AlignDecPosition=-10000
		 VAlign=0
		 DrawingAlignment=8
		 Adjusted=False
		 LineWrap=1
		 ForceWrap=False
		 FlowControl=False
		 Spacing.Line=0
		 bFill=0
		 FgColor=RGB(0,0,0)
		 SpaceOptimization=True
		 Link.URL=
		 WithText=False
		 MatchDevicePixel=False
		 [Frame]
		  {
		  Default=False
		  Layout=1
		  [Left]
		   {
		   Spacing=1000
		   Line=True
		   [Line]
			{
			Color=RGB(0,0,0)
			LineType=0
			}
		   LineWidth=0
		   }
		  [Top]
		   {
		   Spacing=500
		   Line=False
		   }
		  [Right]
		   {
		   Spacing=1000
		   Line=True
		   [Line]
			{
			Color=RGB(0,0,0)
			LineType=0
			}
		   LineWidth=0
		   }
		  [Bottom]
		   {
		   Spacing=500
		   Line=False
		   }
		  }
		 [Font]
		  {
		  Default=True
		  FaceName=Null()
		  GdiCharSet=Null()
		  Size=Null()
		  Width=#Null()
		  Bold=Null()
		  Italic=Null()
		  Underline=Null()
		  Strikeout=Null()
		  Color=Null()
		  PitchAndFamily=Null()
		  OutPrecision=Null()
		  }
		 Direction=0
		 BarWidth=0
		 [BarWidth]
		  {
		  Align=0
		  }
		 BarRatio=0
		 ExportAsPicture=False
		 DwgSaveAsJPEG=0
		 Condition=True
		 Animation=""
		 HTMLAnimation=""
		 }
		[Column]
		 {
		 Identifier=
		 Text=Cond(Wartezeit.Fleisch<0," ", Fstr$(Wartezeit.Fleisch, "###&"))
		 Width=35000
		 Height=10000
		 FixedHeight=0
		 bIsotropic=True
		 PlainTextFormat=True
		 Align=0
		 AlignDecPosition=-10000
		 VAlign=0
		 DrawingAlignment=8
		 Adjusted=False
		 LineWrap=1
		 ForceWrap=False
		 FlowControl=False
		 Spacing.Line=0
		 bFill=0
		 FgColor=RGB(0,0,0)
		 SpaceOptimization=True
		 Link.URL=
		 WithText=False
		 MatchDevicePixel=False
		 [Frame]
		  {
		  Default=False
		  Layout=1
		  [Left]
		   {
		   Spacing=1000
		   Line=True
		   [Line]
			{
			Color=RGB(0,0,0)
			LineType=0
			}
		   LineWidth=0
		   }
		  [Top]
		   {
		   Spacing=500
		   Line=False
		   }
		  [Right]
		   {
		   Spacing=1000
		   Line=True
		   [Line]
			{
			Color=RGB(0,0,0)
			LineType=0
			}
		   LineWidth=0
		   }
		  [Bottom]
		   {
		   Spacing=500
		   Line=True
		   [Line]
			{
			Color=RGB(0,0,0)
			LineType=0
			}
		   LineWidth=0
		   }
		  }
		 [Font]
		  {
		  Default=True
		  FaceName=Null()
		  GdiCharSet=Null()
		  Size=Null()
		  Width=#Null()
		  Bold=Null()
		  Italic=Null()
		  Underline=Null()
		  Strikeout=Null()
		  Color=Null()
		  PitchAndFamily=Null()
		  OutPrecision=Null()
		  }
		 Direction=0
		 BarWidth=0
		 [BarWidth]
		  {
		  Align=0
		  }
		 BarRatio=0
		 ExportAsPicture=False
		 DwgSaveAsJPEG=0
		 Condition=True
		 Animation=""
		 HTMLAnimation=""
		 }
		[Column]
		 {
		 Identifier=
		 Text=""
		 Width=37000
		 Height=10000
		 FixedHeight=0
		 bIsotropic=True
		 PlainTextFormat=True
		 Align=0
		 AlignDecPosition=-10000
		 VAlign=0
		 DrawingAlignment=8
		 Adjusted=False
		 LineWrap=1
		 ForceWrap=False
		 FlowControl=False
		 Spacing.Line=0
		 bFill=0
		 FgColor=RGB(0,0,0)
		 SpaceOptimization=True
		 Link.URL=
		 WithText=False
		 MatchDevicePixel=False
		 [Frame]
		  {
		  Default=False
		  Layout=1
		  [Left]
		   {
		   Spacing=1000
		   Line=True
		   [Line]
			{
			Color=RGB(0,0,0)
			LineType=0
			}
		   LineWidth=0
		   }
		  [Top]
		   {
		   Spacing=500
		   Line=False
		   }
		  [Right]
		   {
		   Spacing=1000
		   Line=True
		   [Line]
			{
			Color=RGB(0,0,0)
			LineType=0
			}
		   LineWidth=0
		   }
		  [Bottom]
		   {
		   Spacing=500
		   Line=False
		   }
		  }
		 [Font]
		  {
		  Default=True
		  FaceName=Null()
		  GdiCharSet=Null()
		  Size=Null()
		  Width=#Null()
		  Bold=Null()
		  Italic=Null()
		  Underline=Null()
		  Strikeout=Null()
		  Color=Null()
		  PitchAndFamily=Null()
		  OutPrecision=Null()
		  }
		 Direction=0
		 BarWidth=0
		 [BarWidth]
		  {
		  Align=0
		  }
		 BarRatio=0
		 ExportAsPicture=False
		 DwgSaveAsJPEG=0
		 Condition=True
		 Animation=""
		 HTMLAnimation=""
		 }
		}
	   [Options]
		{
		Description=Zeilendefinition  2
		[LFont]
		 {
		 Default=True
		 FaceName=Null()
		 GdiCharSet=Null()
		 Size=Null()
		 Width=#Null()
		 Bold=Null()
		 Italic=Null()
		 Underline=Null()
		 Strikeout=Null()
		 Color=Null()
		 PitchAndFamily=Null()
		 OutPrecision=Null()
		 }
		DisplayInDesigner=True
		PDFLevel=0
		PDFText=
		IndexPDFLevel=0
		IndexPDFText=
		[ReservedSpace]
		 {
		 Left=0
		 Top=0
		 Right=0
		 Bottom=0
		 }
		LCondition=True
		IndexedGroups=0
		Anchor=0
		Anchor.ToTop=True
		}
	   }
	  [Line]
	   {
	   [Columns]
		{
		[Column]
		 {
		 Identifier=
		 Text=""
		 Width=25000
		 Height=10000
		 FixedHeight=0
		 bIsotropic=True
		 PlainTextFormat=True
		 Align=0
		 AlignDecPosition=-10000
		 VAlign=0
		 DrawingAlignment=8
		 Adjusted=False
		 LineWrap=1
		 ForceWrap=False
		 FlowControl=False
		 Spacing.Line=0
		 bFill=0
		 FgColor=RGB(0,0,0)
		 SpaceOptimization=True
		 Link.URL=
		 WithText=False
		 MatchDevicePixel=False
		 [Frame]
		  {
		  Default=False
		  Layout=1
		  [Left]
		   {
		   Spacing=1000
		   Line=True
		   [Line]
			{
			Color=RGB(0,0,0)
			LineType=0
			}
		   LineWidth=0
		   }
		  [Top]
		   {
		   Spacing=500
		   Line=False
		   }
		  [Right]
		   {
		   Spacing=1000
		   Line=True
		   [Line]
			{
			Color=RGB(0,0,0)
			LineType=0
			}
		   LineWidth=0
		   }
		  [Bottom]
		   {
		   Spacing=500
		   Line=False
		   }
		  }
		 [Font]
		  {
		  Default=True
		  FaceName=Null()
		  GdiCharSet=Null()
		  Size=Null()
		  Width=#Null()
		  Bold=Null()
		  Italic=Null()
		  Underline=Null()
		  Strikeout=Null()
		  Color=Null()
		  PitchAndFamily=Null()
		  OutPrecision=Null()
		  }
		 Direction=0
		 BarWidth=0
		 [BarWidth]
		  {
		  Align=0
		  }
		 BarRatio=0
		 ExportAsPicture=False
		 DwgSaveAsJPEG=0
		 Condition=True
		 Animation=""
		 HTMLAnimation=""
		 }
		[Column]
		 {
		 Identifier=
		 Text=""
		 Width=40000
		 Height=10000
		 FixedHeight=0
		 bIsotropic=True
		 PlainTextFormat=True
		 Align=0
		 AlignDecPosition=-10000
		 VAlign=0
		 DrawingAlignment=8
		 Adjusted=False
		 LineWrap=1
		 ForceWrap=False
		 FlowControl=False
		 Spacing.Line=0
		 bFill=0
		 FgColor=RGB(0,0,0)
		 SpaceOptimization=True
		 Link.URL=
		 WithText=False
		 MatchDevicePixel=False
		 [Frame]
		  {
		  Default=False
		  Layout=1
		  [Left]
		   {
		   Spacing=1000
		   Line=True
		   [Line]
			{
			Color=RGB(0,0,0)
			LineType=0
			}
		   LineWidth=0
		   }
		  [Top]
		   {
		   Spacing=500
		   Line=False
		   }
		  [Right]
		   {
		   Spacing=1000
		   Line=True
		   [Line]
			{
			Color=RGB(0,0,0)
			LineType=0
			}
		   LineWidth=0
		   }
		  [Bottom]
		   {
		   Spacing=500
		   Line=False
		   }
		  }
		 [Font]
		  {
		  Default=True
		  FaceName=Null()
		  GdiCharSet=Null()
		  Size=Null()
		  Width=#Null()
		  Bold=Null()
		  Italic=Null()
		  Underline=Null()
		  Strikeout=Null()
		  Color=Null()
		  PitchAndFamily=Null()
		  OutPrecision=Null()
		  }
		 Direction=0
		 BarWidth=0
		 [BarWidth]
		  {
		  Align=0
		  }
		 BarRatio=0
		 ExportAsPicture=False
		 DwgSaveAsJPEG=0
		 Condition=True
		 Animation=""
		 HTMLAnimation=""
		 }
		[Column]
		 {
		 Identifier=
		 Text=Nr
		 Width=51000
		 Height=10000
		 FixedHeight=0
		 bIsotropic=True
		 PlainTextFormat=True
		 Align=0
		 AlignDecPosition=-10000
		 VAlign=0
		 DrawingAlignment=8
		 Adjusted=False
		 LineWrap=1
		 ForceWrap=False
		 FlowControl=False
		 Spacing.Line=0
		 bFill=0
		 FgColor=RGB(0,0,0)
		 SpaceOptimization=True
		 Link.URL=
		 WithText=False
		 MatchDevicePixel=False
		 [Frame]
		  {
		  Default=False
		  Layout=1
		  [Left]
		   {
		   Spacing=1000
		   Line=True
		   [Line]
			{
			Color=RGB(0,0,0)
			LineType=0
			}
		   LineWidth=0
		   }
		  [Top]
		   {
		   Spacing=500
		   Line=False
		   }
		  [Right]
		   {
		   Spacing=1000
		   Line=True
		   [Line]
			{
			Color=RGB(0,0,0)
			LineType=0
			}
		   LineWidth=0
		   }
		  [Bottom]
		   {
		   Spacing=500
		   Line=False
		   }
		  }
		 [Font]
		  {
		  Default=True
		  FaceName=Null()
		  GdiCharSet=Null()
		  Size=Null()
		  Width=#Null()
		  Bold=Null()
		  Italic=Null()
		  Underline=Null()
		  Strikeout=Null()
		  Color=Null()
		  PitchAndFamily=Null()
		  OutPrecision=Null()
		  }
		 Direction=0
		 BarWidth=0
		 [BarWidth]
		  {
		  Align=0
		  }
		 BarRatio=0
		 ExportAsPicture=False
		 DwgSaveAsJPEG=0
		 Condition=True
		 Animation=""
		 HTMLAnimation=""
		 }
		[Column]
		 {
		 Identifier=
		 Text=AnzahlK
		 Width=18000
		 Height=10000
		 FixedHeight=0
		 bIsotropic=True
		 PlainTextFormat=True
		 Align=0
		 AlignDecPosition=-10000
		 VAlign=0
		 DrawingAlignment=8
		 Adjusted=False
		 LineWrap=1
		 ForceWrap=False
		 FlowControl=False
		 Spacing.Line=0
		 bFill=0
		 FgColor=RGB(0,0,0)
		 SpaceOptimization=True
		 Link.URL=
		 WithText=False
		 MatchDevicePixel=False
		 [Frame]
		  {
		  Default=False
		  Layout=1
		  [Left]
		   {
		   Spacing=1000
		   Line=True
		   [Line]
			{
			Color=RGB(0,0,0)
			LineType=0
			}
		   LineWidth=0
		   }
		  [Top]
		   {
		   Spacing=500
		   Line=False
		   }
		  [Right]
		   {
		   Spacing=1000
		   Line=True
		   [Line]
			{
			Color=RGB(0,0,0)
			LineType=0
			}
		   LineWidth=0
		   }
		  [Bottom]
		   {
		   Spacing=500
		   Line=False
		   }
		  }
		 [Font]
		  {
		  Default=True
		  FaceName=Null()
		  GdiCharSet=Null()
		  Size=Null()
		  Width=#Null()
		  Bold=Null()
		  Italic=Null()
		  Underline=Null()
		  Strikeout=Null()
		  Color=Null()
		  PitchAndFamily=Null()
		  OutPrecision=Null()
		  }
		 Direction=0
		 BarWidth=0
		 [BarWidth]
		  {
		  Align=0
		  }
		 BarRatio=0
		 ExportAsPicture=False
		 DwgSaveAsJPEG=0
		 Condition=True
		 Animation=""
		 HTMLAnimation=""
		 }
		[Column]
		 {
		 Identifier=
		 Text=""
		 Width=18000
		 Height=10000
		 FixedHeight=0
		 bIsotropic=True
		 PlainTextFormat=True
		 Align=0
		 AlignDecPosition=-10000
		 VAlign=0
		 DrawingAlignment=8
		 Adjusted=False
		 LineWrap=1
		 ForceWrap=False
		 FlowControl=False
		 Spacing.Line=0
		 bFill=0
		 FgColor=RGB(0,0,0)
		 SpaceOptimization=True
		 Link.URL=
		 WithText=False
		 MatchDevicePixel=False
		 [Frame]
		  {
		  Default=False
		  Layout=1
		  [Left]
		   {
		   Spacing=1000
		   Line=True
		   [Line]
			{
			Color=RGB(0,0,0)
			LineType=0
			}
		   LineWidth=0
		   }
		  [Top]
		   {
		   Spacing=500
		   Line=False
		   }
		  [Right]
		   {
		   Spacing=1000
		   Line=True
		   [Line]
			{
			Color=RGB(0,0,0)
			LineType=0
			}
		   LineWidth=0
		   }
		  [Bottom]
		   {
		   Spacing=500
		   Line=False
		   }
		  }
		 [Font]
		  {
		  Default=True
		  FaceName=Null()
		  GdiCharSet=Null()
		  Size=Null()
		  Width=#Null()
		  Bold=Null()
		  Italic=Null()
		  Underline=Null()
		  Strikeout=Null()
		  Color=Null()
		  PitchAndFamily=Null()
		  OutPrecision=Null()
		  }
		 Direction=0
		 BarWidth=0
		 [BarWidth]
		  {
		  Align=0
		  }
		 BarRatio=0
		 ExportAsPicture=False
		 DwgSaveAsJPEG=0
		 Condition=True
		 Animation=""
		 HTMLAnimation=""
		 }
		[Column]
		 {
		 Identifier=
		 Text=""
		 Width=18000
		 Height=10000
		 FixedHeight=0
		 bIsotropic=True
		 PlainTextFormat=True
		 Align=0
		 AlignDecPosition=-10000
		 VAlign=0
		 DrawingAlignment=8
		 Adjusted=False
		 LineWrap=1
		 ForceWrap=False
		 FlowControl=False
		 Spacing.Line=0
		 bFill=0
		 FgColor=RGB(0,0,0)
		 SpaceOptimization=True
		 Link.URL=
		 WithText=False
		 MatchDevicePixel=False
		 [Frame]
		  {
		  Default=False
		  Layout=1
		  [Left]
		   {
		   Spacing=1000
		   Line=True
		   [Line]
			{
			Color=RGB(0,0,0)
			LineType=0
			}
		   LineWidth=0
		   }
		  [Top]
		   {
		   Spacing=500
		   Line=False
		   }
		  [Right]
		   {
		   Spacing=1000
		   Line=True
		   [Line]
			{
			Color=RGB(0,0,0)
			LineType=0
			}
		   LineWidth=0
		   }
		  [Bottom]
		   {
		   Spacing=500
		   Line=False
		   }
		  }
		 [Font]
		  {
		  Default=True
		  FaceName=Null()
		  GdiCharSet=Null()
		  Size=Null()
		  Width=#Null()
		  Bold=Null()
		  Italic=Null()
		  Underline=Null()
		  Strikeout=Null()
		  Color=Null()
		  PitchAndFamily=Null()
		  OutPrecision=Null()
		  }
		 Direction=0
		 BarWidth=0
		 [BarWidth]
		  {
		  Align=0
		  }
		 BarRatio=0
		 ExportAsPicture=False
		 DwgSaveAsJPEG=0
		 Condition=True
		 Animation=""
		 HTMLAnimation=""
		 }
		[Column]
		 {
		 Identifier=
		 Text=""
		 Width=18000
		 Height=10000
		 FixedHeight=0
		 bIsotropic=True
		 PlainTextFormat=True
		 Align=0
		 AlignDecPosition=-10000
		 VAlign=0
		 DrawingAlignment=8
		 Adjusted=False
		 LineWrap=1
		 ForceWrap=False
		 FlowControl=False
		 Spacing.Line=0
		 bFill=0
		 FgColor=RGB(0,0,0)
		 SpaceOptimization=True
		 Link.URL=
		 WithText=False
		 MatchDevicePixel=False
		 [Frame]
		  {
		  Default=False
		  Layout=1
		  [Left]
		   {
		   Spacing=1000
		   Line=True
		   [Line]
			{
			Color=RGB(0,0,0)
			LineType=0
			}
		   LineWidth=0
		   }
		  [Top]
		   {
		   Spacing=500
		   Line=False
		   }
		  [Right]
		   {
		   Spacing=1000
		   Line=True
		   [Line]
			{
			Color=RGB(0,0,0)
			LineType=0
			}
		   LineWidth=0
		   }
		  [Bottom]
		   {
		   Spacing=500
		   Line=False
		   }
		  }
		 [Font]
		  {
		  Default=True
		  FaceName=Null()
		  GdiCharSet=Null()
		  Size=Null()
		  Width=#Null()
		  Bold=Null()
		  Italic=Null()
		  Underline=Null()
		  Strikeout=Null()
		  Color=Null()
		  PitchAndFamily=Null()
		  OutPrecision=Null()
		  }
		 Direction=0
		 BarWidth=0
		 [BarWidth]
		  {
		  Align=0
		  }
		 BarRatio=0
		 ExportAsPicture=False
		 DwgSaveAsJPEG=0
		 Condition=True
		 Animation=""
		 HTMLAnimation=""
		 }
		[Column]
		 {
		 Identifier=
		 Text=""
		 Width=19000
		 Height=10000
		 FixedHeight=0
		 bIsotropic=True
		 PlainTextFormat=True
		 Align=0
		 AlignDecPosition=-10000
		 VAlign=0
		 DrawingAlignment=8
		 Adjusted=False
		 LineWrap=1
		 ForceWrap=False
		 FlowControl=False
		 Spacing.Line=0
		 bFill=0
		 FgColor=RGB(0,0,0)
		 SpaceOptimization=True
		 Link.URL=
		 WithText=False
		 MatchDevicePixel=False
		 [Frame]
		  {
		  Default=False
		  Layout=1
		  [Left]
		   {
		   Spacing=1000
		   Line=True
		   [Line]
			{
			Color=RGB(0,0,0)
			LineType=0
			}
		   LineWidth=0
		   }
		  [Top]
		   {
		   Spacing=500
		   Line=False
		   }
		  [Right]
		   {
		   Spacing=1000
		   Line=True
		   [Line]
			{
			Color=RGB(0,0,0)
			LineType=0
			}
		   LineWidth=0
		   }
		  [Bottom]
		   {
		   Spacing=500
		   Line=False
		   }
		  }
		 [Font]
		  {
		  Default=True
		  FaceName=Null()
		  GdiCharSet=Null()
		  Size=Null()
		  Width=#Null()
		  Bold=Null()
		  Italic=Null()
		  Underline=Null()
		  Strikeout=Null()
		  Color=Null()
		  PitchAndFamily=Null()
		  OutPrecision=Null()
		  }
		 Direction=0
		 BarWidth=0
		 [BarWidth]
		  {
		  Align=0
		  }
		 BarRatio=0
		 ExportAsPicture=False
		 DwgSaveAsJPEG=0
		 Condition=True
		 Animation=""
		 HTMLAnimation=""
		 }
		[Column]
		 {
		 Identifier=
		 Text="Milch"
		 Width=35000
		 Height=10000
		 FixedHeight=0
		 bIsotropic=True
		 PlainTextFormat=True
		 Align=0
		 AlignDecPosition=-10000
		 VAlign=0
		 DrawingAlignment=8
		 Adjusted=False
		 LineWrap=1
		 ForceWrap=False
		 FlowControl=False
		 Spacing.Line=0
		 bFill=0
		 FgColor=RGB(0,0,0)
		 SpaceOptimization=True
		 Link.URL=
		 WithText=False
		 MatchDevicePixel=False
		 [Frame]
		  {
		  Default=False
		  Layout=1
		  [Left]
		   {
		   Spacing=1000
		   Line=True
		   [Line]
			{
			Color=RGB(0,0,0)
			LineType=0
			}
		   LineWidth=0
		   }
		  [Top]
		   {
		   Spacing=500
		   Line=True
		   [Line]
			{
			Color=RGB(0,0,0)
			LineType=0
			}
		   LineWidth=0
		   }
		  [Right]
		   {
		   Spacing=1000
		   Line=True
		   [Line]
			{
			Color=RGB(0,0,0)
			LineType=0
			}
		   LineWidth=0
		   }
		  [Bottom]
		   {
		   Spacing=500
		   Line=False
		   }
		  }
		 [Font]
		  {
		  Default=True
		  FaceName=Null()
		  GdiCharSet=Null()
		  Size=Null()
		  Width=#Null()
		  Bold=Null()
		  Italic=Null()
		  Underline=Null()
		  Strikeout=Null()
		  Color=Null()
		  PitchAndFamily=Null()
		  OutPrecision=Null()
		  }
		 Direction=0
		 BarWidth=0
		 [BarWidth]
		  {
		  Align=0
		  }
		 BarRatio=0
		 ExportAsPicture=False
		 DwgSaveAsJPEG=0
		 Condition=True
		 Animation=""
		 HTMLAnimation=""
		 }
		[Column]
		 {
		 Identifier=
		 Text=""
		 Width=37000
		 Height=10000
		 FixedHeight=0
		 bIsotropic=True
		 PlainTextFormat=True
		 Align=0
		 AlignDecPosition=-10000
		 VAlign=0
		 DrawingAlignment=8
		 Adjusted=False
		 LineWrap=1
		 ForceWrap=False
		 FlowControl=False
		 Spacing.Line=0
		 bFill=0
		 FgColor=RGB(0,0,0)
		 SpaceOptimization=True
		 Link.URL=
		 WithText=False
		 MatchDevicePixel=False
		 [Frame]
		  {
		  Default=False
		  Layout=1
		  [Left]
		   {
		   Spacing=1000
		   Line=True
		   [Line]
			{
			Color=RGB(0,0,0)
			LineType=0
			}
		   LineWidth=0
		   }
		  [Top]
		   {
		   Spacing=500
		   Line=False
		   }
		  [Right]
		   {
		   Spacing=1000
		   Line=True
		   [Line]
			{
			Color=RGB(0,0,0)
			LineType=0
			}
		   LineWidth=0
		   }
		  [Bottom]
		   {
		   Spacing=500
		   Line=False
		   }
		  }
		 [Font]
		  {
		  Default=True
		  FaceName=Null()
		  GdiCharSet=Null()
		  Size=Null()
		  Width=#Null()
		  Bold=Null()
		  Italic=Null()
		  Underline=Null()
		  Strikeout=Null()
		  Color=Null()
		  PitchAndFamily=Null()
		  OutPrecision=Null()
		  }
		 Direction=0
		 BarWidth=0
		 [BarWidth]
		  {
		  Align=0
		  }
		 BarRatio=0
		 ExportAsPicture=False
		 DwgSaveAsJPEG=0
		 Condition=True
		 Animation=""
		 HTMLAnimation=""
		 }
		}
	   [Options]
		{
		Description=Zeilendefinition  3
		[LFont]
		 {
		 Default=True
		 FaceName=Null()
		 GdiCharSet=Null()
		 Size=Null()
		 Width=#Null()
		 Bold=Null()
		 Italic=Null()
		 Underline=Null()
		 Strikeout=Null()
		 Color=Null()
		 PitchAndFamily=Null()
		 OutPrecision=Null()
		 }
		DisplayInDesigner=True
		PDFLevel=0
		PDFText=
		IndexPDFLevel=0
		IndexPDFText=
		[ReservedSpace]
		 {
		 Left=0
		 Top=0
		 Right=0
		 Bottom=0
		 }
		LCondition=True
		IndexedGroups=0
		Anchor=0
		Anchor.ToTop=True
		}
	   }
	  [Line]
	   {
	   [Columns]
		{
		[Column]
		 {
		 Identifier=
		 Text=""
		 Width=25000
		 Height=10000
		 FixedHeight=0
		 bIsotropic=True
		 PlainTextFormat=True
		 Align=0
		 AlignDecPosition=-10000
		 VAlign=0
		 DrawingAlignment=8
		 Adjusted=False
		 LineWrap=1
		 ForceWrap=False
		 FlowControl=False
		 Spacing.Line=0
		 bFill=0
		 FgColor=RGB(0,0,0)
		 SpaceOptimization=True
		 Link.URL=
		 WithText=False
		 MatchDevicePixel=False
		 [Frame]
		  {
		  Default=False
		  Layout=1
		  [Left]
		   {
		   Spacing=1000
		   Line=True
		   [Line]
			{
			Color=RGB(0,0,0)
			LineType=0
			}
		   LineWidth=0
		   }
		  [Top]
		   {
		   Spacing=500
		   Line=False
		   }
		  [Right]
		   {
		   Spacing=1000
		   Line=True
		   [Line]
			{
			Color=RGB(0,0,0)
			LineType=0
			}
		   LineWidth=0
		   }
		  [Bottom]
		   {
		   Spacing=500
		   Line=True
		   [Line]
			{
			Color=RGB(0,0,0)
			LineType=0
			}
		   LineWidth=0
		   }
		  }
		 [Font]
		  {
		  Default=True
		  FaceName=Null()
		  GdiCharSet=Null()
		  Size=Null()
		  Width=#Null()
		  Bold=Null()
		  Italic=Null()
		  Underline=Null()
		  Strikeout=Null()
		  Color=Null()
		  PitchAndFamily=Null()
		  OutPrecision=Null()
		  }
		 Direction=0
		 BarWidth=0
		 [BarWidth]
		  {
		  Align=0
		  }
		 BarRatio=0
		 ExportAsPicture=False
		 DwgSaveAsJPEG=0
		 Condition=True
		 Animation=""
		 HTMLAnimation=""
		 }
		[Column]
		 {
		 Identifier=
		 Text=""
		 Width=40000
		 Height=10000
		 FixedHeight=0
		 bIsotropic=True
		 PlainTextFormat=True
		 Align=0
		 AlignDecPosition=-10000
		 VAlign=0
		 DrawingAlignment=8
		 Adjusted=False
		 LineWrap=1
		 ForceWrap=False
		 FlowControl=False
		 Spacing.Line=0
		 bFill=0
		 FgColor=RGB(0,0,0)
		 SpaceOptimization=True
		 Link.URL=
		 WithText=False
		 MatchDevicePixel=False
		 [Frame]
		  {
		  Default=False
		  Layout=1
		  [Left]
		   {
		   Spacing=1000
		   Line=True
		   [Line]
			{
			Color=RGB(0,0,0)
			LineType=0
			}
		   LineWidth=0
		   }
		  [Top]
		   {
		   Spacing=500
		   Line=False
		   }
		  [Right]
		   {
		   Spacing=1000
		   Line=True
		   [Line]
			{
			Color=RGB(0,0,0)
			LineType=0
			}
		   LineWidth=0
		   }
		  [Bottom]
		   {
		   Spacing=500
		   Line=True
		   [Line]
			{
			Color=RGB(0,0,0)
			LineType=0
			}
		   LineWidth=0
		   }
		  }
		 [Font]
		  {
		  Default=True
		  FaceName=Null()
		  GdiCharSet=Null()
		  Size=Null()
		  Width=#Null()
		  Bold=Null()
		  Italic=Null()
		  Underline=Null()
		  Strikeout=Null()
		  Color=Null()
		  PitchAndFamily=Null()
		  OutPrecision=Null()
		  }
		 Direction=0
		 BarWidth=0
		 [BarWidth]
		  {
		  Align=0
		  }
		 BarRatio=0
		 ExportAsPicture=False
		 DwgSaveAsJPEG=0
		 Condition=True
		 Animation=""
		 HTMLAnimation=""
		 }
		[Column]
		 {
		 Identifier=
		 Text=""
		 Width=51000
		 Height=10000
		 FixedHeight=0
		 bIsotropic=True
		 PlainTextFormat=True
		 Align=0
		 AlignDecPosition=-10000
		 VAlign=0
		 DrawingAlignment=8
		 Adjusted=False
		 LineWrap=1
		 ForceWrap=False
		 FlowControl=False
		 Spacing.Line=0
		 bFill=0
		 FgColor=RGB(0,0,0)
		 SpaceOptimization=True
		 Link.URL=
		 WithText=False
		 MatchDevicePixel=False
		 [Frame]
		  {
		  Default=False
		  Layout=1
		  [Left]
		   {
		   Spacing=1000
		   Line=True
		   [Line]
			{
			Color=RGB(0,0,0)
			LineType=0
			}
		   LineWidth=0
		   }
		  [Top]
		   {
		   Spacing=500
		   Line=False
		   }
		  [Right]
		   {
		   Spacing=1000
		   Line=True
		   [Line]
			{
			Color=RGB(0,0,0)
			LineType=0
			}
		   LineWidth=0
		   }
		  [Bottom]
		   {
		   Spacing=500
		   Line=True
		   [Line]
			{
			Color=RGB(0,0,0)
			LineType=0
			}
		   LineWidth=0
		   }
		  }
		 [Font]
		  {
		  Default=True
		  FaceName=Null()
		  GdiCharSet=Null()
		  Size=Null()
		  Width=#Null()
		  Bold=Null()
		  Italic=Null()
		  Underline=Null()
		  Strikeout=Null()
		  Color=Null()
		  PitchAndFamily=Null()
		  OutPrecision=Null()
		  }
		 Direction=0
		 BarWidth=0
		 [BarWidth]
		  {
		  Align=0
		  }
		 BarRatio=0
		 ExportAsPicture=False
		 DwgSaveAsJPEG=0
		 Condition=True
		 Animation=""
		 HTMLAnimation=""
		 }
		[Column]
		 {
		 Identifier=
		 Text=Cond(AnzahlK=0," ",Verabreichung)
		 Width=18000
		 Height=10000
		 FixedHeight=0
		 bIsotropic=True
		 PlainTextFormat=True
		 Align=0
		 AlignDecPosition=-10000
		 VAlign=0
		 DrawingAlignment=8
		 Adjusted=False
		 LineWrap=1
		 ForceWrap=False
		 FlowControl=False
		 Spacing.Line=0
		 bFill=0
		 FgColor=RGB(0,0,0)
		 SpaceOptimization=True
		 Link.URL=
		 WithText=False
		 MatchDevicePixel=False
		 [Frame]
		  {
		  Default=False
		  Layout=1
		  [Left]
		   {
		   Spacing=1000
		   Line=True
		   [Line]
			{
			Color=RGB(0,0,0)
			LineType=0
			}
		   LineWidth=0
		   }
		  [Top]
		   {
		   Spacing=500
		   Line=False
		   }
		  [Right]
		   {
		   Spacing=1000
		   Line=True
		   [Line]
			{
			Color=RGB(0,0,0)
			LineType=0
			}
		   LineWidth=0
		   }
		  [Bottom]
		   {
		   Spacing=500
		   Line=True
		   [Line]
			{
			Color=RGB(0,0,0)
			LineType=0
			}
		   LineWidth=0
		   }
		  }
		 [Font]
		  {
		  Default=True
		  FaceName=Null()
		  GdiCharSet=Null()
		  Size=Null()
		  Width=#Null()
		  Bold=Null()
		  Italic=Null()
		  Underline=Null()
		  Strikeout=Null()
		  Color=Null()
		  PitchAndFamily=Null()
		  OutPrecision=Null()
		  }
		 Direction=0
		 BarWidth=0
		 [BarWidth]
		  {
		  Align=0
		  }
		 BarRatio=0
		 ExportAsPicture=False
		 DwgSaveAsJPEG=0
		 Condition=True
		 Animation=""
		 HTMLAnimation=""
		 }
		[Column]
		 {
		 Identifier=
		 Text=""
		 Width=18000
		 Height=10000
		 FixedHeight=0
		 bIsotropic=True
		 PlainTextFormat=True
		 Align=0
		 AlignDecPosition=-10000
		 VAlign=0
		 DrawingAlignment=8
		 Adjusted=False
		 LineWrap=1
		 ForceWrap=False
		 FlowControl=False
		 Spacing.Line=0
		 bFill=0
		 FgColor=RGB(0,0,0)
		 SpaceOptimization=True
		 Link.URL=
		 WithText=False
		 MatchDevicePixel=False
		 [Frame]
		  {
		  Default=False
		  Layout=1
		  [Left]
		   {
		   Spacing=1000
		   Line=True
		   [Line]
			{
			Color=RGB(0,0,0)
			LineType=0
			}
		   LineWidth=0
		   }
		  [Top]
		   {
		   Spacing=500
		   Line=False
		   }
		  [Right]
		   {
		   Spacing=1000
		   Line=True
		   [Line]
			{
			Color=RGB(0,0,0)
			LineType=0
			}
		   LineWidth=0
		   }
		  [Bottom]
		   {
		   Spacing=500
		   Line=True
		   [Line]
			{
			Color=RGB(0,0,0)
			LineType=0
			}
		   LineWidth=0
		   }
		  }
		 [Font]
		  {
		  Default=True
		  FaceName=Null()
		  GdiCharSet=Null()
		  Size=Null()
		  Width=#Null()
		  Bold=Null()
		  Italic=Null()
		  Underline=Null()
		  Strikeout=Null()
		  Color=Null()
		  PitchAndFamily=Null()
		  OutPrecision=Null()
		  }
		 Direction=0
		 BarWidth=0
		 [BarWidth]
		  {
		  Align=0
		  }
		 BarRatio=0
		 ExportAsPicture=False
		 DwgSaveAsJPEG=0
		 Condition=True
		 Animation=""
		 HTMLAnimation=""
		 }
		[Column]
		 {
		 Identifier=
		 Text=""
		 Width=18000
		 Height=10000
		 FixedHeight=0
		 bIsotropic=True
		 PlainTextFormat=True
		 Align=0
		 AlignDecPosition=-10000
		 VAlign=0
		 DrawingAlignment=8
		 Adjusted=False
		 LineWrap=1
		 ForceWrap=False
		 FlowControl=False
		 Spacing.Line=0
		 bFill=0
		 FgColor=RGB(0,0,0)
		 SpaceOptimization=True
		 Link.URL=
		 WithText=False
		 MatchDevicePixel=False
		 [Frame]
		  {
		  Default=False
		  Layout=1
		  [Left]
		   {
		   Spacing=1000
		   Line=True
		   [Line]
			{
			Color=RGB(0,0,0)
			LineType=0
			}
		   LineWidth=0
		   }
		  [Top]
		   {
		   Spacing=500
		   Line=False
		   }
		  [Right]
		   {
		   Spacing=1000
		   Line=True
		   [Line]
			{
			Color=RGB(0,0,0)
			LineType=0
			}
		   LineWidth=0
		   }
		  [Bottom]
		   {
		   Spacing=500
		   Line=True
		   [Line]
			{
			Color=RGB(0,0,0)
			LineType=0
			}
		   LineWidth=0
		   }
		  }
		 [Font]
		  {
		  Default=True
		  FaceName=Null()
		  GdiCharSet=Null()
		  Size=Null()
		  Width=#Null()
		  Bold=Null()
		  Italic=Null()
		  Underline=Null()
		  Strikeout=Null()
		  Color=Null()
		  PitchAndFamily=Null()
		  OutPrecision=Null()
		  }
		 Direction=0
		 BarWidth=0
		 [BarWidth]
		  {
		  Align=0
		  }
		 BarRatio=0
		 ExportAsPicture=False
		 DwgSaveAsJPEG=0
		 Condition=True
		 Animation=""
		 HTMLAnimation=""
		 }
		[Column]
		 {
		 Identifier=
		 Text=""
		 Width=18000
		 Height=10000
		 FixedHeight=0
		 bIsotropic=True
		 PlainTextFormat=True
		 Align=0
		 AlignDecPosition=-10000
		 VAlign=0
		 DrawingAlignment=8
		 Adjusted=False
		 LineWrap=1
		 ForceWrap=False
		 FlowControl=False
		 Spacing.Line=0
		 bFill=0
		 FgColor=RGB(0,0,0)
		 SpaceOptimization=True
		 Link.URL=
		 WithText=False
		 MatchDevicePixel=False
		 [Frame]
		  {
		  Default=False
		  Layout=1
		  [Left]
		   {
		   Spacing=1000
		   Line=True
		   [Line]
			{
			Color=RGB(0,0,0)
			LineType=0
			}
		   LineWidth=0
		   }
		  [Top]
		   {
		   Spacing=500
		   Line=False
		   }
		  [Right]
		   {
		   Spacing=1000
		   Line=True
		   [Line]
			{
			Color=RGB(0,0,0)
			LineType=0
			}
		   LineWidth=0
		   }
		  [Bottom]
		   {
		   Spacing=500
		   Line=True
		   [Line]
			{
			Color=RGB(0,0,0)
			LineType=0
			}
		   LineWidth=0
		   }
		  }
		 [Font]
		  {
		  Default=True
		  FaceName=Null()
		  GdiCharSet=Null()
		  Size=Null()
		  Width=#Null()
		  Bold=Null()
		  Italic=Null()
		  Underline=Null()
		  Strikeout=Null()
		  Color=Null()
		  PitchAndFamily=Null()
		  OutPrecision=Null()
		  }
		 Direction=0
		 BarWidth=0
		 [BarWidth]
		  {
		  Align=0
		  }
		 BarRatio=0
		 ExportAsPicture=False
		 DwgSaveAsJPEG=0
		 Condition=True
		 Animation=""
		 HTMLAnimation=""
		 }
		[Column]
		 {
		 Identifier=
		 Text=""
		 Width=19000
		 Height=10000
		 FixedHeight=0
		 bIsotropic=True
		 PlainTextFormat=True
		 Align=0
		 AlignDecPosition=-10000
		 VAlign=0
		 DrawingAlignment=8
		 Adjusted=False
		 LineWrap=1
		 ForceWrap=False
		 FlowControl=False
		 Spacing.Line=0
		 bFill=0
		 FgColor=RGB(0,0,0)
		 SpaceOptimization=True
		 Link.URL=
		 WithText=False
		 MatchDevicePixel=False
		 [Frame]
		  {
		  Default=False
		  Layout=1
		  [Left]
		   {
		   Spacing=1000
		   Line=True
		   [Line]
			{
			Color=RGB(0,0,0)
			LineType=0
			}
		   LineWidth=0
		   }
		  [Top]
		   {
		   Spacing=500
		   Line=False
		   }
		  [Right]
		   {
		   Spacing=1000
		   Line=True
		   [Line]
			{
			Color=RGB(0,0,0)
			LineType=0
			}
		   LineWidth=0
		   }
		  [Bottom]
		   {
		   Spacing=500
		   Line=True
		   [Line]
			{
			Color=RGB(0,0,0)
			LineType=0
			}
		   LineWidth=0
		   }
		  }
		 [Font]
		  {
		  Default=True
		  FaceName=Null()
		  GdiCharSet=Null()
		  Size=Null()
		  Width=#Null()
		  Bold=Null()
		  Italic=Null()
		  Underline=Null()
		  Strikeout=Null()
		  Color=Null()
		  PitchAndFamily=Null()
		  OutPrecision=Null()
		  }
		 Direction=0
		 BarWidth=0
		 [BarWidth]
		  {
		  Align=0
		  }
		 BarRatio=0
		 ExportAsPicture=False
		 DwgSaveAsJPEG=0
		 Condition=True
		 Animation=""
		 HTMLAnimation=""
		 }
		[Column]
		 {
		 Identifier=
		 Text=Cond(Wartezeit.Milch<0," ", FStr$(Wartezeit.Milch, "##&"))
		 Width=35000
		 Height=10000
		 FixedHeight=0
		 bIsotropic=True
		 PlainTextFormat=True
		 Align=0
		 AlignDecPosition=-10000
		 VAlign=0
		 DrawingAlignment=8
		 Adjusted=False
		 LineWrap=1
		 ForceWrap=False
		 FlowControl=False
		 Spacing.Line=0
		 bFill=0
		 FgColor=RGB(0,0,0)
		 SpaceOptimization=True
		 Link.URL=
		 WithText=False
		 MatchDevicePixel=False
		 [Frame]
		  {
		  Default=False
		  Layout=1
		  [Left]
		   {
		   Spacing=1000
		   Line=True
		   [Line]
			{
			Color=RGB(0,0,0)
			LineType=0
			}
		   LineWidth=0
		   }
		  [Top]
		   {
		   Spacing=500
		   Line=False
		   }
		  [Right]
		   {
		   Spacing=1000
		   Line=True
		   [Line]
			{
			Color=RGB(0,0,0)
			LineType=0
			}
		   LineWidth=0
		   }
		  [Bottom]
		   {
		   Spacing=500
		   Line=True
		   [Line]
			{
			Color=RGB(0,0,0)
			LineType=0
			}
		   LineWidth=0
		   }
		  }
		 [Font]
		  {
		  Default=True
		  FaceName=Null()
		  GdiCharSet=Null()
		  Size=Null()
		  Width=#Null()
		  Bold=Null()
		  Italic=Null()
		  Underline=Null()
		  Strikeout=Null()
		  Color=Null()
		  PitchAndFamily=Null()
		  OutPrecision=Null()
		  }
		 Direction=0
		 BarWidth=0
		 [BarWidth]
		  {
		  Align=0
		  }
		 BarRatio=0
		 ExportAsPicture=False
		 DwgSaveAsJPEG=0
		 Condition=True
		 Animation=""
		 HTMLAnimation=""
		 }
		[Column]
		 {
		 Identifier=
		 Text=""
		 Width=37000
		 Height=10000
		 FixedHeight=0
		 bIsotropic=True
		 PlainTextFormat=True
		 Align=0
		 AlignDecPosition=-10000
		 VAlign=0
		 DrawingAlignment=8
		 Adjusted=False
		 LineWrap=1
		 ForceWrap=False
		 FlowControl=False
		 Spacing.Line=0
		 bFill=0
		 FgColor=RGB(0,0,0)
		 SpaceOptimization=True
		 Link.URL=
		 WithText=False
		 MatchDevicePixel=False
		 [Frame]
		  {
		  Default=False
		  Layout=1
		  [Left]
		   {
		   Spacing=1000
		   Line=True
		   [Line]
			{
			Color=RGB(0,0,0)
			LineType=0
			}
		   LineWidth=0
		   }
		  [Top]
		   {
		   Spacing=500
		   Line=False
		   }
		  [Right]
		   {
		   Spacing=1000
		   Line=True
		   [Line]
			{
			Color=RGB(0,0,0)
			LineType=0
			}
		   LineWidth=0
		   }
		  [Bottom]
		   {
		   Spacing=500
		   Line=True
		   [Line]
			{
			Color=RGB(0,0,0)
			LineType=0
			}
		   LineWidth=0
		   }
		  }
		 [Font]
		  {
		  Default=True
		  FaceName=Null()
		  GdiCharSet=Null()
		  Size=Null()
		  Width=#Null()
		  Bold=Null()
		  Italic=Null()
		  Underline=Null()
		  Strikeout=Null()
		  Color=Null()
		  PitchAndFamily=Null()
		  OutPrecision=Null()
		  }
		 Direction=0
		 BarWidth=0
		 [BarWidth]
		  {
		  Align=0
		  }
		 BarRatio=0
		 ExportAsPicture=False
		 DwgSaveAsJPEG=0
		 Condition=True
		 Animation=""
		 HTMLAnimation=""
		 }
		}
	   [Options]
		{
		Description=Zeilendefinition  4
		[LFont]
		 {
		 Default=True
		 FaceName=Null()
		 GdiCharSet=Null()
		 Size=Null()
		 Width=#Null()
		 Bold=Null()
		 Italic=Null()
		 Underline=Null()
		 Strikeout=Null()
		 Color=Null()
		 PitchAndFamily=Null()
		 OutPrecision=Null()
		 }
		DisplayInDesigner=True
		PDFLevel=0
		PDFText=
		IndexPDFLevel=0
		IndexPDFText=
		[ReservedSpace]
		 {
		 Left=0
		 Top=0
		 Right=0
		 Bottom=0
		 }
		LCondition=True
		IndexedGroups=0
		Anchor=0
		Anchor.ToTop=True
		}
	   }
	  }
	 [Options]
	  {
	  }
	 }
	[Header]
	 {
	 [Lines]
	  {
	  [Line]
	   {
	   [Columns]
		{
		[Column]
		 {
		 Identifier=
		 Text="Anzahl, Art und"
		 Width=25000
		 Height=10000
		 FixedHeight=0
		 bIsotropic=True
		 PlainTextFormat=True
		 Align=0
		 AlignDecPosition=-10000
		 VAlign=0
		 DrawingAlignment=8
		 Adjusted=False
		 LineWrap=1
		 ForceWrap=False
		 FlowControl=False
		 Spacing.Line=0
		 bFill=0
		 FgColor=RGB(0,0,0)
		 SpaceOptimization=True
		 Link.URL=
		 WithText=False
		 MatchDevicePixel=False
		 [Frame]
		  {
		  Default=False
		  Layout=1
		  [Left]
		   {
		   Spacing=1000
		   Line=True
		   [Line]
			{
			Color=RGB(0,0,0)
			LineType=0
			}
		   LineWidth=0
		   }
		  [Top]
		   {
		   Spacing=500
		   Line=True
		   [Line]
			{
			Color=RGB(0,0,0)
			LineType=0
			}
		   LineWidth=0
		   }
		  [Right]
		   {
		   Spacing=1000
		   Line=True
		   [Line]
			{
			Color=RGB(0,0,0)
			LineType=0
			}
		   LineWidth=0
		   }
		  [Bottom]
		   {
		   Spacing=500
		   Line=False
		   }
		  }
		 [Font]
		  {
		  Default=True
		  FaceName=Null()
		  GdiCharSet=Null()
		  Size=Null()
		  Width=#Null()
		  Bold=Null()
		  Italic=Null()
		  Underline=Null()
		  Strikeout=Null()
		  Color=Null()
		  PitchAndFamily=Null()
		  OutPrecision=Null()
		  }
		 Direction=0
		 BarWidth=0
		 [BarWidth]
		  {
		  Align=0
		  }
		 BarRatio=0
		 ExportAsPicture=False
		 DwgSaveAsJPEG=0
		 Condition=True
		 Animation=""
		 HTMLAnimation=""
		 }
		[Column]
		 {
		 Identifier=
		 Text="Standort der/s Tiere/s"
		 Width=40000
		 Height=10000
		 FixedHeight=0
		 bIsotropic=True
		 PlainTextFormat=True
		 Align=0
		 AlignDecPosition=-10000
		 VAlign=0
		 DrawingAlignment=8
		 Adjusted=False
		 LineWrap=1
		 ForceWrap=False
		 FlowControl=False
		 Spacing.Line=0
		 bFill=0
		 FgColor=RGB(0,0,0)
		 SpaceOptimization=True
		 Link.URL=
		 WithText=False
		 MatchDevicePixel=False
		 [Frame]
		  {
		  Default=False
		  Layout=1
		  [Left]
		   {
		   Spacing=1000
		   Line=True
		   [Line]
			{
			Color=RGB(0,0,0)
			LineType=0
			}
		   LineWidth=0
		   }
		  [Top]
		   {
		   Spacing=500
		   Line=True
		   [Line]
			{
			Color=RGB(0,0,0)
			LineType=0
			}
		   LineWidth=0
		   }
		  [Right]
		   {
		   Spacing=1000
		   Line=True
		   [Line]
			{
			Color=RGB(0,0,0)
			LineType=0
			}
		   LineWidth=0
		   }
		  [Bottom]
		   {
		   Spacing=500
		   Line=False
		   }
		  }
		 [Font]
		  {
		  Default=True
		  FaceName=Null()
		  GdiCharSet=Null()
		  Size=Null()
		  Width=#Null()
		  Bold=Null()
		  Italic=Null()
		  Underline=Null()
		  Strikeout=Null()
		  Color=Null()
		  PitchAndFamily=Null()
		  OutPrecision=Null()
		  }
		 Direction=0
		 BarWidth=0
		 [BarWidth]
		  {
		  Align=0
		  }
		 BarRatio=0
		 ExportAsPicture=False
		 DwgSaveAsJPEG=0
		 Condition=True
		 Animation=""
		 HTMLAnimation=""
		 }
		[Column]
		 {
		 Identifier=
		 Text="Arzneimittelbezeichnung,"
		 Width=51000
		 Height=10000
		 FixedHeight=0
		 bIsotropic=True
		 PlainTextFormat=True
		 Align=0
		 AlignDecPosition=-10000
		 VAlign=0
		 DrawingAlignment=8
		 Adjusted=False
		 LineWrap=1
		 ForceWrap=False
		 FlowControl=False
		 Spacing.Line=0
		 bFill=0
		 FgColor=RGB(0,0,0)
		 SpaceOptimization=True
		 Link.URL=
		 WithText=False
		 MatchDevicePixel=False
		 [Frame]
		  {
		  Default=False
		  Layout=1
		  [Left]
		   {
		   Spacing=1000
		   Line=True
		   [Line]
			{
			Color=RGB(0,0,0)
			LineType=0
			}
		   LineWidth=0
		   }
		  [Top]
		   {
		   Spacing=500
		   Line=True
		   [Line]
			{
			Color=RGB(0,0,0)
			LineType=0
			}
		   LineWidth=0
		   }
		  [Right]
		   {
		   Spacing=1000
		   Line=True
		   [Line]
			{
			Color=RGB(0,0,0)
			LineType=0
			}
		   LineWidth=0
		   }
		  [Bottom]
		   {
		   Spacing=500
		   Line=False
		   }
		  }
		 [Font]
		  {
		  Default=True
		  FaceName=Null()
		  GdiCharSet=Null()
		  Size=Null()
		  Width=#Null()
		  Bold=Null()
		  Italic=Null()
		  Underline=Null()
		  Strikeout=Null()
		  Color=Null()
		  PitchAndFamily=Null()
		  OutPrecision=Null()
		  }
		 Direction=0
		 BarWidth=0
		 [BarWidth]
		  {
		  Align=0
		  }
		 BarRatio=0
		 ExportAsPicture=False
		 DwgSaveAsJPEG=0
		 Condition=True
		 Animation=""
		 HTMLAnimation=""
		 }
		[Column]
		 {
		 Identifier=
		 Text="Datum der Anwendung"
		 Width=91000
		 Height=10000
		 FixedHeight=0
		 bIsotropic=True
		 PlainTextFormat=True
		 Align=0
		 AlignDecPosition=-10000
		 VAlign=0
		 DrawingAlignment=8
		 Adjusted=False
		 LineWrap=1
		 ForceWrap=False
		 FlowControl=False
		 Spacing.Line=0
		 bFill=0
		 FgColor=RGB(0,0,0)
		 SpaceOptimization=True
		 Link.URL=
		 WithText=False
		 MatchDevicePixel=False
		 [Frame]
		  {
		  Default=False
		  Layout=1
		  [Left]
		   {
		   Spacing=1000
		   Line=True
		   [Line]
			{
			Color=RGB(0,0,0)
			LineType=0
			}
		   LineWidth=0
		   }
		  [Top]
		   {
		   Spacing=500
		   Line=True
		   [Line]
			{
			Color=RGB(0,0,0)
			LineType=0
			}
		   LineWidth=0
		   }
		  [Right]
		   {
		   Spacing=1000
		   Line=True
		   [Line]
			{
			Color=RGB(0,0,0)
			LineType=0
			}
		   LineWidth=0
		   }
		  [Bottom]
		   {
		   Spacing=500
		   Line=False
		   }
		  }
		 [Font]
		  {
		  Default=True
		  FaceName=Null()
		  GdiCharSet=Null()
		  Size=Null()
		  Width=#Null()
		  Bold=Null()
		  Italic=Null()
		  Underline=Null()
		  Strikeout=Null()
		  Color=Null()
		  PitchAndFamily=Null()
		  OutPrecision=Null()
		  }
		 Direction=0
		 BarWidth=0
		 [BarWidth]
		  {
		  Align=0
		  }
		 BarRatio=0
		 ExportAsPicture=False
		 DwgSaveAsJPEG=0
		 Condition=True
		 Animation=""
		 HTMLAnimation=""
		 }
		[Column]
		 {
		 Identifier=
		 Text="Wartezeit"
		 Width=35000
		 Height=10000
		 FixedHeight=0
		 bIsotropic=True
		 PlainTextFormat=True
		 Align=0
		 AlignDecPosition=-10000
		 VAlign=0
		 DrawingAlignment=8
		 Adjusted=False
		 LineWrap=1
		 ForceWrap=False
		 FlowControl=False
		 Spacing.Line=0
		 bFill=0
		 FgColor=RGB(0,0,0)
		 SpaceOptimization=True
		 Link.URL=
		 WithText=False
		 MatchDevicePixel=False
		 [Frame]
		  {
		  Default=False
		  Layout=1
		  [Left]
		   {
		   Spacing=1000
		   Line=True
		   [Line]
			{
			Color=RGB(0,0,0)
			LineType=0
			}
		   LineWidth=0
		   }
		  [Top]
		   {
		   Spacing=500
		   Line=True
		   [Line]
			{
			Color=RGB(0,0,0)
			LineType=0
			}
		   LineWidth=0
		   }
		  [Right]
		   {
		   Spacing=1000
		   Line=True
		   [Line]
			{
			Color=RGB(0,0,0)
			LineType=0
			}
		   LineWidth=0
		   }
		  [Bottom]
		   {
		   Spacing=500
		   Line=False
		   }
		  }
		 [Font]
		  {
		  Default=True
		  FaceName=Null()
		  GdiCharSet=Null()
		  Size=Null()
		  Width=#Null()
		  Bold=Null()
		  Italic=Null()
		  Underline=Null()
		  Strikeout=Null()
		  Color=Null()
		  PitchAndFamily=Null()
		  OutPrecision=Null()
		  }
		 Direction=0
		 BarWidth=0
		 [BarWidth]
		  {
		  Align=0
		  }
		 BarRatio=0
		 ExportAsPicture=False
		 DwgSaveAsJPEG=0
		 Condition=True
		 Animation=""
		 HTMLAnimation=""
		 }
		[Column]
		 {
		 Identifier=
		 Text="Name der"
		 Width=37000
		 Height=10000
		 FixedHeight=0
		 bIsotropic=True
		 PlainTextFormat=True
		 Align=0
		 AlignDecPosition=-10000
		 VAlign=0
		 DrawingAlignment=8
		 Adjusted=False
		 LineWrap=1
		 ForceWrap=False
		 FlowControl=False
		 Spacing.Line=0
		 bFill=0
		 FgColor=RGB(0,0,0)
		 SpaceOptimization=True
		 Link.URL=
		 WithText=False
		 MatchDevicePixel=False
		 [Frame]
		  {
		  Default=False
		  Layout=1
		  [Left]
		   {
		   Spacing=1000
		   Line=True
		   [Line]
			{
			Color=RGB(0,0,0)
			LineType=0
			}
		   LineWidth=0
		   }
		  [Top]
		   {
		   Spacing=500
		   Line=True
		   [Line]
			{
			Color=RGB(0,0,0)
			LineType=0
			}
		   LineWidth=0
		   }
		  [Right]
		   {
		   Spacing=1000
		   Line=True
		   [Line]
			{
			Color=RGB(0,0,0)
			LineType=0
			}
		   LineWidth=0
		   }
		  [Bottom]
		   {
		   Spacing=500
		   Line=False
		   }
		  }
		 [Font]
		  {
		  Default=True
		  FaceName=Null()
		  GdiCharSet=Null()
		  Size=Null()
		  Width=#Null()
		  Bold=Null()
		  Italic=Null()
		  Underline=Null()
		  Strikeout=Null()
		  Color=Null()
		  PitchAndFamily=Null()
		  OutPrecision=Null()
		  }
		 Direction=0
		 BarWidth=0
		 [BarWidth]
		  {
		  Align=0
		  }
		 BarRatio=0
		 ExportAsPicture=False
		 DwgSaveAsJPEG=0
		 Condition=True
		 Animation=""
		 HTMLAnimation=""
		 }
		}
	   [Options]
		{
		Description=Zeilendefinition  1
		[LFont]
		 {
		 Default=True
		 FaceName=Null()
		 GdiCharSet=Null()
		 Size=Null()
		 Width=#Null()
		 Bold=Null()
		 Italic=Null()
		 Underline=Null()
		 Strikeout=Null()
		 Color=Null()
		 PitchAndFamily=Null()
		 OutPrecision=Null()
		 }
		DisplayInDesigner=True
		PDFLevel=0
		PDFText=
		IndexPDFLevel=0
		IndexPDFText=
		[ReservedSpace]
		 {
		 Left=0
		 Top=0
		 Right=0
		 Bottom=0
		 }
		LCondition=True
		Anchor=0
		Anchor.ToTop=True
		}
	   }
	  [Line]
	   {
	   [Columns]
		{
		[Column]
		 {
		 Identifier=
		 Text="Identität der Tiere"
		 Width=25000
		 Height=10000
		 FixedHeight=0
		 bIsotropic=True
		 PlainTextFormat=True
		 Align=0
		 AlignDecPosition=-10000
		 VAlign=0
		 DrawingAlignment=8
		 Adjusted=False
		 LineWrap=1
		 ForceWrap=False
		 FlowControl=False
		 Spacing.Line=0
		 bFill=0
		 FgColor=RGB(0,0,0)
		 SpaceOptimization=True
		 Link.URL=
		 WithText=False
		 MatchDevicePixel=False
		 [Frame]
		  {
		  Default=False
		  Layout=1
		  [Left]
		   {
		   Spacing=1000
		   Line=True
		   [Line]
			{
			Color=RGB(0,0,0)
			LineType=0
			}
		   LineWidth=0
		   }
		  [Top]
		   {
		   Spacing=500
		   Line=False
		   }
		  [Right]
		   {
		   Spacing=1000
		   Line=True
		   [Line]
			{
			Color=RGB(0,0,0)
			LineType=0
			}
		   LineWidth=0
		   }
		  [Bottom]
		   {
		   Spacing=500
		   Line=False
		   }
		  }
		 [Font]
		  {
		  Default=True
		  FaceName=Null()
		  GdiCharSet=Null()
		  Size=Null()
		  Width=#Null()
		  Bold=Null()
		  Italic=Null()
		  Underline=Null()
		  Strikeout=Null()
		  Color=Null()
		  PitchAndFamily=Null()
		  OutPrecision=Null()
		  }
		 Direction=0
		 BarWidth=0
		 [BarWidth]
		  {
		  Align=0
		  }
		 BarRatio=0
		 ExportAsPicture=False
		 DwgSaveAsJPEG=0
		 Condition=True
		 Animation=""
		 HTMLAnimation=""
		 }
		[Column]
		 {
		 Identifier=
		 Text="zum Zeitpunkt der Behandlung/"
		 Width=40000
		 Height=10000
		 FixedHeight=0
		 bIsotropic=True
		 PlainTextFormat=True
		 Align=0
		 AlignDecPosition=-10000
		 VAlign=0
		 DrawingAlignment=8
		 Adjusted=False
		 LineWrap=1
		 ForceWrap=False
		 FlowControl=False
		 Spacing.Line=0
		 bFill=0
		 FgColor=RGB(0,0,0)
		 SpaceOptimization=True
		 Link.URL=
		 WithText=False
		 MatchDevicePixel=False
		 [Frame]
		  {
		  Default=False
		  Layout=1
		  [Left]
		   {
		   Spacing=1000
		   Line=True
		   [Line]
			{
			Color=RGB(0,0,0)
			LineType=0
			}
		   LineWidth=0
		   }
		  [Top]
		   {
		   Spacing=500
		   Line=False
		   }
		  [Right]
		   {
		   Spacing=1000
		   Line=True
		   [Line]
			{
			Color=RGB(0,0,0)
			LineType=0
			}
		   LineWidth=0
		   }
		  [Bottom]
		   {
		   Spacing=500
		   Line=False
		   }
		  }
		 [Font]
		  {
		  Default=True
		  FaceName=Null()
		  GdiCharSet=Null()
		  Size=Null()
		  Width=#Null()
		  Bold=Null()
		  Italic=Null()
		  Underline=Null()
		  Strikeout=Null()
		  Color=Null()
		  PitchAndFamily=Null()
		  OutPrecision=Null()
		  }
		 Direction=0
		 BarWidth=0
		 [BarWidth]
		  {
		  Align=0
		  }
		 BarRatio=0
		 ExportAsPicture=False
		 DwgSaveAsJPEG=0
		 Condition=True
		 Animation=""
		 HTMLAnimation=""
		 }
		[Column]
		 {
		 Identifier=
		 Text="Nr. des tierärztlichen An-"
		 Width=51000
		 Height=10000
		 FixedHeight=0
		 bIsotropic=True
		 PlainTextFormat=True
		 Align=0
		 AlignDecPosition=-10000
		 VAlign=0
		 DrawingAlignment=8
		 Adjusted=False
		 LineWrap=1
		 ForceWrap=False
		 FlowControl=False
		 Spacing.Line=0
		 bFill=0
		 FgColor=RGB(0,0,0)
		 SpaceOptimization=True
		 Link.URL=
		 WithText=False
		 MatchDevicePixel=False
		 [Frame]
		  {
		  Default=False
		  Layout=1
		  [Left]
		   {
		   Spacing=1000
		   Line=True
		   [Line]
			{
			Color=RGB(0,0,0)
			LineType=0
			}
		   LineWidth=0
		   }
		  [Top]
		   {
		   Spacing=500
		   Line=False
		   }
		  [Right]
		   {
		   Spacing=1000
		   Line=True
		   [Line]
			{
			Color=RGB(0,0,0)
			LineType=0
			}
		   LineWidth=0
		   }
		  [Bottom]
		   {
		   Spacing=500
		   Line=False
		   }
		  }
		 [Font]
		  {
		  Default=True
		  FaceName=Null()
		  GdiCharSet=Null()
		  Size=Null()
		  Width=#Null()
		  Bold=Null()
		  Italic=Null()
		  Underline=Null()
		  Strikeout=Null()
		  Color=Null()
		  PitchAndFamily=Null()
		  OutPrecision=Null()
		  }
		 Direction=0
		 BarWidth=0
		 [BarWidth]
		  {
		  Align=0
		  }
		 BarRatio=0
		 ExportAsPicture=False
		 DwgSaveAsJPEG=0
		 Condition=True
		 Animation=""
		 HTMLAnimation=""
		 }
		[Column]
		 {
		 Identifier=
		 Text="Art der Verabreichung und verabreichte Menge des Arzneimittels"
		 Width=91000
		 Height=10000
		 FixedHeight=0
		 bIsotropic=True
		 PlainTextFormat=True
		 Align=0
		 AlignDecPosition=-10000
		 VAlign=0
		 DrawingAlignment=8
		 Adjusted=False
		 LineWrap=1
		 ForceWrap=False
		 FlowControl=False
		 Spacing.Line=0
		 bFill=0
		 FgColor=RGB(0,0,0)
		 SpaceOptimization=True
		 Link.URL=
		 WithText=False
		 MatchDevicePixel=False
		 [Frame]
		  {
		  Default=False
		  Layout=1
		  [Left]
		   {
		   Spacing=1000
		   Line=True
		   [Line]
			{
			Color=RGB(0,0,0)
			LineType=0
			}
		   LineWidth=0
		   }
		  [Top]
		   {
		   Spacing=500
		   Line=False
		   }
		  [Right]
		   {
		   Spacing=1000
		   Line=True
		   [Line]
			{
			Color=RGB(0,0,0)
			LineType=0
			}
		   LineWidth=0
		   }
		  [Bottom]
		   {
		   Spacing=500
		   Line=False
		   }
		  }
		 [Font]
		  {
		  Default=True
		  FaceName=Null()
		  GdiCharSet=Null()
		  Size=Null()
		  Width=#Null()
		  Bold=Null()
		  Italic=Null()
		  Underline=Null()
		  Strikeout=Null()
		  Color=Null()
		  PitchAndFamily=Null()
		  OutPrecision=Null()
		  }
		 Direction=0
		 BarWidth=0
		 [BarWidth]
		  {
		  Align=0
		  }
		 BarRatio=0
		 ExportAsPicture=False
		 DwgSaveAsJPEG=0
		 Condition=True
		 Animation=""
		 HTMLAnimation=""
		 }
		[Column]
		 {
		 Identifier=
		 Text="in Tagen"
		 Width=35000
		 Height=10000
		 FixedHeight=0
		 bIsotropic=True
		 PlainTextFormat=True
		 Align=0
		 AlignDecPosition=-10000
		 VAlign=0
		 DrawingAlignment=8
		 Adjusted=False
		 LineWrap=1
		 ForceWrap=False
		 FlowControl=False
		 Spacing.Line=0
		 bFill=0
		 FgColor=RGB(0,0,0)
		 SpaceOptimization=True
		 Link.URL=
		 WithText=False
		 MatchDevicePixel=False
		 [Frame]
		  {
		  Default=False
		  Layout=1
		  [Left]
		   {
		   Spacing=1000
		   Line=True
		   [Line]
			{
			Color=RGB(0,0,0)
			LineType=0
			}
		   LineWidth=0
		   }
		  [Top]
		   {
		   Spacing=500
		   Line=False
		   }
		  [Right]
		   {
		   Spacing=1000
		   Line=True
		   [Line]
			{
			Color=RGB(0,0,0)
			LineType=0
			}
		   LineWidth=0
		   }
		  [Bottom]
		   {
		   Spacing=500
		   Line=False
		   }
		  }
		 [Font]
		  {
		  Default=True
		  FaceName=Null()
		  GdiCharSet=Null()
		  Size=Null()
		  Width=#Null()
		  Bold=Null()
		  Italic=Null()
		  Underline=Null()
		  Strikeout=Null()
		  Color=Null()
		  PitchAndFamily=Null()
		  OutPrecision=Null()
		  }
		 Direction=0
		 BarWidth=0
		 [BarWidth]
		  {
		  Align=0
		  }
		 BarRatio=0
		 ExportAsPicture=False
		 DwgSaveAsJPEG=0
		 Condition=True
		 Animation=""
		 HTMLAnimation=""
		 }
		[Column]
		 {
		 Identifier=
		 Text="anwendenden"
		 Width=37000
		 Height=10000
		 FixedHeight=0
		 bIsotropic=True
		 PlainTextFormat=True
		 Align=0
		 AlignDecPosition=-10000
		 VAlign=0
		 DrawingAlignment=8
		 Adjusted=False
		 LineWrap=1
		 ForceWrap=False
		 FlowControl=False
		 Spacing.Line=0
		 bFill=0
		 FgColor=RGB(0,0,0)
		 SpaceOptimization=True
		 Link.URL=
		 WithText=False
		 MatchDevicePixel=False
		 [Frame]
		  {
		  Default=False
		  Layout=1
		  [Left]
		   {
		   Spacing=1000
		   Line=True
		   [Line]
			{
			Color=RGB(0,0,0)
			LineType=0
			}
		   LineWidth=0
		   }
		  [Top]
		   {
		   Spacing=500
		   Line=False
		   }
		  [Right]
		   {
		   Spacing=1000
		   Line=True
		   [Line]
			{
			Color=RGB(0,0,0)
			LineType=0
			}
		   LineWidth=0
		   }
		  [Bottom]
		   {
		   Spacing=500
		   Line=False
		   }
		  }
		 [Font]
		  {
		  Default=True
		  FaceName=Null()
		  GdiCharSet=Null()
		  Size=Null()
		  Width=#Null()
		  Bold=Null()
		  Italic=Null()
		  Underline=Null()
		  Strikeout=Null()
		  Color=Null()
		  PitchAndFamily=Null()
		  OutPrecision=Null()
		  }
		 Direction=0
		 BarWidth=0
		 [BarWidth]
		  {
		  Align=0
		  }
		 BarRatio=0
		 ExportAsPicture=False
		 DwgSaveAsJPEG=0
		 Condition=True
		 Animation=""
		 HTMLAnimation=""
		 }
		}
	   [Options]
		{
		Description=Zeilendefinition  2
		[LFont]
		 {
		 Default=True
		 FaceName=Null()
		 GdiCharSet=Null()
		 Size=Null()
		 Width=#Null()
		 Bold=Null()
		 Italic=Null()
		 Underline=Null()
		 Strikeout=Null()
		 Color=Null()
		 PitchAndFamily=Null()
		 OutPrecision=Null()
		 }
		DisplayInDesigner=True
		PDFLevel=0
		PDFText=
		IndexPDFLevel=0
		IndexPDFText=
		[ReservedSpace]
		 {
		 Left=0
		 Top=0
		 Right=0
		 Bottom=0
		 }
		LCondition=True
		Anchor=0
		Anchor.ToTop=True
		}
	   }
	  [Line]
	   {
	   [Columns]
		{
		[Column]
		 {
		 Identifier=
		 Text=""
		 Width=25000
		 Height=10000
		 FixedHeight=0
		 bIsotropic=True
		 PlainTextFormat=True
		 Align=0
		 AlignDecPosition=-10000
		 VAlign=0
		 DrawingAlignment=8
		 Adjusted=False
		 LineWrap=1
		 ForceWrap=False
		 FlowControl=False
		 Spacing.Line=0
		 bFill=0
		 FgColor=RGB(0,0,0)
		 SpaceOptimization=True
		 Link.URL=
		 WithText=False
		 MatchDevicePixel=False
		 [Frame]
		  {
		  Default=False
		  Layout=1
		  [Left]
		   {
		   Spacing=1000
		   Line=True
		   [Line]
			{
			Color=RGB(0,0,0)
			LineType=0
			}
		   LineWidth=0
		   }
		  [Top]
		   {
		   Spacing=500
		   Line=False
		   }
		  [Right]
		   {
		   Spacing=1000
		   Line=True
		   [Line]
			{
			Color=RGB(0,0,0)
			LineType=0
			}
		   LineWidth=0
		   }
		  [Bottom]
		   {
		   Spacing=500
		   Line=True
		   [Line]
			{
			Color=RGB(0,0,0)
			LineType=0
			}
		   LineWidth=0
		   }
		  }
		 [Font]
		  {
		  Default=True
		  FaceName=Null()
		  GdiCharSet=Null()
		  Size=Null()
		  Width=#Null()
		  Bold=Null()
		  Italic=Null()
		  Underline=Null()
		  Strikeout=Null()
		  Color=Null()
		  PitchAndFamily=Null()
		  OutPrecision=Null()
		  }
		 Direction=0
		 BarWidth=0
		 [BarWidth]
		  {
		  Align=0
		  }
		 BarRatio=0
		 ExportAsPicture=False
		 DwgSaveAsJPEG=0
		 Condition=True
		 Animation=""
		 HTMLAnimation=""
		 }
		[Column]
		 {
		 Identifier=
		 Text="in der Wartezeit"
		 Width=40000
		 Height=10000
		 FixedHeight=0
		 bIsotropic=True
		 PlainTextFormat=True
		 Align=0
		 AlignDecPosition=-10000
		 VAlign=0
		 DrawingAlignment=8
		 Adjusted=False
		 LineWrap=1
		 ForceWrap=False
		 FlowControl=False
		 Spacing.Line=0
		 bFill=0
		 FgColor=RGB(0,0,0)
		 SpaceOptimization=True
		 Link.URL=
		 WithText=False
		 MatchDevicePixel=False
		 [Frame]
		  {
		  Default=False
		  Layout=1
		  [Left]
		   {
		   Spacing=1000
		   Line=True
		   [Line]
			{
			Color=RGB(0,0,0)
			LineType=0
			}
		   LineWidth=0
		   }
		  [Top]
		   {
		   Spacing=500
		   Line=False
		   }
		  [Right]
		   {
		   Spacing=1000
		   Line=True
		   [Line]
			{
			Color=RGB(0,0,0)
			LineType=0
			}
		   LineWidth=0
		   }
		  [Bottom]
		   {
		   Spacing=500
		   Line=True
		   [Line]
			{
			Color=RGB(0,0,0)
			LineType=0
			}
		   LineWidth=0
		   }
		  }
		 [Font]
		  {
		  Default=True
		  FaceName=Null()
		  GdiCharSet=Null()
		  Size=Null()
		  Width=#Null()
		  Bold=Null()
		  Italic=Null()
		  Underline=Null()
		  Strikeout=Null()
		  Color=Null()
		  PitchAndFamily=Null()
		  OutPrecision=Null()
		  }
		 Direction=0
		 BarWidth=0
		 [BarWidth]
		  {
		  Align=0
		  }
		 BarRatio=0
		 ExportAsPicture=False
		 DwgSaveAsJPEG=0
		 Condition=True
		 Animation=""
		 HTMLAnimation=""
		 }
		[Column]
		 {
		 Identifier=
		 Text="wendungs- und Abgabe-"
		 Width=51000
		 Height=10000
		 FixedHeight=0
		 bIsotropic=True
		 PlainTextFormat=True
		 Align=0
		 AlignDecPosition=-10000
		 VAlign=0
		 DrawingAlignment=8
		 Adjusted=False
		 LineWrap=1
		 ForceWrap=False
		 FlowControl=False
		 Spacing.Line=0
		 bFill=0
		 FgColor=RGB(0,0,0)
		 SpaceOptimization=True
		 Link.URL=
		 WithText=False
		 MatchDevicePixel=False
		 [Frame]
		  {
		  Default=False
		  Layout=1
		  [Left]
		   {
		   Spacing=1000
		   Line=True
		   [Line]
			{
			Color=RGB(0,0,0)
			LineType=0
			}
		   LineWidth=0
		   }
		  [Top]
		   {
		   Spacing=500
		   Line=False
		   }
		  [Right]
		   {
		   Spacing=1000
		   Line=True
		   [Line]
			{
			Color=RGB(0,0,0)
			LineType=0
			}
		   LineWidth=0
		   }
		  [Bottom]
		   {
		   Spacing=500
		   Line=True
		   [Line]
			{
			Color=RGB(0,0,0)
			LineType=0
			}
		   LineWidth=0
		   }
		  }
		 [Font]
		  {
		  Default=True
		  FaceName=Null()
		  GdiCharSet=Null()
		  Size=Null()
		  Width=#Null()
		  Bold=Null()
		  Italic=Null()
		  Underline=Null()
		  Strikeout=Null()
		  Color=Null()
		  PitchAndFamily=Null()
		  OutPrecision=Null()
		  }
		 Direction=0
		 BarWidth=0
		 [BarWidth]
		  {
		  Align=0
		  }
		 BarRatio=0
		 ExportAsPicture=False
		 DwgSaveAsJPEG=0
		 Condition=True
		 Animation=""
		 HTMLAnimation=""
		 }
		[Column]
		 {
		 Identifier=
		 Text=""
		 Width=91000
		 Height=10000
		 FixedHeight=0
		 bIsotropic=True
		 PlainTextFormat=True
		 Align=0
		 AlignDecPosition=-10000
		 VAlign=0
		 DrawingAlignment=8
		 Adjusted=False
		 LineWrap=1
		 ForceWrap=False
		 FlowControl=False
		 Spacing.Line=0
		 bFill=0
		 FgColor=RGB(0,0,0)
		 SpaceOptimization=True
		 Link.URL=
		 WithText=False
		 MatchDevicePixel=False
		 [Frame]
		  {
		  Default=False
		  Layout=1
		  [Left]
		   {
		   Spacing=1000
		   Line=True
		   [Line]
			{
			Color=RGB(0,0,0)
			LineType=0
			}
		   LineWidth=0
		   }
		  [Top]
		   {
		   Spacing=500
		   Line=False
		   }
		  [Right]
		   {
		   Spacing=1000
		   Line=True
		   [Line]
			{
			Color=RGB(0,0,0)
			LineType=0
			}
		   LineWidth=0
		   }
		  [Bottom]
		   {
		   Spacing=500
		   Line=True
		   [Line]
			{
			Color=RGB(0,0,0)
			LineType=0
			}
		   LineWidth=0
		   }
		  }
		 [Font]
		  {
		  Default=True
		  FaceName=Null()
		  GdiCharSet=Null()
		  Size=Null()
		  Width=#Null()
		  Bold=Null()
		  Italic=Null()
		  Underline=Null()
		  Strikeout=Null()
		  Color=Null()
		  PitchAndFamily=Null()
		  OutPrecision=Null()
		  }
		 Direction=0
		 BarWidth=0
		 [BarWidth]
		  {
		  Align=0
		  }
		 BarRatio=0
		 ExportAsPicture=False
		 DwgSaveAsJPEG=0
		 Condition=True
		 Animation=""
		 HTMLAnimation=""
		 }
		[Column]
		 {
		 Identifier=
		 Text=""
		 Width=35000
		 Height=10000
		 FixedHeight=0
		 bIsotropic=True
		 PlainTextFormat=True
		 Align=0
		 AlignDecPosition=-10000
		 VAlign=0
		 DrawingAlignment=8
		 Adjusted=False
		 LineWrap=1
		 ForceWrap=False
		 FlowControl=False
		 Spacing.Line=0
		 bFill=0
		 FgColor=RGB(0,0,0)
		 SpaceOptimization=True
		 Link.URL=
		 WithText=False
		 MatchDevicePixel=False
		 [Frame]
		  {
		  Default=False
		  Layout=1
		  [Left]
		   {
		   Spacing=1000
		   Line=True
		   [Line]
			{
			Color=RGB(0,0,0)
			LineType=0
			}
		   LineWidth=0
		   }
		  [Top]
		   {
		   Spacing=500
		   Line=False
		   }
		  [Right]
		   {
		   Spacing=1000
		   Line=True
		   [Line]
			{
			Color=RGB(0,0,0)
			LineType=0
			}
		   LineWidth=0
		   }
		  [Bottom]
		   {
		   Spacing=500
		   Line=True
		   [Line]
			{
			Color=RGB(0,0,0)
			LineType=0
			}
		   LineWidth=0
		   }
		  }
		 [Font]
		  {
		  Default=True
		  FaceName=Null()
		  GdiCharSet=Null()
		  Size=Null()
		  Width=#Null()
		  Bold=Null()
		  Italic=Null()
		  Underline=Null()
		  Strikeout=Null()
		  Color=Null()
		  PitchAndFamily=Null()
		  OutPrecision=Null()
		  }
		 Direction=0
		 BarWidth=0
		 [BarWidth]
		  {
		  Align=0
		  }
		 BarRatio=0
		 ExportAsPicture=False
		 DwgSaveAsJPEG=0
		 Condition=True
		 Animation=""
		 HTMLAnimation=""
		 }
		[Column]
		 {
		 Identifier=
		 Text="Person"
		 Width=37000
		 Height=10000
		 FixedHeight=0
		 bIsotropic=True
		 PlainTextFormat=True
		 Align=0
		 AlignDecPosition=-10000
		 VAlign=0
		 DrawingAlignment=8
		 Adjusted=False
		 LineWrap=1
		 ForceWrap=False
		 FlowControl=False
		 Spacing.Line=0
		 bFill=0
		 FgColor=RGB(0,0,0)
		 SpaceOptimization=True
		 Link.URL=
		 WithText=False
		 MatchDevicePixel=False
		 [Frame]
		  {
		  Default=False
		  Layout=1
		  [Left]
		   {
		   Spacing=1000
		   Line=True
		   [Line]
			{
			Color=RGB(0,0,0)
			LineType=0
			}
		   LineWidth=0
		   }
		  [Top]
		   {
		   Spacing=500
		   Line=False
		   }
		  [Right]
		   {
		   Spacing=1000
		   Line=True
		   [Line]
			{
			Color=RGB(0,0,0)
			LineType=0
			}
		   LineWidth=0
		   }
		  [Bottom]
		   {
		   Spacing=500
		   Line=True
		   [Line]
			{
			Color=RGB(0,0,0)
			LineType=0
			}
		   LineWidth=0
		   }
		  }
		 [Font]
		  {
		  Default=True
		  FaceName=Null()
		  GdiCharSet=Null()
		  Size=Null()
		  Width=#Null()
		  Bold=Null()
		  Italic=Null()
		  Underline=Null()
		  Strikeout=Null()
		  Color=Null()
		  PitchAndFamily=Null()
		  OutPrecision=Null()
		  }
		 Direction=0
		 BarWidth=0
		 [BarWidth]
		  {
		  Align=0
		  }
		 BarRatio=0
		 ExportAsPicture=False
		 DwgSaveAsJPEG=0
		 Condition=True
		 Animation=""
		 HTMLAnimation=""
		 }
		}
	   [Options]
		{
		Description=Zeilendefinition  3
		[LFont]
		 {
		 Default=True
		 FaceName=Null()
		 GdiCharSet=Null()
		 Size=Null()
		 Width=#Null()
		 Bold=Null()
		 Italic=Null()
		 Underline=Null()
		 Strikeout=Null()
		 Color=Null()
		 PitchAndFamily=Null()
		 OutPrecision=Null()
		 }
		DisplayInDesigner=True
		PDFLevel=0
		PDFText=
		IndexPDFLevel=0
		IndexPDFText=
		[ReservedSpace]
		 {
		 Left=0
		 Top=0
		 Right=0
		 Bottom=0
		 }
		LCondition=True
		Anchor=0
		Anchor.ToTop=True
		}
	   }
	  }
	 [Options]
	  {
	  }
	 }
	[Footer]
	 {
	 [Lines]
	  {
	  [Line]
	   {
	   [Columns]
		{
		}
	   [Options]
		{
		Description=
		[LFont]
		 {
		 Default=True
		 FaceName=Null()
		 GdiCharSet=Null()
		 Size=Null()
		 Width=#Null()
		 Bold=Null()
		 Italic=Null()
		 Underline=Null()
		 Strikeout=Null()
		 Color=Null()
		 PitchAndFamily=Null()
		 OutPrecision=Null()
		 }
		DisplayInDesigner=True
		PDFLevel=0
		PDFText=
		IndexPDFLevel=0
		IndexPDFText=
		[ReservedSpace]
		 {
		 Left=0
		 Top=0
		 Right=0
		 Bottom=0
		 }
		LCondition=True
		Anchor=0
		Anchor.ToTop=True
		}
	   }
	  }
	 [Options]
	  {
	  }
	 }
	[GroupHeader]
	 {
	 [Lines]
	  {
	  [Line]
	   {
	   [Columns]
		{
		[Column]
		 {
		 Identifier=
		 Text=Halter.Kennung
		 Width=271000
		 Height=10000
		 FixedHeight=0
		 bIsotropic=True
		 PlainTextFormat=True
		 Align=0
		 AlignDecPosition=-10000
		 VAlign=0
		 DrawingAlignment=8
		 Adjusted=False
		 LineWrap=1
		 ForceWrap=False
		 FlowControl=False
		 Spacing.Line=0
		 bFill=0
		 FgColor=RGB(0,0,0)
		 SpaceOptimization=True
		 Link.URL=
		 WithText=False
		 MatchDevicePixel=False
		 [Frame]
		  {
		  Default=False
		  Layout=1
		  [Left]
		   {
		   Spacing=1000
		   Line=False
		   }
		  [Top]
		   {
		   Spacing=0
		   Line=False
		   }
		  [Right]
		   {
		   Spacing=1000
		   Line=False
		   }
		  [Bottom]
		   {
		   Spacing=0
		   Line=False
		   }
		  }
		 [Font]
		  {
		  Default=False
		  FaceName="Calibri"
		  GdiCharSet=0
		  Size=1
		  Width=0
		  Bold=False
		  Italic=False
		  Underline=False
		  Strikeout=False
		  Color=RGB(255,255,255)
		  PitchAndFamily=34
		  OutPrecision=3
		  }
		 Direction=0
		 BarWidth=0
		 [BarWidth]
		  {
		  Align=0
		  }
		 BarRatio=0
		 ExportAsPicture=False
		 DwgSaveAsJPEG=0
		 Condition=True
		 Animation=""
		 HTMLAnimation=""
		 }
		}
	   [Options]
		{
		Description=Halter
		[LFont]
		 {
		 Default=True
		 FaceName=Null()
		 GdiCharSet=Null()
		 Size=Null()
		 Width=#Null()
		 Bold=Null()
		 Italic=Null()
		 Underline=Null()
		 Strikeout=Null()
		 Color=Null()
		 PitchAndFamily=Null()
		 OutPrecision=Null()
		 }
		DisplayInDesigner=True
		PDFLevel=1
		PDFText=
		IndexPDFLevel=0
		IndexPDFText=
		[ReservedSpace]
		 {
		 Left=0
		 Top=1000
		 Right=0
		 Bottom=0
		 }
		Anchor=0
		Anchor.ToTop=True
		GroupCondition=Halter.Kennung
		ResetSums=@AnzInGruppe;
		OnNewPage=True
		[OnNewPage]
		 {
		 ResetPageNumberOption=0
		 }
		PrintRightAfterHeader=True
		LCondition=True
		}
	   }
	  }
	 [Options]
	  {
	  }
	 }
	[GroupFooter]
	 {
	 [Lines]
	  {
	  [Line]
	   {
	   [Columns]
		{
		}
	   [Options]
		{
		Description=
		[LFont]
		 {
		 Default=True
		 FaceName=Null()
		 GdiCharSet=Null()
		 Size=Null()
		 Width=#Null()
		 Bold=Null()
		 Italic=Null()
		 Underline=Null()
		 Strikeout=Null()
		 Color=Null()
		 PitchAndFamily=Null()
		 OutPrecision=Null()
		 }
		DisplayInDesigner=True
		PDFLevel=0
		PDFText=
		IndexPDFLevel=0
		IndexPDFText=
		[ReservedSpace]
		 {
		 Left=0
		 Top=0
		 Right=0
		 Bottom=1000
		 }
		Anchor=0
		Anchor.ToTop=True
		GroupCondition=
		ResetSums=
		TriggerNewPage=False
		LCondition=True
		}
	   }
	  }
	 [Options]
	  {
	  }
	 }
	}
   }
  }
[Object]
 ObjectID=1
 ObjectName=Text
 Locked=FALSE
 LinkUUID={BFE5980A-1B48-4205-8C84-6047021CB8BE}
 LinkMode=0
 LayerID=2
 LayerCond=
 GroupUUID=
 Identifier=Halter.Name1
 Condition=True
 UserLocked=False
 WrapBefore=False
 bPageWrap=False
 ExportAsPicture=False
 Position/Left=160000
 Position/Top=10000
 Position/Width=130000
 Position/Height=25000
 Direction=0
 bFill=0
 Frame/Layout=0
 Frame/Left/Spacing=0
 Frame/Left/Line=False
 Frame/Top/Spacing=0
 Frame/Top/Line=False
 Frame/Right/Spacing=0
 Frame/Right/Line=False
 Frame/Bottom/Spacing=0
 Frame/Bottom/Line=False
 PDFLevel=0
 PDFText=
 IndexPDFLevel=0
 IndexPDFText=
 IssueCondition=True
 Link.URL=
 Animation=""
 HTMLAnimation=""
 bBottomAligned=0
 [@Lines]
  {
  [Lines]
   {
   [Line]
	{
	[Font]
	 {
	 Default=False
	 FaceName="Calibri"
	 GdiCharSet=0
	 Size=12
	 Width=0
	 Bold=False
	 Italic=False
	 Underline=False
	 Strikeout=False
	 Color=RGB(0,0,0)
	 PitchAndFamily=34
	 OutPrecision=3
	 }
	Align=0
	Adjusted=False
	Uneraseable=False
	LineWrap=1
	PageWrapAllowed=True
	ForceWrap=False
	SpaceOptimization=True
	Spacing.Paragraph=0
	Spacing.Line=0
	OutputFormatter=
	Condition=True
	[ConditionalFormatter]
	 {
	 }
	Text=Halter.Name1
	Tab=0
	TabAlign=0
	}
   [Line]
	{
	[Font]
	 {
	 Default=False
	 FaceName="Calibri"
	 GdiCharSet=0
	 Size=12
	 Width=0
	 Bold=False
	 Italic=False
	 Underline=False
	 Strikeout=False
	 Color=RGB(0,0,0)
	 PitchAndFamily=34
	 OutPrecision=3
	 }
	Align=0
	Adjusted=False
	Uneraseable=False
	LineWrap=0
	PageWrapAllowed=False
	ForceWrap=False
	SpaceOptimization=True
	Spacing.Paragraph=0
	Spacing.Line=0
	OutputFormatter=
	Condition=True
	[ConditionalFormatter]
	 {
	 }
	Text=Halter.Name2
	Tab=0
	TabAlign=0
	}
   [Line]
	{
	[Font]
	 {
	 Default=False
	 FaceName="Calibri"
	 GdiCharSet=0
	 Size=12
	 Width=0
	 Bold=False
	 Italic=False
	 Underline=False
	 Strikeout=False
	 Color=RGB(0,0,0)
	 PitchAndFamily=34
	 OutPrecision=3
	 }
	Align=0
	Adjusted=False
	Uneraseable=False
	LineWrap=0
	PageWrapAllowed=False
	ForceWrap=False
	SpaceOptimization=True
	Spacing.Paragraph=0
	Spacing.Line=0
	OutputFormatter=
	Condition=True
	[ConditionalFormatter]
	 {
	 }
	Text=Halter.Strasse
	Tab=0
	TabAlign=0
	}
   [Line]
	{
	[Font]
	 {
	 Default=False
	 FaceName="Calibri"
	 GdiCharSet=0
	 Size=12
	 Width=0
	 Bold=False
	 Italic=False
	 Underline=False
	 Strikeout=False
	 Color=RGB(0,0,0)
	 PitchAndFamily=34
	 OutPrecision=3
	 }
	Align=0
	Adjusted=False
	Uneraseable=False
	LineWrap=0
	PageWrapAllowed=False
	ForceWrap=False
	SpaceOptimization=True
	Spacing.Paragraph=0
	Spacing.Line=0
	OutputFormatter=
	Condition=True
	[ConditionalFormatter]
	 {
	 }
	Text=Halter.PLZ + " " + Halter.Ort
	Tab=0
	TabAlign=0
	}
   [Line]
	{
	[Font]
	 {
	 Default=True
	 FaceName=Null()
	 GdiCharSet=Null()
	 Size=Null()
	 Width=#Null()
	 Bold=Null()
	 Italic=Null()
	 Underline=Null()
	 Strikeout=Null()
	 Color=Null()
	 PitchAndFamily=Null()
	 OutPrecision=Null()
	 }
	Align=0
	Adjusted=False
	Uneraseable=False
	LineWrap=1
	PageWrapAllowed=True
	ForceWrap=False
	SpaceOptimization=True
	Spacing.Paragraph=0
	Spacing.Line=0
	OutputFormatter=
	Condition=True
	[ConditionalFormatter]
	 {
	 }
	Text=" "
	Tab=0
	TabAlign=0
	}
   [Line]
	{
	[Font]
	 {
	 Default=False
	 FaceName="Calibri"
	 GdiCharSet=0
	 Size=8
	 Width=0
	 Bold=False
	 Italic=False
	 Underline=False
	 Strikeout=False
	 Color=RGB(0,0,0)
	 PitchAndFamily=34
	 OutPrecision=3
	 }
	Align=0
	Adjusted=False
	Uneraseable=False
	LineWrap=1
	PageWrapAllowed=True
	ForceWrap=False
	SpaceOptimization=True
	Spacing.Paragraph=0
	Spacing.Line=0
	OutputFormatter=
	Condition=True
	[ConditionalFormatter]
	 {
	 }
	Text="Name und Anschrift des Tierhalters"
	Tab=0
	TabAlign=0
	}
   }
  }
[Object]
 ObjectID=1
 ObjectName=Text
 Locked=FALSE
 LinkUUID={BDAF8DA0-D24A-4FF3-92B8-59516D7C5FAD}
 LinkMode=32
 LayerID=2
 LayerCond=
 GroupUUID=
 Identifier=Halter links
 Condition=True
 UserLocked=False
 WrapBefore=False
 bPageWrap=False
 ExportAsPicture=False
 Position/Left=5000
 Position/Top=10000
 Position/Width=2900
 Position/Height=184200
 Direction=1
 bFill=0
 Frame/Layout=0
 Frame/Left/Spacing=0
 Frame/Left/Line=False
 Frame/Top/Spacing=0
 Frame/Top/Line=False
 Frame/Right/Spacing=0
 Frame/Right/Line=False
 Frame/Bottom/Spacing=0
 Frame/Bottom/Line=True
 Frame/Bottom/Line/Color=RGB(0,0,0)
 Frame/Bottom/Line/LineType=0
 Frame/Bottom/LineWidth=0
 PDFLevel=0
 PDFText=
 IndexPDFLevel=0
 IndexPDFText=
 IssueCondition=True
 Link.URL=
 Animation=""
 HTMLAnimation=""
 bBottomAligned=0
 [@Lines]
  {
  [Lines]
   {
   [Line]
	{
	[Font]
	 {
	 Default=True
	 FaceName=Null()
	 GdiCharSet=Null()
	 Size=Null()
	 Width=#Null()
	 Bold=Null()
	 Italic=Null()
	 Underline=Null()
	 Strikeout=Null()
	 Color=Null()
	 PitchAndFamily=Null()
	 OutPrecision=Null()
	 }
	Align=2
	Adjusted=False
	Uneraseable=False
	LineWrap=1
	PageWrapAllowed=True
	ForceWrap=False
	SpaceOptimization=True
	Spacing.Paragraph=0
	Spacing.Line=0
	OutputFormatter=
	Condition=True
	[ConditionalFormatter]
	 {
	 }
	Text=Halter.Name1 + Cond(Halter.Name2 <> "",Halter.Name2 + ", ","") + Halter.Strasse + ", " + Halter.PLZ + " " + Halter.Ort + "     Seite " + Str$(Page(),0,0) + "/" + TotalPages$ ()
	Tab=0
	TabAlign=0
	}
   }
  }
[UserVariables]
[Parameters]
 [@Parameters]
  {
  [Parameters]
   {
   LL.ProjectDescription=PrintMachine-Infos
   }
  }
[UsedIdentifiers]
 Variables=Benutzer.EMail;Bericht.Deckblatt;Bericht.GUID;Bericht.HalterNr;Bericht.Land;Bericht.MitgliedNr;Bericht.Name;Bericht.Name1;Bericht.Name2;Bericht.Ort;Bericht.RechnungNr;Bericht.Strasse;Halter.Name1;Halter.Name2;Halter.Ort;Halter.PLZ;Halter.Strasse;Mitglied.Namenszeile;PMEmail
 Fields=AnzahlK;Art;Bezeichnung;Datum;Halter.Kennung;Identitäten;Nr;Ort;Verabreichung;Wartezeit.Fleisch;Wartezeit.Milch
 ChartFields=
[PageLayouts]
 [@PageLayouts]
  {
  [PageLayouts]
   {
   [PageLayout]
	{
	DisplayName=
	Condition=True
	SourceTray=0
	ForcePaperFormat=True
	UsePhysicalPaper=True
	PaperFormat=9
	PaperFormat.cx=297000
	PaperFormat.cy=210000
	PaperFormat.Orientation=2
	Copies=1
	Duplex=0
	Collate=0
	FitPage=False
	ShowInPrintDialog=True
	}
   }
  }
[ExtendedInfo]
 [@ExtendedInfos]
  {
  [AutoTranslationTable.ID]
   {
   1={E53C9E39-DEDC-4FCA-981A-047E637303DF}
   3={BFE5980A-1B48-4205-8C84-6047021CB8BE}
   7={BDAF8DA0-D24A-4FF3-92B8-59516D7C5FAD}
   196={1AC67BA8-1604-4070-B1F4-ACB7351F8A9E}
   }
  [UIDescriptions]
   {
   }
  }
