[List description]
[Description]
 Text=PrintMachine-Infos
 FileVersion=10
 Units=SCM-Units
 Metric=0
 TextQuote.Start=1
 TextQuote.End=1
 RepresentationCode.CondStart=171
 RepresentationCode.CondSep=166
 RepresentationCode.CondEnd=187
 RepresentationCode.Tab=247
 RepresentationCode.Ret=182
 RepresentationCode.PhantomSpace=2
 RepresentationCode.LockNextChar=3
 RepresentationCode.ExprSep=164
 LCID=1031
 UserVars.ManualSortOrder=1
 Created=30.12.2011, 10:56:31
 CreatedByApp=CBI52.EXE [5.2-SP4, Build 25690]
 CreatedByDLL=CMLL13.DLL [13,12,0,0 (08-06-10 15:10)]
 CreatedByUser=keuer on KEUER2
 LastModified=22.11.2016, 09:14:18
 LastModifiedByApp=CBI61.EXE [6.1-SP4, Build 38114M]
 LastModifiedByDLL=CMLL17.DLL [17.3.2012.9809 (12-04-05 09:06)F]
 LastModifiedByUser=keuer on PCKEUER
 CreatedByCallFrom=comctl32.dll
[Layout]
 P1.Template=
 xGrid=1000
 yGrid=1000
 GridShow=FALSE
 GridSnap=FALSE
 EnhancedExpressions=TRUE
 EnhancedOldExpressions=FALSE
 Decimals=2
 RealDataPreviewPageLimit=2
 DefFont={(0,0,0),12.000000,-16,0,0,0,400,0,0,0,0,4,0,0,0,Calibri}
 HelpLines.Horizontal=
 HelpLines.Vertical=
 PDF.MaxOutlineDepth=2
 PDF.MaxOutlineDepth.IDX=3
 DefaultSize.Objecttype1=(0,0,114900,7800)
 DefaultSize.Objecttype6=(0,0,279100,162600)
 DefaultSize.Objecttype11=(0,0,279300,163000)
 ObjectCount=8
[UserSection]

[SumVariables]
[Layer]
 Name=Basis
 Condition=
 WorkspaceColor=(102,102,102)
 Visible=TRUE
 LayerID=0
[Layer]
 Name=Erste Seite
 Condition=Page() = 1
 WorkspaceColor=(197,207,10)
 Visible=TRUE
 LayerID=1
[Layer]
 Name=Folgeseiten
 Condition=Page() <> 1
 WorkspaceColor=(161,203,243)
 Visible=TRUE
 LayerID=2
[ProjectTemplates]
 [@ProjectTemplates]
  {
  [ProjectTemplates]
   {
   [ProjectTemplate]
	{
	Identifier=
	bVisible=True
	Condition=True
	Filename=ProjectPath$() + "Grund-Baustein_A4quer.lst"
	}
   [ProjectTemplate]
	{
	Identifier=
	bVisible=True
	Condition=True
	Filename=ProjectPath$() + "PrintMachine-Infos A4 quer ohne Halterinfo.lst"
	}
   }
  }
[Object]
 ObjectID=6
 ObjectName=Tabelle
 Locked=FALSE
 LinkID=6
 LinkToID=0
 LinkMode=32
 LayerID=0
 GroupID=0
 Identifier=
 Condition=True
 UserLocked=False
 WrapBefore=False
 Position/Left=5900
 Position/Top=16700
 Position/Width=279100
 Position/Height=162600
 Direction=0
 PDFLevel=0
 PDFText=
 IndexPDFLevel=0
 IndexPDFText=
 IssueCondition=True
 bFooterOnBottom=False
 bFillBottom=False
 DefaultFont/Default=True
 DefaultFont/FaceName="Calibri"
 DefaultFont/GdiCharSet=0
 DefaultFont/Size=12.0
 DefaultFont/Width=0
 DefaultFont/Bold=False
 DefaultFont/Italic=False
 DefaultFont/Underline=False
 DefaultFont/Strikeout=False
 DefaultFont/Color=LL.Color.Black
 DefaultFont/PitchAndFamily=0
 DefaultFont/OutPrecision=4
 FgColor=LL.Color.Black
 bFill=0
 ColumnCount=0
 [@Tables]
  {
  [Tables]
   {
   [Table]
	{
	TableType=List
	TableID=
	RelationID=
	[GroupHeaderLines]
	 {
	 bConcatDataLines=True
	 bKeepTogether=False
	 }
	[GroupFooterLines]
	 {
	 bAlsoOnEmptyGroup=False
	 bKeepTogether=False
	 }
	[DataLines]
	 {
	 bKeepTogether=True
	 bSuppress=False
	 bForceSumCalculation=True
	 }
	ZebraPattern=0
	[FooterLines]
	 {
	 bKeepTogether=False
	 }
	PageBreakCondition=False
	[DefaultFrame]
	 {
	 Layout=1
	 [Left]
	  {
	  Spacing=1000
	  Line=True
	  [Line]
	   {
	   Color=LL.Color.Black
	   LineType=0
	   }
	  LineWidth=0
	  }
	 [Top]
	  {
	  Spacing=500
	  Line=True
	  [Line]
	   {
	   Color=LL.Color.Black
	   LineType=0
	   }
	  LineWidth=0
	  }
	 [Right]
	  {
	  Spacing=1000
	  Line=True
	  [Line]
	   {
	   Color=LL.Color.Black
	   LineType=0
	   }
	  LineWidth=0
	  }
	 [Bottom]
	  {
	  Spacing=500
	  Line=True
	  [Line]
	   {
	   Color=LL.Color.Black
	   LineType=0
	   }
	  LineWidth=0
	  }
	 }
	ColumnCount=0
	FormulaFilter=True
	DesignScheme="PROJECT"
	[Body]
	 {
	 [Lines]
	  {
	  [Line]
	   {
	   [Columns]
		{
		[Column]
		 {
		 Identifier=
		 OutputFormatter=
		 Text=Jahr
		 Width=30000
		 Height=10000
		 FixedHeight=0
		 bIsotropic=True
		 PlainTextFormat=True
		 Align=0
		 AlignDecPosition=-10000
		 VAlign=0
		 DrawingAlignment=8
		 Adjusted=False
		 LineWrap=1
		 ForceWrap=False
		 FlowControl=False
		 Spacing.Line=0
		 bFill=0
		 FgColor=LL.Color.Black
		 SpaceOptimization=True
		 Link.URL=
		 WithText=False
		 [Frame]
		  {
		  Default=True
		  Layout=1
		  [Left]
		   {
		   Spacing=1000
		   Line=True
		   [Line]
			{
			Color=LL.Color.Black
			LineType=0
			}
		   LineWidth=0
		   }
		  [Top]
		   {
		   Spacing=500
		   Line=True
		   [Line]
			{
			Color=LL.Color.Black
			LineType=0
			}
		   LineWidth=0
		   }
		  [Right]
		   {
		   Spacing=1000
		   Line=True
		   [Line]
			{
			Color=LL.Color.Black
			LineType=0
			}
		   LineWidth=0
		   }
		  [Bottom]
		   {
		   Spacing=500
		   Line=True
		   [Line]
			{
			Color=LL.Color.Black
			LineType=0
			}
		   LineWidth=0
		   }
		  }
		 [Font]
		  {
		  Default=True
		  }
		 Direction=0
		 BarWidth=0
		 [BarWidth]
		  {
		  Align=0
		  }
		 BarRatio=0
		 ExportAsPicture=False
		 DwgSaveAsJPEG=False
		 Condition=True
		 }
		[Column]
		 {
		 Identifier=
		 OutputFormatter=
		 Text=Monat
		 Width=30000
		 Height=10000
		 FixedHeight=0
		 bIsotropic=True
		 PlainTextFormat=True
		 Align=0
		 AlignDecPosition=-10000
		 VAlign=0
		 DrawingAlignment=8
		 Adjusted=False
		 LineWrap=1
		 ForceWrap=False
		 FlowControl=False
		 Spacing.Line=0
		 bFill=0
		 FgColor=LL.Color.Black
		 SpaceOptimization=True
		 Link.URL=
		 WithText=False
		 [Frame]
		  {
		  Default=True
		  Layout=1
		  [Left]
		   {
		   Spacing=1000
		   Line=True
		   [Line]
			{
			Color=LL.Color.Black
			LineType=0
			}
		   LineWidth=0
		   }
		  [Top]
		   {
		   Spacing=500
		   Line=True
		   [Line]
			{
			Color=LL.Color.Black
			LineType=0
			}
		   LineWidth=0
		   }
		  [Right]
		   {
		   Spacing=1000
		   Line=True
		   [Line]
			{
			Color=LL.Color.Black
			LineType=0
			}
		   LineWidth=0
		   }
		  [Bottom]
		   {
		   Spacing=500
		   Line=True
		   [Line]
			{
			Color=LL.Color.Black
			LineType=0
			}
		   LineWidth=0
		   }
		  }
		 [Font]
		  {
		  Default=True
		  }
		 Direction=0
		 BarWidth=0
		 [BarWidth]
		  {
		  Align=0
		  }
		 BarRatio=0
		 ExportAsPicture=False
		 DwgSaveAsJPEG=False
		 Condition=True
		 }
		[Column]
		 {
		 Identifier=
		 OutputFormatter=
		 Text=Geb_EUR
		 Width=30000
		 Height=10000
		 FixedHeight=0
		 bIsotropic=True
		 PlainTextFormat=True
		 Align=0
		 AlignDecPosition=-10000
		 VAlign=0
		 DrawingAlignment=8
		 Adjusted=False
		 LineWrap=1
		 ForceWrap=False
		 FlowControl=False
		 Spacing.Line=0
		 bFill=0
		 FgColor=LL.Color.Black
		 SpaceOptimization=True
		 Link.URL=
		 WithText=False
		 [Frame]
		  {
		  Default=True
		  Layout=1
		  [Left]
		   {
		   Spacing=1000
		   Line=True
		   [Line]
			{
			Color=LL.Color.Black
			LineType=0
			}
		   LineWidth=0
		   }
		  [Top]
		   {
		   Spacing=500
		   Line=True
		   [Line]
			{
			Color=LL.Color.Black
			LineType=0
			}
		   LineWidth=0
		   }
		  [Right]
		   {
		   Spacing=1000
		   Line=True
		   [Line]
			{
			Color=LL.Color.Black
			LineType=0
			}
		   LineWidth=0
		   }
		  [Bottom]
		   {
		   Spacing=500
		   Line=True
		   [Line]
			{
			Color=LL.Color.Black
			LineType=0
			}
		   LineWidth=0
		   }
		  }
		 [Font]
		  {
		  Default=True
		  }
		 Direction=0
		 BarWidth=0
		 [BarWidth]
		  {
		  Align=0
		  }
		 BarRatio=0
		 ExportAsPicture=False
		 DwgSaveAsJPEG=False
		 Condition=True
		 }
		[Column]
		 {
		 Identifier=
		 OutputFormatter=
		 Text=Umsatz_EUR
		 Width=30000
		 Height=10000
		 FixedHeight=0
		 bIsotropic=True
		 PlainTextFormat=True
		 Align=0
		 AlignDecPosition=-10000
		 VAlign=0
		 DrawingAlignment=8
		 Adjusted=False
		 LineWrap=1
		 ForceWrap=False
		 FlowControl=False
		 Spacing.Line=0
		 bFill=0
		 FgColor=LL.Color.Black
		 SpaceOptimization=True
		 Link.URL=
		 WithText=False
		 [Frame]
		  {
		  Default=True
		  Layout=1
		  [Left]
		   {
		   Spacing=1000
		   Line=True
		   [Line]
			{
			Color=LL.Color.Black
			LineType=0
			}
		   LineWidth=0
		   }
		  [Top]
		   {
		   Spacing=500
		   Line=True
		   [Line]
			{
			Color=LL.Color.Black
			LineType=0
			}
		   LineWidth=0
		   }
		  [Right]
		   {
		   Spacing=1000
		   Line=True
		   [Line]
			{
			Color=LL.Color.Black
			LineType=0
			}
		   LineWidth=0
		   }
		  [Bottom]
		   {
		   Spacing=500
		   Line=True
		   [Line]
			{
			Color=LL.Color.Black
			LineType=0
			}
		   LineWidth=0
		   }
		  }
		 [Font]
		  {
		  Default=True
		  }
		 Direction=0
		 BarWidth=0
		 [BarWidth]
		  {
		  Align=0
		  }
		 BarRatio=0
		 ExportAsPicture=False
		 DwgSaveAsJPEG=False
		 Condition=True
		 }
		}
	   [Options]
		{
		Description=
		[LFont]
		 {
		 Default=True
		 }
		DisplayInDesigner=True
		PDFLevel=0
		PDFText=
		IndexPDFLevel=0
		IndexPDFText=
		[ReservedSpace]
		 {
		 Left=0
		 Top=0
		 Right=0
		 Bottom=0
		 }
		LCondition=True
		Anchor=0
		Anchor.ToTop=True
		}
	   }
	  }
	 [Options]
	  {
	  }
	 }
	[Header]
	 {
	 [Lines]
	  {
	  [Line]
	   {
	   [Columns]
		{
		}
	   [Options]
		{
		Description=
		[LFont]
		 {
		 Default=True
		 }
		DisplayInDesigner=True
		PDFLevel=0
		PDFText=
		IndexPDFLevel=0
		IndexPDFText=
		[ReservedSpace]
		 {
		 Left=0
		 Top=0
		 Right=0
		 Bottom=0
		 }
		LCondition=True
		Anchor=0
		Anchor.ToTop=True
		}
	   }
	  }
	 [Options]
	  {
	  }
	 }
	[Footer]
	 {
	 [Lines]
	  {
	  [Line]
	   {
	   [Columns]
		{
		[Column]
		 {
		 Identifier=Diagramm
		 OutputFormatter=
		 Width=195300
		 Height=150000
		 FixedHeight=0
		 bIsotropic=True
		 PlainTextFormat=True
		 Align=0
		 AlignDecPosition=-10000
		 VAlign=0
		 DrawingAlignment=8
		 Adjusted=False
		 LineWrap=1
		 ForceWrap=False
		 FlowControl=False
		 Spacing.Line=0
		 bFill=0
		 FgColor=LL.Color.Black
		 SpaceOptimization=True
		 Link.URL=
		 WithText=False
		 [Frame]
		  {
		  Default=True
		  Layout=1
		  [Left]
		   {
		   Spacing=1000
		   Line=True
		   [Line]
			{
			Color=LL.Color.Black
			LineType=0
			}
		   LineWidth=0
		   }
		  [Top]
		   {
		   Spacing=500
		   Line=True
		   [Line]
			{
			Color=LL.Color.Black
			LineType=0
			}
		   LineWidth=0
		   }
		  [Right]
		   {
		   Spacing=1000
		   Line=True
		   [Line]
			{
			Color=LL.Color.Black
			LineType=0
			}
		   LineWidth=0
		   }
		  [Bottom]
		   {
		   Spacing=500
		   Line=True
		   [Line]
			{
			Color=LL.Color.Black
			LineType=0
			}
		   LineWidth=0
		   }
		  }
		 [Font]
		  {
		  Default=True
		  }
		 Direction=0
		 BarWidth=0
		 [BarWidth]
		  {
		  Align=0
		  }
		 BarRatio=0
		 ExportAsPicture=False
		 DwgSaveAsJPEG=False
		 Condition=True
		 LLXType=LLCHART
		 [LLXObject]
		  {
		  [Engine]
		   {
		   bFill=0
		   HasAlternatezAxis=True
		   zAxisSecondaryAssignment=1
		   LinearAxis=True
		   UseLightEffect=True
		   FrameColor=RGB(180,180,180)
		   [AdditionalProperties]
			{
			Type=2
			DataMode=0
			VisMode=0
			Flags=344064
			}
		   [yAxis]
			{
			FormulaValue=Jahr
			FormulaFilter=True
			SamplesForDesigner=10
			AutoSort=True
			RoundLimits=True
			FormulaCoord=LL.ChartObject.AxisCoordinate
			[FormulaCoord.Font]
			 {
			 Default=True
			 }
			FormulaCoord.RotationAngle=0
			FormulaCoord.FixedSize=False
			FormulaCoord.OutputFormatter=
			FormulaLabel="Jahr"
			[FormulaLabel.Font]
			 {
			 Default=True
			 }
			FormulaLabel.RotationAngle=0
			FormulaLabel.OutputFormatter=
			CoordTextPlacement=1
			CoordTextPlacement.Equidistant=False
			[CoordTextPlacement.bFrame]
			 {
			 Layout=0
			 [Left]
			  {
			  Spacing=0
			  Line=True
			  [Line]
			   {
			   Color=LL.Color.Black
			   LineType=0
			   }
			  LineWidth=0
			  }
			 [Top]
			  {
			  Spacing=0
			  Line=True
			  [Line]
			   {
			   Color=LL.Color.Black
			   LineType=0
			   }
			  LineWidth=0
			  }
			 [Right]
			  {
			  Spacing=0
			  Line=True
			  [Line]
			   {
			   Color=LL.Color.Black
			   LineType=0
			   }
			  LineWidth=0
			  }
			 [Bottom]
			  {
			  Spacing=0
			  Line=True
			  [Line]
			   {
			   Color=LL.Color.Black
			   LineType=0
			   }
			  LineWidth=0
			  }
			 }
			TickmarkColor=RGB(180,180,180)
			}
		   [zAxis0]
			{
			FormulaMin=True
			[FormulaMin]
			 {
			 Value=0
			 }
			FormulaMax=True
			[FormulaMax]
			 {
			 Value=1.0
			 }
			FormulaValue=Sum(Geb_EUR)
			FormulaCoordOnObjects=1
			[FormulaCoordOnObjects]
			 {
			 [Font]
			  {
			  Default=True
			  }
			 OutputFormatter=DOUBLE
			 [OutputFormatter.DOUBLE]
			  {
			  DecimalCharType=-1
			  ThousandsCharType=-1
			  NegativeFormatType=-1
			  Decimals=0
			  EmptyIfBool=False
			  LeadingZero=True
			  ExponentialFormat=0
			  Units=
			  RemoveTrailingZeroes=False
			  }
			 Formula=LL.ChartObject.AxisCoordinate
			 [Filling]
			  {
			  bShow=0
			  }
			 RotationAngle=0
			 }
			AutoTickmarks=True
			[AutoTickmarks]
			 {
			 Value=1.0
			 }
			CountOfIntermediateTicks=0
			Visual=5
			CoordGridLines=True
			[CoordGridLines]
			 {
			 Color=LL.Color.Black
			 }
			CoordGridZebraPattern=1
			[ZebraPattern]
			 {
			 Pattern=1
			 Color=LL.Color.WhiteSmoke
			 }
			BarWidthPercentage=60
			Distortion=0
			FormulaCoord=LL.ChartObject.AxisCoordinate
			[FormulaCoord.Font]
			 {
			 Default=True
			 }
			FormulaCoord.RotationAngle=0
			FormulaCoord.FixedSize=False
			FormulaCoord.OutputFormatter=DOUBLE
			[FormulaCoord.OutputFormatter.DOUBLE]
			 {
			 DecimalCharType=-1
			 ThousandsCharType=-1
			 NegativeFormatType=-1
			 Decimals=0
			 EmptyIfBool=False
			 LeadingZero=True
			 ExponentialFormat=0
			 Units=
			 RemoveTrailingZeroes=False
			 }
			FormulaLabel="Gebühren €"
			[FormulaLabel.Font]
			 {
			 Default=True
			 }
			FormulaLabel.RotationAngle=90.0
			FormulaLabel.OutputFormatter=
			CoordTextPlacement=1
			CoordTextPlacement.Equidistant=False
			[CoordTextPlacement.bFrame]
			 {
			 Layout=0
			 [Left]
			  {
			  Spacing=0
			  Line=True
			  [Line]
			   {
			   Color=LL.Color.Black
			   LineType=0
			   }
			  LineWidth=0
			  }
			 [Top]
			  {
			  Spacing=0
			  Line=True
			  [Line]
			   {
			   Color=LL.Color.Black
			   LineType=0
			   }
			  LineWidth=0
			  }
			 [Right]
			  {
			  Spacing=0
			  Line=True
			  [Line]
			   {
			   Color=LL.Color.Black
			   LineType=0
			   }
			  LineWidth=0
			  }
			 [Bottom]
			  {
			  Spacing=0
			  Line=True
			  [Line]
			   {
			   Color=LL.Color.Black
			   LineType=0
			   }
			  LineWidth=0
			  }
			 }
			TickmarkColor=RGB(180,180,180)
			}
		   [zAxis1]
			{
			FormulaMin=True
			[FormulaMin]
			 {
			 Value=0
			 }
			FormulaMax=True
			[FormulaMax]
			 {
			 Value=1.0
			 }
			FormulaValue=Sum(Int( Umsatz_EUR / 1000 ))
			FormulaCoordOnObjects=1
			[FormulaCoordOnObjects]
			 {
			 [Font]
			  {
			  Default=True
			  }
			 OutputFormatter=DOUBLE
			 [OutputFormatter.DOUBLE]
			  {
			  DecimalCharType=-1
			  ThousandsCharType=-1
			  NegativeFormatType=-1
			  Decimals=0
			  EmptyIfBool=False
			  LeadingZero=True
			  ExponentialFormat=0
			  Units=
			  RemoveTrailingZeroes=False
			  }
			 Formula=LL.ChartObject.AxisCoordinate
			 [Filling]
			  {
			  bShow=0
			  }
			 RotationAngle=0
			 }
			AutoTickmarks=True
			[AutoTickmarks]
			 {
			 Value=1.0
			 }
			CountOfIntermediateTicks=0
			Visual=5
			CoordGridLines=True
			[CoordGridLines]
			 {
			 Color=LL.Color.Black
			 }
			CoordGridZebraPattern=1
			[ZebraPattern]
			 {
			 Pattern=1
			 Color=LL.Color.WhiteSmoke
			 }
			BarWidthPercentage=60
			Distortion=0
			FormulaCoord=LL.ChartObject.AxisCoordinate
			[FormulaCoord.Font]
			 {
			 Default=True
			 }
			FormulaCoord.RotationAngle=0
			FormulaCoord.FixedSize=False
			FormulaCoord.OutputFormatter=DOUBLE
			[FormulaCoord.OutputFormatter.DOUBLE]
			 {
			 DecimalCharType=-1
			 ThousandsCharType=-1
			 NegativeFormatType=-1
			 Decimals=0
			 EmptyIfBool=False
			 LeadingZero=True
			 ExponentialFormat=0
			 Units=
			 RemoveTrailingZeroes=False
			 }
			FormulaLabel="Umsatz Tsd. €"
			[FormulaLabel.Font]
			 {
			 Default=True
			 }
			FormulaLabel.RotationAngle=90.0
			FormulaLabel.OutputFormatter=
			CoordTextPlacement=1
			CoordTextPlacement.Equidistant=False
			[CoordTextPlacement.bFrame]
			 {
			 Layout=0
			 [Left]
			  {
			  Spacing=0
			  Line=True
			  [Line]
			   {
			   Color=LL.Color.Black
			   LineType=0
			   }
			  LineWidth=0
			  }
			 [Top]
			  {
			  Spacing=0
			  Line=True
			  [Line]
			   {
			   Color=LL.Color.Black
			   LineType=0
			   }
			  LineWidth=0
			  }
			 [Right]
			  {
			  Spacing=0
			  Line=True
			  [Line]
			   {
			   Color=LL.Color.Black
			   LineType=0
			   }
			  LineWidth=0
			  }
			 [Bottom]
			  {
			  Spacing=0
			  Line=True
			  [Line]
			   {
			   Color=LL.Color.Black
			   LineType=0
			   }
			  LineWidth=0
			  }
			 }
			TickmarkColor=RGB(180,180,180)
			}
		   }
		  [AssignedColors]
		   {
		   }
		  TitleFormula=''
		  [TitleFormula.Font]
		   {
		   Default=True
		   }
		  TitleFormula.OutputFormatter=
		  TitlePosition=0
		  Background=True
		  [Background]
		   {
		   [Filling]
			{
			bShow=3
			Color=LL.Color.LightSkyBlue
			Color2=LL.Color.White
			}
		   [Frame]
			{
			bShow=1
			Color=LL.Color.Black
			Width=0
			}
		   [Shadow]
			{
			bShow=0
			}
		   Rounding=0
		   }
		  Colors\Color0=RGB(255,51,0)
		  Colors\Color1=RGB(0,102,204)
		  Colors\Color2=RGB(102,204,51)
		  Colors\Color3=RGB(255,204,0)
		  Colors\Color4=RGB(255,121,75)
		  Colors\Color5=RGB(153,153,255)
		  Colors\Color6=RGB(180,220,180)
		  Colors\Color7=RGB(255,219,157)
		  Colors\Color8=RGB(255,153,51)
		  Colors\Color9=RGB(102,102,204)
		  EnhancedColorContrast=False
		  Version=2
		  }
		 }
		}
	   [Options]
		{
		Description=
		[LFont]
		 {
		 Default=True
		 }
		DisplayInDesigner=True
		PDFLevel=0
		PDFText=
		IndexPDFLevel=0
		IndexPDFText=
		[ReservedSpace]
		 {
		 Left=0
		 Top=0
		 Right=0
		 Bottom=0
		 }
		LCondition=True
		Anchor=0
		Anchor.ToTop=True
		}
	   }
	  }
	 [Options]
	  {
	  }
	 }
	[GroupHeader]
	 {
	 [Lines]
	  {
	  [Line]
	   {
	   [Columns]
		{
		}
	   [Options]
		{
		Description=
		[LFont]
		 {
		 Default=True
		 }
		DisplayInDesigner=True
		PDFLevel=1
		PDFText=
		IndexPDFLevel=0
		IndexPDFText=
		[ReservedSpace]
		 {
		 Left=0
		 Top=1000
		 Right=0
		 Bottom=0
		 }
		LCondition=True
		Anchor=0
		Anchor.ToTop=True
		GroupCondition=
		ResetSums=
		OnNewPage=False
		PrintRightAfterHeader=False
		}
	   }
	  }
	 [Options]
	  {
	  }
	 }
	[GroupFooter]
	 {
	 [Lines]
	  {
	  [Line]
	   {
	   [Columns]
		{
		}
	   [Options]
		{
		Description=
		[LFont]
		 {
		 Default=True
		 }
		DisplayInDesigner=True
		PDFLevel=0
		PDFText=
		IndexPDFLevel=0
		IndexPDFText=
		[ReservedSpace]
		 {
		 Left=0
		 Top=0
		 Right=0
		 Bottom=1000
		 }
		LCondition=True
		Anchor=0
		Anchor.ToTop=True
		GroupCondition=
		ResetSums=
		TriggerNewPage=False
		}
	   }
	  }
	 [Options]
	  {
	  }
	 }
	}
   }
  }
[Object]
 ObjectID=1
 ObjectName=Text
 Locked=FALSE
 LinkID=1
 LinkToID=0
 LinkMode=32
 LayerID=0
 GroupID=0
 Identifier=
 Condition=True
 UserLocked=False
 WrapBefore=False
 ExportAsPicture=False
 Position/Left=5000
 Position/Top=7300
 Position/Width=114900
 Position/Height=7800
 Direction=0
 bFill=0
 Frame/Layout=0
 Frame/Left/Spacing=0
 Frame/Left/Line=False
 Frame/Top/Spacing=0
 Frame/Top/Line=False
 Frame/Right/Spacing=0
 Frame/Right/Line=False
 Frame/Bottom/Spacing=0
 Frame/Bottom/Line=False
 PDFLevel=0
 PDFText=
 IndexPDFLevel=0
 IndexPDFText=
 IssueCondition=True
 bPageWrap=False
 bBottomAligned=False
 [@Lines]
  {
  [Lines]
   {
   [Line]
	{
	[Font]
	 {
	 Default=False
	 FaceName="Calibri"
	 GdiCharSet=0
	 Size=16.0
	 Width=0
	 Bold=True
	 Italic=False
	 Underline=False
	 Strikeout=False
	 Color=LL.Color.Black
	 PitchAndFamily=34
	 OutPrecision=3
	 }
	Align=0
	Adjusted=False
	Uneraseable=False
	LineWrap=1
	PageWrapAllowed=True
	ForceWrap=False
	SpaceOptimization=True
	Spacing.Paragraph=0
	Spacing.Line=0
	OutputFormatter=
	Condition=True
	Text="Statistik aus Tagebuchinformationen"
	Tab=0
	TabAlign=0
	}
   }
  }
[Object]
 ObjectID=11
 ObjectName=Kreuztabelle (Pivot-Tabelle)
 Locked=FALSE
 LinkID=16
 LinkToID=6
 LinkMode=16384
 LayerID=0
 GroupID=0
 Identifier=KT
 Condition=True
 UserLocked=False
 WrapBefore=False
 ExportAsPicture=False
 Position/Left=6000
 Position/Top=17100
 Position/Width=279300
 Position/Height=163000
 Direction=0
 Frame/Layout=0
 Frame/Left/Spacing=0
 Frame/Left/Line=False
 Frame/Top/Spacing=0
 Frame/Top/Line=False
 Frame/Right/Spacing=0
 Frame/Right/Line=False
 Frame/Bottom/Spacing=0
 Frame/Bottom/Line=False
 PDFLevel=0
 PDFText=
 IndexPDFLevel=0
 IndexPDFText=
 IssueCondition=True
 LLXType=LLCROSSTAB
 [@Parameters]
  {
  [Parameters]
   {
   [Properties]
	{
	bFill=2
	BkColor=RGB(250,199,209)
	BkColor2=LL.Color.White
	[Split]
	 {
	 Percentage=100
	 [Cols]
	  {
	  RepeatLabels=True
	  BreakLevel=0
	  [BreakLevel]
	   {
	   Force=False
	   }
	  }
	 [Rows]
	  {
	  RepeatLabels=True
	  BreakLevel=0
	  [BreakLevel]
	   {
	   Force=False
	   }
	  }
	 }
	ShadowPages=True
	DistanceTop=1000
	PDFOutline=
	Link.URL=
	MinHeight=100000
	[DefaultFrame]
	 {
	 Layout=1
	 [Left]
	  {
	  Spacing=1000
	  Line=True
	  [Line]
	   {
	   Color=LL.Color.Black
	   LineType=0
	   }
	  LineWidth=0
	  }
	 [Top]
	  {
	  Spacing=500
	  Line=True
	  [Line]
	   {
	   Color=LL.Color.Black
	   LineType=0
	   }
	  LineWidth=0
	  }
	 [Right]
	  {
	  Spacing=1000
	  Line=True
	  [Line]
	   {
	   Color=LL.Color.Black
	   LineType=0
	   }
	  LineWidth=0
	  }
	 [Bottom]
	  {
	  Spacing=500
	  Line=True
	  [Line]
	   {
	   Color=LL.Color.Black
	   LineType=0
	   }
	  LineWidth=0
	  }
	 }
	DesignScheme="PROJECT"
	}
   [CellDefinitions]
	{
	[Level 0-0]
	 {
	 [Coord.Row]
	  {
	  Formula=Str$(Monat,2,0)
	  }
	 [Coord.Col]
	  {
	  Formula=Str$(Jahr+1900,4,0)
	  }
	 [Properties.Cell]
	  {
	  OutputFormatter=DOUBLE
	  [OutputFormatter.DOUBLE]
	   {
	   DecimalCharType=-1
	   ThousandsCharType=-1
	   NegativeFormatType=-1
	   Decimals=2
	   EmptyIfBool=True
	   LeadingZero=True
	   ExponentialFormat=0
	   Units=
	   RemoveTrailingZeroes=False
	   }
	  Formula=Sum(Geb_EUR)
	  [Font]
	   {
	   Default=True
	   }
	  Direction=0
	  bFill=0
	  Link.URL=
	  VAlign=1
	  [Frame]
	   {
	   Default=True
	   Layout=1
	   [Left]
		{
		Spacing=1000
		Line=True
		[Line]
		 {
		 Color=LL.Color.Black
		 LineType=0
		 }
		LineWidth=0
		}
	   [Top]
		{
		Spacing=500
		Line=True
		[Line]
		 {
		 Color=LL.Color.Black
		 LineType=0
		 }
		LineWidth=0
		}
	   [Right]
		{
		Spacing=1000
		Line=True
		[Line]
		 {
		 Color=LL.Color.Black
		 LineType=0
		 }
		LineWidth=0
		}
	   [Bottom]
		{
		Spacing=500
		Line=True
		[Line]
		 {
		 Color=LL.Color.Black
		 LineType=0
		 }
		LineWidth=0
		}
	   }
	  VALUE=Sum(Geb_EUR)
	  Align=2
	  AlignDecPosition=-10000
	  MaxCellWidth=0
	  MinHeight=1000
	  MinWidth=1000
	  SpaceOptimization=True
	  }
	 [Properties.Label.Row]
	  {
	  OutputFormatter=
	  Formula="Gesamt"
	  [Font]
	   {
	   Default=True
	   }
	  Direction=0
	  bFill=0
	  Link.URL=
	  VAlign=1
	  [Frame]
	   {
	   Default=True
	   Layout=1
	   [Left]
		{
		Spacing=1000
		Line=True
		[Line]
		 {
		 Color=LL.Color.Black
		 LineType=0
		 }
		LineWidth=0
		}
	   [Top]
		{
		Spacing=500
		Line=True
		[Line]
		 {
		 Color=LL.Color.Black
		 LineType=0
		 }
		LineWidth=0
		}
	   [Right]
		{
		Spacing=1000
		Line=True
		[Line]
		 {
		 Color=LL.Color.Black
		 LineType=0
		 }
		LineWidth=0
		}
	   [Bottom]
		{
		Spacing=500
		Line=True
		[Line]
		 {
		 Color=LL.Color.Black
		 LineType=0
		 }
		LineWidth=0
		}
	   }
	  ShowSummary=True
	  ShowSummary.BeforeEntries=False
	  Align=2
	  AlignDecPosition=-10000
	  MaxCellWidth=0
	  MinHeight=1000
	  MinWidth=1000
	  SpaceOptimization=True
	  }
	 [Properties.Label.Col]
	  {
	  OutputFormatter=
	  Formula="Gesamt"
	  [Font]
	   {
	   Default=True
	   }
	  Direction=0
	  bFill=0
	  Link.URL=
	  VAlign=1
	  [Frame]
	   {
	   Default=True
	   Layout=1
	   [Left]
		{
		Spacing=1000
		Line=True
		[Line]
		 {
		 Color=LL.Color.Black
		 LineType=0
		 }
		LineWidth=0
		}
	   [Top]
		{
		Spacing=500
		Line=True
		[Line]
		 {
		 Color=LL.Color.Black
		 LineType=0
		 }
		LineWidth=0
		}
	   [Right]
		{
		Spacing=1000
		Line=True
		[Line]
		 {
		 Color=LL.Color.Black
		 LineType=0
		 }
		LineWidth=0
		}
	   [Bottom]
		{
		Spacing=500
		Line=True
		[Line]
		 {
		 Color=LL.Color.Black
		 LineType=0
		 }
		LineWidth=0
		}
	   }
	  ShowSummary=True
	  ShowSummary.BeforeEntries=False
	  Align=2
	  AlignDecPosition=-10000
	  MaxCellWidth=0
	  MinHeight=1000
	  MinWidth=1000
	  SpaceOptimization=True
	  }
	 [Properties.Span.Row]
	  {
	  OutputFormatter=
	  Formula=Str$(Monat,2,0)
	  [Font]
	   {
	   Default=True
	   }
	  Direction=0
	  bFill=0
	  Link.URL=
	  VAlign=1
	  [Frame]
	   {
	   Default=True
	   Layout=1
	   [Left]
		{
		Spacing=1000
		Line=True
		[Line]
		 {
		 Color=LL.Color.Black
		 LineType=0
		 }
		LineWidth=0
		}
	   [Top]
		{
		Spacing=500
		Line=True
		[Line]
		 {
		 Color=LL.Color.Black
		 LineType=0
		 }
		LineWidth=0
		}
	   [Right]
		{
		Spacing=1000
		Line=True
		[Line]
		 {
		 Color=LL.Color.Black
		 LineType=0
		 }
		LineWidth=0
		}
	   [Bottom]
		{
		Spacing=500
		Line=True
		[Line]
		 {
		 Color=LL.Color.Black
		 LineType=0
		 }
		LineWidth=0
		}
	   }
	  ShowSpanLabel=True
	  SortOrderAscending=0
	  Align=1
	  AlignDecPosition=-10000
	  MaxCellWidth=0
	  MinHeight=1000
	  MinWidth=1000
	  SpaceOptimization=True
	  }
	 [Properties.Span.Col]
	  {
	  OutputFormatter=
	  Formula=Str$(Jahr+1900,4,0)
	  [Font]
	   {
	   Default=True
	   }
	  Direction=0
	  bFill=0
	  Link.URL=
	  VAlign=1
	  [Frame]
	   {
	   Default=True
	   Layout=1
	   [Left]
		{
		Spacing=1000
		Line=True
		[Line]
		 {
		 Color=LL.Color.Black
		 LineType=0
		 }
		LineWidth=0
		}
	   [Top]
		{
		Spacing=500
		Line=True
		[Line]
		 {
		 Color=LL.Color.Black
		 LineType=0
		 }
		LineWidth=0
		}
	   [Right]
		{
		Spacing=1000
		Line=True
		[Line]
		 {
		 Color=LL.Color.Black
		 LineType=0
		 }
		LineWidth=0
		}
	   [Bottom]
		{
		Spacing=500
		Line=True
		[Line]
		 {
		 Color=LL.Color.Black
		 LineType=0
		 }
		LineWidth=0
		}
	   }
	  ShowSpanLabel=True
	  SortOrderAscending=0
	  Align=1
	  AlignDecPosition=-10000
	  MaxCellWidth=0
	  MinHeight=1000
	  MinWidth=1000
	  SpaceOptimization=True
	  }
	 }
	[Level 0-1]
	 {
	 [Coord.Col]
	  {
	  Formula=
	  }
	 [Properties.Cell]
	  {
	  OutputFormatter=DOUBLE
	  [OutputFormatter.DOUBLE]
	   {
	   DecimalCharType=-1
	   ThousandsCharType=-1
	   NegativeFormatType=-1
	   Decimals=2
	   EmptyIfBool=True
	   LeadingZero=True
	   ExponentialFormat=0
	   Units=
	   RemoveTrailingZeroes=False
	   }
	  Formula=Sum(Geb_EUR)
	  [Font]
	   {
	   Default=True
	   }
	  Direction=0
	  bFill=0
	  Link.URL=
	  VAlign=1
	  [Frame]
	   {
	   Default=True
	   Layout=1
	   [Left]
		{
		Spacing=1000
		Line=True
		[Line]
		 {
		 Color=LL.Color.Black
		 LineType=0
		 }
		LineWidth=0
		}
	   [Top]
		{
		Spacing=500
		Line=True
		[Line]
		 {
		 Color=LL.Color.Black
		 LineType=0
		 }
		LineWidth=0
		}
	   [Right]
		{
		Spacing=1000
		Line=True
		[Line]
		 {
		 Color=LL.Color.Black
		 LineType=0
		 }
		LineWidth=0
		}
	   [Bottom]
		{
		Spacing=500
		Line=True
		[Line]
		 {
		 Color=LL.Color.Black
		 LineType=0
		 }
		LineWidth=0
		}
	   }
	  VALUE=Sum(Geb_EUR)
	  Align=2
	  AlignDecPosition=-10000
	  MaxCellWidth=0
	  MinHeight=1000
	  MinWidth=1000
	  SpaceOptimization=True
	  }
	 [Properties.Label.Col]
	  {
	  OutputFormatter=
	  Formula="Gesamt"
	  [Font]
	   {
	   Default=True
	   }
	  Direction=0
	  bFill=0
	  Link.URL=
	  VAlign=1
	  [Frame]
	   {
	   Default=True
	   Layout=1
	   [Left]
		{
		Spacing=1000
		Line=True
		[Line]
		 {
		 Color=LL.Color.Black
		 LineType=0
		 }
		LineWidth=0
		}
	   [Top]
		{
		Spacing=500
		Line=True
		[Line]
		 {
		 Color=LL.Color.Black
		 LineType=0
		 }
		LineWidth=0
		}
	   [Right]
		{
		Spacing=1000
		Line=True
		[Line]
		 {
		 Color=LL.Color.Black
		 LineType=0
		 }
		LineWidth=0
		}
	   [Bottom]
		{
		Spacing=500
		Line=True
		[Line]
		 {
		 Color=LL.Color.Black
		 LineType=0
		 }
		LineWidth=0
		}
	   }
	  ShowSummary=True
	  ShowSummary.BeforeEntries=False
	  Align=2
	  AlignDecPosition=-10000
	  MaxCellWidth=0
	  MinHeight=1000
	  MinWidth=1000
	  SpaceOptimization=True
	  }
	 [Properties.Span.Col]
	  {
	  OutputFormatter=
	  Formula="Überschrift"
	  [Font]
	   {
	   Default=True
	   }
	  Direction=0
	  bFill=0
	  Link.URL=
	  VAlign=1
	  [Frame]
	   {
	   Default=True
	   Layout=1
	   [Left]
		{
		Spacing=1000
		Line=True
		[Line]
		 {
		 Color=LL.Color.Black
		 LineType=0
		 }
		LineWidth=0
		}
	   [Top]
		{
		Spacing=500
		Line=True
		[Line]
		 {
		 Color=LL.Color.Black
		 LineType=0
		 }
		LineWidth=0
		}
	   [Right]
		{
		Spacing=1000
		Line=True
		[Line]
		 {
		 Color=LL.Color.Black
		 LineType=0
		 }
		LineWidth=0
		}
	   [Bottom]
		{
		Spacing=500
		Line=True
		[Line]
		 {
		 Color=LL.Color.Black
		 LineType=0
		 }
		LineWidth=0
		}
	   }
	  ShowSpanLabel=True
	  SortOrderAscending=0
	  Align=1
	  AlignDecPosition=-10000
	  MaxCellWidth=0
	  MinHeight=1000
	  MinWidth=1000
	  SpaceOptimization=True
	  }
	 }
	[Level 1-0]
	 {
	 [Coord.Row]
	  {
	  Formula=
	  }
	 [Properties.Cell]
	  {
	  OutputFormatter=DOUBLE
	  [OutputFormatter.DOUBLE]
	   {
	   DecimalCharType=-1
	   ThousandsCharType=-1
	   NegativeFormatType=-1
	   Decimals=2
	   EmptyIfBool=True
	   LeadingZero=True
	   ExponentialFormat=0
	   Units=
	   RemoveTrailingZeroes=False
	   }
	  Formula=Sum(Geb_EUR)
	  [Font]
	   {
	   Default=True
	   }
	  Direction=0
	  bFill=0
	  Link.URL=
	  VAlign=1
	  [Frame]
	   {
	   Default=True
	   Layout=1
	   [Left]
		{
		Spacing=1000
		Line=True
		[Line]
		 {
		 Color=LL.Color.Black
		 LineType=0
		 }
		LineWidth=0
		}
	   [Top]
		{
		Spacing=500
		Line=True
		[Line]
		 {
		 Color=LL.Color.Black
		 LineType=0
		 }
		LineWidth=0
		}
	   [Right]
		{
		Spacing=1000
		Line=True
		[Line]
		 {
		 Color=LL.Color.Black
		 LineType=0
		 }
		LineWidth=0
		}
	   [Bottom]
		{
		Spacing=500
		Line=True
		[Line]
		 {
		 Color=LL.Color.Black
		 LineType=0
		 }
		LineWidth=0
		}
	   }
	  VALUE=Sum(Geb_EUR)
	  Align=2
	  AlignDecPosition=-10000
	  MaxCellWidth=0
	  MinHeight=1000
	  MinWidth=1000
	  SpaceOptimization=True
	  }
	 [Properties.Label.Row]
	  {
	  OutputFormatter=
	  Formula="Gesamt"
	  [Font]
	   {
	   Default=True
	   }
	  Direction=0
	  bFill=0
	  Link.URL=
	  VAlign=1
	  [Frame]
	   {
	   Default=True
	   Layout=1
	   [Left]
		{
		Spacing=1000
		Line=True
		[Line]
		 {
		 Color=LL.Color.Black
		 LineType=0
		 }
		LineWidth=0
		}
	   [Top]
		{
		Spacing=500
		Line=True
		[Line]
		 {
		 Color=LL.Color.Black
		 LineType=0
		 }
		LineWidth=0
		}
	   [Right]
		{
		Spacing=1000
		Line=True
		[Line]
		 {
		 Color=LL.Color.Black
		 LineType=0
		 }
		LineWidth=0
		}
	   [Bottom]
		{
		Spacing=500
		Line=True
		[Line]
		 {
		 Color=LL.Color.Black
		 LineType=0
		 }
		LineWidth=0
		}
	   }
	  ShowSummary=True
	  ShowSummary.BeforeEntries=False
	  Align=2
	  AlignDecPosition=-10000
	  MaxCellWidth=0
	  MinHeight=1000
	  MinWidth=1000
	  SpaceOptimization=True
	  }
	 [Properties.Span.Row]
	  {
	  OutputFormatter=
	  Formula="Überschrift"
	  [Font]
	   {
	   Default=True
	   }
	  Direction=0
	  bFill=0
	  Link.URL=
	  VAlign=1
	  [Frame]
	   {
	   Default=True
	   Layout=1
	   [Left]
		{
		Spacing=1000
		Line=True
		[Line]
		 {
		 Color=LL.Color.Black
		 LineType=0
		 }
		LineWidth=0
		}
	   [Top]
		{
		Spacing=500
		Line=True
		[Line]
		 {
		 Color=LL.Color.Black
		 LineType=0
		 }
		LineWidth=0
		}
	   [Right]
		{
		Spacing=1000
		Line=True
		[Line]
		 {
		 Color=LL.Color.Black
		 LineType=0
		 }
		LineWidth=0
		}
	   [Bottom]
		{
		Spacing=500
		Line=True
		[Line]
		 {
		 Color=LL.Color.Black
		 LineType=0
		 }
		LineWidth=0
		}
	   }
	  ShowSpanLabel=True
	  SortOrderAscending=0
	  Align=1
	  AlignDecPosition=-10000
	  MaxCellWidth=0
	  MinHeight=1000
	  MinWidth=1000
	  SpaceOptimization=True
	  }
	 }
	[Level 1-1]
	 {
	 [Properties.Cell]
	  {
	  OutputFormatter=DOUBLE
	  [OutputFormatter.DOUBLE]
	   {
	   DecimalCharType=-1
	   ThousandsCharType=-1
	   NegativeFormatType=-1
	   Decimals=2
	   EmptyIfBool=True
	   LeadingZero=True
	   ExponentialFormat=0
	   Units=
	   RemoveTrailingZeroes=False
	   }
	  Formula=Sum(Geb_EUR)
	  [Font]
	   {
	   Default=True
	   }
	  Direction=0
	  bFill=0
	  Link.URL=
	  VAlign=1
	  [Frame]
	   {
	   Default=True
	   Layout=1
	   [Left]
		{
		Spacing=1000
		Line=True
		[Line]
		 {
		 Color=LL.Color.Black
		 LineType=0
		 }
		LineWidth=0
		}
	   [Top]
		{
		Spacing=500
		Line=True
		[Line]
		 {
		 Color=LL.Color.Black
		 LineType=0
		 }
		LineWidth=0
		}
	   [Right]
		{
		Spacing=1000
		Line=True
		[Line]
		 {
		 Color=LL.Color.Black
		 LineType=0
		 }
		LineWidth=0
		}
	   [Bottom]
		{
		Spacing=500
		Line=True
		[Line]
		 {
		 Color=LL.Color.Black
		 LineType=0
		 }
		LineWidth=0
		}
	   }
	  VALUE=Sum(Geb_EUR)
	  Align=2
	  AlignDecPosition=-10000
	  MaxCellWidth=0
	  MinHeight=1000
	  MinWidth=1000
	  SpaceOptimization=True
	  }
	 }
	}
   Version=1
   }
  }
[UserVariables]
[Parameters]
 [@Parameters]
  {
  [Parameters]
   {
   LL.ProjectDescription=PrintMachine-Infos
   }
  }
[UsedIdentifiers]
 Variables=Benutzer.Zeichen;Bericht.Deckblatt;Bericht.HalterNr;Bericht.Land;Bericht.MitgliedNr;Bericht.Name;Bericht.Name1;Bericht.Name2;Bericht.Ort;Bericht.ProgVer;Bericht.RechnungNr;Bericht.Strasse;LayoutName;Bericht.GUID;PMEmail
 Fields=Geb-EUR;Jahr;Monat;Umsatz-EUR
[PageLayouts]
 [@PageLayouts]
  {
  [PageLayouts]
   {
   [PageLayout]
	{
	DisplayName=
	Condition=True
	SourceTray=0
	ForcePaperFormat=True
	UsePhysicalPaper=True
	PaperFormat=9
	PaperFormat.cx=297000
	PaperFormat.cy=210000
	PaperFormat.Orientation=2
	Copies=1
	Duplex=0
	Collate=0
	FitPage=False
	ShowInPrintDialog=True
	}
   }
  }
[ExtendedInfo]
 [@ExtendedInfos]
  {
  [UserDefinedDesignScheme]
   {
   [Foreground]
	{
	Color=(173,215,227)
	Color=(167,195,209)
	Color=(165,170,199)
	Color=(155,122,153)
	Color=(135,95,119)
	Color=(255,230,179)
	Color=(238,190,93)
	Color=(242,167,17)
	Color=(166,178,102)
	Color=(102,204,199)
	}
   [Background]
	{
	Color=(240,249,255)
	Color=(255,230,179)
	Color=(173,215,227)
	Color=(167,195,209)
	FillMode=1
	}
   }
  }
