[List description]
[Description]
 Text=? (default)
 FileVersion=10
 Units=SCM-Units
 Metric=0
 TextQuote.Start=1
 TextQuote.End=1
 RepresentationCode.CondStart=171
 RepresentationCode.CondSep=166
 RepresentationCode.CondEnd=187
 RepresentationCode.Tab=247
 RepresentationCode.Ret=182
 RepresentationCode.PhantomSpace=2
 RepresentationCode.LockNextChar=3
 RepresentationCode.ExprSep=164
 LCID=1031
 UserVars.ManualSortOrder=1
 Created=05.12.2006, 10:18:46
 CreatedByApp=cbi30.exe [3.0.0-PTF3, Build 13344]
 CreatedByDLL=CMLL11.DLL [11,15,0,0 (06-04-24 10:35)]
 CreatedByUser=Keuer on KEUER
 LastModified=22.11.2016, 09:22:01
 LastModifiedByApp=CBI61.EXE [6.1-SP4, Build 38114M]
 LastModifiedByDLL=CMLL17.DLL [17.3.2012.9809 (12-04-05 09:06)F]
 LastModifiedByUser=keuer on PCKEUER
 CreatedByCallFrom=comctl32.dll
[Layout]
 P1.Template=
 xGrid=2000
 yGrid=2000
 GridShow=FALSE
 GridSnap=TRUE
 EnhancedExpressions=TRUE
 EnhancedOldExpressions=FALSE
 Decimals=2
 RealDataPreviewPageLimit=-2
 DefFont={(0,0,0),10.000000,-13,0,0,0,400,0,0,0,0,3,2,1,34,Calibri}
 HelpLines.Horizontal=
 HelpLines.Vertical=
 PDF.MaxOutlineDepth=2
 PDF.MaxOutlineDepth.IDX=3
 DefaultSize.Objecttype1=(0,0,82000,10000)
 DefaultSize.Objecttype6=(0,0,54000,252100)
 DefaultSize.Objecttype11=(0,0,192000,252000)
 ObjectCount=5
[UserSection]

[SumVariables]
[Layer]
 Name=Basis
 Condition=
 WorkspaceColor=(102,102,102)
 Visible=TRUE
 LayerID=0
[Layer]
 Name=Erste Seite
 Condition=Page() = 1
 WorkspaceColor=(197,207,10)
 Visible=TRUE
 LayerID=1
[Layer]
 Name=Folgeseiten
 Condition=Page() <> 1
 WorkspaceColor=(161,203,243)
 Visible=TRUE
 LayerID=2
[ProjectTemplates]
 [@ProjectTemplates]
  {
  [ProjectTemplates]
   {
   [ProjectTemplate]
	{
	Identifier=
	bVisible=True
	Condition=True
	Filename=ProjectPath$() + "Grund-Baustein.lst"
	}
   }
  }
[Object]
 ObjectID=1
 ObjectName=Text
 Locked=FALSE
 LinkID=1
 LinkToID=0
 LinkMode=32
 LayerID=0
 GroupID=0
 Identifier=
 Condition=True
 UserLocked=False
 WrapBefore=False
 ExportAsPicture=False
 Position/Left=6000
 Position/Top=6000
 Position/Width=82000
 Position/Height=10000
 Direction=0
 bFill=False
 Frame/Layout=0
 Frame/Left/Spacing=0
 Frame/Left/Line=False
 Frame/Top/Spacing=0
 Frame/Top/Line=False
 Frame/Right/Spacing=0
 Frame/Right/Line=False
 Frame/Bottom/Spacing=0
 Frame/Bottom/Line=False
 PDFLevel=0
 PDFText=
 IndexPDFLevel=0
 IndexPDFText=
 IssueCondition=True
 bPageWrap=False
 bBottomAligned=False
 [@Lines]
  {
  [Lines]
   {
   [Line]
	{
	[Font]
	 {
	 Default=False
	 FaceName="Calibri"
	 GdiCharSet=0
	 Size=20
	 Width=0
	 Bold=False
	 Italic=False
	 Underline=False
	 Strikeout=False
	 Color=RGB(0,0,0)
	 PitchAndFamily=34
	 OutPrecision=3
	 }
	Align=0
	Adjusted=False
	Uneraseable=False
	LineWrap=1
	PageWrapAllowed=True
	ForceWrap=False
	SpaceOptimization=True
	Spacing.Paragraph=0
	Spacing.Line=0
	OutputFormatter=
	Condition=True
	Text="MB-Aktionen je Benutzer"
	Tab=0
	TabAlign=0
	}
   }
  }
[Object]
 ObjectID=6
 ObjectName=Tabelle
 Locked=FALSE
 LinkID=6
 LinkToID=0
 LinkMode=32
 LayerID=0
 GroupID=0
 Identifier=
 Condition=True
 UserLocked=False
 WrapBefore=False
 Position/Left=6000
 Position/Top=17900
 Position/Width=54000
 Position/Height=252100
 Direction=0
 PDFLevel=0
 PDFText=
 IndexPDFLevel=0
 IndexPDFText=
 IssueCondition=True
 bFooterOnBottom=False
 bFillBottom=False
 DefaultFont/Default=True
 DefaultFont/FaceName="Calibri"
 DefaultFont/GdiCharSet=0
 DefaultFont/Size=10.0
 DefaultFont/Width=0
 DefaultFont/Bold=False
 DefaultFont/Italic=False
 DefaultFont/Underline=False
 DefaultFont/Strikeout=False
 DefaultFont/Color=LL.Color.Black
 DefaultFont/PitchAndFamily=34
 DefaultFont/OutPrecision=3
 FgColor=RGB(0,0,0)
 bFill=False
 ColumnCount=0
 [@Tables]
  {
  [Tables]
   {
   [Table]
	{
	TableType=List
	TableID=
	RelationID=
	[GroupHeaderLines]
	 {
	 bConcatDataLines=True
	 bKeepTogether=False
	 }
	[GroupFooterLines]
	 {
	 bAlsoOnEmptyGroup=False
	 bKeepTogether=False
	 }
	[DataLines]
	 {
	 bKeepTogether=True
	 bSuppress=True
	 bForceSumCalculation=False
	 }
	ZebraPattern=False
	[FooterLines]
	 {
	 bKeepTogether=False
	 }
	PageBreakCondition=False
	[DefaultFrame]
	 {
	 Layout=1
	 [Left]
	  {
	  Spacing=1000
	  Line=False
	  }
	 [Top]
	  {
	  Spacing=500
	  Line=False
	  }
	 [Right]
	  {
	  Spacing=1000
	  Line=False
	  }
	 [Bottom]
	  {
	  Spacing=500
	  Line=False
	  }
	 }
	ColumnCount=0
	FormulaFilter=True
	DesignScheme="PROJECT"
	[Body]
	 {
	 [Lines]
	  {
	  [Line]
	   {
	   [Columns]
		{
		[Column]
		 {
		 Identifier=
		 OutputFormatter=DOUBLE
		 [OutputFormatter.DOUBLE]
		  {
		  DecimalCharType=-2
		  ThousandsCharType=0
		  NegativeFormatType=-2
		  Decimals=0
		  EmptyIfBool=False
		  LeadingZero=True
		  ExponentialFormat=0
		  Units=
		  RemoveTrailingZeroes=False
		  }
		 Text=Jahr
		 Width=29000
		 Height=10000
		 FixedHeight=0
		 bIsotropic=True
		 PlainTextFormat=True
		 Align=0
		 AlignDecPosition=-10000
		 VAlign=0
		 DrawingAlignment=8
		 Adjusted=False
		 LineWrap=1
		 ForceWrap=False
		 FlowControl=False
		 Spacing.Line=0
		 bFill=False
		 FgColor=RGB(0,0,0)
		 SpaceOptimization=True
		 Link.URL=
		 WithText=False
		 [Frame]
		  {
		  Default=False
		  Layout=1
		  [Left]
		   {
		   Spacing=1000
		   Line=False
		   }
		  [Top]
		   {
		   Spacing=500
		   Line=False
		   }
		  [Right]
		   {
		   Spacing=1000
		   Line=False
		   }
		  [Bottom]
		   {
		   Spacing=500
		   Line=False
		   }
		  }
		 [Font]
		  {
		  Default=True
		  }
		 Direction=0
		 BarWidth=0
		 [BarWidth]
		  {
		  Align=0
		  }
		 BarRatio=0
		 ExportAsPicture=False
		 DwgSaveAsJPEG=False
		 Condition=True
		 }
		[Column]
		 {
		 Identifier=
		 OutputFormatter=DOUBLE
		 [OutputFormatter.DOUBLE]
		  {
		  DecimalCharType=-2
		  ThousandsCharType=-2
		  NegativeFormatType=-2
		  Decimals=0
		  EmptyIfBool=False
		  LeadingZero=True
		  ExponentialFormat=0
		  Units=
		  RemoveTrailingZeroes=False
		  }
		 Text=AnzAlle
		 Width=18000
		 Height=10000
		 FixedHeight=0
		 bIsotropic=True
		 PlainTextFormat=True
		 Align=0
		 AlignDecPosition=-10000
		 VAlign=0
		 DrawingAlignment=8
		 Adjusted=False
		 LineWrap=1
		 ForceWrap=False
		 FlowControl=False
		 Spacing.Line=0
		 bFill=False
		 FgColor=RGB(0,0,0)
		 SpaceOptimization=True
		 Link.URL=
		 WithText=False
		 [Frame]
		  {
		  Default=False
		  Layout=1
		  [Left]
		   {
		   Spacing=1000
		   Line=False
		   }
		  [Top]
		   {
		   Spacing=500
		   Line=False
		   }
		  [Right]
		   {
		   Spacing=1000
		   Line=False
		   }
		  [Bottom]
		   {
		   Spacing=500
		   Line=False
		   }
		  }
		 [Font]
		  {
		  Default=True
		  }
		 Direction=0
		 BarWidth=0
		 [BarWidth]
		  {
		  Align=0
		  }
		 BarRatio=0
		 ExportAsPicture=False
		 DwgSaveAsJPEG=False
		 Condition=True
		 }
		}
	   [Options]
		{
		Description=Zeilendefinition  1
		[LFont]
		 {
		 Default=True
		 }
		DisplayInDesigner=True
		PDFLevel=0
		PDFText=
		IndexPDFLevel=0
		IndexPDFText=
		[ReservedSpace]
		 {
		 Left=0
		 Top=0
		 Right=0
		 Bottom=0
		 }
		LCondition=True
		Anchor=0
		Anchor.ToTop=True
		}
	   }
	  }
	 [Options]
	  {
	  }
	 }
	[Header]
	 {
	 [Lines]
	  {
	  [Line]
	   {
	   [Columns]
		{
		[Column]
		 {
		 Identifier=
		 OutputFormatter=
		 Text="Jahr"
		 Width=29000
		 Height=10000
		 FixedHeight=0
		 bIsotropic=True
		 PlainTextFormat=True
		 Align=0
		 AlignDecPosition=-10000
		 VAlign=0
		 DrawingAlignment=8
		 Adjusted=False
		 LineWrap=1
		 ForceWrap=False
		 FlowControl=False
		 Spacing.Line=0
		 bFill=True
		 Raster=1
		 BkColor=RGB(0,0,0)
		 FgColor=RGB(0,0,0)
		 SpaceOptimization=True
		 Link.URL=
		 WithText=False
		 [Frame]
		  {
		  Default=False
		  Layout=1
		  [Left]
		   {
		   Spacing=1000
		   Line=False
		   }
		  [Top]
		   {
		   Spacing=500
		   Line=False
		   }
		  [Right]
		   {
		   Spacing=1000
		   Line=False
		   }
		  [Bottom]
		   {
		   Spacing=500
		   Line=False
		   }
		  }
		 [Font]
		  {
		  Default=False
		  FaceName="Calibri"
		  GdiCharSet=0
		  Size=10
		  Width=0
		  Bold=False
		  Italic=False
		  Underline=False
		  Strikeout=False
		  Color=RGB(255,255,255)
		  PitchAndFamily=34
		  OutPrecision=3
		  }
		 Direction=0
		 BarWidth=0
		 [BarWidth]
		  {
		  Align=0
		  }
		 BarRatio=0
		 ExportAsPicture=False
		 DwgSaveAsJPEG=False
		 Condition=True
		 }
		[Column]
		 {
		 Identifier=
		 OutputFormatter=
		 Text="AnzAlle"
		 Width=18000
		 Height=10000
		 FixedHeight=0
		 bIsotropic=True
		 PlainTextFormat=True
		 Align=0
		 AlignDecPosition=-10000
		 VAlign=0
		 DrawingAlignment=8
		 Adjusted=False
		 LineWrap=1
		 ForceWrap=False
		 FlowControl=False
		 Spacing.Line=0
		 bFill=True
		 Raster=1
		 BkColor=RGB(0,0,0)
		 FgColor=RGB(0,0,0)
		 SpaceOptimization=True
		 Link.URL=
		 WithText=False
		 [Frame]
		  {
		  Default=False
		  Layout=1
		  [Left]
		   {
		   Spacing=1000
		   Line=False
		   }
		  [Top]
		   {
		   Spacing=500
		   Line=False
		   }
		  [Right]
		   {
		   Spacing=1000
		   Line=False
		   }
		  [Bottom]
		   {
		   Spacing=500
		   Line=False
		   }
		  }
		 [Font]
		  {
		  Default=False
		  FaceName="Calibri"
		  GdiCharSet=0
		  Size=10
		  Width=0
		  Bold=False
		  Italic=False
		  Underline=False
		  Strikeout=False
		  Color=RGB(255,255,255)
		  PitchAndFamily=34
		  OutPrecision=3
		  }
		 Direction=0
		 BarWidth=0
		 [BarWidth]
		  {
		  Align=0
		  }
		 BarRatio=0
		 ExportAsPicture=False
		 DwgSaveAsJPEG=False
		 Condition=True
		 }
		}
	   [Options]
		{
		Description=Zeilendefinition  1
		[LFont]
		 {
		 Default=True
		 }
		DisplayInDesigner=True
		PDFLevel=0
		PDFText=
		IndexPDFLevel=0
		IndexPDFText=
		[ReservedSpace]
		 {
		 Left=0
		 Top=0
		 Right=0
		 Bottom=0
		 }
		LCondition=True
		Anchor=0
		Anchor.ToTop=True
		}
	   }
	  }
	 [Options]
	  {
	  }
	 }
	[Footer]
	 {
	 [Lines]
	  {
	  [Line]
	   {
	   [Columns]
		{
		}
	   [Options]
		{
		Description=
		[LFont]
		 {
		 Default=True
		 }
		DisplayInDesigner=True
		PDFLevel=0
		PDFText=
		IndexPDFLevel=0
		IndexPDFText=
		[ReservedSpace]
		 {
		 Left=0
		 Top=0
		 Right=0
		 Bottom=0
		 }
		LCondition=True
		Anchor=0
		Anchor.ToTop=True
		}
	   }
	  }
	 [Options]
	  {
	  }
	 }
	[GroupHeader]
	 {
	 [Lines]
	  {
	  [Line]
	   {
	   [Columns]
		{
		[Column]
		 {
		 Identifier=
		 OutputFormatter=
		 Text="Mitarbeiter " + Zuständig
		 Width=49000
		 Height=10000
		 FixedHeight=0
		 bIsotropic=True
		 PlainTextFormat=True
		 Align=0
		 AlignDecPosition=-10000
		 VAlign=0
		 DrawingAlignment=8
		 Adjusted=False
		 LineWrap=1
		 ForceWrap=False
		 FlowControl=False
		 Spacing.Line=0
		 bFill=True
		 Raster=1
		 BkColor=RGB(128,128,128)
		 FgColor=RGB(0,0,0)
		 SpaceOptimization=True
		 Link.URL=
		 WithText=False
		 [Frame]
		  {
		  Default=False
		  Layout=1
		  [Left]
		   {
		   Spacing=1000
		   Line=False
		   }
		  [Top]
		   {
		   Spacing=500
		   Line=False
		   }
		  [Right]
		   {
		   Spacing=1000
		   Line=False
		   }
		  [Bottom]
		   {
		   Spacing=500
		   Line=False
		   }
		  }
		 [Font]
		  {
		  Default=True
		  }
		 Direction=0
		 BarWidth=0
		 [BarWidth]
		  {
		  Align=0
		  }
		 BarRatio=0
		 ExportAsPicture=False
		 DwgSaveAsJPEG=False
		 Condition=True
		 }
		}
	   [Options]
		{
		Description=Mitarbeiter
		[LFont]
		 {
		 Default=True
		 }
		DisplayInDesigner=True
		PDFLevel=1
		PDFText=
		IndexPDFLevel=0
		IndexPDFText=
		[ReservedSpace]
		 {
		 Left=0
		 Top=1000
		 Right=0
		 Bottom=0
		 }
		LCondition=True
		Anchor=0
		Anchor.ToTop=True
		GroupCondition=Zuständig
		ResetSums=
		OnNewPage=False
		PrintRightAfterHeader=False
		}
	   }
	  [Line]
	   {
	   [Columns]
		{
		[Column]
		 {
		 Identifier=
		 OutputFormatter=
		 Text="Aktion " + TypDetail
		 Width=49000
		 Height=10000
		 FixedHeight=0
		 bIsotropic=True
		 PlainTextFormat=True
		 Align=0
		 AlignDecPosition=-10000
		 VAlign=0
		 DrawingAlignment=8
		 Adjusted=False
		 LineWrap=1
		 ForceWrap=False
		 FlowControl=False
		 Spacing.Line=0
		 bFill=True
		 Raster=1
		 BkColor=RGB(192,192,192)
		 FgColor=RGB(0,0,0)
		 SpaceOptimization=True
		 Link.URL=
		 WithText=False
		 [Frame]
		  {
		  Default=False
		  Layout=1
		  [Left]
		   {
		   Spacing=1000
		   Line=False
		   }
		  [Top]
		   {
		   Spacing=500
		   Line=False
		   }
		  [Right]
		   {
		   Spacing=1000
		   Line=False
		   }
		  [Bottom]
		   {
		   Spacing=500
		   Line=False
		   }
		  }
		 [Font]
		  {
		  Default=True
		  }
		 Direction=0
		 BarWidth=0
		 [BarWidth]
		  {
		  Align=0
		  }
		 BarRatio=0
		 ExportAsPicture=False
		 DwgSaveAsJPEG=False
		 Condition=True
		 }
		}
	   [Options]
		{
		Description=TypDetail
		[LFont]
		 {
		 Default=True
		 }
		DisplayInDesigner=True
		PDFLevel=2
		PDFText=
		IndexPDFLevel=0
		IndexPDFText=
		[ReservedSpace]
		 {
		 Left=0
		 Top=1000
		 Right=0
		 Bottom=0
		 }
		LCondition=True
		Anchor=0
		Anchor.ToTop=True
		GroupCondition=TypDetail
		ResetSums=
		OnNewPage=False
		PrintRightAfterHeader=False
		}
	   }
	  }
	 [Options]
	  {
	  }
	 }
	[GroupFooter]
	 {
	 [Lines]
	  {
	  [Line]
	   {
	   [Columns]
		{
		[Column]
		 {
		 Identifier=
		 OutputFormatter=DOUBLE
		 [OutputFormatter.DOUBLE]
		  {
		  DecimalCharType=-2
		  ThousandsCharType=0
		  NegativeFormatType=-2
		  Decimals=0
		  EmptyIfBool=False
		  LeadingZero=True
		  ExponentialFormat=0
		  Units=
		  RemoveTrailingZeroes=False
		  }
		 Text=Jahr
		 Width=29000
		 Height=10000
		 FixedHeight=0
		 bIsotropic=True
		 PlainTextFormat=True
		 Align=0
		 AlignDecPosition=-10000
		 VAlign=0
		 DrawingAlignment=8
		 Adjusted=False
		 LineWrap=1
		 ForceWrap=False
		 FlowControl=False
		 Spacing.Line=0
		 bFill=False
		 FgColor=RGB(0,0,0)
		 SpaceOptimization=True
		 Link.URL=
		 WithText=False
		 [Frame]
		  {
		  Default=False
		  Layout=1
		  [Left]
		   {
		   Spacing=1000
		   Line=False
		   }
		  [Top]
		   {
		   Spacing=500
		   Line=False
		   }
		  [Right]
		   {
		   Spacing=1000
		   Line=False
		   }
		  [Bottom]
		   {
		   Spacing=500
		   Line=False
		   }
		  }
		 [Font]
		  {
		  Default=True
		  }
		 Direction=0
		 BarWidth=0
		 [BarWidth]
		  {
		  Align=0
		  }
		 BarRatio=0
		 ExportAsPicture=False
		 DwgSaveAsJPEG=False
		 Condition=True
		 }
		[Column]
		 {
		 Identifier=
		 OutputFormatter=DOUBLE
		 [OutputFormatter.DOUBLE]
		  {
		  DecimalCharType=-2
		  ThousandsCharType=-2
		  NegativeFormatType=-2
		  Decimals=0
		  EmptyIfBool=False
		  LeadingZero=True
		  ExponentialFormat=0
		  Units=
		  RemoveTrailingZeroes=False
		  }
		 Text=Sum(AnzAlle)
		 Width=18000
		 Height=10000
		 FixedHeight=0
		 bIsotropic=True
		 PlainTextFormat=True
		 Align=0
		 AlignDecPosition=-10000
		 VAlign=0
		 DrawingAlignment=8
		 Adjusted=False
		 LineWrap=1
		 ForceWrap=False
		 FlowControl=False
		 Spacing.Line=0
		 bFill=False
		 FgColor=RGB(0,0,0)
		 SpaceOptimization=True
		 Link.URL=
		 WithText=False
		 [Frame]
		  {
		  Default=False
		  Layout=1
		  [Left]
		   {
		   Spacing=1000
		   Line=False
		   }
		  [Top]
		   {
		   Spacing=500
		   Line=False
		   }
		  [Right]
		   {
		   Spacing=1000
		   Line=False
		   }
		  [Bottom]
		   {
		   Spacing=500
		   Line=False
		   }
		  }
		 [Font]
		  {
		  Default=True
		  }
		 Direction=0
		 BarWidth=0
		 [BarWidth]
		  {
		  Align=0
		  }
		 BarRatio=0
		 ExportAsPicture=False
		 DwgSaveAsJPEG=False
		 Condition=True
		 }
		}
	   [Options]
		{
		Description=Daten (1)
		[LFont]
		 {
		 Default=True
		 }
		DisplayInDesigner=True
		PDFLevel=0
		PDFText=
		IndexPDFLevel=0
		IndexPDFText=
		[ReservedSpace]
		 {
		 Left=0
		 Top=0
		 Right=0
		 Bottom=0
		 }
		LCondition=True
		Anchor=0
		Anchor.ToTop=True
		GroupCondition=Str$(Jahr,0,0) + TypDetail
		ResetSums=
		TriggerNewPage=False
		}
	   }
	  }
	 [Options]
	  {
	  }
	 }
	}
   }
  }
[Object]
 ObjectID=11
 ObjectName=Chart
 Locked=FALSE
 LinkID=25
 LinkToID=6
 LinkMode=16384
 LayerID=0
 GroupID=0
 Identifier=
 Condition=True
 UserLocked=False
 WrapBefore=False
 ExportAsPicture=False
 Position/Left=10000
 Position/Top=20000
 Position/Width=192000
 Position/Height=252000
 Direction=0
 Frame/Layout=0
 Frame/Left/Spacing=0
 Frame/Left/Line=False
 Frame/Top/Spacing=0
 Frame/Top/Line=False
 Frame/Right/Spacing=0
 Frame/Right/Line=False
 Frame/Bottom/Spacing=0
 Frame/Bottom/Line=False
 PDFLevel=0
 PDFText=
 IndexPDFLevel=0
 IndexPDFText=
 IssueCondition=True
 LLXType=LLCHART
 [@Parameters]
  {
  [Parameters]
   {
   [Engine]
	{
	bFill=1
	CubeBackground=RGB(224,224,224)
	HasAlternatezAxis=False
	zAxisSecondaryAssignment=
	Orientation=1
	UseLightEffect=True
	FrameColor=RGB(180,180,180)
	[AdditionalProperties]
	 {
	 Type=1
	 DataMode=2
	 VisMode=0
	 Flags=5373953
	 }
	[xAxis]
	 {
	 FormulaValue=TypDetail
	 FormulaFilter=TypDetail = 'MB' or TypDetail = 'PFÜ' or TypDetail = 'VB' or  TypDetail = 'VA'
	 AutoSort=True
	 RoundLimits=True
	 FormulaCoord=LL.ChartObject.AxisCoordinate
	 [FormulaCoord.Font]
	  {
	  Default=True
	  }
	 FormulaCoord.RotationAngle=0
	 FormulaCoord.FixedSize=False
	 FormulaCoord.OutputFormatter=
	 FormulaLabel='Aktion'
	 [FormulaLabel.Font]
	  {
	  Default=True
	  }
	 FormulaLabel.RotationAngle=0
	 FormulaLabel.OutputFormatter=
	 CoordTextPlacement=1
	 CoordTextPlacement.Equidistant=False
	 [CoordTextPlacement.bFrame]
	  {
	  Layout=0
	  [Left]
	   {
	   Spacing=1000
	   Line=True
	   [Line]
		{
		Color=LL.Color.Black
		LineType=0
		}
	   LineWidth=0
	   }
	  [Top]
	   {
	   Spacing=1000
	   Line=True
	   [Line]
		{
		Color=LL.Color.Black
		LineType=0
		}
	   LineWidth=0
	   }
	  [Right]
	   {
	   Spacing=1000
	   Line=True
	   [Line]
		{
		Color=LL.Color.Black
		LineType=0
		}
	   LineWidth=0
	   }
	  [Bottom]
	   {
	   Spacing=1000
	   Line=True
	   [Line]
		{
		Color=LL.Color.Black
		LineType=0
		}
	   LineWidth=0
	   }
	  }
	 TickmarkColor=RGB(180,180,180)
	 }
	[yAxis]
	 {
	 FormulaValue=Str$(Jahr,0,0)
	 FormulaFilter=True
	 SamplesForDesigner=10
	 AutoSort=True
	 RoundLimits=True
	 FormulaCoord=LL.ChartObject.AxisCoordinate
	 [FormulaCoord.Font]
	  {
	  Default=True
	  }
	 FormulaCoord.RotationAngle=0
	 FormulaCoord.FixedSize=False
	 FormulaCoord.OutputFormatter=
	 FormulaLabel='Jahr'
	 [FormulaLabel.Font]
	  {
	  Default=True
	  }
	 FormulaLabel.RotationAngle=0
	 FormulaLabel.OutputFormatter=
	 CoordTextPlacement=4
	 CoordTextPlacement.Equidistant=False
	 [CoordTextPlacement.bFrame]
	  {
	  Layout=0
	  [Left]
	   {
	   Spacing=1000
	   Line=True
	   [Line]
		{
		Color=LL.Color.Black
		LineType=0
		}
	   LineWidth=0
	   }
	  [Top]
	   {
	   Spacing=1000
	   Line=True
	   [Line]
		{
		Color=LL.Color.Black
		LineType=0
		}
	   LineWidth=0
	   }
	  [Right]
	   {
	   Spacing=1000
	   Line=True
	   [Line]
		{
		Color=LL.Color.Black
		LineType=0
		}
	   LineWidth=0
	   }
	  [Bottom]
	   {
	   Spacing=1000
	   Line=True
	   [Line]
		{
		Color=LL.Color.Black
		LineType=0
		}
	   LineWidth=0
	   }
	  }
	 }
	[zAxis0]
	 {
	 FormulaMin=True
	 [FormulaMin]
	  {
	  Value=0
	  }
	 FormulaMax=True
	 [FormulaMax]
	  {
	  Value=1.0
	  }
	 FormulaValue=Sum(AnzAlle)
	 FormulaCoordOnObjects=0
	 [FormulaCoordOnObjects]
	  {
	  [Font]
	   {
	   Default=True
	   }
	  OutputFormatter=
	  Formula=LL.ChartObject.AxisCoordinate
	  [Filling]
	   {
	   bShow=0
	   }
	  RotationAngle=0
	  }
	 AutoTickmarks=True
	 [AutoTickmarks]
	  {
	  Value=1.0
	  }
	 CountOfIntermediateTicks=0
	 Visual=1
	 CoordGridLines=True
	 [CoordGridLines]
	  {
	  Color=RGB(180,180,180)
	  }
	 CoordGridZebraPattern=0
	 BarWidthPercentage=60
	 Distortion=0
	 FormulaCoord=cstr$(LL.ChartObject.AxisCoordinate,'%.0f')
	 [FormulaCoord.Font]
	  {
	  Default=True
	  }
	 FormulaCoord.RotationAngle=0
	 FormulaCoord.FixedSize=False
	 FormulaCoord.OutputFormatter=
	 FormulaLabel='Anzahl'
	 [FormulaLabel.Font]
	  {
	  Default=False
	  FaceName="Calibri"
	  GdiCharSet=0
	  Size=10.0
	  Width=0
	  Bold=False
	  Italic=False
	  Underline=False
	  Strikeout=False
	  Color=LL.Color.Black
	  PitchAndFamily=34
	  OutPrecision=3
	  }
	 FormulaLabel.RotationAngle=90.0
	 FormulaLabel.OutputFormatter=
	 CoordTextPlacement=1
	 CoordTextPlacement.Equidistant=False
	 [CoordTextPlacement.bFrame]
	  {
	  Layout=0
	  [Left]
	   {
	   Spacing=1000
	   Line=True
	   [Line]
		{
		Color=LL.Color.Black
		LineType=0
		}
	   LineWidth=0
	   }
	  [Top]
	   {
	   Spacing=1000
	   Line=True
	   [Line]
		{
		Color=LL.Color.Black
		LineType=0
		}
	   LineWidth=0
	   }
	  [Right]
	   {
	   Spacing=1000
	   Line=True
	   [Line]
		{
		Color=LL.Color.Black
		LineType=0
		}
	   LineWidth=0
	   }
	  [Bottom]
	   {
	   Spacing=1000
	   Line=True
	   [Line]
		{
		Color=LL.Color.Black
		LineType=0
		}
	   LineWidth=0
	   }
	  }
	 TickmarkColor=RGB(180,180,180)
	 }
	}
   [AssignedColors]
	{
	}
   TitleFormula=''
   [TitleFormula.Font]
	{
	Default=True
	}
   TitleFormula.OutputFormatter=
   TitlePosition=0
   Background=True
   [Background]
	{
	[Filling]
	 {
	 bShow=LL.Scheme.BackgroundFillMode
	 Raster=1
	 Color=LL.Scheme.BackgroundColor0
	 }
	[Frame]
	 {
	 bShow=1
	 Color=RGB(180,180,180)
	 Width=0
	 }
	[Shadow]
	 {
	 bShow=0
	 }
	Rounding=0
	}
   Colors\Color0=RGB(255,51,0)
   Colors\Color1=RGB(0,102,204)
   Colors\Color2=RGB(102,204,51)
   Colors\Color3=RGB(255,204,0)
   Colors\Color4=RGB(255,121,75)
   Colors\Color5=RGB(153,153,255)
   Colors\Color6=RGB(180,220,180)
   Colors\Color7=RGB(255,219,157)
   Colors\Color8=RGB(255,153,51)
   Colors\Color9=RGB(102,102,204)
   EnhancedColorContrast=False
   Version=2
   }
  }
[UserVariables]
[Parameters]
 [@Parameters]
  {
  [Parameters]
   {
   LL.ProjectDescription=? (default)
   }
  }
[UsedIdentifiers]
 Variables=Benutzer.Name;LayoutName;Bericht.ProgVer;Benutzer.Zeichen
 Fields=AnzAlle;Jahr;TypDetail;Zuständig
 ChartFields=
[PageLayouts]
 [@PageLayouts]
  {
  [PageLayouts]
   {
   [PageLayout]
	{
	DisplayName=
	Condition=True
	SourceTray=0
	ForcePaperFormat=True
	UsePhysicalPaper=True
	PaperFormat=9
	PaperFormat.cx=210000
	PaperFormat.cy=296900
	PaperFormat.Orientation=1
	Copies=1
	Duplex=0
	Collate=0
	FitPage=False
	ShowInPrintDialog=True
	}
   }
  }
[ExtendedInfo]
 [@ExtendedInfos]
  {
  [UserDefinedDesignScheme]
   {
   [Foreground]
	{
	Color=(173,215,227)
	Color=(167,195,209)
	Color=(165,170,199)
	Color=(155,122,153)
	Color=(135,95,119)
	Color=(255,230,179)
	Color=(238,190,93)
	Color=(242,167,17)
	Color=(166,178,102)
	Color=(102,204,199)
	}
   [Background]
	{
	Color=(240,249,255)
	Color=(255,230,179)
	Color=(173,215,227)
	Color=(167,195,209)
	FillMode=1
	}
   }
  }
