[List description]
[Description]
 Text=? (default)
 FileVersion=7
 Units=SCM-Units
 Metric=0
 TextQuote.Start=1
 TextQuote.End=1
 RepresentationCode.CondStart=171
 RepresentationCode.CondSep=166
 RepresentationCode.CondEnd=187
 RepresentationCode.Tab=247
 RepresentationCode.Ret=182
 RepresentationCode.PhantomSpace=2
 RepresentationCode.LockNextChar=3
 RepresentationCode.ExprSep=164
 LCID=7
 Created=13.02.2007, 14:35:49
 CreatedByApp=TVN1.exe []
 CreatedByDLL=CMLL11.DLL [11,15,0,0 (06-04-24 10:35)]
 CreatedByUser=keuer on KEUER
 LastModified=06.02.2008, 11:15:52
 LastModifiedByApp=TVN.EXE []
 LastModifiedByDLL=CMLL12.DLL [12,11,0,0 (07-05-11 09:32)]
 LastModifiedByUser=keuer on KEUER
 CreatedByCallFrom=cmll12o.ocx
[Layout]
 P1.Template=
 P2.Template=
 xOffset=0
 yOffset=0
 xSize=419900
 ySize=296900
 P1.xOffset=0
 P1.yOffset=0
 P1.xSize=419900
 P1.ySize=296900
 P2.xOffset=0
 P2.yOffset=0
 P2.xSize=419900
 P2.ySize=296900
 P1.nPaperFormat=8
 P1.xPaperSize=419900
 P1.yPaperSize=296900
 P1.ForcePaperFormat=TRUE
 P2.nPaperFormat=8
 P2.xPaperSize=419900
 P2.yPaperSize=296900
 P2.ForcePaperFormat=TRUE
 xGrid=2000
 yGrid=2000
 GridShow=FALSE
 GridSnap=TRUE
 PhysicalPage=TRUE
 P1.PhysicalPage=TRUE
 P2.PhysicalPage=TRUE
 Orientation=2
 P1.Orientation=2
 P2.Orientation=2
 EnhancedExpressions=TRUE
 EnhancedOldExpressions=FALSE
 Decimals=2
 DefFont={(0,0,0),10.000000,-13,0,0,0,400,0,0,0,0,3,2,1,34,Calibri}
 HelpLines.Horizontal=
 HelpLines.Vertical=
 PDF.MaxOutlineDepth=2
 DefaultSize.Objecttype1=(0,0,194000,4000)
 DefaultSize.Objecttype3=(0,0,128000,238000)
 DefaultSize.Objecttype5=(0,0,62800,40000)
 DefaultSize.Objecttype6=(0,0,194000,168000)
 DefaultSize.Objecttype10=(0,0,0,0)
 DefaultSize.Objecttype11=(0,0,188000,90000)
 ObjectCount=17
[UserSection]

[SumVariables]
[Layer]
 Name=Basis
 Condition=
 WorkspaceColor=(0,0,0)
 Visible=TRUE
 LayerID=0
[Layer]
 Name=Erste Seite
 Condition=Page() = 1
 WorkspaceColor=(0,128,64)
 Visible=TRUE
 LayerID=1
[Layer]
 Name=Folgeseiten
 Condition=Page() <> 1
 WorkspaceColor=(0,0,255)
 Visible=TRUE
 LayerID=2
[Object]
 ObjectID=1
 ObjectName=Text
 Locked=FALSE
 LinkID=2
 LinkToID=0
 LinkMode=32
 LinkTest=-21506
 LayerID=0
 GroupID=0
 Identifier=Fensterabsender
 Condition=True
 UserLocked=False
 WrapBefore=False
 Position/Left=75000
 Position/Top=44000
 Position/Width=100300
 Position/Height=5200
 Direction=0
 bFill=0
 BkColor=LL.Color.Black
 Frame/Layout=0
 Frame/Left/Line=False
 Frame/Top/Line=False
 Frame/Right/Line=False
 Frame/Bottom/Line=False
 bPageWrap=False
 bBottomAligned=False
 [@Lines]
  {
  [Lines]
   {
   [Line]
	{
	[Font]
	 {
	 Default=False
	 FaceName="Calibri"
	 GdiCharSet=0
	 Size=8.0
	 Width=0
	 Bold=False
	 Italic=False
	 Underline=False
	 Strikeout=False
	 Color=LL.Color.Black
	 PitchAndFamily=34
	 OutPrecision=3
	 }
	Align=0
	Adjusted=False
	Uneraseable=False
	LineWrap=1
	PageWrapAllowed=True
	SpaceOptimization=True
	Spacing.Paragraph=0
	Spacing.Line=0
	OutputFormatter=
	Condition=True
	Text="Tierärztliche Verrechnungsstelle Niedersachsen r.V. · Postfach 1363 · 31003 Elze"
	Tab=0
	TabAlign=0
	}
   }
  }
[Object]
 ObjectID=1
 ObjectName=Text
 Locked=FALSE
 LinkID=5
 LinkToID=0
 LinkMode=32
 LinkTest=-27622
 LayerID=0
 GroupID=0
 Identifier=Empfaenger
 Condition=True
 UserLocked=False
 WrapBefore=False
 Position/Left=75000
 Position/Top=52000
 Position/Width=100300
 Position/Height=54000
 Direction=0
 bFill=0
 BkColor=LL.Color.Black
 Frame/Layout=0
 Frame/Left/Line=False
 Frame/Top/Line=False
 Frame/Right/Line=False
 Frame/Bottom/Line=False
 bPageWrap=False
 bBottomAligned=False
 [@Lines]
  {
  [Lines]
   {
   [Line]
	{
	[Font]
	 {
	 Default=False
	 FaceName="Calibri"
	 GdiCharSet=0
	 Size=10.0
	 Width=0
	 Bold=False
	 Italic=False
	 Underline=False
	 Strikeout=False
	 Color=LL.Color.Black
	 PitchAndFamily=34
	 OutPrecision=3
	 }
	Align=0
	Adjusted=False
	Uneraseable=False
	LineWrap=1
	PageWrapAllowed=True
	SpaceOptimization=True
	Spacing.Paragraph=0
	Spacing.Line=4
	OutputFormatter=
	Condition=True
	Text=vHalter.Anrede + Chr$(13) + vHalter.Titel + vHalter.Vorname + Cond(vHalter.Vorname = "", "", " ") + vHalter.Nachname + Cond(vHalter.Name2="", "", Chr$(13) + vHalter.Name2) + Chr$ (13) +  Cond(vHalter.Strasse = "", "", vHalter.Strasse + Chr$(13)) + vHalter.Ort + Cond(vHalter.Land = "", "", Chr$(13) + vHalter.Land)
	Tab=0
	TabAlign=0
	}
   [Line]
	{
	[Font]
	 {
	 Default=False
	 FaceName="Calibri"
	 GdiCharSet=0
	 Size=22.0
	 Width=0
	 Bold=False
	 Italic=False
	 Underline=False
	 Strikeout=False
	 Color=LL.Color.Black
	 PitchAndFamily=34
	 OutPrecision=3
	 }
	Align=0
	Adjusted=False
	Uneraseable=False
	LineWrap=1
	PageWrapAllowed=True
	SpaceOptimization=True
	Spacing.Paragraph=0
	Spacing.Line=0
	OutputFormatter=
	Condition=Year(vHalter.SperrDatum) >= 1900
	Text="Kein Postausgang!" + Chr$(13) + "Adresse unklar seit " + Date$ (vHalter.SperrDatum, "%d.%m.%y")
	Tab=0
	TabAlign=0
	}
   }
  }
[Object]
 ObjectID=1
 ObjectName=Text
 Locked=FALSE
 LinkID=11
 LinkToID=0
 LinkMode=32
 LinkTest=-19146
 LayerID=0
 GroupID=0
 Identifier=Mahnung
 Condition=True
 UserLocked=False
 WrapBefore=False
 Position/Left=195200
 Position/Top=36000
 Position/Width=50100
 Position/Height=6500
 Direction=0
 bFill=0
 BkColor=LL.Color.Black
 Frame/Layout=0
 Frame/Left/Line=False
 Frame/Top/Line=False
 Frame/Right/Line=False
 Frame/Bottom/Line=False
 bPageWrap=False
 bBottomAligned=False
 [@Lines]
  {
  [Lines]
   {
   [Line]
	{
	[Font]
	 {
	 Default=False
	 FaceName="Calibri"
	 GdiCharSet=0
	 Size=13.0
	 Width=0
	 Bold=False
	 Italic=False
	 Underline=False
	 Strikeout=False
	 Color=LL.Color.Black
	 PitchAndFamily=34
	 OutPrecision=3
	 }
	Align=0
	Adjusted=False
	Uneraseable=False
	LineWrap=1
	PageWrapAllowed=True
	SpaceOptimization=True
	Spacing.Paragraph=0
	Spacing.Line=0
	OutputFormatter=
	Condition=True
	Text=Cond(Rechnung.nurOPs=1, "", Cond(Rechnung.Brutto<0, "Gutschrift", "Rechnung"))
	Tab=0
	TabAlign=0
	}
   }
  }
[Object]
 ObjectID=1
 ObjectName=Text
 Locked=FALSE
 LinkID=20
 LinkToID=0
 LinkMode=32
 LinkTest=-5147
 LayerID=0
 GroupID=0
 Identifier=Mitgliedadresse
 Condition=Drawing$ (Mitglied.Logo) = ""
 UserLocked=False
 WrapBefore=False
 Position/Left=195200
 Position/Top=56000
 Position/Width=64600
 Position/Height=30000
 Direction=0
 bFill=0
 BkColor=LL.Color.Black
 Frame/Layout=0
 Frame/Left/Line=False
 Frame/Top/Line=False
 Frame/Right/Line=False
 Frame/Bottom/Line=False
 bPageWrap=False
 bBottomAligned=False
 [@Lines]
  {
  [Lines]
   {
   [Line]
	{
	[Font]
	 {
	 Default=False
	 FaceName="Calibri"
	 GdiCharSet=0
	 Size=10.0
	 Width=0
	 Bold=False
	 Italic=False
	 Underline=False
	 Strikeout=False
	 Color=LL.Color.Black
	 PitchAndFamily=34
	 OutPrecision=3
	 }
	Align=0
	Adjusted=False
	Uneraseable=False
	LineWrap=1
	PageWrapAllowed=True
	SpaceOptimization=True
	Spacing.Paragraph=0
	Spacing.Line=4
	OutputFormatter=
	Condition=True
	Text=Mitglied.Name1 + Cond(Mitglied.Name2 = "", "", Chr$(13) + Mitglied.Name2) + Cond(Mitglied.Strasse = "", "", Chr$(13) + Mitglied.Strasse) + Cond(Mitglied.Ort = "", "", Chr$(13) + Mitglied.Ort)
	Tab=0
	TabAlign=0
	}
   }
  }
[Object]
 ObjectID=1
 ObjectName=Text
 Locked=FALSE
 LinkID=31
 LinkToID=0
 LinkMode=32
 LinkTest=-23552
 LayerID=1
 GroupID=0
 Identifier=Quittung
 Condition=True
 UserLocked=False
 WrapBefore=False
 Position/Left=371000
 Position/Top=45000
 Position/Width=43300
 Position/Height=17800
 Direction=0
 bFill=0
 BkColor=LL.Color.Black
 Frame/Layout=0
 Frame/Left/Line=False
 Frame/Top/Line=False
 Frame/Right/Line=False
 Frame/Bottom/Line=False
 bPageWrap=False
 bBottomAligned=False
 [@Lines]
  {
  [Lines]
   {
   [Line]
	{
	[Font]
	 {
	 Default=False
	 FaceName="Calibri"
	 GdiCharSet=0
	 Size=10.0
	 Width=0
	 Bold=False
	 Italic=False
	 Underline=False
	 Strikeout=False
	 Color=LL.Color.Black
	 PitchAndFamily=34
	 OutPrecision=3
	 }
	Align=0
	Adjusted=False
	Uneraseable=False
	LineWrap=1
	PageWrapAllowed=True
	SpaceOptimization=True
	Spacing.Paragraph=0
	Spacing.Line=0
	OutputFormatter=
	Condition=True
	Text=Cond(Rechnung.Brutto<0, "XXXXXXXXXXXXXXXXX", StrSubst$ (Str$(Rechnung.Brutto,10,2), " ", "*") + Chr$(13) + Chr$(13))
	Tab=0
	TabAlign=0
	}
   [Line]
	{
	[Font]
	 {
	 Default=False
	 FaceName="Calibri"
	 GdiCharSet=0
	 Size=10.0
	 Width=0
	 Bold=False
	 Italic=False
	 Underline=False
	 Strikeout=False
	 Color=LL.Color.Black
	 PitchAndFamily=34
	 OutPrecision=3
	 }
	Align=0
	Adjusted=False
	Uneraseable=False
	LineWrap=1
	PageWrapAllowed=True
	SpaceOptimization=True
	Spacing.Paragraph=0
	Spacing.Line=0
	OutputFormatter=
	Condition=True
	Text=Cond(Rechnung.Brutto<0, "XXXXXXXXXXXXXXXXX", Rechnung.MZF)
	Tab=0
	TabAlign=0
	}
   [Line]
	{
	[Font]
	 {
	 Default=False
	 FaceName="Calibri"
	 GdiCharSet=0
	 Size=10.0
	 Width=0
	 Bold=False
	 Italic=False
	 Underline=False
	 Strikeout=False
	 Color=LL.Color.Black
	 PitchAndFamily=34
	 OutPrecision=3
	 }
	Align=0
	Adjusted=False
	Uneraseable=False
	LineWrap=1
	PageWrapAllowed=True
	SpaceOptimization=True
	Spacing.Paragraph=0
	Spacing.Line=0
	OutputFormatter=
	Condition=True
	Text=Cond(Rechnung.Brutto<0, "XXXXXXXXXXXXXXXXX", "Kunden-Nr." + Str$(Mitglied.Nr,4,0) + "/H" + Str$(vHalter.Nr,5,0))
	Tab=0
	TabAlign=0
	}
   }
  }
[Object]
 ObjectID=1
 ObjectName=Text
 Locked=FALSE
 LinkID=14
 LinkToID=0
 LinkMode=32
 LinkTest=-10216
 LayerID=0
 GroupID=0
 Identifier=Datum
 Condition=True
 UserLocked=False
 WrapBefore=False
 Position/Left=195200
 Position/Top=84000
 Position/Width=66800
 Position/Height=12000
 Direction=0
 bFill=0
 BkColor=LL.Color.Black
 Frame/Layout=0
 Frame/Left/Line=False
 Frame/Top/Line=False
 Frame/Right/Line=False
 Frame/Bottom/Line=False
 bPageWrap=False
 bBottomAligned=False
 [@Lines]
  {
  [Lines]
   {
   [Line]
	{
	[Font]
	 {
	 Default=False
	 FaceName="Calibri"
	 GdiCharSet=0
	 Size=8.0
	 Width=0
	 Bold=False
	 Italic=False
	 Underline=False
	 Strikeout=False
	 Color=LL.Color.Black
	 PitchAndFamily=34
	 OutPrecision=3
	 }
	Align=0
	Adjusted=False
	Uneraseable=False
	LineWrap=1
	PageWrapAllowed=True
	SpaceOptimization=True
	Spacing.Paragraph=2
	Spacing.Line=0
	OutputFormatter=
	Condition=True
	Text="Datum"
	Tab=0
	TabAlign=0
	}
   [Line]
	{
	[Font]
	 {
	 Default=True
	 }
	Align=0
	Adjusted=False
	Uneraseable=False
	LineWrap=1
	PageWrapAllowed=True
	SpaceOptimization=True
	Spacing.Paragraph=0
	Spacing.Line=0
	OutputFormatter=
	Condition=True
	Text=
	Tab=0
	TabAlign=0
	}
   [Line]
	{
	[Font]
	 {
	 Default=True
	 }
	Align=0
	Adjusted=False
	Uneraseable=False
	LineWrap=1
	PageWrapAllowed=True
	SpaceOptimization=True
	Spacing.Paragraph=0
	Spacing.Line=0
	OutputFormatter=
	Condition=True
	Text=Rechnung.Datum
	Tab=0
	TabAlign=0
	}
   }
  }
[Object]
 ObjectID=1
 ObjectName=Text
 Locked=FALSE
 LinkID=18
 LinkToID=0
 LinkMode=32
 LinkTest=-14121
 LayerID=0
 GroupID=0
 Identifier=KundenNr
 Condition=True
 UserLocked=False
 WrapBefore=False
 Position/Left=238000
 Position/Top=84000
 Position/Width=26000
 Position/Height=8000
 Direction=0
 bFill=0
 BkColor=LL.Color.Black
 Frame/Layout=0
 Frame/Left/Line=False
 Frame/Top/Line=False
 Frame/Right/Line=False
 Frame/Bottom/Line=False
 bPageWrap=False
 bBottomAligned=False
 [@Lines]
  {
  [Lines]
   {
   [Line]
	{
	[Font]
	 {
	 Default=False
	 FaceName="Calibri"
	 GdiCharSet=0
	 Size=8.0
	 Width=0
	 Bold=False
	 Italic=False
	 Underline=False
	 Strikeout=False
	 Color=LL.Color.Black
	 PitchAndFamily=34
	 OutPrecision=3
	 }
	Align=0
	Adjusted=False
	Uneraseable=False
	LineWrap=1
	PageWrapAllowed=True
	SpaceOptimization=True
	Spacing.Paragraph=2
	Spacing.Line=0
	OutputFormatter=
	Condition=True
	Text="Rechnungs-Nr."
	Tab=0
	TabAlign=0
	}
   [Line]
	{
	[Font]
	 {
	 Default=True
	 }
	Align=0
	Adjusted=False
	Uneraseable=False
	LineWrap=1
	PageWrapAllowed=True
	SpaceOptimization=True
	Spacing.Paragraph=0
	Spacing.Line=0
	OutputFormatter=
	Condition=True
	Text=
	Tab=0
	TabAlign=0
	}
   [Line]
	{
	[Font]
	 {
	 Default=True
	 }
	Align=0
	Adjusted=False
	Uneraseable=False
	LineWrap=1
	PageWrapAllowed=True
	SpaceOptimization=True
	Spacing.Paragraph=0
	Spacing.Line=0
	OutputFormatter=
	Condition=True
	Text=Str$(Mitglied.Nr,4,0) + "/R" + Str$(Rechnung.Nr,5,0)
	Tab=0
	TabAlign=0
	}
   }
  }
[Object]
 ObjectID=5
 ObjectName=Zeichnung
 Locked=FALSE
 LinkID=1
 LinkToID=0
 LinkMode=32
 LinkTest=-29837
 LayerID=0
 GroupID=0
 Identifier=Mitglied.Logo
 Condition=True
 UserLocked=False
 WrapBefore=False
 Position/Left=195200
 Position/Top=42000
 Position/Width=62800
 Position/Height=40000
 Direction=0
 Frame/Layout=0
 Frame/Left/Line=False
 Frame/Top/Line=False
 Frame/Right/Line=False
 Frame/Bottom/Line=False
 bIsotropic=True
 Mode=2
 Filename=
 bRelPath=False
 Formula=
 Variablename=Mitglied.Logo
 UserParameters=
[Object]
 ObjectID=1
 ObjectName=Text
 Locked=FALSE
 LinkID=3
 LinkToID=0
 LinkMode=32
 LinkTest=-30464
 LayerID=1
 GroupID=0
 Identifier=Mitglied.Memo
 Condition=True
 UserLocked=False
 WrapBefore=False
 Position/Left=280000
 Position/Top=88000
 Position/Width=125000
 Position/Height=106000
 Direction=0
 bFill=0
 BkColor=LL.Color.Black
 Frame/Layout=0
 Frame/Left/Line=False
 Frame/Top/Line=False
 Frame/Right/Line=False
 Frame/Bottom/Line=False
 bPageWrap=False
 bBottomAligned=False
 [@Lines]
  {
  [Lines]
   {
   [Line]
	{
	[Font]
	 {
	 Default=True
	 }
	Align=0
	Adjusted=False
	Uneraseable=False
	LineWrap=1
	PageWrapAllowed=True
	SpaceOptimization=True
	Spacing.Paragraph=0
	Spacing.Line=0
	OutputFormatter=
	Condition=True
	Text=Mitglied.Memo
	Tab=0
	TabAlign=0
	}
   }
  }
[Object]
 ObjectID=1
 ObjectName=Text
 Locked=FALSE
 LinkID=72
 LinkToID=0
 LinkMode=0
 LinkTest=-24489
 LayerID=1
 GroupID=0
 Identifier=OCR-Feld
 Condition=Not (vHalter.Land ="Schweiz" or vHalter.Land ="Belgien" or vHalter.Land ="Bulgarien" or vHalter.Land ="Dänemark" or vHalter.Land ="Estland" or vHalter.Land ="Finnland" or vHalter.Land ="Frankreich" or vHalter.Land ="Griechenland" or vHalter.Land ="Großbritannien" or vHalter.Land ="Irland" or vHalter.Land ="Island" or vHalter.Land ="Italien" or vHalter.Land ="Lettland" or vHalter.Land ="Litauen" or vHalter.Land ="Luxemburg" or vHalter.Land ="Malta" or vHalter.Land ="Niederlande" or vHalter.Land ="Norwegen" or vHalter.Land ="Österreich" or vHalter.Land ="Polen" or vHalter.Land ="Portugal" or vHalter.Land ="Rumänien" or vHalter.Land ="Schweden" or vHalter.Land ="Slowakei" or vHalter.Land ="Slowenien" or vHalter.Land ="Spanien" or vHalter.Land ="Tschechien" or vHalter.Land ="Ungarn" or vHalter.Land ="Zypern")
 UserLocked=False
 WrapBefore=False
 Position/Left=280000
 Position/Top=240000
 Position/Width=101000
 Position/Height=41000
 Direction=0
 bFill=0
 BkColor=LL.Color.Black
 Frame/Layout=0
 Frame/Left/Line=False
 Frame/Top/Line=False
 Frame/Right/Line=False
 Frame/Bottom/Line=False
 bPageWrap=False
 bBottomAligned=False
 bWYSIWYGDialog=FALSE
 [@Lines]
  {
  [Lines]
   {
   [Line]
	{
	[Font]
	 {
	 Default=False
	 FaceName="Courier New"
	 GdiCharSet=0
	 Size=12.0
	 Width=0
	 Bold=True
	 Italic=False
	 Underline=False
	 Strikeout=False
	 Color=LL.Color.Black
	 PitchAndFamily=49
	 OutPrecision=3
	 }
	Align=2
	Adjusted=False
	Uneraseable=False
	LineWrap=1
	PageWrapAllowed=True
	SpaceOptimization=True
	Spacing.Paragraph=12
	Spacing.Line=0
	OutputFormatter=
	Condition=True
	Text=Cond(Rechnung.Brutto<0, "XXXXXXXXXXXXXXXXX", StrSubst$ (Str$(Rechnung.Brutto,10,2), " ", "*"))
	Tab=0
	TabAlign=0
	}
   [Line]
	{
	[Font]
	 {
	 Default=False
	 FaceName="Courier New"
	 GdiCharSet=0
	 Size=12.0
	 Width=0
	 Bold=True
	 Italic=False
	 Underline=False
	 Strikeout=False
	 Color=LL.Color.Black
	 PitchAndFamily=49
	 OutPrecision=3
	 }
	Align=0
	Adjusted=False
	Uneraseable=False
	LineWrap=1
	PageWrapAllowed=True
	SpaceOptimization=False
	Spacing.Paragraph=12
	Spacing.Line=0
	OutputFormatter=
	Condition=True
	Text=Cond(Rechnung.Brutto<0, "XXXXXXXXXXXXXXXXX", Rechnung.MZF)
	Tab=0
	TabAlign=0
	}
   [Line]
	{
	[Font]
	 {
	 Default=False
	 FaceName="Courier New"
	 GdiCharSet=0
	 Size=12.0
	 Width=0
	 Bold=True
	 Italic=False
	 Underline=False
	 Strikeout=False
	 Color=LL.Color.Black
	 PitchAndFamily=49
	 OutPrecision=3
	 }
	Align=0
	Adjusted=False
	Uneraseable=False
	LineWrap=1
	PageWrapAllowed=True
	SpaceOptimization=True
	Spacing.Paragraph=12
	Spacing.Line=0
	OutputFormatter=
	Condition=True
	Text=Cond(Rechnung.Brutto<0, "XXXXXXXXXXXXXXXXX", Str$(Mitglied.Nr,4,0) + "/H" + Str$(vHalter.Nr, 5,0))
	Tab=0
	TabAlign=0
	}
   [Line]
	{
	[Font]
	 {
	 Default=False
	 FaceName="Courier New"
	 GdiCharSet=0
	 Size=12.0
	 Width=0
	 Bold=True
	 Italic=False
	 Underline=False
	 Strikeout=False
	 Color=LL.Color.Black
	 PitchAndFamily=49
	 OutPrecision=3
	 }
	Align=0
	Adjusted=False
	Uneraseable=False
	LineWrap=1
	PageWrapAllowed=True
	SpaceOptimization=True
	Spacing.Paragraph=12
	Spacing.Line=0
	OutputFormatter=
	Condition=True
	Text=Cond(Rechnung.Brutto<0, "XXXXXXXXXXXXXXXXX", vHalter.Titel + Cond(vHalter.Vorname="", "", vHalter.Vorname +" ") + vHalter.Nachname)
	Tab=0
	TabAlign=0
	}
   }
  }
[Object]
 ObjectID=1
 ObjectName=Text
 Locked=FALSE
 LinkID=37
 LinkToID=0
 LinkMode=32
 LinkTest=-14370
 LayerID=2
 GroupID=0
 Identifier=KundenNr
 Condition=True
 UserLocked=False
 WrapBefore=False
 Position/Left=238000
 Position/Top=92000
 Position/Width=36000
 Position/Height=4000
 Direction=0
 bFill=0
 BkColor=LL.Color.Black
 Frame/Layout=0
 Frame/Left/Line=False
 Frame/Top/Line=False
 Frame/Right/Line=False
 Frame/Bottom/Line=False
 bPageWrap=False
 bBottomAligned=False
 [@Lines]
  {
  [Lines]
   {
   [Line]
	{
	[Font]
	 {
	 Default=False
	 FaceName="Calibri"
	 GdiCharSet=0
	 Size=8.0
	 Width=0
	 Bold=False
	 Italic=False
	 Underline=False
	 Strikeout=False
	 Color=LL.Color.Black
	 PitchAndFamily=34
	 OutPrecision=3
	 }
	Align=0
	Adjusted=False
	Uneraseable=False
	LineWrap=1
	PageWrapAllowed=True
	SpaceOptimization=True
	Spacing.Paragraph=2
	Spacing.Line=0
	OutputFormatter=
	Condition=True
	Text="Seite " + Page$ () + " / " + TotalPages$ ()
	Tab=0
	TabAlign=0
	}
   [Line]
	{
	[Font]
	 {
	 Default=True
	 }
	Align=0
	Adjusted=False
	Uneraseable=False
	LineWrap=1
	PageWrapAllowed=True
	SpaceOptimization=True
	Spacing.Paragraph=0
	Spacing.Line=0
	OutputFormatter=
	Condition=True
	Text=
	Tab=0
	TabAlign=0
	}
   }
  }
[Object]
 ObjectID=6
 ObjectName=Tabelle
 Locked=FALSE
 LinkID=43
 LinkToID=0
 LinkMode=0
 LinkTest=-3968
 LayerID=0
 GroupID=0
 Identifier=
 Condition=True
 UserLocked=False
 WrapBefore=False
 Position/Left=68000
 Position/Top=100000
 Position/Width=194000
 Position/Height=168000
 Direction=0
 bFooterOnBottom=False
 bFillBottom=False
 DefaultFont=default
 FgColor=LL.Color.Black
 bFill=0
 Raster=1
 BkColor=LL.Color.White
 BkColor2=LL.Color.White
 BkColor3=LL.Color.White
 BkColor.Alpha=50
 [@Tables]
  {
  [Tables]
   {
   [Table]
	{
	TableType=List
	TableID=
	RelationID=
	[GroupHeaderLines]
	 {
	 bConcatDataLines=True
	 }
	[GroupFooterLines]
	 {
	 bAlsoOnEmptyGroup=False
	 }
	[DataLines]
	 {
	 bKeepTogether=True
	 bSuppress=False
	 bForceSumCalculation=True
	 }
	ZebraPattern=0
	[ZebraPattern]
	 {
	 Pattern=6
	 Color=LL.Color.Black
	 Color2=LL.Color.White
	 Color3=LL.Color.White
	 Color.Alpha=50
	 }
	[FooterLines]
	 {
	 bKeepTogether=True
	 }
	PageBreakCondition=False
	[DefaultFrame]
	 {
	 Layout=1
	 [Left]
	  {
	  Spacing=1000
	  Line=True
	  [Line]
	   {
	   Color=LL.Color.Black
	   LineType=0
	   }
	  LineWidth=0
	  }
	 [Top]
	  {
	  Spacing=500
	  Line=True
	  [Line]
	   {
	   Color=LL.Color.Black
	   LineType=0
	   }
	  LineWidth=0
	  }
	 [Right]
	  {
	  Spacing=1000
	  Line=True
	  [Line]
	   {
	   Color=LL.Color.Black
	   LineType=0
	   }
	  LineWidth=0
	  }
	 [Bottom]
	  {
	  Spacing=500
	  Line=True
	  [Line]
	   {
	   Color=LL.Color.Black
	   LineType=0
	   }
	  LineWidth=0
	  }
	 }
	[Body]
	 {
	 [Options]
	  {
	  }
	 [Lines]
	  {
	  [Line]
	   {
	   LineID=0
	   [Columns]
		{
		Columns=4
		[Column]
		 {
		 Width=24000
		 Height=10000
		 bIsotropic=True
		 PlainTextFormat=True
		 Align=0
		 AlignDecPosition=-10000
		 VAlign=0
		 Adjusted=False
		 LineWrap=1
		 bFill=0
		 Raster=1
		 BkColor=RGB(224,224,224)
		 BkColor2=LL.Color.White
		 BkColor3=LL.Color.White
		 BkColor.Alpha=50
		 FgColor=LL.Color.Black
		 SpaceOptimization=False
		 Link.URL=
		 WithText=False
		 [Frame]
		  {
		  Default=False
		  Layout=1
		  [Left]
		   {
		   Spacing=1000
		   Line=False
		   }
		  [Top]
		   {
		   Spacing=500
		   Line=False
		   }
		  [Right]
		   {
		   Spacing=1000
		   Line=False
		   }
		  [Bottom]
		   {
		   Spacing=500
		   Line=False
		   }
		  }
		 [Font]
		  {
		  Default=False
		  FaceName="Courier New"
		  GdiCharSet=0
		  Size=10.0
		  Width=0
		  Bold=False
		  Italic=False
		  Underline=False
		  Strikeout=False
		  Color=LL.Color.Black
		  PitchAndFamily=49
		  OutPrecision=3
		  }
		 OutputFormatter=
		 Direction=0
		 BarWidth=0
		 [BarWidth]
		  {
		  Align=0
		  }
		 BarRatio=0
		 Condition=True
		 Text=Rechnung_Datum
		 }
		[Column]
		 {
		 Width=128000
		 Height=10000
		 bIsotropic=True
		 PlainTextFormat=True
		 Align=0
		 AlignDecPosition=-10000
		 VAlign=0
		 Adjusted=False
		 LineWrap=1
		 bFill=0
		 Raster=1
		 BkColor=RGB(224,224,224)
		 BkColor2=LL.Color.White
		 BkColor3=LL.Color.White
		 BkColor.Alpha=50
		 FgColor=LL.Color.Black
		 SpaceOptimization=False
		 Link.URL=
		 WithText=False
		 [Frame]
		  {
		  Default=False
		  Layout=1
		  [Left]
		   {
		   Spacing=1000
		   Line=False
		   }
		  [Top]
		   {
		   Spacing=500
		   Line=False
		   }
		  [Right]
		   {
		   Spacing=1000
		   Line=False
		   }
		  [Bottom]
		   {
		   Spacing=500
		   Line=False
		   }
		  }
		 [Font]
		  {
		  Default=False
		  FaceName="Courier New"
		  GdiCharSet=0
		  Size=10.0
		  Width=0
		  Bold=False
		  Italic=False
		  Underline=False
		  Strikeout=False
		  Color=LL.Color.Black
		  PitchAndFamily=49
		  OutPrecision=3
		  }
		 OutputFormatter=
		 Direction=0
		 BarWidth=0
		 [BarWidth]
		  {
		  Align=0
		  }
		 BarRatio=0
		 Condition=True
		 Text=Rechnung.Text
		 }
		[Column]
		 {
		 Width=16000
		 Height=10000
		 bIsotropic=True
		 PlainTextFormat=True
		 Align=2
		 AlignDecPosition=-10000
		 VAlign=0
		 Adjusted=False
		 LineWrap=1
		 bFill=0
		 Raster=1
		 BkColor=RGB(224,224,224)
		 BkColor2=LL.Color.White
		 BkColor3=LL.Color.White
		 BkColor.Alpha=50
		 FgColor=LL.Color.Black
		 SpaceOptimization=True
		 Link.URL=
		 WithText=False
		 [Frame]
		  {
		  Default=False
		  Layout=1
		  [Left]
		   {
		   Spacing=1000
		   Line=False
		   }
		  [Top]
		   {
		   Spacing=500
		   Line=False
		   }
		  [Right]
		   {
		   Spacing=1000
		   Line=False
		   }
		  [Bottom]
		   {
		   Spacing=500
		   Line=False
		   }
		  }
		 [Font]
		  {
		  Default=False
		  FaceName="Courier New"
		  GdiCharSet=0
		  Size=10.0
		  Width=0
		  Bold=False
		  Italic=False
		  Underline=False
		  Strikeout=False
		  Color=LL.Color.Black
		  PitchAndFamily=49
		  OutPrecision=3
		  }
		 OutputFormatter=DOUBLE
		 [OutputFormatter.DOUBLE]
		  {
		  Decimals=0
		  }
		 Direction=0
		 BarWidth=0
		 [BarWidth]
		  {
		  Align=0
		  }
		 BarRatio=0
		 Condition=Rechnung.EUR <> 0
		 Text=Rechnung.MwSt
		 }
		[Column]
		 {
		 Width=29000
		 Height=10000
		 bIsotropic=True
		 PlainTextFormat=True
		 Align=2
		 AlignDecPosition=-10000
		 VAlign=0
		 Adjusted=False
		 LineWrap=1
		 bFill=0
		 Raster=1
		 BkColor=RGB(224,224,224)
		 BkColor2=LL.Color.White
		 BkColor3=LL.Color.White
		 BkColor.Alpha=50
		 FgColor=LL.Color.Black
		 SpaceOptimization=True
		 Link.URL=
		 WithText=False
		 [Frame]
		  {
		  Default=False
		  Layout=1
		  [Left]
		   {
		   Spacing=1000
		   Line=False
		   }
		  [Top]
		   {
		   Spacing=500
		   Line=False
		   }
		  [Right]
		   {
		   Spacing=1000
		   Line=False
		   }
		  [Bottom]
		   {
		   Spacing=500
		   Line=False
		   }
		  }
		 [Font]
		  {
		  Default=False
		  FaceName="Courier New"
		  GdiCharSet=0
		  Size=10.0
		  Width=0
		  Bold=False
		  Italic=False
		  Underline=False
		  Strikeout=False
		  Color=LL.Color.Black
		  PitchAndFamily=49
		  OutPrecision=3
		  }
		 OutputFormatter=DOUBLE
		 [OutputFormatter.DOUBLE]
		  {
		  }
		 Direction=0
		 BarWidth=0
		 [BarWidth]
		  {
		  Align=0
		  }
		 BarRatio=0
		 Condition=Rechnung.EUR <> 0
		 Text=Rechnung.EUR
		 }
		}
	   [Options]
		{
		[Frame0]
		 {
		 SpaceOut=0
		 }
		[Frame1]
		 {
		 SpaceOut=0
		 }
		[Frame2]
		 {
		 SpaceOut=0
		 }
		[Frame3]
		 {
		 SpaceOut=0
		 }
		LFont=default
		LCondition=
		IgnoreEmpty=TRUE
		Description=Detail
		DisplayInDesigner=TRUE
		}
	   }
	  }
	 }
	[Header]
	 {
	 [Options]
	  {
	  }
	 [Lines]
	  {
	  [Line]
	   {
	   LineID=0
	   [Columns]
		{
		Columns=4
		[Column]
		 {
		 Width=24000
		 Height=10000
		 bIsotropic=True
		 PlainTextFormat=True
		 Align=0
		 AlignDecPosition=-10000
		 VAlign=0
		 Adjusted=False
		 LineWrap=1
		 bFill=0
		 Raster=1
		 BkColor=RGB(224,224,224)
		 BkColor2=LL.Color.White
		 BkColor3=LL.Color.White
		 BkColor.Alpha=50
		 FgColor=LL.Color.Black
		 SpaceOptimization=False
		 Link.URL=
		 WithText=False
		 [Frame]
		  {
		  Default=False
		  Layout=1
		  [Left]
		   {
		   Spacing=1000
		   Line=False
		   }
		  [Top]
		   {
		   Spacing=500
		   Line=False
		   }
		  [Right]
		   {
		   Spacing=1000
		   Line=False
		   }
		  [Bottom]
		   {
		   Spacing=500
		   Line=False
		   }
		  }
		 [Font]
		  {
		  Default=False
		  FaceName="Calibri"
		  GdiCharSet=0
		  Size=8.0
		  Width=0
		  Bold=False
		  Italic=False
		  Underline=False
		  Strikeout=False
		  Color=LL.Color.Black
		  PitchAndFamily=34
		  OutPrecision=3
		  }
		 OutputFormatter=
		 Direction=0
		 BarWidth=0
		 [BarWidth]
		  {
		  Align=0
		  }
		 BarRatio=0
		 Condition=True
		 Text="Datum"
		 }
		[Column]
		 {
		 Width=128000
		 Height=10000
		 bIsotropic=True
		 PlainTextFormat=True
		 Align=0
		 AlignDecPosition=-10000
		 VAlign=0
		 Adjusted=False
		 LineWrap=1
		 bFill=0
		 Raster=1
		 BkColor=RGB(224,224,224)
		 BkColor2=LL.Color.White
		 BkColor3=LL.Color.White
		 BkColor.Alpha=50
		 FgColor=LL.Color.Black
		 SpaceOptimization=False
		 Link.URL=
		 WithText=False
		 [Frame]
		  {
		  Default=False
		  Layout=1
		  [Left]
		   {
		   Spacing=1000
		   Line=False
		   }
		  [Top]
		   {
		   Spacing=500
		   Line=False
		   }
		  [Right]
		   {
		   Spacing=1000
		   Line=False
		   }
		  [Bottom]
		   {
		   Spacing=500
		   Line=False
		   }
		  }
		 [Font]
		  {
		  Default=False
		  FaceName="Calibri"
		  GdiCharSet=0
		  Size=8.0
		  Width=0
		  Bold=False
		  Italic=False
		  Underline=False
		  Strikeout=False
		  Color=LL.Color.Black
		  PitchAndFamily=34
		  OutPrecision=3
		  }
		 OutputFormatter=
		 Direction=0
		 BarWidth=0
		 [BarWidth]
		  {
		  Align=0
		  }
		 BarRatio=0
		 Condition=True
		 Text="Bezeichnung"
		 }
		[Column]
		 {
		 Width=16000
		 Height=10000
		 bIsotropic=True
		 PlainTextFormat=True
		 Align=2
		 AlignDecPosition=-10000
		 VAlign=0
		 Adjusted=False
		 LineWrap=1
		 bFill=0
		 Raster=1
		 BkColor=RGB(224,224,224)
		 BkColor2=LL.Color.White
		 BkColor3=LL.Color.White
		 BkColor.Alpha=50
		 FgColor=LL.Color.Black
		 SpaceOptimization=True
		 Link.URL=
		 WithText=False
		 [Frame]
		  {
		  Default=False
		  Layout=1
		  [Left]
		   {
		   Spacing=1000
		   Line=False
		   }
		  [Top]
		   {
		   Spacing=500
		   Line=False
		   }
		  [Right]
		   {
		   Spacing=1000
		   Line=False
		   }
		  [Bottom]
		   {
		   Spacing=500
		   Line=False
		   }
		  }
		 [Font]
		  {
		  Default=False
		  FaceName="Calibri"
		  GdiCharSet=0
		  Size=8.0
		  Width=0
		  Bold=False
		  Italic=False
		  Underline=False
		  Strikeout=False
		  Color=LL.Color.Black
		  PitchAndFamily=34
		  OutPrecision=3
		  }
		 OutputFormatter=
		 Direction=0
		 BarWidth=0
		 [BarWidth]
		  {
		  Align=0
		  }
		 BarRatio=0
		 Condition=True
		 Text="MwSt.%"
		 }
		[Column]
		 {
		 Width=29000
		 Height=10000
		 bIsotropic=True
		 PlainTextFormat=True
		 Align=2
		 AlignDecPosition=-10000
		 VAlign=0
		 Adjusted=False
		 LineWrap=1
		 bFill=0
		 Raster=1
		 BkColor=RGB(224,224,224)
		 BkColor2=LL.Color.White
		 BkColor3=LL.Color.White
		 BkColor.Alpha=50
		 FgColor=LL.Color.Black
		 SpaceOptimization=True
		 Link.URL=
		 WithText=False
		 [Frame]
		  {
		  Default=False
		  Layout=1
		  [Left]
		   {
		   Spacing=1000
		   Line=False
		   }
		  [Top]
		   {
		   Spacing=500
		   Line=False
		   }
		  [Right]
		   {
		   Spacing=1000
		   Line=False
		   }
		  [Bottom]
		   {
		   Spacing=500
		   Line=False
		   }
		  }
		 [Font]
		  {
		  Default=False
		  FaceName="Calibri"
		  GdiCharSet=0
		  Size=8.0
		  Width=0
		  Bold=False
		  Italic=False
		  Underline=False
		  Strikeout=False
		  Color=LL.Color.Black
		  PitchAndFamily=34
		  OutPrecision=3
		  }
		 OutputFormatter=
		 Direction=0
		 BarWidth=0
		 [BarWidth]
		  {
		  Align=0
		  }
		 BarRatio=0
		 Condition=True
		 Text="Nettopreis €"
		 }
		}
	   [Options]
		{
		[Frame0]
		 {
		 SpaceOut=0
		 }
		[Frame1]
		 {
		 SpaceOut=0
		 }
		[Frame2]
		 {
		 SpaceOut=0
		 }
		[Frame3]
		 {
		 SpaceOut=0
		 }
		LFont=default
		LCondition=
		IgnoreEmpty=TRUE
		Description=Detail (1)
		DisplayInDesigner=TRUE
		}
	   }
	  }
	 }
	[Footer]
	 {
	 }
	[GroupHeader]
	 {
	 [Options]
	  {
	  }
	 [Lines]
	  {
	  [Line]
	   {
	   LineID=0
	   [Columns]
		{
		Columns=1
		[Column]
		 {
		 Width=188000
		 Height=10000
		 bIsotropic=True
		 PlainTextFormat=True
		 Align=0
		 AlignDecPosition=-10000
		 VAlign=0
		 Adjusted=False
		 LineWrap=1
		 bFill=0
		 Raster=1
		 BkColor=RGB(224,224,224)
		 BkColor2=LL.Color.White
		 BkColor3=LL.Color.White
		 BkColor.Alpha=50
		 FgColor=LL.Color.Black
		 SpaceOptimization=True
		 Link.URL=
		 WithText=False
		 [Frame]
		  {
		  Default=False
		  Layout=1
		  [Left]
		   {
		   Spacing=1000
		   Line=False
		   }
		  [Top]
		   {
		   Spacing=500
		   Line=False
		   }
		  [Right]
		   {
		   Spacing=1000
		   Line=False
		   }
		  [Bottom]
		   {
		   Spacing=500
		   Line=False
		   }
		  }
		 [Font]
		  {
		  Default=False
		  FaceName="Calibri"
		  GdiCharSet=0
		  Size=8.0
		  Width=0
		  Bold=False
		  Italic=False
		  Underline=False
		  Strikeout=False
		  Color=LL.Color.Black
		  PitchAndFamily=34
		  OutPrecision=3
		  }
		 OutputFormatter=
		 Direction=0
		 BarWidth=0
		 [BarWidth]
		  {
		  Align=0
		  }
		 BarRatio=0
		 Condition=True
		 Text=" "
		 }
		}
	   [Options]
		{
		[Frame0]
		 {
		 SpaceOut=1000
		 }
		[Frame1]
		 {
		 SpaceOut=0
		 }
		[Frame2]
		 {
		 SpaceOut=0
		 }
		[Frame3]
		 {
		 SpaceOut=0
		 }
		LFont=default
		LCondition=Page () = 1
		IgnoreEmpty=TRUE
		Description=TextO
		OnNewPage=False
		PrintRightAfterHeader=True
		GroupCondition=Str$ (ArztNr) + Str$ (Rechnung.Nr)
		DisplayInDesigner=TRUE
		}
	   }
	  }
	 }
	[GroupFooter]
	 {
	 [Options]
	  {
	  }
	 [Lines]
	  {
	  [Line]
	   {
	   LineID=0
	   [Columns]
		{
		Columns=1
		[Column]
		 {
		 Width=194000
		 Height=10000
		 bIsotropic=True
		 PlainTextFormat=True
		 Align=0
		 AlignDecPosition=-10000
		 VAlign=0
		 Adjusted=False
		 LineWrap=1
		 bFill=0
		 Raster=1
		 BkColor=RGB(224,224,224)
		 BkColor2=LL.Color.White
		 BkColor3=LL.Color.White
		 BkColor.Alpha=50
		 FgColor=LL.Color.Black
		 SpaceOptimization=False
		 Link.URL=
		 WithText=False
		 [Frame]
		  {
		  Default=False
		  Layout=1
		  [Left]
		   {
		   Spacing=1000
		   Line=False
		   }
		  [Top]
		   {
		   Spacing=500
		   Line=True
		   [Line]
			{
			Color=LL.Color.Black
			LineType=1
			}
		   LineWidth=0
		   }
		  [Right]
		   {
		   Spacing=1000
		   Line=False
		   }
		  [Bottom]
		   {
		   Spacing=500
		   Line=True
		   [Line]
			{
			Color=LL.Color.Black
			LineType=1
			}
		   LineWidth=0
		   }
		  }
		 [Font]
		  {
		  Default=False
		  FaceName="Courier New"
		  GdiCharSet=0
		  Size=10.0
		  Width=0
		  Bold=True
		  Italic=False
		  Underline=False
		  Strikeout=False
		  Color=LL.Color.Black
		  PitchAndFamily=49
		  OutPrecision=3
		  }
		 OutputFormatter=
		 Direction=0
		 BarWidth=0
		 [BarWidth]
		  {
		  Align=0
		  }
		 BarRatio=0
		 Condition=True
		 Text=Kreuztabelle
		 }
		}
	   [Options]
		{
		[Frame0]
		 {
		 SpaceOut=5000
		 }
		[Frame1]
		 {
		 SpaceOut=0
		 }
		[Frame2]
		 {
		 SpaceOut=0
		 }
		[Frame3]
		 {
		 SpaceOut=0
		 }
		LFont=default
		LCondition=
		IgnoreEmpty=TRUE
		Description=KT1
		TriggerNewPage=False
		GroupCondition=Str$ (ArztNr) + Str$ (Rechnung.Nr)
		DisplayInDesigner=TRUE
		}
	   }
	  [Line]
	   {
	   LineID=1
	   [Columns]
		{
		Columns=2
		[Column]
		 {
		 Width=117000
		 Height=10000
		 bIsotropic=True
		 PlainTextFormat=True
		 Align=0
		 AlignDecPosition=-10000
		 VAlign=2
		 Adjusted=False
		 LineWrap=1
		 bFill=0
		 Raster=1
		 BkColor=RGB(224,224,224)
		 BkColor2=LL.Color.White
		 BkColor3=LL.Color.White
		 BkColor.Alpha=50
		 FgColor=LL.Color.Black
		 SpaceOptimization=True
		 Link.URL=
		 WithText=False
		 [Frame]
		  {
		  Default=False
		  Layout=1
		  [Left]
		   {
		   Spacing=1000
		   Line=False
		   }
		  [Top]
		   {
		   Spacing=500
		   Line=False
		   }
		  [Right]
		   {
		   Spacing=1000
		   Line=False
		   }
		  [Bottom]
		   {
		   Spacing=500
		   Line=False
		   }
		  }
		 [Font]
		  {
		  Default=False
		  FaceName="Calibri"
		  GdiCharSet=0
		  Size=12.0
		  Width=0
		  Bold=True
		  Italic=True
		  Underline=False
		  Strikeout=False
		  Color=LL.Color.Black
		  PitchAndFamily=34
		  OutPrecision=3
		  }
		 OutputFormatter=
		 Direction=0
		 BarWidth=0
		 [BarWidth]
		  {
		  Align=0
		  }
		 BarRatio=0
		 Condition=True
		 Text=Cond(Rechnung.Brutto>0, ¤Cond(vHalter.Bankeinzug=1, "wird von Ihrem Konto abgebucht", Cond(vHalter.FaellTg=0, "Zahlbar sofort ohne Abzug", "Zahlbar bis zum " + Date$(AddDays (Rechnung.Datum, vHalter.FaellTg)) )) +¤Cond(vHalter.Land <> "", Chr$(13) + Chr$(13) + "Gerichtsstand ist Elze/Leine", "")¤, "")
		 }
		[Column]
		 {
		 Width=77000
		 Height=10000
		 bIsotropic=True
		 PlainTextFormat=True
		 Align=2
		 AlignDecPosition=-10000
		 VAlign=2
		 Adjusted=False
		 LineWrap=1
		 bFill=0
		 Raster=1
		 BkColor=RGB(224,224,224)
		 BkColor2=LL.Color.White
		 BkColor3=LL.Color.White
		 BkColor.Alpha=50
		 FgColor=LL.Color.Black
		 SpaceOptimization=True
		 Link.URL=
		 WithText=False
		 [Frame]
		  {
		  Default=False
		  Layout=1
		  [Left]
		   {
		   Spacing=1000
		   Line=False
		   }
		  [Top]
		   {
		   Spacing=500
		   Line=False
		   }
		  [Right]
		   {
		   Spacing=1000
		   Line=False
		   }
		  [Bottom]
		   {
		   Spacing=500
		   Line=False
		   }
		  }
		 [Font]
		  {
		  Default=False
		  FaceName="Calibri"
		  GdiCharSet=0
		  Size=12.0
		  Width=0
		  Bold=True
		  Italic=False
		  Underline=False
		  Strikeout=False
		  Color=LL.Color.Black
		  PitchAndFamily=34
		  OutPrecision=3
		  }
		 OutputFormatter=
		 Direction=0
		 BarWidth=0
		 [BarWidth]
		  {
		  Align=0
		  }
		 BarRatio=0
		 Condition=True
		 Text=Cond(Rechnung.Brutto < 0, "Gutschriftsbetrag €"  + FStr$(0-Rechnung.Brutto,"**********.**"), "Gesamtbetrag €" + FStr$(Rechnung.Brutto,"**********.**"))
		 }
		}
	   [Options]
		{
		[Frame0]
		 {
		 SpaceOut=5000
		 }
		[Frame1]
		 {
		 SpaceOut=0
		 }
		[Frame2]
		 {
		 SpaceOut=0
		 }
		[Frame3]
		 {
		 SpaceOut=0
		 }
		LFont=default
		LCondition=
		IgnoreEmpty=TRUE
		Description=TextO (1)
		TriggerNewPage=False
		GroupCondition=Str$ (ArztNr) + Str$ (Rechnung.Nr)
		DisplayInDesigner=TRUE
		}
	   }
	  }
	 }
	}
   }
  }
[Object]
 ObjectID=1
 ObjectName=Text
 Locked=FALSE
 LinkID=25
 LinkToID=0
 LinkMode=32
 LinkTest=-21564
 LayerID=0
 GroupID=0
 Identifier=KundenNr
 Condition=True
 UserLocked=False
 WrapBefore=False
 Position/Left=216000
 Position/Top=84000
 Position/Width=20000
 Position/Height=8000
 Direction=0
 bFill=0
 BkColor=LL.Color.Black
 Frame/Layout=0
 Frame/Left/Line=False
 Frame/Top/Line=False
 Frame/Right/Line=False
 Frame/Bottom/Line=False
 bPageWrap=False
 bBottomAligned=False
 [@Lines]
  {
  [Lines]
   {
   [Line]
	{
	[Font]
	 {
	 Default=False
	 FaceName="Calibri"
	 GdiCharSet=0
	 Size=8.0
	 Width=0
	 Bold=False
	 Italic=False
	 Underline=False
	 Strikeout=False
	 Color=LL.Color.Black
	 PitchAndFamily=34
	 OutPrecision=3
	 }
	Align=0
	Adjusted=False
	Uneraseable=False
	LineWrap=1
	PageWrapAllowed=True
	SpaceOptimization=True
	Spacing.Paragraph=2
	Spacing.Line=0
	OutputFormatter=
	Condition=True
	Text="Kunden-Nr."
	Tab=0
	TabAlign=0
	}
   [Line]
	{
	[Font]
	 {
	 Default=True
	 }
	Align=0
	Adjusted=False
	Uneraseable=False
	LineWrap=1
	PageWrapAllowed=True
	SpaceOptimization=True
	Spacing.Paragraph=0
	Spacing.Line=0
	OutputFormatter=
	Condition=True
	Text=
	Tab=0
	TabAlign=0
	}
   [Line]
	{
	[Font]
	 {
	 Default=True
	 }
	Align=0
	Adjusted=False
	Uneraseable=False
	LineWrap=1
	PageWrapAllowed=True
	SpaceOptimization=True
	Spacing.Paragraph=0
	Spacing.Line=0
	OutputFormatter=
	Condition=True
	Text=Str$(Mitglied.Nr,4,0) + "/H" + Str$(vHalter.Nr,5,0)
	Tab=0
	TabAlign=0
	}
   }
  }
[Object]
 ObjectID=1
 ObjectName=Text
 Locked=FALSE
 LinkID=19
 LinkToID=0
 LinkMode=32
 LinkTest=-9558
 LayerID=0
 GroupID=0
 Identifier=Benutzer.Zeichen
 Condition=True
 UserLocked=False
 WrapBefore=False
 Position/Left=264000
 Position/Top=160000
 Position/Width=4000
 Position/Height=109600
 Direction=1
 bFill=0
 BkColor=LL.Color.Black
 Frame/Layout=0
 Frame/Left/Line=False
 Frame/Top/Line=False
 Frame/Right/Line=False
 Frame/Bottom/Line=False
 bPageWrap=False
 bBottomAligned=False
 [@Lines]
  {
  [Lines]
   {
   [Line]
	{
	[Font]
	 {
	 Default=False
	 FaceName="Calibri"
	 GdiCharSet=0
	 Size=8.0
	 Width=0
	 Bold=False
	 Italic=False
	 Underline=False
	 Strikeout=False
	 Color=RGB(192,192,192)
	 PitchAndFamily=34
	 OutPrecision=3
	 }
	Align=0
	Adjusted=False
	Uneraseable=False
	LineWrap=1
	PageWrapAllowed=True
	SpaceOptimization=True
	Spacing.Paragraph=0
	Spacing.Line=0
	OutputFormatter=
	Condition=True
	Text=Date$(Now(),"%d.%m.%y, %H:%02i:%02s") + "/ " + Benutzer.Zeichen + " " +LL.Device.Name + " " + LL.Device.Page.Name + " Seite " + Page$ () + " / " + TotalPages$ ()
	Tab=0
	TabAlign=0
	}
   }
  }
[Object]
 ObjectID=1
 ObjectName=Text
 Locked=FALSE
 LinkID=13
 LinkToID=0
 LinkMode=32
 LinkTest=-1041
 LayerID=0
 GroupID=0
 Identifier=
 Condition=True
 UserLocked=False
 WrapBefore=False
 Position/Left=195200
 Position/Top=92000
 Position/Width=42000
 Position/Height=6000
 Direction=0
 bFill=0
 BkColor=LL.Color.Black
 Frame/Layout=0
 Frame/Left/Line=False
 Frame/Top/Line=False
 Frame/Right/Line=False
 Frame/Bottom/Line=False
 bPageWrap=False
 bBottomAligned=False
 [@Lines]
  {
  [Lines]
   {
   [Line]
	{
	[Font]
	 {
	 Default=False
	 FaceName="Calibri"
	 GdiCharSet=0
	 Size=8.0
	 Width=0
	 Bold=False
	 Italic=False
	 Underline=False
	 Strikeout=False
	 Color=LL.Color.Black
	 PitchAndFamily=34
	 OutPrecision=3
	 }
	Align=0
	Adjusted=False
	Uneraseable=False
	LineWrap=1
	PageWrapAllowed=True
	SpaceOptimization=True
	Spacing.Paragraph=0
	Spacing.Line=0
	OutputFormatter=
	Condition=True
	Text="Steuer-Nr." + Mitglied.UStID
	Tab=0
	TabAlign=0
	}
   }
  }
[Object]
 ObjectID=3
 ObjectName=Linie
 Locked=FALSE
 LinkID=115
 LinkToID=0
 LinkMode=32
 LinkTest=-29718
 LayerID=2
 GroupID=0
 Identifier=
 Condition=True
 UserLocked=False
 WrapBefore=False
 Position/Left=280000
 Position/Top=38000
 Position/Width=128000
 Position/Height=238000
 Direction=0
 Frame/Layout=0
 Frame/Left/Line=False
 Frame/Top/Line=False
 Frame/Right/Line=False
 Frame/Bottom/Line=False
 FgColor=RGB(128,128,128)
 LineType=0
 Width=3000
 LineDirection=1
[Object]
 ObjectID=1
 ObjectName=Text
 Locked=FALSE
 LinkID=127
 LinkToID=0
 LinkMode=32
 LinkTest=-13471
 LayerID=0
 GroupID=0
 Identifier=
 Condition=vHalter.Land ="Belgien" or vHalter.Land ="Bulgarien" or vHalter.Land ="Dänemark" or vHalter.Land ="Estland" or vHalter.Land ="Finnland" or vHalter.Land ="Frankreich" or vHalter.Land ="Griechenland" or vHalter.Land ="Großbritannien" or vHalter.Land ="Irland" or vHalter.Land ="Island" or vHalter.Land ="Italien" or vHalter.Land ="Lettland" or vHalter.Land ="Litauen" or vHalter.Land ="Luxemburg" or vHalter.Land ="Malta" or vHalter.Land ="Niederlande" or vHalter.Land ="Norwegen" or vHalter.Land ="Österreich" or vHalter.Land ="Polen" or vHalter.Land ="Portugal" or vHalter.Land ="Rumänien" or vHalter.Land ="Schweden" or vHalter.Land ="Slowakei" or vHalter.Land ="Slowenien" or vHalter.Land ="Spanien" or vHalter.Land ="Tschechien" or vHalter.Land ="Ungarn" or vHalter.Land ="Zypern"
 UserLocked=False
 WrapBefore=False
 Position/Left=68000
 Position/Top=270000
 Position/Width=194000
 Position/Height=4000
 Direction=0
 bFill=1
 BkColor=LL.Color.Black
 Frame/Layout=0
 Frame/Left/Line=False
 Frame/Top/Line=False
 Frame/Right/Line=False
 Frame/Bottom/Line=False
 bPageWrap=False
 bBottomAligned=False
 [@Lines]
  {
  [Lines]
   {
   [Line]
	{
	[Font]
	 {
	 Default=False
	 FaceName="Calibri"
	 GdiCharSet=0
	 Size=12.0
	 Width=0
	 Bold=True
	 Italic=False
	 Underline=False
	 Strikeout=False
	 Color=LL.Color.White
	 PitchAndFamily=34
	 OutPrecision=3
	 }
	Align=0
	Adjusted=False
	Uneraseable=False
	LineWrap=2
	PageWrapAllowed=True
	SpaceOptimization=True
	Spacing.Paragraph=0
	Spacing.Line=0
	OutputFormatter=
	Condition=True
	Text="Um Kosten zu sparen, verwenden Sie bitte einen SEPA-Überweisungsträger Ihrer Bank unter Verwendung unserer unten genannten IBAN-Nummer."
	Tab=0
	TabAlign=0
	}
   }
  }
[UserVariables]
[Parameters]
 [@Parameters]
  {
  [Parameters]
   {
   LL.ProjectDescription=? (default)
   }
  }
[UsedIdentifiers]
 Variables=Benutzer.Zeichen;Kreuztabelle;Mitglied.Logo;Mitglied.Memo;Mitglied.Name1;Mitglied.Name2;Mitglied.Nr;Mitglied.Ort;Mitglied.Strasse;Mitglied.UStID;Rechnung.Brutto;Rechnung.Datum;Rechnung.MZF;Rechnung.Nr;Rechnung.nurOPs;vHalter.Anrede;vHalter.Bankeinzug;vHalter.FaellTg;vHalter.Land;vHalter.Nachname;vHalter.Name2;vHalter.Nr;vHalter.Ort;vHalter.SperrDatum;vHalter.Strasse;vHalter.Titel;vHalter.Vorname
 Fields=ArztNr;Rechnung.EUR;Rechnung.MwSt;Rechnung.Text;Rechnung-Datum
