[List description]
[Description]
 Text=List & Label Projektdatei
 FileVersion=10
 Units=SCM-Units
 Metric=0
 TextQuote.Start=1
 TextQuote.End=1
 RepresentationCode.CondStart=171
 RepresentationCode.CondSep=166
 RepresentationCode.CondEnd=187
 RepresentationCode.Tab=247
 RepresentationCode.Ret=182
 RepresentationCode.PhantomSpace=2
 RepresentationCode.LockNextChar=3
 RepresentationCode.ExprSep=164
 LCID=1031
 UserVars.ManualSortOrder=1
 Created=05.09.2012, 09:11:10
 CreatedByApp=CBI52.EXE [5.2-SP4, Build 25690]
 CreatedByDLL=CMLL17.DLL [17.3.2012.9809 (12-04-05 09:06)F]
 CreatedByUser=keuer on KEUER2
 LastModified=22.11.2016, 09:41:13
 LastModifiedByApp=CBI61.EXE [6.1-SP4, Build 38114M]
 LastModifiedByDLL=CMLL17.DLL [17.3.2012.9809 (12-04-05 09:06)F]
 LastModifiedByUser=keuer on PCKEUER
 CreatedByCallFrom=comctl32.dll
[Layout]
 P1.Template=
 xGrid=1000
 yGrid=1000
 GridShow=FALSE
 GridSnap=FALSE
 EnhancedExpressions=TRUE
 EnhancedOldExpressions=FALSE
 Decimals=2
 RealDataPreviewPageLimit=-2
 DefFont={(0,0,0),12.000000,-16,0,0,0,400,0,0,0,0,4,0,0,0,Calibri}
 HelpLines.Horizontal=
 HelpLines.Vertical=
 PDF.MaxOutlineDepth=2
 PDF.MaxOutlineDepth.IDX=3
 DefaultSize.Objecttype6=(0,0,195200,1600)
 DefaultSize.Objecttype11=(0,0,189600,245400)
 ObjectCount=8
[UserSection]

[SumVariables]
[Layer]
 Name=Basis
 Condition=
 WorkspaceColor=(102,102,102)
 Visible=TRUE
 LayerID=0
[Layer]
 Name=Erste Seite
 Condition=Page() = 1
 WorkspaceColor=(197,207,10)
 Visible=TRUE
 LayerID=1
[Layer]
 Name=Folgeseiten
 Condition=Page() <> 1
 WorkspaceColor=(161,203,243)
 Visible=TRUE
 LayerID=2
[ProjectTemplates]
 [@ProjectTemplates]
  {
  [ProjectTemplates]
   {
   [ProjectTemplate]
	{
	Identifier=
	bVisible=True
	Condition=True
	Filename=ProjectPath$() + "Grund-Baustein.lst"
	}
   [ProjectTemplate]
	{
	Identifier=
	bVisible=True
	Condition=True
	Filename=ProjectPath$() + "PrintMachine-Infos Halter0.lst"
	}
   }
  }
[Object]
 ObjectID=1
 ObjectName=Text
 Locked=FALSE
 LinkID=1
 LinkToID=0
 LinkMode=32
 LayerID=1000000
 GroupID=0
 Identifier=
 Condition=True
 UserLocked=False
 WrapBefore=False
 ExportAsPicture=False
 Position/Left=6300
 Position/Top=7000
 Position/Width=99600
 Position/Height=8300
 Direction=0
 bFill=0
 Frame/Layout=0
 Frame/Left/Spacing=0
 Frame/Left/Line=False
 Frame/Top/Spacing=0
 Frame/Top/Line=False
 Frame/Right/Spacing=0
 Frame/Right/Line=False
 Frame/Bottom/Spacing=0
 Frame/Bottom/Line=False
 PDFLevel=0
 PDFText=
 IndexPDFLevel=0
 IndexPDFText=
 IssueCondition=True
 bPageWrap=False
 bBottomAligned=False
 [@Lines]
  {
  [Lines]
   {
   [Line]
	{
	[Font]
	 {
	 Default=False
	 FaceName="Calibri"
	 GdiCharSet=0
	 Size=18.0
	 Width=0
	 Bold=True
	 Italic=False
	 Underline=False
	 Strikeout=False
	 Color=LL.Color.Black
	 PitchAndFamily=34
	 OutPrecision=3
	 }
	Align=0
	Adjusted=False
	Uneraseable=False
	LineWrap=1
	PageWrapAllowed=True
	ForceWrap=False
	SpaceOptimization=True
	Spacing.Paragraph=0
	Spacing.Line=0
	OutputFormatter=
	Condition=True
	Text="Jahreszahlen: Ratenzahler"
	Tab=0
	TabAlign=0
	}
   }
  }
[Object]
 ObjectID=6
 ObjectName=Tabelle
 Locked=FALSE
 LinkID=3
 LinkToID=0
 LinkMode=0
 LayerID=1000000
 GroupID=0
 Identifier=
 Condition=True
 UserLocked=False
 WrapBefore=False
 Position/Left=6300
 Position/Top=18000
 Position/Width=195200
 Position/Height=1600
 Direction=0
 PDFLevel=0
 PDFText=
 IndexPDFLevel=0
 IndexPDFText=
 IssueCondition=True
 bFooterOnBottom=False
 bFillBottom=False
 DefaultFont/Default=True
 DefaultFont/FaceName="Calibri"
 DefaultFont/GdiCharSet=0
 DefaultFont/Size=10.0
 DefaultFont/Width=0
 DefaultFont/Bold=False
 DefaultFont/Italic=False
 DefaultFont/Underline=False
 DefaultFont/Strikeout=False
 DefaultFont/Color=LL.Color.Black
 DefaultFont/PitchAndFamily=34
 DefaultFont/OutPrecision=3
 FgColor=RGB(180,180,180)
 bFill=0
 ColumnCount=0
 [@Tables]
  {
  [Tables]
   {
   [Table]
	{
	TableType=List
	TableID=
	RelationID=
	[GroupHeaderLines]
	 {
	 bConcatDataLines=True
	 bKeepTogether=False
	 }
	[GroupFooterLines]
	 {
	 bAlsoOnEmptyGroup=False
	 bKeepTogether=False
	 }
	[DataLines]
	 {
	 bKeepTogether=True
	 bSuppress=True
	 bForceSumCalculation=True
	 }
	ZebraPattern=0
	[FooterLines]
	 {
	 bKeepTogether=False
	 }
	PageBreakCondition=False
	[DefaultFrame]
	 {
	 Layout=1
	 [Left]
	  {
	  Spacing=1000
	  Line=True
	  [Line]
	   {
	   Color=RGB(180,180,180)
	   LineType=0
	   }
	  LineWidth=0
	  }
	 [Top]
	  {
	  Spacing=500
	  Line=True
	  [Line]
	   {
	   Color=RGB(180,180,180)
	   LineType=0
	   }
	  LineWidth=0
	  }
	 [Right]
	  {
	  Spacing=1000
	  Line=True
	  [Line]
	   {
	   Color=RGB(180,180,180)
	   LineType=0
	   }
	  LineWidth=0
	  }
	 [Bottom]
	  {
	  Spacing=500
	  Line=True
	  [Line]
	   {
	   Color=RGB(180,180,180)
	   LineType=0
	   }
	  LineWidth=0
	  }
	 }
	ColumnCount=0
	FormulaFilter=True
	DesignScheme="PROJECT"
	[Body]
	 {
	 [Lines]
	  {
	  [Line]
	   {
	   [Columns]
		{
		[Column]
		 {
		 Identifier=
		 OutputFormatter=
		 Text=Jahr
		 Width=65000
		 Height=10000
		 FixedHeight=0
		 bIsotropic=True
		 PlainTextFormat=True
		 Align=0
		 AlignDecPosition=-10000
		 VAlign=0
		 DrawingAlignment=0
		 Adjusted=False
		 LineWrap=1
		 ForceWrap=False
		 FlowControl=False
		 Spacing.Line=0
		 bFill=1
		 Raster=1
		 BkColor=LL.Scheme.BackgroundColor0
		 FgColor=LL.Color.Black
		 SpaceOptimization=True
		 Link.URL=
		 WithText=False
		 [Frame]
		  {
		  Default=True
		  Layout=1
		  [Left]
		   {
		   Spacing=1000
		   Line=True
		   [Line]
			{
			Color=RGB(180,180,180)
			LineType=0
			}
		   LineWidth=0
		   }
		  [Top]
		   {
		   Spacing=500
		   Line=True
		   [Line]
			{
			Color=RGB(180,180,180)
			LineType=0
			}
		   LineWidth=0
		   }
		  [Right]
		   {
		   Spacing=1000
		   Line=True
		   [Line]
			{
			Color=RGB(180,180,180)
			LineType=0
			}
		   LineWidth=0
		   }
		  [Bottom]
		   {
		   Spacing=500
		   Line=True
		   [Line]
			{
			Color=RGB(180,180,180)
			LineType=0
			}
		   LineWidth=0
		   }
		  }
		 [Font]
		  {
		  Default=True
		  }
		 Direction=0
		 BarWidth=0
		 [BarWidth]
		  {
		  Align=0
		  }
		 BarRatio=0
		 ExportAsPicture=False
		 DwgSaveAsJPEG=False
		 Condition=True
		 }
		[Column]
		 {
		 Identifier=
		 OutputFormatter=
		 Text=Stufe
		 Width=65100
		 Height=10000
		 FixedHeight=0
		 bIsotropic=True
		 PlainTextFormat=True
		 Align=0
		 AlignDecPosition=-10000
		 VAlign=0
		 DrawingAlignment=0
		 Adjusted=False
		 LineWrap=1
		 ForceWrap=False
		 FlowControl=False
		 Spacing.Line=0
		 bFill=1
		 Raster=1
		 BkColor=LL.Scheme.BackgroundColor0
		 FgColor=LL.Color.Black
		 SpaceOptimization=True
		 Link.URL=
		 WithText=False
		 [Frame]
		  {
		  Default=True
		  Layout=1
		  [Left]
		   {
		   Spacing=1000
		   Line=True
		   [Line]
			{
			Color=RGB(180,180,180)
			LineType=0
			}
		   LineWidth=0
		   }
		  [Top]
		   {
		   Spacing=500
		   Line=True
		   [Line]
			{
			Color=RGB(180,180,180)
			LineType=0
			}
		   LineWidth=0
		   }
		  [Right]
		   {
		   Spacing=1000
		   Line=True
		   [Line]
			{
			Color=RGB(180,180,180)
			LineType=0
			}
		   LineWidth=0
		   }
		  [Bottom]
		   {
		   Spacing=500
		   Line=True
		   [Line]
			{
			Color=RGB(180,180,180)
			LineType=0
			}
		   LineWidth=0
		   }
		  }
		 [Font]
		  {
		  Default=True
		  }
		 Direction=0
		 BarWidth=0
		 [BarWidth]
		  {
		  Align=0
		  }
		 BarRatio=0
		 ExportAsPicture=False
		 DwgSaveAsJPEG=False
		 Condition=True
		 }
		[Column]
		 {
		 Identifier=
		 OutputFormatter=
		 Text=Anzahl
		 Width=65100
		 Height=10000
		 FixedHeight=0
		 bIsotropic=True
		 PlainTextFormat=True
		 Align=0
		 AlignDecPosition=-10000
		 VAlign=0
		 DrawingAlignment=0
		 Adjusted=False
		 LineWrap=1
		 ForceWrap=False
		 FlowControl=False
		 Spacing.Line=0
		 bFill=1
		 Raster=1
		 BkColor=LL.Scheme.BackgroundColor0
		 FgColor=LL.Color.Black
		 SpaceOptimization=True
		 Link.URL=
		 WithText=False
		 [Frame]
		  {
		  Default=True
		  Layout=1
		  [Left]
		   {
		   Spacing=1000
		   Line=True
		   [Line]
			{
			Color=RGB(180,180,180)
			LineType=0
			}
		   LineWidth=0
		   }
		  [Top]
		   {
		   Spacing=500
		   Line=True
		   [Line]
			{
			Color=RGB(180,180,180)
			LineType=0
			}
		   LineWidth=0
		   }
		  [Right]
		   {
		   Spacing=1000
		   Line=True
		   [Line]
			{
			Color=RGB(180,180,180)
			LineType=0
			}
		   LineWidth=0
		   }
		  [Bottom]
		   {
		   Spacing=500
		   Line=True
		   [Line]
			{
			Color=RGB(180,180,180)
			LineType=0
			}
		   LineWidth=0
		   }
		  }
		 [Font]
		  {
		  Default=True
		  }
		 Direction=0
		 BarWidth=0
		 [BarWidth]
		  {
		  Align=0
		  }
		 BarRatio=0
		 ExportAsPicture=False
		 DwgSaveAsJPEG=False
		 Condition=True
		 }
		}
	   [Options]
		{
		Description=
		[LFont]
		 {
		 Default=True
		 }
		DisplayInDesigner=True
		PDFLevel=0
		PDFText=
		IndexPDFLevel=0
		IndexPDFText=
		[ReservedSpace]
		 {
		 Left=0
		 Top=0
		 Right=0
		 Bottom=0
		 }
		LCondition=True
		Anchor=0
		Anchor.ToTop=True
		}
	   }
	  }
	 [Options]
	  {
	  }
	 }
	[Header]
	 {
	 [Lines]
	  {
	  [Line]
	   {
	   [Columns]
		{
		}
	   [Options]
		{
		Description=
		[LFont]
		 {
		 Default=True
		 }
		DisplayInDesigner=True
		PDFLevel=0
		PDFText=
		IndexPDFLevel=0
		IndexPDFText=
		[ReservedSpace]
		 {
		 Left=0
		 Top=0
		 Right=0
		 Bottom=0
		 }
		LCondition=True
		Anchor=0
		Anchor.ToTop=True
		}
	   }
	  }
	 [Options]
	  {
	  }
	 }
	[Footer]
	 {
	 [Lines]
	  {
	  [Line]
	   {
	   [Columns]
		{
		}
	   [Options]
		{
		Description=
		[LFont]
		 {
		 Default=True
		 }
		DisplayInDesigner=True
		PDFLevel=0
		PDFText=
		IndexPDFLevel=0
		IndexPDFText=
		[ReservedSpace]
		 {
		 Left=0
		 Top=0
		 Right=0
		 Bottom=0
		 }
		LCondition=True
		Anchor=0
		Anchor.ToTop=True
		}
	   }
	  }
	 [Options]
	  {
	  }
	 }
	[GroupHeader]
	 {
	 [Lines]
	  {
	  [Line]
	   {
	   [Columns]
		{
		}
	   [Options]
		{
		Description=
		[LFont]
		 {
		 Default=True
		 }
		DisplayInDesigner=True
		PDFLevel=1
		PDFText=
		IndexPDFLevel=0
		IndexPDFText=
		[ReservedSpace]
		 {
		 Left=0
		 Top=1000
		 Right=0
		 Bottom=0
		 }
		LCondition=True
		Anchor=0
		Anchor.ToTop=True
		GroupCondition=
		ResetSums=
		OnNewPage=False
		PrintRightAfterHeader=False
		}
	   }
	  }
	 [Options]
	  {
	  }
	 }
	[GroupFooter]
	 {
	 [Lines]
	  {
	  [Line]
	   {
	   [Columns]
		{
		}
	   [Options]
		{
		Description=
		[LFont]
		 {
		 Default=True
		 }
		DisplayInDesigner=True
		PDFLevel=0
		PDFText=
		IndexPDFLevel=0
		IndexPDFText=
		[ReservedSpace]
		 {
		 Left=0
		 Top=0
		 Right=0
		 Bottom=1000
		 }
		LCondition=True
		Anchor=0
		Anchor.ToTop=True
		GroupCondition=
		ResetSums=
		TriggerNewPage=False
		}
	   }
	  }
	 [Options]
	  {
	  }
	 }
	}
   }
  }
[Object]
 ObjectID=11
 ObjectName=Kreuztabelle (Pivot-Tabelle)
 Locked=FALSE
 LinkID=2
 LinkToID=3
 LinkMode=0
 LayerID=1000000
 GroupID=0
 Identifier=KT
 Condition=True
 UserLocked=False
 WrapBefore=False
 ExportAsPicture=False
 Position/Left=8100
 Position/Top=21300
 Position/Width=189600
 Position/Height=245400
 Direction=0
 Frame/Layout=0
 Frame/Left/Spacing=0
 Frame/Left/Line=False
 Frame/Top/Spacing=0
 Frame/Top/Line=False
 Frame/Right/Spacing=0
 Frame/Right/Line=False
 Frame/Bottom/Spacing=0
 Frame/Bottom/Line=False
 PDFLevel=0
 PDFText=
 IndexPDFLevel=0
 IndexPDFText=
 IssueCondition=True
 LLXType=LLCROSSTAB
 [@Parameters]
  {
  [Parameters]
   {
   [Properties]
	{
	bFill=0
	[Split]
	 {
	 Percentage=100
	 [Cols]
	  {
	  RepeatLabels=False
	  BreakLevel=0
	  [BreakLevel]
	   {
	   Force=False
	   }
	  }
	 [Rows]
	  {
	  RepeatLabels=False
	  BreakLevel=0
	  [BreakLevel]
	   {
	   Force=False
	   }
	  }
	 }
	ShadowPages=True
	DistanceTop=1000
	PDFOutline=
	Link.URL=
	MinHeight=100000
	[DefaultFrame]
	 {
	 Layout=1
	 [Left]
	  {
	  Spacing=1000
	  Line=False
	  }
	 [Top]
	  {
	  Spacing=500
	  Line=False
	  }
	 [Right]
	  {
	  Spacing=1000
	  Line=False
	  }
	 [Bottom]
	  {
	  Spacing=500
	  Line=False
	  }
	 }
	DesignScheme="PROJECT"
	}
   [CellDefinitions]
	{
	[Level 0-0]
	 {
	 [Coord.Row]
	  {
	  Formula=Jahr
	  }
	 [Coord.Col]
	  {
	  Formula=Stufe
	  }
	 [Properties.Cell]
	  {
	  OutputFormatter=DOUBLE
	  [OutputFormatter.DOUBLE]
	   {
	   DecimalCharType=-2
	   ThousandsCharType=-2
	   NegativeFormatType=-2
	   Decimals=0
	   EmptyIfBool=True
	   LeadingZero=True
	   ExponentialFormat=0
	   Units=
	   RemoveTrailingZeroes=False
	   }
	  Formula=Sum(Anzahl)
	  [Font]
	   {
	   Default=False
	   FaceName="Calibri"
	   GdiCharSet=0
	   Size=12.0
	   Width=0
	   Bold=False
	   Italic=False
	   Underline=False
	   Strikeout=False
	   Color=LL.Color.Black
	   PitchAndFamily=34
	   OutPrecision=3
	   }
	  Direction=0
	  bFill=1
	  Raster=1
	  BkColor=LL.Scheme.BackgroundColor0
	  Link.URL=
	  VAlign=1
	  [Frame]
	   {
	   Default=False
	   Layout=1
	   [Left]
		{
		Spacing=1000
		Line=False
		}
	   [Top]
		{
		Spacing=500
		Line=False
		}
	   [Right]
		{
		Spacing=1000
		Line=False
		}
	   [Bottom]
		{
		Spacing=500
		Line=False
		}
	   }
	  VALUE=Sum(Anzahl)
	  Align=2
	  AlignDecPosition=-10000
	  MaxCellWidth=0
	  MinHeight=1000
	  MinWidth=1000
	  SpaceOptimization=True
	  }
	 [Properties.Label.Row]
	  {
	  OutputFormatter=
	  Formula="Gesamt"
	  [Font]
	   {
	   Default=True
	   }
	  Direction=0
	  bFill=1
	  Raster=1
	  BkColor=LL.Scheme.BackgroundColor1
	  Link.URL=
	  VAlign=1
	  [Frame]
	   {
	   Default=True
	   Layout=1
	   [Left]
		{
		Spacing=1000
		Line=True
		[Line]
		 {
		 Color=LL.Color.Black
		 LineType=0
		 }
		LineWidth=0
		}
	   [Top]
		{
		Spacing=500
		Line=True
		[Line]
		 {
		 Color=LL.Color.Black
		 LineType=0
		 }
		LineWidth=0
		}
	   [Right]
		{
		Spacing=1000
		Line=True
		[Line]
		 {
		 Color=LL.Color.Black
		 LineType=0
		 }
		LineWidth=0
		}
	   [Bottom]
		{
		Spacing=500
		Line=True
		[Line]
		 {
		 Color=LL.Color.Black
		 LineType=0
		 }
		LineWidth=0
		}
	   }
	  ShowSummary=True
	  ShowSummary.BeforeEntries=False
	  Align=2
	  AlignDecPosition=-10000
	  MaxCellWidth=0
	  MinHeight=1000
	  MinWidth=1000
	  SpaceOptimization=True
	  }
	 [Properties.Label.Col]
	  {
	  OutputFormatter=
	  Formula="Gesamt"
	  [Font]
	   {
	   Default=True
	   }
	  Direction=0
	  bFill=1
	  Raster=1
	  BkColor=LL.Scheme.BackgroundColor1
	  Link.URL=
	  VAlign=1
	  [Frame]
	   {
	   Default=True
	   Layout=1
	   [Left]
		{
		Spacing=1000
		Line=True
		[Line]
		 {
		 Color=LL.Color.Black
		 LineType=0
		 }
		LineWidth=0
		}
	   [Top]
		{
		Spacing=500
		Line=True
		[Line]
		 {
		 Color=LL.Color.Black
		 LineType=0
		 }
		LineWidth=0
		}
	   [Right]
		{
		Spacing=1000
		Line=True
		[Line]
		 {
		 Color=LL.Color.Black
		 LineType=0
		 }
		LineWidth=0
		}
	   [Bottom]
		{
		Spacing=500
		Line=True
		[Line]
		 {
		 Color=LL.Color.Black
		 LineType=0
		 }
		LineWidth=0
		}
	   }
	  ShowSummary=True
	  ShowSummary.BeforeEntries=False
	  Align=2
	  AlignDecPosition=-10000
	  MaxCellWidth=0
	  MinHeight=1000
	  MinWidth=1000
	  SpaceOptimization=True
	  }
	 [Properties.Span.Row]
	  {
	  OutputFormatter=DOUBLE
	  [OutputFormatter.DOUBLE]
	   {
	   DecimalCharType=-2
	   ThousandsCharType=0
	   NegativeFormatType=-2
	   Decimals=0
	   EmptyIfBool=False
	   LeadingZero=True
	   ExponentialFormat=0
	   Units=
	   RemoveTrailingZeroes=False
	   }
	  Formula=Jahr
	  [Font]
	   {
	   Default=False
	   FaceName="Calibri"
	   GdiCharSet=0
	   Size=12.0
	   Width=0
	   Bold=False
	   Italic=False
	   Underline=False
	   Strikeout=False
	   Color=LL.Color.Black
	   PitchAndFamily=34
	   OutPrecision=3
	   }
	  Direction=0
	  bFill=1
	  Raster=1
	  BkColor=LL.Scheme.BackgroundColor1
	  Link.URL=
	  VAlign=1
	  [Frame]
	   {
	   Default=False
	   Layout=1
	   [Left]
		{
		Spacing=1000
		Line=False
		}
	   [Top]
		{
		Spacing=500
		Line=False
		}
	   [Right]
		{
		Spacing=1000
		Line=False
		}
	   [Bottom]
		{
		Spacing=500
		Line=False
		}
	   }
	  ShowSpanLabel=True
	  SortOrderAscending=0
	  Align=1
	  AlignDecPosition=-10000
	  MaxCellWidth=0
	  MinHeight=1000
	  MinWidth=1000
	  SpaceOptimization=True
	  }
	 [Properties.Span.Col]
	  {
	  OutputFormatter=
	  Formula=Stufe
	  [Font]
	   {
	   Default=False
	   FaceName="Calibri"
	   GdiCharSet=0
	   Size=12.0
	   Width=0
	   Bold=False
	   Italic=False
	   Underline=False
	   Strikeout=False
	   Color=LL.Color.Black
	   PitchAndFamily=34
	   OutPrecision=3
	   }
	  Direction=0
	  bFill=1
	  Raster=1
	  BkColor=LL.Scheme.BackgroundColor1
	  Link.URL=
	  VAlign=1
	  [Frame]
	   {
	   Default=True
	   Layout=1
	   [Left]
		{
		Spacing=1000
		Line=True
		[Line]
		 {
		 Color=LL.Color.Black
		 LineType=0
		 }
		LineWidth=0
		}
	   [Top]
		{
		Spacing=500
		Line=True
		[Line]
		 {
		 Color=LL.Color.Black
		 LineType=0
		 }
		LineWidth=0
		}
	   [Right]
		{
		Spacing=1000
		Line=True
		[Line]
		 {
		 Color=LL.Color.Black
		 LineType=0
		 }
		LineWidth=0
		}
	   [Bottom]
		{
		Spacing=500
		Line=True
		[Line]
		 {
		 Color=LL.Color.Black
		 LineType=0
		 }
		LineWidth=0
		}
	   }
	  ShowSpanLabel=True
	  SortOrderAscending=0
	  Align=1
	  AlignDecPosition=-10000
	  MaxCellWidth=0
	  MinHeight=1000
	  MinWidth=1000
	  SpaceOptimization=True
	  }
	 }
	[Level 0-1]
	 {
	 [Coord.Col]
	  {
	  Formula=
	  }
	 [Properties.Cell]
	  {
	  OutputFormatter=GENERIC
	  Formula=""
	  [Font]
	   {
	   Default=False
	   FaceName="Calibri"
	   GdiCharSet=0
	   Size=12.0
	   Width=0
	   Bold=False
	   Italic=False
	   Underline=False
	   Strikeout=False
	   Color=LL.Color.Black
	   PitchAndFamily=34
	   OutPrecision=3
	   }
	  Direction=0
	  bFill=1
	  Raster=1
	  BkColor=LL.Scheme.BackgroundColor1
	  Link.URL=
	  VAlign=1
	  [Frame]
	   {
	   Default=False
	   Layout=1
	   [Left]
		{
		Spacing=1000
		Line=False
		}
	   [Top]
		{
		Spacing=500
		Line=False
		}
	   [Right]
		{
		Spacing=1000
		Line=False
		}
	   [Bottom]
		{
		Spacing=500
		Line=False
		}
	   }
	  VALUE=0
	  Align=2
	  AlignDecPosition=-10000
	  MaxCellWidth=0
	  MinHeight=1000
	  MinWidth=1000
	  SpaceOptimization=True
	  }
	 [Properties.Label.Col]
	  {
	  OutputFormatter=
	  Formula=""
	  [Font]
	   {
	   Default=False
	   FaceName="Calibri"
	   GdiCharSet=0
	   Size=12.0
	   Width=0
	   Bold=False
	   Italic=False
	   Underline=False
	   Strikeout=False
	   Color=LL.Color.Black
	   PitchAndFamily=34
	   OutPrecision=3
	   }
	  Direction=0
	  bFill=1
	  Raster=1
	  BkColor=LL.Scheme.BackgroundColor2
	  Link.URL=
	  VAlign=1
	  [Frame]
	   {
	   Default=True
	   Layout=1
	   [Left]
		{
		Spacing=1000
		Line=True
		[Line]
		 {
		 Color=LL.Color.Black
		 LineType=0
		 }
		LineWidth=0
		}
	   [Top]
		{
		Spacing=500
		Line=True
		[Line]
		 {
		 Color=LL.Color.Black
		 LineType=0
		 }
		LineWidth=0
		}
	   [Right]
		{
		Spacing=1000
		Line=True
		[Line]
		 {
		 Color=LL.Color.Black
		 LineType=0
		 }
		LineWidth=0
		}
	   [Bottom]
		{
		Spacing=500
		Line=True
		[Line]
		 {
		 Color=LL.Color.Black
		 LineType=0
		 }
		LineWidth=0
		}
	   }
	  ShowSummary=True
	  ShowSummary.BeforeEntries=False
	  Align=2
	  AlignDecPosition=-10000
	  MaxCellWidth=0
	  MinHeight=1000
	  MinWidth=1000
	  SpaceOptimization=True
	  }
	 [Properties.Span.Col]
	  {
	  OutputFormatter=
	  Formula="Stati"
	  [Font]
	   {
	   Default=False
	   FaceName="Calibri"
	   GdiCharSet=0
	   Size=12.0
	   Width=0
	   Bold=False
	   Italic=False
	   Underline=False
	   Strikeout=False
	   Color=LL.Color.Black
	   PitchAndFamily=34
	   OutPrecision=3
	   }
	  Direction=0
	  bFill=1
	  Raster=1
	  BkColor=LL.Scheme.BackgroundColor2
	  Link.URL=
	  VAlign=1
	  [Frame]
	   {
	   Default=False
	   Layout=1
	   [Left]
		{
		Spacing=1000
		Line=False
		}
	   [Top]
		{
		Spacing=500
		Line=False
		}
	   [Right]
		{
		Spacing=1000
		Line=False
		}
	   [Bottom]
		{
		Spacing=500
		Line=False
		}
	   }
	  ShowSpanLabel=True
	  SortOrderAscending=0
	  Align=1
	  AlignDecPosition=-10000
	  MaxCellWidth=0
	  MinHeight=1000
	  MinWidth=1000
	  SpaceOptimization=True
	  }
	 }
	[Level 1-0]
	 {
	 [Coord.Row]
	  {
	  Formula=
	  }
	 [Properties.Cell]
	  {
	  OutputFormatter=DOUBLE
	  [OutputFormatter.DOUBLE]
	   {
	   DecimalCharType=-1
	   ThousandsCharType=-1
	   NegativeFormatType=-1
	   Decimals=2
	   EmptyIfBool=True
	   LeadingZero=True
	   ExponentialFormat=0
	   Units=
	   RemoveTrailingZeroes=False
	   }
	  Formula=Sum(Anzahl)
	  [Font]
	   {
	   Default=False
	   FaceName="Calibri"
	   GdiCharSet=0
	   Size=10.0
	   Width=0
	   Bold=False
	   Italic=False
	   Underline=False
	   Strikeout=False
	   Color=LL.Color.Black
	   PitchAndFamily=34
	   OutPrecision=3
	   }
	  Direction=0
	  bFill=1
	  Raster=1
	  BkColor=LL.Scheme.BackgroundColor1
	  Link.URL=
	  VAlign=1
	  [Frame]
	   {
	   Default=False
	   Layout=1
	   [Left]
		{
		Spacing=1000
		Line=False
		}
	   [Top]
		{
		Spacing=500
		Line=False
		}
	   [Right]
		{
		Spacing=1000
		Line=False
		}
	   [Bottom]
		{
		Spacing=500
		Line=False
		}
	   }
	  VALUE=Sum(Anzahl)
	  Align=2
	  AlignDecPosition=-10000
	  MaxCellWidth=0
	  MinHeight=1000
	  MinWidth=1000
	  SpaceOptimization=True
	  }
	 [Properties.Label.Row]
	  {
	  OutputFormatter=
	  Formula=
	  [Font]
	   {
	   Default=False
	   FaceName="Calibri"
	   GdiCharSet=0
	   Size=10.0
	   Width=0
	   Bold=False
	   Italic=False
	   Underline=False
	   Strikeout=False
	   Color=LL.Color.Black
	   PitchAndFamily=34
	   OutPrecision=3
	   }
	  Direction=0
	  bFill=1
	  Raster=1
	  BkColor=LL.Scheme.BackgroundColor2
	  Link.URL=
	  VAlign=1
	  [Frame]
	   {
	   Default=False
	   Layout=1
	   [Left]
		{
		Spacing=1000
		Line=False
		}
	   [Top]
		{
		Spacing=500
		Line=False
		}
	   [Right]
		{
		Spacing=1000
		Line=False
		}
	   [Bottom]
		{
		Spacing=500
		Line=False
		}
	   }
	  ShowSummary=False
	  ShowSummary.BeforeEntries=False
	  Align=2
	  AlignDecPosition=-10000
	  MaxCellWidth=0
	  MinHeight=1000
	  MinWidth=1000
	  SpaceOptimization=True
	  }
	 [Properties.Span.Row]
	  {
	  OutputFormatter=
	  Formula="Jahre"
	  [Font]
	   {
	   Default=False
	   FaceName="Calibri"
	   GdiCharSet=0
	   Size=12.0
	   Width=0
	   Bold=False
	   Italic=False
	   Underline=False
	   Strikeout=False
	   Color=LL.Color.Black
	   PitchAndFamily=34
	   OutPrecision=3
	   }
	  Direction=1
	  bFill=1
	  Raster=1
	  BkColor=LL.Scheme.BackgroundColor2
	  Link.URL=
	  VAlign=1
	  [Frame]
	   {
	   Default=True
	   Layout=1
	   [Left]
		{
		Spacing=1000
		Line=True
		[Line]
		 {
		 Color=LL.Color.Black
		 LineType=0
		 }
		LineWidth=0
		}
	   [Top]
		{
		Spacing=500
		Line=True
		[Line]
		 {
		 Color=LL.Color.Black
		 LineType=0
		 }
		LineWidth=0
		}
	   [Right]
		{
		Spacing=1000
		Line=True
		[Line]
		 {
		 Color=LL.Color.Black
		 LineType=0
		 }
		LineWidth=0
		}
	   [Bottom]
		{
		Spacing=500
		Line=True
		[Line]
		 {
		 Color=LL.Color.Black
		 LineType=0
		 }
		LineWidth=0
		}
	   }
	  ShowSpanLabel=True
	  SortOrderAscending=0
	  Align=1
	  AlignDecPosition=-10000
	  MaxCellWidth=0
	  MinHeight=1000
	  MinWidth=1000
	  SpaceOptimization=True
	  }
	 }
	[Level 1-1]
	 {
	 [Properties.Cell]
	  {
	  OutputFormatter=DOUBLE
	  [OutputFormatter.DOUBLE]
	   {
	   DecimalCharType=-1
	   ThousandsCharType=-1
	   NegativeFormatType=-1
	   Decimals=2
	   EmptyIfBool=True
	   LeadingZero=True
	   ExponentialFormat=0
	   Units=
	   RemoveTrailingZeroes=False
	   }
	  Formula=Sum(Anzahl)
	  [Font]
	   {
	   Default=False
	   FaceName="Calibri"
	   GdiCharSet=0
	   Size=10.0
	   Width=0
	   Bold=False
	   Italic=False
	   Underline=False
	   Strikeout=False
	   Color=LL.Color.Black
	   PitchAndFamily=34
	   OutPrecision=3
	   }
	  Direction=0
	  bFill=1
	  Raster=1
	  BkColor=LL.Scheme.BackgroundColor1
	  Link.URL=
	  VAlign=1
	  [Frame]
	   {
	   Default=False
	   Layout=1
	   [Left]
		{
		Spacing=1000
		Line=False
		}
	   [Top]
		{
		Spacing=500
		Line=False
		}
	   [Right]
		{
		Spacing=1000
		Line=False
		}
	   [Bottom]
		{
		Spacing=500
		Line=False
		}
	   }
	  VALUE=Sum(Anzahl)
	  Align=2
	  AlignDecPosition=-10000
	  MaxCellWidth=0
	  MinHeight=1000
	  MinWidth=1000
	  SpaceOptimization=True
	  }
	 }
	}
   Version=1
   }
  }
[UserVariables]
[Parameters]
 [@Parameters]
  {
  [Parameters]
   {
   LL.ProjectDescription=List & Label Projektdatei
   }
  }
[UsedIdentifiers]
 Variables=Bericht.Name;Bericht.MitgliedNrL;Bericht.MitgliedNr;Bericht.Land;Bericht.Strasse;Bericht.ProgVer;LayoutName;Bericht.Name2;Bericht.Name1;Benutzer.Zeichen;Bericht.Ort;Bericht.RechnungNr;Bericht.Deckblatt;Bericht.HalterNr;Bericht.GUID;PMEmail
 Fields=Jahr;Anzahl;Stufe
[PageLayouts]
 [@PageLayouts]
  {
  [PageLayouts]
   {
   [PageLayout]
	{
	DisplayName=
	Condition=True
	SourceTray=0
	ForcePaperFormat=True
	UsePhysicalPaper=True
	PaperFormat=9
	PaperFormat.cx=210000
	PaperFormat.cy=297000
	PaperFormat.Orientation=1
	Copies=1
	Duplex=0
	Collate=0
	FitPage=False
	ShowInPrintDialog=True
	}
   }
  }
[ExtendedInfo]
 [@ExtendedInfos]
  {
  [UserDefinedDesignScheme]
   {
   [Foreground]
	{
	Color=(173,215,227)
	Color=(167,195,209)
	Color=(165,170,199)
	Color=(155,122,153)
	Color=(135,95,119)
	Color=(255,230,179)
	Color=(238,190,93)
	Color=(242,167,17)
	Color=(166,178,102)
	Color=(102,204,199)
	}
   [Background]
	{
	Color=(240,249,255)
	Color=(255,230,179)
	Color=(173,215,227)
	Color=(167,195,209)
	FillMode=1
	}
   }
  }
