[List description]
[Description]
 Text=PrintMachine-Infos
 FileVersion=10
 Units=SCM-Units
 Metric=0
 TextQuote.Start=1
 TextQuote.End=1
 RepresentationCode.CondStart=171
 RepresentationCode.CondSep=166
 RepresentationCode.CondEnd=187
 RepresentationCode.Tab=247
 RepresentationCode.Ret=182
 RepresentationCode.PhantomSpace=2
 RepresentationCode.LockNextChar=3
 RepresentationCode.ExprSep=164
 LCID=1031
 UserVars.ManualSortOrder=1
 Created=26.10.2010, 10:38:08
 CreatedByApp=CBI52.EXE [5.2-SP1, Build 18795M]
 CreatedByDLL=CMLL13.DLL [13,12,0,0 (08-06-10 15:10)]
 CreatedByUser=keuer on KEUER2
 LastModified=22.11.2016, 09:12:25
 LastModifiedByApp=CBI61.EXE [6.1-SP4, Build 38114M]
 LastModifiedByDLL=CMLL17.DLL [17.3.2012.9809 (12-04-05 09:06)F]
 LastModifiedByUser=keuer on PCKEUER
 CreatedByCallFrom=comctl32.dll
[Layout]
 P1.Template=
 xGrid=1000
 yGrid=1000
 GridShow=FALSE
 GridSnap=FALSE
 EnhancedExpressions=TRUE
 EnhancedOldExpressions=FALSE
 Decimals=2
 RealDataPreviewPageLimit=2
 DefFont={(0,0,0),12.000000,-16,0,0,0,400,0,0,0,0,4,0,0,0,Calibri}
 HelpLines.Horizontal=
 HelpLines.Vertical=
 PDF.MaxOutlineDepth=2
 PDF.MaxOutlineDepth.IDX=3
 DefaultSize.Objecttype1=(0,0,196400,12100)
 DefaultSize.Objecttype6=(0,0,277300,158600)
 ObjectCount=7
[UserSection]

[SumVariables]
[Layer]
 Name=Basis
 Condition=
 WorkspaceColor=(102,102,102)
 Visible=TRUE
 LayerID=0
[Layer]
 Name=Erste Seite
 Condition=Page() = 1
 WorkspaceColor=(197,207,10)
 Visible=TRUE
 LayerID=1
[Layer]
 Name=Folgeseiten
 Condition=Page() <> 1
 WorkspaceColor=(161,203,243)
 Visible=TRUE
 LayerID=2
[ProjectTemplates]
 [@ProjectTemplates]
  {
  [ProjectTemplates]
   {
   [ProjectTemplate]
	{
	Identifier=
	bVisible=True
	Condition=True
	Filename=ProjectPath$() + "Grund-Baustein_A4quer.lst"
	}
   [ProjectTemplate]
	{
	Identifier=
	bVisible=True
	Condition=True
	Filename=ProjectPath$() + "PrintMachine-Infos Halter0.lst"
	}
   }
  }
[Object]
 ObjectID=6
 ObjectName=Tabelle
 Locked=FALSE
 LinkID=5
 LinkToID=0
 LinkMode=32
 LayerID=0
 GroupID=0
 Identifier=
 Condition=True
 UserLocked=False
 WrapBefore=False
 Position/Left=7300
 Position/Top=22400
 Position/Width=277300
 Position/Height=158600
 Direction=0
 PDFLevel=0
 PDFText=
 IndexPDFLevel=0
 IndexPDFText=
 IssueCondition=True
 bFooterOnBottom=False
 bFillBottom=False
 DefaultFont/Default=True
 DefaultFont/FaceName="Calibri"
 DefaultFont/GdiCharSet=0
 DefaultFont/Size=12.0
 DefaultFont/Width=0
 DefaultFont/Bold=False
 DefaultFont/Italic=False
 DefaultFont/Underline=False
 DefaultFont/Strikeout=False
 DefaultFont/Color=LL.Color.Black
 DefaultFont/PitchAndFamily=0
 DefaultFont/OutPrecision=4
 FgColor=LL.Color.Black
 bFill=0
 ColumnCount=0
 [@Tables]
  {
  [Tables]
   {
   [Table]
	{
	TableType=List
	TableID=
	RelationID=
	[GroupHeaderLines]
	 {
	 bConcatDataLines=True
	 bKeepTogether=False
	 }
	[GroupFooterLines]
	 {
	 bAlsoOnEmptyGroup=False
	 bKeepTogether=False
	 }
	[DataLines]
	 {
	 bKeepTogether=True
	 bSuppress=False
	 bForceSumCalculation=True
	 }
	ZebraPattern=1
	[ZebraPattern]
	 {
	 Pattern=1
	 Color=LL.Color.LightGray
	 }
	[FooterLines]
	 {
	 bKeepTogether=False
	 }
	PageBreakCondition=False
	[DefaultFrame]
	 {
	 Layout=1
	 [Left]
	  {
	  Spacing=1000
	  Line=True
	  [Line]
	   {
	   Color=LL.Color.Black
	   LineType=0
	   }
	  LineWidth=0
	  }
	 [Top]
	  {
	  Spacing=500
	  Line=True
	  [Line]
	   {
	   Color=LL.Color.Black
	   LineType=0
	   }
	  LineWidth=0
	  }
	 [Right]
	  {
	  Spacing=1000
	  Line=True
	  [Line]
	   {
	   Color=LL.Color.Black
	   LineType=0
	   }
	  LineWidth=0
	  }
	 [Bottom]
	  {
	  Spacing=500
	  Line=True
	  [Line]
	   {
	   Color=LL.Color.Black
	   LineType=0
	   }
	  LineWidth=0
	  }
	 }
	ColumnCount=0
	FormulaFilter=True
	DesignScheme="Artichoke"
	[Body]
	 {
	 [Lines]
	  {
	  [Line]
	   {
	   [Columns]
		{
		[Column]
		 {
		 Identifier=
		 OutputFormatter=DATE
		 [OutputFormatter.DATE]
		  {
		  DateFormatString=%m.%y
		  DateFormatType=0
		  }
		 Text=Datum
		 Width=14400
		 Height=10000
		 FixedHeight=0
		 bIsotropic=True
		 PlainTextFormat=True
		 Align=0
		 AlignDecPosition=-10000
		 VAlign=0
		 DrawingAlignment=0
		 Adjusted=False
		 LineWrap=1
		 ForceWrap=False
		 FlowControl=False
		 Spacing.Line=0
		 bFill=LL.Scheme.BackgroundFillMode
		 Raster=1
		 BkColor=LL.Color.White
		 FgColor=LL.Color.Black
		 SpaceOptimization=True
		 Link.URL=
		 WithText=False
		 [Frame]
		  {
		  Default=False
		  Layout=1
		  [Left]
		   {
		   Spacing=1000
		   Line=False
		   }
		  [Top]
		   {
		   Spacing=500
		   Line=False
		   }
		  [Right]
		   {
		   Spacing=1000
		   Line=False
		   }
		  [Bottom]
		   {
		   Spacing=500
		   Line=False
		   }
		  }
		 [Font]
		  {
		  Default=False
		  FaceName="Calibri"
		  GdiCharSet=0
		  Size=10.0
		  Width=0
		  Bold=False
		  Italic=False
		  Underline=False
		  Strikeout=False
		  Color=LL.Color.Black
		  PitchAndFamily=34
		  OutPrecision=3
		  }
		 Direction=0
		 BarWidth=0
		 [BarWidth]
		  {
		  Align=0
		  }
		 BarRatio=0
		 ExportAsPicture=False
		 DwgSaveAsJPEG=False
		 Condition=True
		 }
		[Column]
		 {
		 Identifier=
		 OutputFormatter=DOUBLE
		 [OutputFormatter.DOUBLE]
		  {
		  DecimalCharType=-2
		  ThousandsCharType=-2
		  NegativeFormatType=-2
		  Decimals=2
		  EmptyIfBool=False
		  LeadingZero=True
		  ExponentialFormat=0
		  Units=
		  RemoveTrailingZeroes=False
		  }
		 Text=Abrechnungen
		 Width=30300
		 Height=10000
		 FixedHeight=0
		 bIsotropic=True
		 PlainTextFormat=True
		 Align=2
		 AlignDecPosition=-10000
		 VAlign=0
		 DrawingAlignment=0
		 Adjusted=False
		 LineWrap=1
		 ForceWrap=False
		 FlowControl=False
		 Spacing.Line=0
		 bFill=LL.Scheme.BackgroundFillMode
		 Raster=1
		 BkColor=LL.Color.White
		 FgColor=LL.Color.Black
		 SpaceOptimization=True
		 Link.URL=
		 WithText=False
		 [Frame]
		  {
		  Default=False
		  Layout=1
		  [Left]
		   {
		   Spacing=1000
		   Line=False
		   }
		  [Top]
		   {
		   Spacing=500
		   Line=False
		   }
		  [Right]
		   {
		   Spacing=1000
		   Line=False
		   }
		  [Bottom]
		   {
		   Spacing=500
		   Line=False
		   }
		  }
		 [Font]
		  {
		  Default=False
		  FaceName="Calibri"
		  GdiCharSet=0
		  Size=10.0
		  Width=0
		  Bold=False
		  Italic=False
		  Underline=False
		  Strikeout=False
		  Color=LL.Color.Black
		  PitchAndFamily=34
		  OutPrecision=3
		  }
		 Direction=0
		 BarWidth=0
		 [BarWidth]
		  {
		  Align=0
		  }
		 BarRatio=0
		 ExportAsPicture=False
		 DwgSaveAsJPEG=False
		 Condition=True
		 }
		[Column]
		 {
		 Identifier=
		 OutputFormatter=DOUBLE
		 [OutputFormatter.DOUBLE]
		  {
		  DecimalCharType=-2
		  ThousandsCharType=-2
		  NegativeFormatType=-2
		  Decimals=2
		  EmptyIfBool=False
		  LeadingZero=True
		  ExponentialFormat=0
		  Units=
		  RemoveTrailingZeroes=False
		  }
		 Text=Kosten
		 Width=20100
		 Height=10000
		 FixedHeight=0
		 bIsotropic=True
		 PlainTextFormat=True
		 Align=2
		 AlignDecPosition=-10000
		 VAlign=0
		 DrawingAlignment=0
		 Adjusted=False
		 LineWrap=1
		 ForceWrap=False
		 FlowControl=False
		 Spacing.Line=0
		 bFill=LL.Scheme.BackgroundFillMode
		 Raster=1
		 BkColor=LL.Color.White
		 FgColor=LL.Color.Black
		 SpaceOptimization=True
		 Link.URL=
		 WithText=False
		 [Frame]
		  {
		  Default=False
		  Layout=1
		  [Left]
		   {
		   Spacing=1000
		   Line=False
		   }
		  [Top]
		   {
		   Spacing=500
		   Line=False
		   }
		  [Right]
		   {
		   Spacing=1000
		   Line=False
		   }
		  [Bottom]
		   {
		   Spacing=500
		   Line=False
		   }
		  }
		 [Font]
		  {
		  Default=False
		  FaceName="Calibri"
		  GdiCharSet=0
		  Size=10.0
		  Width=0
		  Bold=False
		  Italic=False
		  Underline=False
		  Strikeout=False
		  Color=LL.Color.Black
		  PitchAndFamily=34
		  OutPrecision=3
		  }
		 Direction=0
		 BarWidth=0
		 [BarWidth]
		  {
		  Align=0
		  }
		 BarRatio=0
		 ExportAsPicture=False
		 DwgSaveAsJPEG=False
		 Condition=True
		 }
		[Column]
		 {
		 Identifier=
		 OutputFormatter=DOUBLE
		 [OutputFormatter.DOUBLE]
		  {
		  DecimalCharType=-2
		  ThousandsCharType=-2
		  NegativeFormatType=-2
		  Decimals=2
		  EmptyIfBool=False
		  LeadingZero=True
		  ExponentialFormat=0
		  Units=
		  RemoveTrailingZeroes=False
		  }
		 Text=Ausbuchungen
		 Width=23600
		 Height=10000
		 FixedHeight=0
		 bIsotropic=True
		 PlainTextFormat=True
		 Align=2
		 AlignDecPosition=-10000
		 VAlign=0
		 DrawingAlignment=0
		 Adjusted=False
		 LineWrap=1
		 ForceWrap=False
		 FlowControl=False
		 Spacing.Line=0
		 bFill=LL.Scheme.BackgroundFillMode
		 Raster=1
		 BkColor=LL.Color.White
		 FgColor=LL.Color.Black
		 SpaceOptimization=True
		 Link.URL=
		 WithText=False
		 [Frame]
		  {
		  Default=False
		  Layout=1
		  [Left]
		   {
		   Spacing=1000
		   Line=False
		   }
		  [Top]
		   {
		   Spacing=500
		   Line=False
		   }
		  [Right]
		   {
		   Spacing=1000
		   Line=False
		   }
		  [Bottom]
		   {
		   Spacing=500
		   Line=False
		   }
		  }
		 [Font]
		  {
		  Default=False
		  FaceName="Calibri"
		  GdiCharSet=0
		  Size=10.0
		  Width=0
		  Bold=False
		  Italic=False
		  Underline=False
		  Strikeout=False
		  Color=LL.Color.Black
		  PitchAndFamily=34
		  OutPrecision=3
		  }
		 Direction=0
		 BarWidth=0
		 [BarWidth]
		  {
		  Align=0
		  }
		 BarRatio=0
		 ExportAsPicture=False
		 DwgSaveAsJPEG=False
		 Condition=True
		 }
		[Column]
		 {
		 Identifier=
		 OutputFormatter=DOUBLE
		 [OutputFormatter.DOUBLE]
		  {
		  DecimalCharType=-2
		  ThousandsCharType=-2
		  NegativeFormatType=-2
		  Decimals=2
		  EmptyIfBool=False
		  LeadingZero=True
		  ExponentialFormat=0
		  Units=
		  RemoveTrailingZeroes=False
		  }
		 Text=Vorschuss
		 Width=24500
		 Height=10000
		 FixedHeight=0
		 bIsotropic=True
		 PlainTextFormat=True
		 Align=2
		 AlignDecPosition=-10000
		 VAlign=0
		 DrawingAlignment=0
		 Adjusted=False
		 LineWrap=1
		 ForceWrap=False
		 FlowControl=False
		 Spacing.Line=0
		 bFill=LL.Scheme.BackgroundFillMode
		 Raster=1
		 BkColor=LL.Color.White
		 FgColor=LL.Color.Black
		 SpaceOptimization=True
		 Link.URL=
		 WithText=False
		 [Frame]
		  {
		  Default=False
		  Layout=1
		  [Left]
		   {
		   Spacing=1000
		   Line=False
		   }
		  [Top]
		   {
		   Spacing=500
		   Line=False
		   }
		  [Right]
		   {
		   Spacing=1000
		   Line=False
		   }
		  [Bottom]
		   {
		   Spacing=500
		   Line=False
		   }
		  }
		 [Font]
		  {
		  Default=False
		  FaceName="Calibri"
		  GdiCharSet=0
		  Size=10.0
		  Width=0
		  Bold=False
		  Italic=False
		  Underline=False
		  Strikeout=False
		  Color=LL.Color.Black
		  PitchAndFamily=34
		  OutPrecision=3
		  }
		 Direction=0
		 BarWidth=0
		 [BarWidth]
		  {
		  Align=0
		  }
		 BarRatio=0
		 ExportAsPicture=False
		 DwgSaveAsJPEG=False
		 Condition=True
		 }
		[Column]
		 {
		 Identifier=
		 OutputFormatter=DOUBLE
		 [OutputFormatter.DOUBLE]
		  {
		  DecimalCharType=-2
		  ThousandsCharType=-2
		  NegativeFormatType=-2
		  Decimals=2
		  EmptyIfBool=False
		  LeadingZero=True
		  ExponentialFormat=0
		  Units=
		  RemoveTrailingZeroes=False
		  }
		 Text=Gesamt
		 Width=25600
		 Height=10000
		 FixedHeight=0
		 bIsotropic=True
		 PlainTextFormat=True
		 Align=2
		 AlignDecPosition=-10000
		 VAlign=0
		 DrawingAlignment=0
		 Adjusted=False
		 LineWrap=1
		 ForceWrap=False
		 FlowControl=False
		 Spacing.Line=0
		 bFill=LL.Scheme.BackgroundFillMode
		 Raster=1
		 BkColor=LL.Color.White
		 FgColor=LL.Color.Black
		 SpaceOptimization=True
		 Link.URL=
		 WithText=False
		 [Frame]
		  {
		  Default=False
		  Layout=1
		  [Left]
		   {
		   Spacing=1000
		   Line=False
		   }
		  [Top]
		   {
		   Spacing=500
		   Line=False
		   }
		  [Right]
		   {
		   Spacing=1000
		   Line=False
		   }
		  [Bottom]
		   {
		   Spacing=500
		   Line=False
		   }
		  }
		 [Font]
		  {
		  Default=False
		  FaceName="Calibri"
		  GdiCharSet=0
		  Size=10.0
		  Width=0
		  Bold=False
		  Italic=False
		  Underline=False
		  Strikeout=False
		  Color=LL.Color.Black
		  PitchAndFamily=34
		  OutPrecision=3
		  }
		 Direction=0
		 BarWidth=0
		 [BarWidth]
		  {
		  Align=0
		  }
		 BarRatio=0
		 ExportAsPicture=False
		 DwgSaveAsJPEG=False
		 Condition=True
		 }
		[Column]
		 {
		 Identifier=
		 OutputFormatter=DOUBLE
		 [OutputFormatter.DOUBLE]
		  {
		  DecimalCharType=-2
		  ThousandsCharType=-2
		  NegativeFormatType=-2
		  Decimals=2
		  EmptyIfBool=False
		  LeadingZero=True
		  ExponentialFormat=0
		  Units=
		  RemoveTrailingZeroes=False
		  }
		 Text=Bezahlt
		 Width=25000
		 Height=10000
		 FixedHeight=0
		 bIsotropic=True
		 PlainTextFormat=True
		 Align=2
		 AlignDecPosition=-10000
		 VAlign=0
		 DrawingAlignment=0
		 Adjusted=False
		 LineWrap=1
		 ForceWrap=False
		 FlowControl=False
		 Spacing.Line=0
		 bFill=LL.Scheme.BackgroundFillMode
		 Raster=1
		 BkColor=LL.Color.White
		 FgColor=LL.Color.Black
		 SpaceOptimization=True
		 Link.URL=
		 WithText=False
		 [Frame]
		  {
		  Default=False
		  Layout=1
		  [Left]
		   {
		   Spacing=1000
		   Line=False
		   }
		  [Top]
		   {
		   Spacing=500
		   Line=False
		   }
		  [Right]
		   {
		   Spacing=1000
		   Line=False
		   }
		  [Bottom]
		   {
		   Spacing=500
		   Line=False
		   }
		  }
		 [Font]
		  {
		  Default=False
		  FaceName="Calibri"
		  GdiCharSet=0
		  Size=10.0
		  Width=0
		  Bold=False
		  Italic=False
		  Underline=False
		  Strikeout=False
		  Color=LL.Color.Black
		  PitchAndFamily=34
		  OutPrecision=3
		  }
		 Direction=0
		 BarWidth=0
		 [BarWidth]
		  {
		  Align=0
		  }
		 BarRatio=0
		 ExportAsPicture=False
		 DwgSaveAsJPEG=False
		 Condition=True
		 }
		[Column]
		 {
		 Identifier=
		 OutputFormatter=DOUBLE
		 [OutputFormatter.DOUBLE]
		  {
		  DecimalCharType=-2
		  ThousandsCharType=-2
		  NegativeFormatType=-2
		  Decimals=2
		  EmptyIfBool=False
		  LeadingZero=True
		  ExponentialFormat=0
		  Units=
		  RemoveTrailingZeroes=False
		  }
		 Text=Saldo
		 Width=22700
		 Height=10000
		 FixedHeight=0
		 bIsotropic=True
		 PlainTextFormat=True
		 Align=2
		 AlignDecPosition=-10000
		 VAlign=0
		 DrawingAlignment=0
		 Adjusted=False
		 LineWrap=1
		 ForceWrap=False
		 FlowControl=False
		 Spacing.Line=0
		 bFill=LL.Scheme.BackgroundFillMode
		 Raster=1
		 BkColor=LL.Color.White
		 FgColor=LL.Color.Black
		 SpaceOptimization=True
		 Link.URL=
		 WithText=False
		 [Frame]
		  {
		  Default=False
		  Layout=1
		  [Left]
		   {
		   Spacing=1000
		   Line=False
		   }
		  [Top]
		   {
		   Spacing=500
		   Line=False
		   }
		  [Right]
		   {
		   Spacing=1000
		   Line=False
		   }
		  [Bottom]
		   {
		   Spacing=500
		   Line=False
		   }
		  }
		 [Font]
		  {
		  Default=False
		  FaceName="Calibri"
		  GdiCharSet=0
		  Size=10.0
		  Width=0
		  Bold=False
		  Italic=False
		  Underline=False
		  Strikeout=False
		  Color=Cond(Saldo > 0, LL.Color.Green, LL.Color.Red)
		  PitchAndFamily=34
		  OutPrecision=3
		  }
		 Direction=0
		 BarWidth=0
		 [BarWidth]
		  {
		  Align=0
		  }
		 BarRatio=0
		 ExportAsPicture=False
		 DwgSaveAsJPEG=False
		 Condition=True
		 }
		[Column]
		 {
		 Identifier=
		 OutputFormatter=DOUBLE
		 [OutputFormatter.DOUBLE]
		  {
		  DecimalCharType=-2
		  ThousandsCharType=-2
		  NegativeFormatType=-2
		  Decimals=1
		  EmptyIfBool=False
		  LeadingZero=True
		  ExponentialFormat=0
		  Units=
		  RemoveTrailingZeroes=False
		  }
		 Text=Bezahlt / (Abrechnungen + Kosten) * 100
		 Width=18100
		 Height=10000
		 FixedHeight=0
		 bIsotropic=True
		 PlainTextFormat=True
		 Align=2
		 AlignDecPosition=-10000
		 VAlign=0
		 DrawingAlignment=0
		 Adjusted=False
		 LineWrap=1
		 ForceWrap=False
		 FlowControl=False
		 Spacing.Line=0
		 bFill=LL.Scheme.BackgroundFillMode
		 Raster=1
		 BkColor=LL.Color.White
		 FgColor=LL.Color.Black
		 SpaceOptimization=True
		 Link.URL=
		 WithText=False
		 [Frame]
		  {
		  Default=False
		  Layout=1
		  [Left]
		   {
		   Spacing=1000
		   Line=False
		   }
		  [Top]
		   {
		   Spacing=500
		   Line=False
		   }
		  [Right]
		   {
		   Spacing=1000
		   Line=False
		   }
		  [Bottom]
		   {
		   Spacing=500
		   Line=False
		   }
		  }
		 [Font]
		  {
		  Default=False
		  FaceName="Calibri"
		  GdiCharSet=0
		  Size=10.0
		  Width=0
		  Bold=False
		  Italic=False
		  Underline=False
		  Strikeout=False
		  Color=LL.Color.Black
		  PitchAndFamily=34
		  OutPrecision=3
		  }
		 Direction=0
		 BarWidth=0
		 [BarWidth]
		  {
		  Align=0
		  }
		 BarRatio=0
		 ExportAsPicture=False
		 DwgSaveAsJPEG=False
		 Condition=True
		 }
		[Column]
		 {
		 Identifier=
		 OutputFormatter=DOUBLE
		 [OutputFormatter.DOUBLE]
		  {
		  DecimalCharType=-2
		  ThousandsCharType=-2
		  NegativeFormatType=-2
		  Decimals=1
		  EmptyIfBool=False
		  LeadingZero=True
		  ExponentialFormat=0
		  Units=
		  RemoveTrailingZeroes=False
		  }
		 Text=Vorschuss / (Abrechnungen - Ausbuchungen) * 100
		 Width=18900
		 Height=10000
		 FixedHeight=0
		 bIsotropic=True
		 PlainTextFormat=True
		 Align=2
		 AlignDecPosition=-10000
		 VAlign=0
		 DrawingAlignment=0
		 Adjusted=False
		 LineWrap=1
		 ForceWrap=False
		 FlowControl=False
		 Spacing.Line=0
		 bFill=LL.Scheme.BackgroundFillMode
		 Raster=1
		 BkColor=LL.Color.White
		 FgColor=LL.Color.Black
		 SpaceOptimization=True
		 Link.URL=
		 WithText=False
		 [Frame]
		  {
		  Default=False
		  Layout=1
		  [Left]
		   {
		   Spacing=1000
		   Line=False
		   }
		  [Top]
		   {
		   Spacing=500
		   Line=False
		   }
		  [Right]
		   {
		   Spacing=1000
		   Line=False
		   }
		  [Bottom]
		   {
		   Spacing=500
		   Line=False
		   }
		  }
		 [Font]
		  {
		  Default=False
		  FaceName="Calibri"
		  GdiCharSet=0
		  Size=10.0
		  Width=0
		  Bold=False
		  Italic=False
		  Underline=False
		  Strikeout=False
		  Color=LL.Color.Black
		  PitchAndFamily=34
		  OutPrecision=3
		  }
		 Direction=0
		 BarWidth=0
		 [BarWidth]
		  {
		  Align=0
		  }
		 BarRatio=0
		 ExportAsPicture=False
		 DwgSaveAsJPEG=False
		 Condition=True
		 }
		[Column]
		 {
		 Identifier=
		 OutputFormatter=DOUBLE
		 [OutputFormatter.DOUBLE]
		  {
		  DecimalCharType=-2
		  ThousandsCharType=-2
		  NegativeFormatType=-2
		  Decimals=2
		  EmptyIfBool=False
		  LeadingZero=True
		  ExponentialFormat=0
		  Units=
		  RemoveTrailingZeroes=False
		  }
		 Text=(Abrechnungen - Ausbuchungen) * VorschussProz / 100
		 Width=26700
		 Height=10000
		 FixedHeight=0
		 bIsotropic=True
		 PlainTextFormat=True
		 Align=2
		 AlignDecPosition=-10000
		 VAlign=0
		 DrawingAlignment=0
		 Adjusted=False
		 LineWrap=1
		 ForceWrap=False
		 FlowControl=False
		 Spacing.Line=0
		 bFill=LL.Scheme.BackgroundFillMode
		 Raster=1
		 BkColor=LL.Color.White
		 FgColor=LL.Color.Black
		 SpaceOptimization=True
		 Link.URL=
		 WithText=False
		 [Frame]
		  {
		  Default=False
		  Layout=1
		  [Left]
		   {
		   Spacing=1000
		   Line=False
		   }
		  [Top]
		   {
		   Spacing=500
		   Line=False
		   }
		  [Right]
		   {
		   Spacing=1000
		   Line=False
		   }
		  [Bottom]
		   {
		   Spacing=500
		   Line=False
		   }
		  }
		 [Font]
		  {
		  Default=False
		  FaceName="Calibri"
		  GdiCharSet=0
		  Size=10.0
		  Width=0
		  Bold=False
		  Italic=False
		  Underline=False
		  Strikeout=False
		  Color=LL.Color.Black
		  PitchAndFamily=34
		  OutPrecision=3
		  }
		 Direction=0
		 BarWidth=0
		 [BarWidth]
		  {
		  Align=0
		  }
		 BarRatio=0
		 ExportAsPicture=False
		 DwgSaveAsJPEG=False
		 Condition=True
		 }
		[Column]
		 {
		 Identifier=
		 OutputFormatter=DOUBLE
		 [OutputFormatter.DOUBLE]
		  {
		  DecimalCharType=-2
		  ThousandsCharType=-2
		  NegativeFormatType=-2
		  Decimals=1
		  EmptyIfBool=False
		  LeadingZero=True
		  ExponentialFormat=0
		  Units=
		  RemoveTrailingZeroes=False
		  }
		 Text=((Abrechnungen - Ausbuchungen) * VorschussProz / 100) / Abrechnungen * 100
		 Width=21700
		 Height=10000
		 FixedHeight=0
		 bIsotropic=True
		 PlainTextFormat=True
		 Align=2
		 AlignDecPosition=-10000
		 VAlign=0
		 DrawingAlignment=0
		 Adjusted=False
		 LineWrap=1
		 ForceWrap=False
		 FlowControl=False
		 Spacing.Line=0
		 bFill=LL.Scheme.BackgroundFillMode
		 Raster=1
		 BkColor=LL.Color.White
		 FgColor=LL.Color.Black
		 SpaceOptimization=True
		 Link.URL=
		 WithText=False
		 [Frame]
		  {
		  Default=False
		  Layout=1
		  [Left]
		   {
		   Spacing=1000
		   Line=False
		   }
		  [Top]
		   {
		   Spacing=500
		   Line=False
		   }
		  [Right]
		   {
		   Spacing=1000
		   Line=False
		   }
		  [Bottom]
		   {
		   Spacing=500
		   Line=False
		   }
		  }
		 [Font]
		  {
		  Default=False
		  FaceName="Calibri"
		  GdiCharSet=0
		  Size=10.0
		  Width=0
		  Bold=False
		  Italic=False
		  Underline=False
		  Strikeout=False
		  Color=LL.Color.Black
		  PitchAndFamily=34
		  OutPrecision=3
		  }
		 Direction=0
		 BarWidth=0
		 [BarWidth]
		  {
		  Align=0
		  }
		 BarRatio=0
		 ExportAsPicture=False
		 DwgSaveAsJPEG=False
		 Condition=True
		 }
		}
	   [Options]
		{
		Description=
		[LFont]
		 {
		 Default=True
		 }
		DisplayInDesigner=True
		PDFLevel=0
		PDFText=
		IndexPDFLevel=0
		IndexPDFText=
		[ReservedSpace]
		 {
		 Left=0
		 Top=0
		 Right=0
		 Bottom=0
		 }
		LCondition=True
		Anchor=0
		Anchor.ToTop=True
		}
	   }
	  }
	 [Options]
	  {
	  }
	 }
	[Header]
	 {
	 [Lines]
	  {
	  [Line]
	   {
	   [Columns]
		{
		[Column]
		 {
		 Identifier=
		 OutputFormatter=
		 Text="Monat"
		 Width=14400
		 Height=10000
		 FixedHeight=0
		 bIsotropic=True
		 PlainTextFormat=True
		 Align=0
		 AlignDecPosition=-10000
		 VAlign=0
		 DrawingAlignment=0
		 Adjusted=False
		 LineWrap=1
		 ForceWrap=False
		 FlowControl=False
		 Spacing.Line=0
		 bFill=LL.Scheme.BackgroundFillMode
		 Raster=1
		 BkColor=RGB(181,222,138)
		 FgColor=LL.Color.Black
		 SpaceOptimization=True
		 Link.URL=
		 WithText=False
		 [Frame]
		  {
		  Default=True
		  Layout=1
		  [Left]
		   {
		   Spacing=1000
		   Line=True
		   [Line]
			{
			Color=LL.Color.Black
			LineType=0
			}
		   LineWidth=0
		   }
		  [Top]
		   {
		   Spacing=500
		   Line=True
		   [Line]
			{
			Color=LL.Color.Black
			LineType=0
			}
		   LineWidth=0
		   }
		  [Right]
		   {
		   Spacing=1000
		   Line=True
		   [Line]
			{
			Color=LL.Color.Black
			LineType=0
			}
		   LineWidth=0
		   }
		  [Bottom]
		   {
		   Spacing=500
		   Line=True
		   [Line]
			{
			Color=LL.Color.Black
			LineType=0
			}
		   LineWidth=0
		   }
		  }
		 [Font]
		  {
		  Default=False
		  FaceName="Calibri"
		  GdiCharSet=0
		  Size=10.0
		  Width=0
		  Bold=False
		  Italic=False
		  Underline=False
		  Strikeout=False
		  Color=LL.Color.Black
		  PitchAndFamily=34
		  OutPrecision=3
		  }
		 Direction=0
		 BarWidth=0
		 [BarWidth]
		  {
		  Align=0
		  }
		 BarRatio=0
		 ExportAsPicture=False
		 DwgSaveAsJPEG=False
		 Condition=True
		 }
		[Column]
		 {
		 Identifier=
		 OutputFormatter=
		 Text="Rechnungs- Summe €"
		 Width=30300
		 Height=10000
		 FixedHeight=0
		 bIsotropic=True
		 PlainTextFormat=True
		 Align=2
		 AlignDecPosition=-10000
		 VAlign=0
		 DrawingAlignment=0
		 Adjusted=False
		 LineWrap=1
		 ForceWrap=False
		 FlowControl=False
		 Spacing.Line=0
		 bFill=LL.Scheme.BackgroundFillMode
		 Raster=1
		 BkColor=RGB(181,222,138)
		 FgColor=LL.Color.Black
		 SpaceOptimization=True
		 Link.URL=
		 WithText=False
		 [Frame]
		  {
		  Default=True
		  Layout=1
		  [Left]
		   {
		   Spacing=1000
		   Line=True
		   [Line]
			{
			Color=LL.Color.Black
			LineType=0
			}
		   LineWidth=0
		   }
		  [Top]
		   {
		   Spacing=500
		   Line=True
		   [Line]
			{
			Color=LL.Color.Black
			LineType=0
			}
		   LineWidth=0
		   }
		  [Right]
		   {
		   Spacing=1000
		   Line=True
		   [Line]
			{
			Color=LL.Color.Black
			LineType=0
			}
		   LineWidth=0
		   }
		  [Bottom]
		   {
		   Spacing=500
		   Line=True
		   [Line]
			{
			Color=LL.Color.Black
			LineType=0
			}
		   LineWidth=0
		   }
		  }
		 [Font]
		  {
		  Default=False
		  FaceName="Calibri"
		  GdiCharSet=0
		  Size=10.0
		  Width=0
		  Bold=False
		  Italic=False
		  Underline=False
		  Strikeout=False
		  Color=LL.Color.Black
		  PitchAndFamily=34
		  OutPrecision=3
		  }
		 Direction=0
		 BarWidth=0
		 [BarWidth]
		  {
		  Align=0
		  }
		 BarRatio=0
		 ExportAsPicture=False
		 DwgSaveAsJPEG=False
		 Condition=True
		 }
		[Column]
		 {
		 Identifier=
		 OutputFormatter=
		 Text="Kosten €"
		 Width=20100
		 Height=10000
		 FixedHeight=0
		 bIsotropic=True
		 PlainTextFormat=True
		 Align=2
		 AlignDecPosition=-10000
		 VAlign=0
		 DrawingAlignment=0
		 Adjusted=False
		 LineWrap=1
		 ForceWrap=False
		 FlowControl=False
		 Spacing.Line=0
		 bFill=LL.Scheme.BackgroundFillMode
		 Raster=1
		 BkColor=RGB(181,222,138)
		 FgColor=LL.Color.Black
		 SpaceOptimization=True
		 Link.URL=
		 WithText=False
		 [Frame]
		  {
		  Default=True
		  Layout=1
		  [Left]
		   {
		   Spacing=1000
		   Line=True
		   [Line]
			{
			Color=LL.Color.Black
			LineType=0
			}
		   LineWidth=0
		   }
		  [Top]
		   {
		   Spacing=500
		   Line=True
		   [Line]
			{
			Color=LL.Color.Black
			LineType=0
			}
		   LineWidth=0
		   }
		  [Right]
		   {
		   Spacing=1000
		   Line=True
		   [Line]
			{
			Color=LL.Color.Black
			LineType=0
			}
		   LineWidth=0
		   }
		  [Bottom]
		   {
		   Spacing=500
		   Line=True
		   [Line]
			{
			Color=LL.Color.Black
			LineType=0
			}
		   LineWidth=0
		   }
		  }
		 [Font]
		  {
		  Default=False
		  FaceName="Calibri"
		  GdiCharSet=0
		  Size=10.0
		  Width=0
		  Bold=False
		  Italic=False
		  Underline=False
		  Strikeout=False
		  Color=LL.Color.Black
		  PitchAndFamily=34
		  OutPrecision=3
		  }
		 Direction=0
		 BarWidth=0
		 [BarWidth]
		  {
		  Align=0
		  }
		 BarRatio=0
		 ExportAsPicture=False
		 DwgSaveAsJPEG=False
		 Condition=True
		 }
		[Column]
		 {
		 Identifier=
		 OutputFormatter=
		 Text="Aus- buchungen €"
		 Width=23600
		 Height=10000
		 FixedHeight=0
		 bIsotropic=True
		 PlainTextFormat=True
		 Align=2
		 AlignDecPosition=-10000
		 VAlign=0
		 DrawingAlignment=0
		 Adjusted=False
		 LineWrap=1
		 ForceWrap=False
		 FlowControl=False
		 Spacing.Line=0
		 bFill=LL.Scheme.BackgroundFillMode
		 Raster=1
		 BkColor=RGB(181,222,138)
		 FgColor=LL.Color.Black
		 SpaceOptimization=True
		 Link.URL=
		 WithText=False
		 [Frame]
		  {
		  Default=True
		  Layout=1
		  [Left]
		   {
		   Spacing=1000
		   Line=True
		   [Line]
			{
			Color=LL.Color.Black
			LineType=0
			}
		   LineWidth=0
		   }
		  [Top]
		   {
		   Spacing=500
		   Line=True
		   [Line]
			{
			Color=LL.Color.Black
			LineType=0
			}
		   LineWidth=0
		   }
		  [Right]
		   {
		   Spacing=1000
		   Line=True
		   [Line]
			{
			Color=LL.Color.Black
			LineType=0
			}
		   LineWidth=0
		   }
		  [Bottom]
		   {
		   Spacing=500
		   Line=True
		   [Line]
			{
			Color=LL.Color.Black
			LineType=0
			}
		   LineWidth=0
		   }
		  }
		 [Font]
		  {
		  Default=False
		  FaceName="Calibri"
		  GdiCharSet=0
		  Size=10.0
		  Width=0
		  Bold=False
		  Italic=False
		  Underline=False
		  Strikeout=False
		  Color=LL.Color.Black
		  PitchAndFamily=34
		  OutPrecision=3
		  }
		 Direction=0
		 BarWidth=0
		 [BarWidth]
		  {
		  Align=0
		  }
		 BarRatio=0
		 ExportAsPicture=False
		 DwgSaveAsJPEG=False
		 Condition=True
		 }
		[Column]
		 {
		 Identifier=
		 OutputFormatter=
		 Text="Vorschuss €"
		 Width=24500
		 Height=10000
		 FixedHeight=0
		 bIsotropic=True
		 PlainTextFormat=True
		 Align=2
		 AlignDecPosition=-10000
		 VAlign=0
		 DrawingAlignment=0
		 Adjusted=False
		 LineWrap=1
		 ForceWrap=False
		 FlowControl=False
		 Spacing.Line=0
		 bFill=LL.Scheme.BackgroundFillMode
		 Raster=1
		 BkColor=RGB(181,222,138)
		 FgColor=LL.Color.Black
		 SpaceOptimization=True
		 Link.URL=
		 WithText=False
		 [Frame]
		  {
		  Default=True
		  Layout=1
		  [Left]
		   {
		   Spacing=1000
		   Line=True
		   [Line]
			{
			Color=LL.Color.Black
			LineType=0
			}
		   LineWidth=0
		   }
		  [Top]
		   {
		   Spacing=500
		   Line=True
		   [Line]
			{
			Color=LL.Color.Black
			LineType=0
			}
		   LineWidth=0
		   }
		  [Right]
		   {
		   Spacing=1000
		   Line=True
		   [Line]
			{
			Color=LL.Color.Black
			LineType=0
			}
		   LineWidth=0
		   }
		  [Bottom]
		   {
		   Spacing=500
		   Line=True
		   [Line]
			{
			Color=LL.Color.Black
			LineType=0
			}
		   LineWidth=0
		   }
		  }
		 [Font]
		  {
		  Default=False
		  FaceName="Calibri"
		  GdiCharSet=0
		  Size=10.0
		  Width=0
		  Bold=False
		  Italic=False
		  Underline=False
		  Strikeout=False
		  Color=LL.Color.Black
		  PitchAndFamily=34
		  OutPrecision=3
		  }
		 Direction=0
		 BarWidth=0
		 [BarWidth]
		  {
		  Align=0
		  }
		 BarRatio=0
		 ExportAsPicture=False
		 DwgSaveAsJPEG=False
		 Condition=True
		 }
		[Column]
		 {
		 Identifier=
		 OutputFormatter=
		 Text="Gesamt €"
		 Width=25600
		 Height=10000
		 FixedHeight=0
		 bIsotropic=True
		 PlainTextFormat=True
		 Align=2
		 AlignDecPosition=-10000
		 VAlign=0
		 DrawingAlignment=0
		 Adjusted=False
		 LineWrap=1
		 ForceWrap=False
		 FlowControl=False
		 Spacing.Line=0
		 bFill=LL.Scheme.BackgroundFillMode
		 Raster=1
		 BkColor=RGB(181,222,138)
		 FgColor=LL.Color.Black
		 SpaceOptimization=True
		 Link.URL=
		 WithText=False
		 [Frame]
		  {
		  Default=True
		  Layout=1
		  [Left]
		   {
		   Spacing=1000
		   Line=True
		   [Line]
			{
			Color=LL.Color.Black
			LineType=0
			}
		   LineWidth=0
		   }
		  [Top]
		   {
		   Spacing=500
		   Line=True
		   [Line]
			{
			Color=LL.Color.Black
			LineType=0
			}
		   LineWidth=0
		   }
		  [Right]
		   {
		   Spacing=1000
		   Line=True
		   [Line]
			{
			Color=LL.Color.Black
			LineType=0
			}
		   LineWidth=0
		   }
		  [Bottom]
		   {
		   Spacing=500
		   Line=True
		   [Line]
			{
			Color=LL.Color.Black
			LineType=0
			}
		   LineWidth=0
		   }
		  }
		 [Font]
		  {
		  Default=False
		  FaceName="Calibri"
		  GdiCharSet=0
		  Size=10.0
		  Width=0
		  Bold=False
		  Italic=False
		  Underline=False
		  Strikeout=False
		  Color=LL.Color.Black
		  PitchAndFamily=34
		  OutPrecision=3
		  }
		 Direction=0
		 BarWidth=0
		 [BarWidth]
		  {
		  Align=0
		  }
		 BarRatio=0
		 ExportAsPicture=False
		 DwgSaveAsJPEG=False
		 Condition=True
		 }
		[Column]
		 {
		 Identifier=
		 OutputFormatter=
		 Text="Bezahlt €"
		 Width=25000
		 Height=10000
		 FixedHeight=0
		 bIsotropic=True
		 PlainTextFormat=True
		 Align=2
		 AlignDecPosition=-10000
		 VAlign=0
		 DrawingAlignment=0
		 Adjusted=False
		 LineWrap=1
		 ForceWrap=False
		 FlowControl=False
		 Spacing.Line=0
		 bFill=LL.Scheme.BackgroundFillMode
		 Raster=1
		 BkColor=RGB(181,222,138)
		 FgColor=LL.Color.Black
		 SpaceOptimization=True
		 Link.URL=
		 WithText=False
		 [Frame]
		  {
		  Default=True
		  Layout=1
		  [Left]
		   {
		   Spacing=1000
		   Line=True
		   [Line]
			{
			Color=LL.Color.Black
			LineType=0
			}
		   LineWidth=0
		   }
		  [Top]
		   {
		   Spacing=500
		   Line=True
		   [Line]
			{
			Color=LL.Color.Black
			LineType=0
			}
		   LineWidth=0
		   }
		  [Right]
		   {
		   Spacing=1000
		   Line=True
		   [Line]
			{
			Color=LL.Color.Black
			LineType=0
			}
		   LineWidth=0
		   }
		  [Bottom]
		   {
		   Spacing=500
		   Line=True
		   [Line]
			{
			Color=LL.Color.Black
			LineType=0
			}
		   LineWidth=0
		   }
		  }
		 [Font]
		  {
		  Default=False
		  FaceName="Calibri"
		  GdiCharSet=0
		  Size=10.0
		  Width=0
		  Bold=False
		  Italic=False
		  Underline=False
		  Strikeout=False
		  Color=LL.Color.Black
		  PitchAndFamily=34
		  OutPrecision=3
		  }
		 Direction=0
		 BarWidth=0
		 [BarWidth]
		  {
		  Align=0
		  }
		 BarRatio=0
		 ExportAsPicture=False
		 DwgSaveAsJPEG=False
		 Condition=True
		 }
		[Column]
		 {
		 Identifier=
		 OutputFormatter=
		 Text="Saldo €"
		 Width=22700
		 Height=10000
		 FixedHeight=0
		 bIsotropic=True
		 PlainTextFormat=True
		 Align=2
		 AlignDecPosition=-10000
		 VAlign=0
		 DrawingAlignment=0
		 Adjusted=False
		 LineWrap=1
		 ForceWrap=False
		 FlowControl=False
		 Spacing.Line=0
		 bFill=LL.Scheme.BackgroundFillMode
		 Raster=1
		 BkColor=RGB(181,222,138)
		 FgColor=LL.Color.Black
		 SpaceOptimization=True
		 Link.URL=
		 WithText=False
		 [Frame]
		  {
		  Default=True
		  Layout=1
		  [Left]
		   {
		   Spacing=1000
		   Line=True
		   [Line]
			{
			Color=LL.Color.Black
			LineType=0
			}
		   LineWidth=0
		   }
		  [Top]
		   {
		   Spacing=500
		   Line=True
		   [Line]
			{
			Color=LL.Color.Black
			LineType=0
			}
		   LineWidth=0
		   }
		  [Right]
		   {
		   Spacing=1000
		   Line=True
		   [Line]
			{
			Color=LL.Color.Black
			LineType=0
			}
		   LineWidth=0
		   }
		  [Bottom]
		   {
		   Spacing=500
		   Line=True
		   [Line]
			{
			Color=LL.Color.Black
			LineType=0
			}
		   LineWidth=0
		   }
		  }
		 [Font]
		  {
		  Default=False
		  FaceName="Calibri"
		  GdiCharSet=0
		  Size=10.0
		  Width=0
		  Bold=False
		  Italic=False
		  Underline=False
		  Strikeout=False
		  Color=LL.Color.Black
		  PitchAndFamily=34
		  OutPrecision=3
		  }
		 Direction=0
		 BarWidth=0
		 [BarWidth]
		  {
		  Align=0
		  }
		 BarRatio=0
		 ExportAsPicture=False
		 DwgSaveAsJPEG=False
		 Condition=True
		 }
		[Column]
		 {
		 Identifier=
		 OutputFormatter=
		 Text="Bezahlt % von Rg+Ko"
		 Width=18100
		 Height=10000
		 FixedHeight=0
		 bIsotropic=True
		 PlainTextFormat=True
		 Align=2
		 AlignDecPosition=-10000
		 VAlign=0
		 DrawingAlignment=0
		 Adjusted=False
		 LineWrap=1
		 ForceWrap=False
		 FlowControl=False
		 Spacing.Line=0
		 bFill=LL.Scheme.BackgroundFillMode
		 Raster=1
		 BkColor=RGB(181,222,138)
		 FgColor=LL.Color.Black
		 SpaceOptimization=True
		 Link.URL=
		 WithText=False
		 [Frame]
		  {
		  Default=True
		  Layout=1
		  [Left]
		   {
		   Spacing=1000
		   Line=True
		   [Line]
			{
			Color=LL.Color.Black
			LineType=0
			}
		   LineWidth=0
		   }
		  [Top]
		   {
		   Spacing=500
		   Line=True
		   [Line]
			{
			Color=LL.Color.Black
			LineType=0
			}
		   LineWidth=0
		   }
		  [Right]
		   {
		   Spacing=1000
		   Line=True
		   [Line]
			{
			Color=LL.Color.Black
			LineType=0
			}
		   LineWidth=0
		   }
		  [Bottom]
		   {
		   Spacing=500
		   Line=True
		   [Line]
			{
			Color=LL.Color.Black
			LineType=0
			}
		   LineWidth=0
		   }
		  }
		 [Font]
		  {
		  Default=False
		  FaceName="Calibri"
		  GdiCharSet=0
		  Size=10.0
		  Width=0
		  Bold=False
		  Italic=False
		  Underline=False
		  Strikeout=False
		  Color=LL.Color.Black
		  PitchAndFamily=34
		  OutPrecision=3
		  }
		 Direction=0
		 BarWidth=0
		 [BarWidth]
		  {
		  Align=0
		  }
		 BarRatio=0
		 ExportAsPicture=False
		 DwgSaveAsJPEG=False
		 Condition=True
		 }
		[Column]
		 {
		 Identifier=
		 OutputFormatter=
		 Text="Vorschuss % von Rg-Ausb"
		 Width=18900
		 Height=10000
		 FixedHeight=0
		 bIsotropic=True
		 PlainTextFormat=True
		 Align=2
		 AlignDecPosition=-10000
		 VAlign=0
		 DrawingAlignment=0
		 Adjusted=False
		 LineWrap=1
		 ForceWrap=False
		 FlowControl=False
		 Spacing.Line=0
		 bFill=LL.Scheme.BackgroundFillMode
		 Raster=1
		 BkColor=RGB(181,222,138)
		 FgColor=LL.Color.Black
		 SpaceOptimization=True
		 Link.URL=
		 WithText=False
		 [Frame]
		  {
		  Default=True
		  Layout=1
		  [Left]
		   {
		   Spacing=1000
		   Line=True
		   [Line]
			{
			Color=LL.Color.Black
			LineType=0
			}
		   LineWidth=0
		   }
		  [Top]
		   {
		   Spacing=500
		   Line=True
		   [Line]
			{
			Color=LL.Color.Black
			LineType=0
			}
		   LineWidth=0
		   }
		  [Right]
		   {
		   Spacing=1000
		   Line=True
		   [Line]
			{
			Color=LL.Color.Black
			LineType=0
			}
		   LineWidth=0
		   }
		  [Bottom]
		   {
		   Spacing=500
		   Line=True
		   [Line]
			{
			Color=LL.Color.Black
			LineType=0
			}
		   LineWidth=0
		   }
		  }
		 [Font]
		  {
		  Default=False
		  FaceName="Calibri"
		  GdiCharSet=0
		  Size=10.0
		  Width=0
		  Bold=False
		  Italic=False
		  Underline=False
		  Strikeout=False
		  Color=LL.Color.Black
		  PitchAndFamily=34
		  OutPrecision=3
		  }
		 Direction=0
		 BarWidth=0
		 [BarWidth]
		  {
		  Align=0
		  }
		 BarRatio=0
		 ExportAsPicture=False
		 DwgSaveAsJPEG=False
		 Condition=True
		 }
		[Column]
		 {
		 Identifier=
		 OutputFormatter=
		 Text="gerechtf. Vorschuss €"
		 Width=26700
		 Height=10000
		 FixedHeight=0
		 bIsotropic=True
		 PlainTextFormat=True
		 Align=2
		 AlignDecPosition=-10000
		 VAlign=0
		 DrawingAlignment=0
		 Adjusted=False
		 LineWrap=1
		 ForceWrap=False
		 FlowControl=False
		 Spacing.Line=0
		 bFill=LL.Scheme.BackgroundFillMode
		 Raster=1
		 BkColor=RGB(181,222,138)
		 FgColor=LL.Color.Black
		 SpaceOptimization=True
		 Link.URL=
		 WithText=False
		 [Frame]
		  {
		  Default=True
		  Layout=1
		  [Left]
		   {
		   Spacing=1000
		   Line=True
		   [Line]
			{
			Color=LL.Color.Black
			LineType=0
			}
		   LineWidth=0
		   }
		  [Top]
		   {
		   Spacing=500
		   Line=True
		   [Line]
			{
			Color=LL.Color.Black
			LineType=0
			}
		   LineWidth=0
		   }
		  [Right]
		   {
		   Spacing=1000
		   Line=True
		   [Line]
			{
			Color=LL.Color.Black
			LineType=0
			}
		   LineWidth=0
		   }
		  [Bottom]
		   {
		   Spacing=500
		   Line=True
		   [Line]
			{
			Color=LL.Color.Black
			LineType=0
			}
		   LineWidth=0
		   }
		  }
		 [Font]
		  {
		  Default=False
		  FaceName="Calibri"
		  GdiCharSet=0
		  Size=10.0
		  Width=0
		  Bold=False
		  Italic=False
		  Underline=False
		  Strikeout=False
		  Color=LL.Color.Black
		  PitchAndFamily=34
		  OutPrecision=3
		  }
		 Direction=0
		 BarWidth=0
		 [BarWidth]
		  {
		  Align=0
		  }
		 BarRatio=0
		 ExportAsPicture=False
		 DwgSaveAsJPEG=False
		 Condition=True
		 }
		[Column]
		 {
		 Identifier=
		 OutputFormatter=
		 Text="gerechtf. Vorschuss %"
		 Width=21700
		 Height=10000
		 FixedHeight=0
		 bIsotropic=True
		 PlainTextFormat=True
		 Align=2
		 AlignDecPosition=-10000
		 VAlign=0
		 DrawingAlignment=0
		 Adjusted=False
		 LineWrap=1
		 ForceWrap=False
		 FlowControl=False
		 Spacing.Line=0
		 bFill=LL.Scheme.BackgroundFillMode
		 Raster=1
		 BkColor=RGB(181,222,138)
		 FgColor=LL.Color.Black
		 SpaceOptimization=True
		 Link.URL=
		 WithText=False
		 [Frame]
		  {
		  Default=True
		  Layout=1
		  [Left]
		   {
		   Spacing=1000
		   Line=True
		   [Line]
			{
			Color=LL.Color.Black
			LineType=0
			}
		   LineWidth=0
		   }
		  [Top]
		   {
		   Spacing=500
		   Line=True
		   [Line]
			{
			Color=LL.Color.Black
			LineType=0
			}
		   LineWidth=0
		   }
		  [Right]
		   {
		   Spacing=1000
		   Line=True
		   [Line]
			{
			Color=LL.Color.Black
			LineType=0
			}
		   LineWidth=0
		   }
		  [Bottom]
		   {
		   Spacing=500
		   Line=True
		   [Line]
			{
			Color=LL.Color.Black
			LineType=0
			}
		   LineWidth=0
		   }
		  }
		 [Font]
		  {
		  Default=False
		  FaceName="Calibri"
		  GdiCharSet=0
		  Size=10.0
		  Width=0
		  Bold=False
		  Italic=False
		  Underline=False
		  Strikeout=False
		  Color=LL.Color.Black
		  PitchAndFamily=34
		  OutPrecision=3
		  }
		 Direction=0
		 BarWidth=0
		 [BarWidth]
		  {
		  Align=0
		  }
		 BarRatio=0
		 ExportAsPicture=False
		 DwgSaveAsJPEG=False
		 Condition=True
		 }
		}
	   [Options]
		{
		Description=
		[LFont]
		 {
		 Default=True
		 }
		DisplayInDesigner=True
		PDFLevel=0
		PDFText=
		IndexPDFLevel=0
		IndexPDFText=
		[ReservedSpace]
		 {
		 Left=0
		 Top=0
		 Right=0
		 Bottom=0
		 }
		LCondition=True
		Anchor=0
		Anchor.ToTop=True
		}
	   }
	  }
	 [Options]
	  {
	  }
	 }
	[Footer]
	 {
	 [Lines]
	  {
	  [Line]
	   {
	   [Columns]
		{
		[Column]
		 {
		 Identifier=
		 OutputFormatter=GENERIC
		 Text="Summe"
		 Width=14400
		 Height=10000
		 FixedHeight=0
		 bIsotropic=True
		 PlainTextFormat=True
		 Align=0
		 AlignDecPosition=-10000
		 VAlign=0
		 DrawingAlignment=0
		 Adjusted=False
		 LineWrap=1
		 ForceWrap=False
		 FlowControl=False
		 Spacing.Line=0
		 bFill=LL.Scheme.BackgroundFillMode
		 Raster=1
		 BkColor=RGB(181,222,138)
		 FgColor=LL.Color.Black
		 SpaceOptimization=True
		 Link.URL=
		 WithText=False
		 [Frame]
		  {
		  Default=False
		  Layout=1
		  [Left]
		   {
		   Spacing=1000
		   Line=False
		   }
		  [Top]
		   {
		   Spacing=500
		   Line=True
		   [Line]
			{
			Color=LL.Color.Black
			LineType=0
			}
		   LineWidth=0
		   }
		  [Right]
		   {
		   Spacing=1000
		   Line=False
		   }
		  [Bottom]
		   {
		   Spacing=500
		   Line=True
		   [Line]
			{
			Color=LL.Color.Black
			LineType=5
			}
		   LineWidth=400
		   }
		  }
		 [Font]
		  {
		  Default=False
		  FaceName="Calibri"
		  GdiCharSet=0
		  Size=10.0
		  Width=0
		  Bold=False
		  Italic=False
		  Underline=False
		  Strikeout=False
		  Color=LL.Color.Black
		  PitchAndFamily=34
		  OutPrecision=3
		  }
		 Direction=0
		 BarWidth=0
		 [BarWidth]
		  {
		  Align=0
		  }
		 BarRatio=0
		 ExportAsPicture=False
		 DwgSaveAsJPEG=False
		 Condition=True
		 }
		[Column]
		 {
		 Identifier=
		 OutputFormatter=DOUBLE
		 [OutputFormatter.DOUBLE]
		  {
		  DecimalCharType=-2
		  ThousandsCharType=-2
		  NegativeFormatType=-2
		  Decimals=2
		  EmptyIfBool=False
		  LeadingZero=True
		  ExponentialFormat=0
		  Units=
		  RemoveTrailingZeroes=False
		  }
		 Text=Sum(Abrechnungen)
		 Width=30300
		 Height=10000
		 FixedHeight=0
		 bIsotropic=True
		 PlainTextFormat=True
		 Align=2
		 AlignDecPosition=-10000
		 VAlign=0
		 DrawingAlignment=0
		 Adjusted=False
		 LineWrap=1
		 ForceWrap=False
		 FlowControl=False
		 Spacing.Line=0
		 bFill=LL.Scheme.BackgroundFillMode
		 Raster=1
		 BkColor=RGB(181,222,138)
		 FgColor=LL.Color.Black
		 SpaceOptimization=True
		 Link.URL=
		 WithText=False
		 [Frame]
		  {
		  Default=False
		  Layout=1
		  [Left]
		   {
		   Spacing=1000
		   Line=False
		   }
		  [Top]
		   {
		   Spacing=500
		   Line=True
		   [Line]
			{
			Color=LL.Color.Black
			LineType=0
			}
		   LineWidth=0
		   }
		  [Right]
		   {
		   Spacing=1000
		   Line=False
		   }
		  [Bottom]
		   {
		   Spacing=500
		   Line=True
		   [Line]
			{
			Color=LL.Color.Black
			LineType=5
			}
		   LineWidth=400
		   }
		  }
		 [Font]
		  {
		  Default=False
		  FaceName="Calibri"
		  GdiCharSet=0
		  Size=10.0
		  Width=0
		  Bold=False
		  Italic=False
		  Underline=False
		  Strikeout=False
		  Color=LL.Color.Black
		  PitchAndFamily=34
		  OutPrecision=3
		  }
		 Direction=0
		 BarWidth=0
		 [BarWidth]
		  {
		  Align=0
		  }
		 BarRatio=0
		 ExportAsPicture=False
		 DwgSaveAsJPEG=False
		 Condition=True
		 }
		[Column]
		 {
		 Identifier=
		 OutputFormatter=DOUBLE
		 [OutputFormatter.DOUBLE]
		  {
		  DecimalCharType=-2
		  ThousandsCharType=-2
		  NegativeFormatType=-2
		  Decimals=2
		  EmptyIfBool=False
		  LeadingZero=True
		  ExponentialFormat=0
		  Units=
		  RemoveTrailingZeroes=False
		  }
		 Text=Sum(Kosten)
		 Width=20100
		 Height=10000
		 FixedHeight=0
		 bIsotropic=True
		 PlainTextFormat=True
		 Align=2
		 AlignDecPosition=-10000
		 VAlign=0
		 DrawingAlignment=0
		 Adjusted=False
		 LineWrap=1
		 ForceWrap=False
		 FlowControl=False
		 Spacing.Line=0
		 bFill=LL.Scheme.BackgroundFillMode
		 Raster=1
		 BkColor=RGB(181,222,138)
		 FgColor=LL.Color.Black
		 SpaceOptimization=True
		 Link.URL=
		 WithText=False
		 [Frame]
		  {
		  Default=False
		  Layout=1
		  [Left]
		   {
		   Spacing=1000
		   Line=False
		   }
		  [Top]
		   {
		   Spacing=500
		   Line=True
		   [Line]
			{
			Color=LL.Color.Black
			LineType=0
			}
		   LineWidth=0
		   }
		  [Right]
		   {
		   Spacing=1000
		   Line=False
		   }
		  [Bottom]
		   {
		   Spacing=500
		   Line=True
		   [Line]
			{
			Color=LL.Color.Black
			LineType=5
			}
		   LineWidth=400
		   }
		  }
		 [Font]
		  {
		  Default=False
		  FaceName="Calibri"
		  GdiCharSet=0
		  Size=10.0
		  Width=0
		  Bold=False
		  Italic=False
		  Underline=False
		  Strikeout=False
		  Color=LL.Color.Black
		  PitchAndFamily=34
		  OutPrecision=3
		  }
		 Direction=0
		 BarWidth=0
		 [BarWidth]
		  {
		  Align=0
		  }
		 BarRatio=0
		 ExportAsPicture=False
		 DwgSaveAsJPEG=False
		 Condition=True
		 }
		[Column]
		 {
		 Identifier=
		 OutputFormatter=DOUBLE
		 [OutputFormatter.DOUBLE]
		  {
		  DecimalCharType=-2
		  ThousandsCharType=-2
		  NegativeFormatType=-2
		  Decimals=2
		  EmptyIfBool=False
		  LeadingZero=True
		  ExponentialFormat=0
		  Units=
		  RemoveTrailingZeroes=False
		  }
		 Text=Sum(Ausbuchungen)
		 Width=23600
		 Height=10000
		 FixedHeight=0
		 bIsotropic=True
		 PlainTextFormat=True
		 Align=2
		 AlignDecPosition=-10000
		 VAlign=0
		 DrawingAlignment=0
		 Adjusted=False
		 LineWrap=1
		 ForceWrap=False
		 FlowControl=False
		 Spacing.Line=0
		 bFill=LL.Scheme.BackgroundFillMode
		 Raster=1
		 BkColor=RGB(181,222,138)
		 FgColor=LL.Color.Black
		 SpaceOptimization=True
		 Link.URL=
		 WithText=False
		 [Frame]
		  {
		  Default=False
		  Layout=1
		  [Left]
		   {
		   Spacing=1000
		   Line=False
		   }
		  [Top]
		   {
		   Spacing=500
		   Line=True
		   [Line]
			{
			Color=LL.Color.Black
			LineType=0
			}
		   LineWidth=0
		   }
		  [Right]
		   {
		   Spacing=1000
		   Line=False
		   }
		  [Bottom]
		   {
		   Spacing=500
		   Line=True
		   [Line]
			{
			Color=LL.Color.Black
			LineType=5
			}
		   LineWidth=400
		   }
		  }
		 [Font]
		  {
		  Default=False
		  FaceName="Calibri"
		  GdiCharSet=0
		  Size=10.0
		  Width=0
		  Bold=False
		  Italic=False
		  Underline=False
		  Strikeout=False
		  Color=LL.Color.Black
		  PitchAndFamily=34
		  OutPrecision=3
		  }
		 Direction=0
		 BarWidth=0
		 [BarWidth]
		  {
		  Align=0
		  }
		 BarRatio=0
		 ExportAsPicture=False
		 DwgSaveAsJPEG=False
		 Condition=True
		 }
		[Column]
		 {
		 Identifier=
		 OutputFormatter=DOUBLE
		 [OutputFormatter.DOUBLE]
		  {
		  DecimalCharType=-2
		  ThousandsCharType=-2
		  NegativeFormatType=-2
		  Decimals=2
		  EmptyIfBool=False
		  LeadingZero=True
		  ExponentialFormat=0
		  Units=
		  RemoveTrailingZeroes=False
		  }
		 Text=Sum(Vorschuss)
		 Width=24500
		 Height=10000
		 FixedHeight=0
		 bIsotropic=True
		 PlainTextFormat=True
		 Align=2
		 AlignDecPosition=-10000
		 VAlign=0
		 DrawingAlignment=0
		 Adjusted=False
		 LineWrap=1
		 ForceWrap=False
		 FlowControl=False
		 Spacing.Line=0
		 bFill=LL.Scheme.BackgroundFillMode
		 Raster=1
		 BkColor=RGB(181,222,138)
		 FgColor=LL.Color.Black
		 SpaceOptimization=True
		 Link.URL=
		 WithText=False
		 [Frame]
		  {
		  Default=False
		  Layout=1
		  [Left]
		   {
		   Spacing=1000
		   Line=False
		   }
		  [Top]
		   {
		   Spacing=500
		   Line=True
		   [Line]
			{
			Color=LL.Color.Black
			LineType=0
			}
		   LineWidth=0
		   }
		  [Right]
		   {
		   Spacing=1000
		   Line=False
		   }
		  [Bottom]
		   {
		   Spacing=500
		   Line=True
		   [Line]
			{
			Color=LL.Color.Black
			LineType=5
			}
		   LineWidth=400
		   }
		  }
		 [Font]
		  {
		  Default=False
		  FaceName="Calibri"
		  GdiCharSet=0
		  Size=10.0
		  Width=0
		  Bold=False
		  Italic=False
		  Underline=False
		  Strikeout=False
		  Color=LL.Color.Black
		  PitchAndFamily=34
		  OutPrecision=3
		  }
		 Direction=0
		 BarWidth=0
		 [BarWidth]
		  {
		  Align=0
		  }
		 BarRatio=0
		 ExportAsPicture=False
		 DwgSaveAsJPEG=False
		 Condition=True
		 }
		[Column]
		 {
		 Identifier=
		 OutputFormatter=DOUBLE
		 [OutputFormatter.DOUBLE]
		  {
		  DecimalCharType=-2
		  ThousandsCharType=-2
		  NegativeFormatType=-2
		  Decimals=2
		  EmptyIfBool=False
		  LeadingZero=True
		  ExponentialFormat=0
		  Units=
		  RemoveTrailingZeroes=False
		  }
		 Text=Sum(Gesamt)
		 Width=25600
		 Height=10000
		 FixedHeight=0
		 bIsotropic=True
		 PlainTextFormat=True
		 Align=2
		 AlignDecPosition=-10000
		 VAlign=0
		 DrawingAlignment=0
		 Adjusted=False
		 LineWrap=1
		 ForceWrap=False
		 FlowControl=False
		 Spacing.Line=0
		 bFill=LL.Scheme.BackgroundFillMode
		 Raster=1
		 BkColor=RGB(181,222,138)
		 FgColor=LL.Color.Black
		 SpaceOptimization=True
		 Link.URL=
		 WithText=False
		 [Frame]
		  {
		  Default=False
		  Layout=1
		  [Left]
		   {
		   Spacing=1000
		   Line=False
		   }
		  [Top]
		   {
		   Spacing=500
		   Line=True
		   [Line]
			{
			Color=LL.Color.Black
			LineType=0
			}
		   LineWidth=0
		   }
		  [Right]
		   {
		   Spacing=1000
		   Line=False
		   }
		  [Bottom]
		   {
		   Spacing=500
		   Line=True
		   [Line]
			{
			Color=LL.Color.Black
			LineType=5
			}
		   LineWidth=400
		   }
		  }
		 [Font]
		  {
		  Default=False
		  FaceName="Calibri"
		  GdiCharSet=0
		  Size=10.0
		  Width=0
		  Bold=False
		  Italic=False
		  Underline=False
		  Strikeout=False
		  Color=LL.Color.Black
		  PitchAndFamily=34
		  OutPrecision=3
		  }
		 Direction=0
		 BarWidth=0
		 [BarWidth]
		  {
		  Align=0
		  }
		 BarRatio=0
		 ExportAsPicture=False
		 DwgSaveAsJPEG=False
		 Condition=True
		 }
		[Column]
		 {
		 Identifier=
		 OutputFormatter=DOUBLE
		 [OutputFormatter.DOUBLE]
		  {
		  DecimalCharType=-2
		  ThousandsCharType=-2
		  NegativeFormatType=-2
		  Decimals=2
		  EmptyIfBool=False
		  LeadingZero=True
		  ExponentialFormat=0
		  Units=
		  RemoveTrailingZeroes=False
		  }
		 Text=Sum(Bezahlt)
		 Width=25000
		 Height=10000
		 FixedHeight=0
		 bIsotropic=True
		 PlainTextFormat=True
		 Align=2
		 AlignDecPosition=-10000
		 VAlign=0
		 DrawingAlignment=0
		 Adjusted=False
		 LineWrap=1
		 ForceWrap=False
		 FlowControl=False
		 Spacing.Line=0
		 bFill=LL.Scheme.BackgroundFillMode
		 Raster=1
		 BkColor=RGB(181,222,138)
		 FgColor=LL.Color.Black
		 SpaceOptimization=True
		 Link.URL=
		 WithText=False
		 [Frame]
		  {
		  Default=False
		  Layout=1
		  [Left]
		   {
		   Spacing=1000
		   Line=False
		   }
		  [Top]
		   {
		   Spacing=500
		   Line=True
		   [Line]
			{
			Color=LL.Color.Black
			LineType=0
			}
		   LineWidth=0
		   }
		  [Right]
		   {
		   Spacing=1000
		   Line=False
		   }
		  [Bottom]
		   {
		   Spacing=500
		   Line=True
		   [Line]
			{
			Color=LL.Color.Black
			LineType=5
			}
		   LineWidth=400
		   }
		  }
		 [Font]
		  {
		  Default=False
		  FaceName="Calibri"
		  GdiCharSet=0
		  Size=10.0
		  Width=0
		  Bold=False
		  Italic=False
		  Underline=False
		  Strikeout=False
		  Color=LL.Color.Black
		  PitchAndFamily=34
		  OutPrecision=3
		  }
		 Direction=0
		 BarWidth=0
		 [BarWidth]
		  {
		  Align=0
		  }
		 BarRatio=0
		 ExportAsPicture=False
		 DwgSaveAsJPEG=False
		 Condition=True
		 }
		[Column]
		 {
		 Identifier=
		 OutputFormatter=DOUBLE
		 [OutputFormatter.DOUBLE]
		  {
		  DecimalCharType=-2
		  ThousandsCharType=-2
		  NegativeFormatType=-2
		  Decimals=2
		  EmptyIfBool=False
		  LeadingZero=True
		  ExponentialFormat=0
		  Units=
		  RemoveTrailingZeroes=False
		  }
		 Text=Sum(Bezahlt) - Sum(Gesamt)
		 Width=22700
		 Height=10000
		 FixedHeight=0
		 bIsotropic=True
		 PlainTextFormat=True
		 Align=2
		 AlignDecPosition=-10000
		 VAlign=0
		 DrawingAlignment=0
		 Adjusted=False
		 LineWrap=1
		 ForceWrap=False
		 FlowControl=False
		 Spacing.Line=0
		 bFill=LL.Scheme.BackgroundFillMode
		 Raster=1
		 BkColor=RGB(181,222,138)
		 FgColor=LL.Color.Black
		 SpaceOptimization=True
		 Link.URL=
		 WithText=False
		 [Frame]
		  {
		  Default=False
		  Layout=1
		  [Left]
		   {
		   Spacing=1000
		   Line=False
		   }
		  [Top]
		   {
		   Spacing=500
		   Line=True
		   [Line]
			{
			Color=LL.Color.Black
			LineType=0
			}
		   LineWidth=0
		   }
		  [Right]
		   {
		   Spacing=1000
		   Line=False
		   }
		  [Bottom]
		   {
		   Spacing=500
		   Line=True
		   [Line]
			{
			Color=LL.Color.Black
			LineType=5
			}
		   LineWidth=400
		   }
		  }
		 [Font]
		  {
		  Default=False
		  FaceName="Calibri"
		  GdiCharSet=0
		  Size=10.0
		  Width=0
		  Bold=False
		  Italic=False
		  Underline=False
		  Strikeout=False
		  Color=LL.Color.Black
		  PitchAndFamily=34
		  OutPrecision=3
		  }
		 Direction=0
		 BarWidth=0
		 [BarWidth]
		  {
		  Align=0
		  }
		 BarRatio=0
		 ExportAsPicture=False
		 DwgSaveAsJPEG=False
		 Condition=True
		 }
		[Column]
		 {
		 Identifier=
		 OutputFormatter=DOUBLE
		 [OutputFormatter.DOUBLE]
		  {
		  DecimalCharType=-2
		  ThousandsCharType=-2
		  NegativeFormatType=-2
		  Decimals=1
		  EmptyIfBool=False
		  LeadingZero=True
		  ExponentialFormat=0
		  Units=
		  RemoveTrailingZeroes=False
		  }
		 Text=Sum(Bezahlt) / Sum(Abrechnungen + Kosten) * 100
		 Width=18100
		 Height=10000
		 FixedHeight=0
		 bIsotropic=True
		 PlainTextFormat=True
		 Align=2
		 AlignDecPosition=-10000
		 VAlign=0
		 DrawingAlignment=0
		 Adjusted=False
		 LineWrap=1
		 ForceWrap=False
		 FlowControl=False
		 Spacing.Line=0
		 bFill=LL.Scheme.BackgroundFillMode
		 Raster=1
		 BkColor=RGB(181,222,138)
		 FgColor=LL.Color.Black
		 SpaceOptimization=True
		 Link.URL=
		 WithText=False
		 [Frame]
		  {
		  Default=False
		  Layout=1
		  [Left]
		   {
		   Spacing=1000
		   Line=False
		   }
		  [Top]
		   {
		   Spacing=500
		   Line=True
		   [Line]
			{
			Color=LL.Color.Black
			LineType=0
			}
		   LineWidth=0
		   }
		  [Right]
		   {
		   Spacing=1000
		   Line=False
		   }
		  [Bottom]
		   {
		   Spacing=500
		   Line=True
		   [Line]
			{
			Color=LL.Color.Black
			LineType=5
			}
		   LineWidth=400
		   }
		  }
		 [Font]
		  {
		  Default=False
		  FaceName="Calibri"
		  GdiCharSet=0
		  Size=10.0
		  Width=0
		  Bold=False
		  Italic=False
		  Underline=False
		  Strikeout=False
		  Color=LL.Color.Black
		  PitchAndFamily=34
		  OutPrecision=3
		  }
		 Direction=0
		 BarWidth=0
		 [BarWidth]
		  {
		  Align=0
		  }
		 BarRatio=0
		 ExportAsPicture=False
		 DwgSaveAsJPEG=False
		 Condition=True
		 }
		[Column]
		 {
		 Identifier=
		 OutputFormatter=DOUBLE
		 [OutputFormatter.DOUBLE]
		  {
		  DecimalCharType=-2
		  ThousandsCharType=-2
		  NegativeFormatType=-2
		  Decimals=1
		  EmptyIfBool=False
		  LeadingZero=True
		  ExponentialFormat=0
		  Units=
		  RemoveTrailingZeroes=False
		  }
		 Text=Sum(Vorschuss) / Sum(Abrechnungen - Ausbuchungen) * 100
		 Width=18900
		 Height=10000
		 FixedHeight=0
		 bIsotropic=True
		 PlainTextFormat=True
		 Align=2
		 AlignDecPosition=-10000
		 VAlign=0
		 DrawingAlignment=0
		 Adjusted=False
		 LineWrap=1
		 ForceWrap=False
		 FlowControl=False
		 Spacing.Line=0
		 bFill=LL.Scheme.BackgroundFillMode
		 Raster=1
		 BkColor=RGB(181,222,138)
		 FgColor=LL.Color.Black
		 SpaceOptimization=True
		 Link.URL=
		 WithText=False
		 [Frame]
		  {
		  Default=False
		  Layout=1
		  [Left]
		   {
		   Spacing=1000
		   Line=False
		   }
		  [Top]
		   {
		   Spacing=500
		   Line=True
		   [Line]
			{
			Color=LL.Color.Black
			LineType=0
			}
		   LineWidth=0
		   }
		  [Right]
		   {
		   Spacing=1000
		   Line=False
		   }
		  [Bottom]
		   {
		   Spacing=500
		   Line=True
		   [Line]
			{
			Color=LL.Color.Black
			LineType=5
			}
		   LineWidth=400
		   }
		  }
		 [Font]
		  {
		  Default=False
		  FaceName="Calibri"
		  GdiCharSet=0
		  Size=10.0
		  Width=0
		  Bold=False
		  Italic=False
		  Underline=False
		  Strikeout=False
		  Color=LL.Color.Black
		  PitchAndFamily=34
		  OutPrecision=3
		  }
		 Direction=0
		 BarWidth=0
		 [BarWidth]
		  {
		  Align=0
		  }
		 BarRatio=0
		 ExportAsPicture=False
		 DwgSaveAsJPEG=False
		 Condition=True
		 }
		[Column]
		 {
		 Identifier=
		 OutputFormatter=DOUBLE
		 [OutputFormatter.DOUBLE]
		  {
		  DecimalCharType=-2
		  ThousandsCharType=-2
		  NegativeFormatType=-2
		  Decimals=2
		  EmptyIfBool=False
		  LeadingZero=True
		  ExponentialFormat=0
		  Units=
		  RemoveTrailingZeroes=False
		  }
		 Text=Sum(Abrechnungen - Ausbuchungen) * VorschussProz / 100
		 Width=26700
		 Height=10000
		 FixedHeight=0
		 bIsotropic=True
		 PlainTextFormat=True
		 Align=2
		 AlignDecPosition=-10000
		 VAlign=0
		 DrawingAlignment=0
		 Adjusted=False
		 LineWrap=1
		 ForceWrap=False
		 FlowControl=False
		 Spacing.Line=0
		 bFill=LL.Scheme.BackgroundFillMode
		 Raster=1
		 BkColor=RGB(181,222,138)
		 FgColor=LL.Color.Black
		 SpaceOptimization=True
		 Link.URL=
		 WithText=False
		 [Frame]
		  {
		  Default=False
		  Layout=1
		  [Left]
		   {
		   Spacing=1000
		   Line=False
		   }
		  [Top]
		   {
		   Spacing=500
		   Line=True
		   [Line]
			{
			Color=LL.Color.Black
			LineType=0
			}
		   LineWidth=0
		   }
		  [Right]
		   {
		   Spacing=1000
		   Line=False
		   }
		  [Bottom]
		   {
		   Spacing=500
		   Line=True
		   [Line]
			{
			Color=LL.Color.Black
			LineType=5
			}
		   LineWidth=400
		   }
		  }
		 [Font]
		  {
		  Default=False
		  FaceName="Calibri"
		  GdiCharSet=0
		  Size=10.0
		  Width=0
		  Bold=False
		  Italic=False
		  Underline=False
		  Strikeout=False
		  Color=LL.Color.Black
		  PitchAndFamily=34
		  OutPrecision=3
		  }
		 Direction=0
		 BarWidth=0
		 [BarWidth]
		  {
		  Align=0
		  }
		 BarRatio=0
		 ExportAsPicture=False
		 DwgSaveAsJPEG=False
		 Condition=True
		 }
		[Column]
		 {
		 Identifier=
		 OutputFormatter=DOUBLE
		 [OutputFormatter.DOUBLE]
		  {
		  DecimalCharType=-2
		  ThousandsCharType=-2
		  NegativeFormatType=-2
		  Decimals=1
		  EmptyIfBool=False
		  LeadingZero=True
		  ExponentialFormat=0
		  Units=
		  RemoveTrailingZeroes=False
		  }
		 Text=(Sum(Abrechnungen - Ausbuchungen) * VorschussProz / 100) / Sum(Abrechnungen) * 100
		 Width=21700
		 Height=10000
		 FixedHeight=0
		 bIsotropic=True
		 PlainTextFormat=True
		 Align=2
		 AlignDecPosition=-10000
		 VAlign=0
		 DrawingAlignment=0
		 Adjusted=False
		 LineWrap=1
		 ForceWrap=False
		 FlowControl=False
		 Spacing.Line=0
		 bFill=LL.Scheme.BackgroundFillMode
		 Raster=1
		 BkColor=RGB(181,222,138)
		 FgColor=LL.Color.Black
		 SpaceOptimization=True
		 Link.URL=
		 WithText=False
		 [Frame]
		  {
		  Default=False
		  Layout=1
		  [Left]
		   {
		   Spacing=1000
		   Line=False
		   }
		  [Top]
		   {
		   Spacing=500
		   Line=True
		   [Line]
			{
			Color=LL.Color.Black
			LineType=0
			}
		   LineWidth=0
		   }
		  [Right]
		   {
		   Spacing=1000
		   Line=False
		   }
		  [Bottom]
		   {
		   Spacing=500
		   Line=True
		   [Line]
			{
			Color=LL.Color.Black
			LineType=5
			}
		   LineWidth=400
		   }
		  }
		 [Font]
		  {
		  Default=False
		  FaceName="Calibri"
		  GdiCharSet=0
		  Size=10.0
		  Width=0
		  Bold=False
		  Italic=False
		  Underline=False
		  Strikeout=False
		  Color=LL.Color.Black
		  PitchAndFamily=34
		  OutPrecision=3
		  }
		 Direction=0
		 BarWidth=0
		 [BarWidth]
		  {
		  Align=0
		  }
		 BarRatio=0
		 ExportAsPicture=False
		 DwgSaveAsJPEG=False
		 Condition=True
		 }
		}
	   [Options]
		{
		Description=
		[LFont]
		 {
		 Default=True
		 }
		DisplayInDesigner=True
		PDFLevel=0
		PDFText=
		IndexPDFLevel=0
		IndexPDFText=
		[ReservedSpace]
		 {
		 Left=0
		 Top=0
		 Right=0
		 Bottom=0
		 }
		LCondition=Lastpage()
		Anchor=0
		Anchor.ToTop=True
		}
	   }
	  [Line]
	   {
	   [Columns]
		{
		[Column]
		 {
		 Identifier=Geb
		 OutputFormatter=
		 Width=271300
		 Height=100000
		 FixedHeight=0
		 bIsotropic=True
		 PlainTextFormat=True
		 Align=0
		 AlignDecPosition=-10000
		 VAlign=0
		 DrawingAlignment=8
		 Adjusted=False
		 LineWrap=1
		 ForceWrap=False
		 FlowControl=False
		 Spacing.Line=0
		 bFill=0
		 FgColor=LL.Color.Black
		 SpaceOptimization=True
		 Link.URL=
		 WithText=False
		 [Frame]
		  {
		  Default=True
		  Layout=1
		  [Left]
		   {
		   Spacing=1000
		   Line=True
		   [Line]
			{
			Color=LL.Color.Black
			LineType=0
			}
		   LineWidth=0
		   }
		  [Top]
		   {
		   Spacing=500
		   Line=True
		   [Line]
			{
			Color=LL.Color.Black
			LineType=0
			}
		   LineWidth=0
		   }
		  [Right]
		   {
		   Spacing=1000
		   Line=True
		   [Line]
			{
			Color=LL.Color.Black
			LineType=0
			}
		   LineWidth=0
		   }
		  [Bottom]
		   {
		   Spacing=500
		   Line=True
		   [Line]
			{
			Color=LL.Color.Black
			LineType=0
			}
		   LineWidth=0
		   }
		  }
		 [Font]
		  {
		  Default=True
		  }
		 Direction=0
		 BarWidth=0
		 [BarWidth]
		  {
		  Align=0
		  }
		 BarRatio=0
		 ExportAsPicture=False
		 DwgSaveAsJPEG=False
		 Condition=True
		 LLXType=LLCHART
		 [LLXObject]
		  {
		  [Engine]
		   {
		   bFill=0
		   HasAlternatezAxis=False
		   zAxisSecondaryAssignment=1
		   LinearAxis=True
		   UseLightEffect=True
		   FrameColor=RGB(180,180,180)
		   [AdditionalProperties]
			{
			Type=2
			DataMode=0
			VisMode=0
			Flags=344064
			}
		   [yAxis]
			{
			FormulaValue=Datum
			FormulaFilter=True
			SamplesForDesigner=10
			AutoSort=True
			RoundLimits=True
			FormulaCoord=LL.ChartObject.AxisCoordinate
			[FormulaCoord.Font]
			 {
			 Default=True
			 }
			FormulaCoord.RotationAngle=0
			FormulaCoord.FixedSize=False
			FormulaCoord.OutputFormatter=DOUBLE
			[FormulaCoord.OutputFormatter.DOUBLE]
			 {
			 DecimalCharType=-1
			 ThousandsCharType=0
			 NegativeFormatType=-1
			 Decimals=0
			 EmptyIfBool=False
			 LeadingZero=True
			 ExponentialFormat=0
			 Units=
			 RemoveTrailingZeroes=False
			 }
			FormulaLabel="Monat"
			[FormulaLabel.Font]
			 {
			 Default=True
			 }
			FormulaLabel.RotationAngle=0
			FormulaLabel.OutputFormatter=DATE
			[FormulaLabel.OutputFormatter.DATE]
			 {
			 DateFormatString=%m.%y
			 DateFormatType=0
			 }
			CoordTextPlacement=4
			CoordTextPlacement.Equidistant=False
			[CoordTextPlacement.bFrame]
			 {
			 Layout=0
			 [Left]
			  {
			  Spacing=0
			  Line=True
			  [Line]
			   {
			   Color=LL.Color.Black
			   LineType=0
			   }
			  LineWidth=0
			  }
			 [Top]
			  {
			  Spacing=0
			  Line=True
			  [Line]
			   {
			   Color=LL.Color.Black
			   LineType=0
			   }
			  LineWidth=0
			  }
			 [Right]
			  {
			  Spacing=0
			  Line=True
			  [Line]
			   {
			   Color=LL.Color.Black
			   LineType=0
			   }
			  LineWidth=0
			  }
			 [Bottom]
			  {
			  Spacing=0
			  Line=True
			  [Line]
			   {
			   Color=LL.Color.Black
			   LineType=0
			   }
			  LineWidth=0
			  }
			 }
			TickmarkColor=RGB(180,180,180)
			}
		   [zAxis0]
			{
			FormulaMin=True
			[FormulaMin]
			 {
			 Value=0
			 }
			FormulaMax=True
			[FormulaMax]
			 {
			 Value=1.0
			 }
			FormulaValue=Sum((Abrechnungen - Ausbuchungen) * VorschussProz / 100 / Abrechnungen * 100)
			FormulaCoordOnObjects=0
			[FormulaCoordOnObjects]
			 {
			 [Font]
			  {
			  Default=True
			  }
			 OutputFormatter=
			 Formula=LL.ChartObject.AxisCoordinate
			 [Filling]
			  {
			  bShow=0
			  }
			 RotationAngle=0
			 }
			AutoTickmarks=True
			[AutoTickmarks]
			 {
			 Value=1.0
			 }
			CountOfIntermediateTicks=0
			Visual=5
			CoordGridLines=True
			[CoordGridLines]
			 {
			 Color=LL.Color.Black
			 }
			CoordGridZebraPattern=1
			[ZebraPattern]
			 {
			 Pattern=1
			 Color=LL.Color.WhiteSmoke
			 }
			BarWidthPercentage=40
			Distortion=0
			FormulaCoord=LL.ChartObject.AxisCoordinate
			[FormulaCoord.Font]
			 {
			 Default=True
			 }
			FormulaCoord.RotationAngle=0
			FormulaCoord.FixedSize=False
			FormulaCoord.OutputFormatter=DOUBLE
			[FormulaCoord.OutputFormatter.DOUBLE]
			 {
			 DecimalCharType=-1
			 ThousandsCharType=-1
			 NegativeFormatType=-1
			 Decimals=0
			 EmptyIfBool=False
			 LeadingZero=True
			 ExponentialFormat=0
			 Units=
			 RemoveTrailingZeroes=False
			 }
			FormulaLabel="Vorschuß % auf Rech - Ausb"
			[FormulaLabel.Font]
			 {
			 Default=True
			 }
			FormulaLabel.RotationAngle=90.0
			FormulaLabel.OutputFormatter=
			CoordTextPlacement=1
			CoordTextPlacement.Equidistant=False
			[CoordTextPlacement.bFrame]
			 {
			 Layout=0
			 [Left]
			  {
			  Spacing=0
			  Line=True
			  [Line]
			   {
			   Color=LL.Color.Black
			   LineType=0
			   }
			  LineWidth=0
			  }
			 [Top]
			  {
			  Spacing=0
			  Line=True
			  [Line]
			   {
			   Color=LL.Color.Black
			   LineType=0
			   }
			  LineWidth=0
			  }
			 [Right]
			  {
			  Spacing=0
			  Line=True
			  [Line]
			   {
			   Color=LL.Color.Black
			   LineType=0
			   }
			  LineWidth=0
			  }
			 [Bottom]
			  {
			  Spacing=0
			  Line=True
			  [Line]
			   {
			   Color=LL.Color.Black
			   LineType=0
			   }
			  LineWidth=0
			  }
			 }
			TickmarkColor=RGB(180,180,180)
			}
		   }
		  [AssignedColors]
		   {
		   }
		  TitleFormula=''
		  [TitleFormula.Font]
		   {
		   Default=True
		   }
		  TitleFormula.OutputFormatter=
		  TitlePosition=0
		  Background=True
		  [Background]
		   {
		   [Filling]
			{
			bShow=LL.Scheme.BackgroundFillMode
			Raster=1
			Color=LL.Scheme.BackgroundColor0
			}
		   [Frame]
			{
			bShow=1
			Color=LL.Color.Black
			Width=0
			}
		   [Shadow]
			{
			bShow=0
			}
		   Rounding=0
		   }
		  Colors\Color0=LL.Scheme.Color0
		  Colors\Color1=LL.Scheme.Color1
		  Colors\Color2=LL.Scheme.Color2
		  Colors\Color3=LL.Scheme.Color3
		  Colors\Color4=LL.Scheme.Color4
		  Colors\Color5=LL.Scheme.Color5
		  Colors\Color6=LL.Scheme.Color6
		  Colors\Color7=LL.Scheme.Color7
		  Colors\Color8=LL.Scheme.Color8
		  Colors\Color9=LL.Scheme.Color9
		  EnhancedColorContrast=False
		  Version=2
		  }
		 }
		}
	   [Options]
		{
		Description=Grafik
		[LFont]
		 {
		 Default=True
		 }
		DisplayInDesigner=True
		PDFLevel=0
		PDFText=
		IndexPDFLevel=0
		IndexPDFText=
		[ReservedSpace]
		 {
		 Left=0
		 Top=0
		 Right=0
		 Bottom=0
		 }
		LCondition=LastPage()
		Anchor=0
		Anchor.ToTop=True
		}
	   }
	  }
	 [Options]
	  {
	  }
	 }
	[GroupHeader]
	 {
	 [Lines]
	  {
	  [Line]
	   {
	   [Columns]
		{
		}
	   [Options]
		{
		Description=
		[LFont]
		 {
		 Default=True
		 }
		DisplayInDesigner=True
		PDFLevel=1
		PDFText=
		IndexPDFLevel=0
		IndexPDFText=
		[ReservedSpace]
		 {
		 Left=0
		 Top=1000
		 Right=0
		 Bottom=0
		 }
		LCondition=True
		Anchor=0
		Anchor.ToTop=True
		GroupCondition=
		ResetSums=
		OnNewPage=False
		PrintRightAfterHeader=False
		}
	   }
	  }
	 [Options]
	  {
	  }
	 }
	[GroupFooter]
	 {
	 [Lines]
	  {
	  [Line]
	   {
	   [Columns]
		{
		[Column]
		 {
		 Identifier=
		 OutputFormatter=GENERIC
		 Text=Year$(Datum)
		 Width=14400
		 Height=10000
		 FixedHeight=0
		 bIsotropic=True
		 PlainTextFormat=True
		 Align=0
		 AlignDecPosition=-10000
		 VAlign=0
		 DrawingAlignment=0
		 Adjusted=False
		 LineWrap=1
		 ForceWrap=False
		 FlowControl=False
		 Spacing.Line=0
		 bFill=LL.Scheme.BackgroundFillMode
		 Raster=1
		 BkColor=RGB(156,191,119)
		 FgColor=LL.Color.Black
		 SpaceOptimization=True
		 Link.URL=
		 WithText=False
		 [Frame]
		  {
		  Default=False
		  Layout=1
		  [Left]
		   {
		   Spacing=1000
		   Line=False
		   }
		  [Top]
		   {
		   Spacing=500
		   Line=True
		   [Line]
			{
			Color=LL.Color.Black
			LineType=0
			}
		   LineWidth=100
		   }
		  [Right]
		   {
		   Spacing=1000
		   Line=False
		   }
		  [Bottom]
		   {
		   Spacing=500
		   Line=True
		   [Line]
			{
			Color=LL.Color.Black
			LineType=0
			}
		   LineWidth=100
		   }
		  }
		 [Font]
		  {
		  Default=False
		  FaceName="Calibri"
		  GdiCharSet=0
		  Size=10.0
		  Width=0
		  Bold=False
		  Italic=False
		  Underline=False
		  Strikeout=False
		  Color=LL.Color.Black
		  PitchAndFamily=34
		  OutPrecision=3
		  }
		 Direction=0
		 BarWidth=0
		 [BarWidth]
		  {
		  Align=0
		  }
		 BarRatio=0
		 ExportAsPicture=False
		 DwgSaveAsJPEG=False
		 Condition=True
		 }
		[Column]
		 {
		 Identifier=
		 OutputFormatter=DOUBLE
		 [OutputFormatter.DOUBLE]
		  {
		  DecimalCharType=-2
		  ThousandsCharType=-2
		  NegativeFormatType=-2
		  Decimals=2
		  EmptyIfBool=False
		  LeadingZero=True
		  ExponentialFormat=0
		  Units=
		  RemoveTrailingZeroes=False
		  }
		 Text=Sum(Abrechnungen)
		 Width=30300
		 Height=10000
		 FixedHeight=0
		 bIsotropic=True
		 PlainTextFormat=True
		 Align=2
		 AlignDecPosition=-10000
		 VAlign=0
		 DrawingAlignment=0
		 Adjusted=False
		 LineWrap=1
		 ForceWrap=False
		 FlowControl=False
		 Spacing.Line=0
		 bFill=LL.Scheme.BackgroundFillMode
		 Raster=1
		 BkColor=RGB(156,191,119)
		 FgColor=LL.Color.Black
		 SpaceOptimization=True
		 Link.URL=
		 WithText=False
		 [Frame]
		  {
		  Default=False
		  Layout=1
		  [Left]
		   {
		   Spacing=1000
		   Line=False
		   }
		  [Top]
		   {
		   Spacing=500
		   Line=True
		   [Line]
			{
			Color=LL.Color.Black
			LineType=0
			}
		   LineWidth=100
		   }
		  [Right]
		   {
		   Spacing=1000
		   Line=False
		   }
		  [Bottom]
		   {
		   Spacing=500
		   Line=True
		   [Line]
			{
			Color=LL.Color.Black
			LineType=0
			}
		   LineWidth=100
		   }
		  }
		 [Font]
		  {
		  Default=False
		  FaceName="Calibri"
		  GdiCharSet=0
		  Size=10.0
		  Width=0
		  Bold=False
		  Italic=False
		  Underline=False
		  Strikeout=False
		  Color=LL.Color.Black
		  PitchAndFamily=34
		  OutPrecision=3
		  }
		 Direction=0
		 BarWidth=0
		 [BarWidth]
		  {
		  Align=0
		  }
		 BarRatio=0
		 ExportAsPicture=False
		 DwgSaveAsJPEG=False
		 Condition=True
		 }
		[Column]
		 {
		 Identifier=
		 OutputFormatter=DOUBLE
		 [OutputFormatter.DOUBLE]
		  {
		  DecimalCharType=-2
		  ThousandsCharType=-2
		  NegativeFormatType=-2
		  Decimals=2
		  EmptyIfBool=False
		  LeadingZero=True
		  ExponentialFormat=0
		  Units=
		  RemoveTrailingZeroes=False
		  }
		 Text=Sum(Kosten)
		 Width=20100
		 Height=10000
		 FixedHeight=0
		 bIsotropic=True
		 PlainTextFormat=True
		 Align=2
		 AlignDecPosition=-10000
		 VAlign=0
		 DrawingAlignment=0
		 Adjusted=False
		 LineWrap=1
		 ForceWrap=False
		 FlowControl=False
		 Spacing.Line=0
		 bFill=LL.Scheme.BackgroundFillMode
		 Raster=1
		 BkColor=RGB(156,191,119)
		 FgColor=LL.Color.Black
		 SpaceOptimization=True
		 Link.URL=
		 WithText=False
		 [Frame]
		  {
		  Default=False
		  Layout=1
		  [Left]
		   {
		   Spacing=1000
		   Line=False
		   }
		  [Top]
		   {
		   Spacing=500
		   Line=True
		   [Line]
			{
			Color=LL.Color.Black
			LineType=0
			}
		   LineWidth=100
		   }
		  [Right]
		   {
		   Spacing=1000
		   Line=False
		   }
		  [Bottom]
		   {
		   Spacing=500
		   Line=True
		   [Line]
			{
			Color=LL.Color.Black
			LineType=0
			}
		   LineWidth=100
		   }
		  }
		 [Font]
		  {
		  Default=False
		  FaceName="Calibri"
		  GdiCharSet=0
		  Size=10.0
		  Width=0
		  Bold=False
		  Italic=False
		  Underline=False
		  Strikeout=False
		  Color=LL.Color.Black
		  PitchAndFamily=34
		  OutPrecision=3
		  }
		 Direction=0
		 BarWidth=0
		 [BarWidth]
		  {
		  Align=0
		  }
		 BarRatio=0
		 ExportAsPicture=False
		 DwgSaveAsJPEG=False
		 Condition=True
		 }
		[Column]
		 {
		 Identifier=
		 OutputFormatter=DOUBLE
		 [OutputFormatter.DOUBLE]
		  {
		  DecimalCharType=-2
		  ThousandsCharType=-2
		  NegativeFormatType=-2
		  Decimals=2
		  EmptyIfBool=False
		  LeadingZero=True
		  ExponentialFormat=0
		  Units=
		  RemoveTrailingZeroes=False
		  }
		 Text=Sum(Ausbuchungen)
		 Width=23600
		 Height=10000
		 FixedHeight=0
		 bIsotropic=True
		 PlainTextFormat=True
		 Align=2
		 AlignDecPosition=-10000
		 VAlign=0
		 DrawingAlignment=0
		 Adjusted=False
		 LineWrap=1
		 ForceWrap=False
		 FlowControl=False
		 Spacing.Line=0
		 bFill=LL.Scheme.BackgroundFillMode
		 Raster=1
		 BkColor=RGB(156,191,119)
		 FgColor=LL.Color.Black
		 SpaceOptimization=True
		 Link.URL=
		 WithText=False
		 [Frame]
		  {
		  Default=False
		  Layout=1
		  [Left]
		   {
		   Spacing=1000
		   Line=False
		   }
		  [Top]
		   {
		   Spacing=500
		   Line=True
		   [Line]
			{
			Color=LL.Color.Black
			LineType=0
			}
		   LineWidth=100
		   }
		  [Right]
		   {
		   Spacing=1000
		   Line=False
		   }
		  [Bottom]
		   {
		   Spacing=500
		   Line=True
		   [Line]
			{
			Color=LL.Color.Black
			LineType=0
			}
		   LineWidth=100
		   }
		  }
		 [Font]
		  {
		  Default=False
		  FaceName="Calibri"
		  GdiCharSet=0
		  Size=10.0
		  Width=0
		  Bold=False
		  Italic=False
		  Underline=False
		  Strikeout=False
		  Color=LL.Color.Black
		  PitchAndFamily=34
		  OutPrecision=3
		  }
		 Direction=0
		 BarWidth=0
		 [BarWidth]
		  {
		  Align=0
		  }
		 BarRatio=0
		 ExportAsPicture=False
		 DwgSaveAsJPEG=False
		 Condition=True
		 }
		[Column]
		 {
		 Identifier=
		 OutputFormatter=DOUBLE
		 [OutputFormatter.DOUBLE]
		  {
		  DecimalCharType=-2
		  ThousandsCharType=-2
		  NegativeFormatType=-2
		  Decimals=2
		  EmptyIfBool=False
		  LeadingZero=True
		  ExponentialFormat=0
		  Units=
		  RemoveTrailingZeroes=False
		  }
		 Text=Sum(Vorschuss)
		 Width=24500
		 Height=10000
		 FixedHeight=0
		 bIsotropic=True
		 PlainTextFormat=True
		 Align=2
		 AlignDecPosition=-10000
		 VAlign=0
		 DrawingAlignment=0
		 Adjusted=False
		 LineWrap=1
		 ForceWrap=False
		 FlowControl=False
		 Spacing.Line=0
		 bFill=LL.Scheme.BackgroundFillMode
		 Raster=1
		 BkColor=RGB(156,191,119)
		 FgColor=LL.Color.Black
		 SpaceOptimization=True
		 Link.URL=
		 WithText=False
		 [Frame]
		  {
		  Default=False
		  Layout=1
		  [Left]
		   {
		   Spacing=1000
		   Line=False
		   }
		  [Top]
		   {
		   Spacing=500
		   Line=True
		   [Line]
			{
			Color=LL.Color.Black
			LineType=0
			}
		   LineWidth=100
		   }
		  [Right]
		   {
		   Spacing=1000
		   Line=False
		   }
		  [Bottom]
		   {
		   Spacing=500
		   Line=True
		   [Line]
			{
			Color=LL.Color.Black
			LineType=0
			}
		   LineWidth=100
		   }
		  }
		 [Font]
		  {
		  Default=False
		  FaceName="Calibri"
		  GdiCharSet=0
		  Size=10.0
		  Width=0
		  Bold=False
		  Italic=False
		  Underline=False
		  Strikeout=False
		  Color=LL.Color.Black
		  PitchAndFamily=34
		  OutPrecision=3
		  }
		 Direction=0
		 BarWidth=0
		 [BarWidth]
		  {
		  Align=0
		  }
		 BarRatio=0
		 ExportAsPicture=False
		 DwgSaveAsJPEG=False
		 Condition=True
		 }
		[Column]
		 {
		 Identifier=
		 OutputFormatter=DOUBLE
		 [OutputFormatter.DOUBLE]
		  {
		  DecimalCharType=-2
		  ThousandsCharType=-2
		  NegativeFormatType=-2
		  Decimals=2
		  EmptyIfBool=False
		  LeadingZero=True
		  ExponentialFormat=0
		  Units=
		  RemoveTrailingZeroes=False
		  }
		 Text=Sum(Gesamt)
		 Width=25600
		 Height=10000
		 FixedHeight=0
		 bIsotropic=True
		 PlainTextFormat=True
		 Align=2
		 AlignDecPosition=-10000
		 VAlign=0
		 DrawingAlignment=0
		 Adjusted=False
		 LineWrap=1
		 ForceWrap=False
		 FlowControl=False
		 Spacing.Line=0
		 bFill=LL.Scheme.BackgroundFillMode
		 Raster=1
		 BkColor=RGB(156,191,119)
		 FgColor=LL.Color.Black
		 SpaceOptimization=True
		 Link.URL=
		 WithText=False
		 [Frame]
		  {
		  Default=False
		  Layout=1
		  [Left]
		   {
		   Spacing=1000
		   Line=False
		   }
		  [Top]
		   {
		   Spacing=500
		   Line=True
		   [Line]
			{
			Color=LL.Color.Black
			LineType=0
			}
		   LineWidth=100
		   }
		  [Right]
		   {
		   Spacing=1000
		   Line=False
		   }
		  [Bottom]
		   {
		   Spacing=500
		   Line=True
		   [Line]
			{
			Color=LL.Color.Black
			LineType=0
			}
		   LineWidth=100
		   }
		  }
		 [Font]
		  {
		  Default=False
		  FaceName="Calibri"
		  GdiCharSet=0
		  Size=10.0
		  Width=0
		  Bold=False
		  Italic=False
		  Underline=False
		  Strikeout=False
		  Color=LL.Color.Black
		  PitchAndFamily=34
		  OutPrecision=3
		  }
		 Direction=0
		 BarWidth=0
		 [BarWidth]
		  {
		  Align=0
		  }
		 BarRatio=0
		 ExportAsPicture=False
		 DwgSaveAsJPEG=False
		 Condition=True
		 }
		[Column]
		 {
		 Identifier=
		 OutputFormatter=DOUBLE
		 [OutputFormatter.DOUBLE]
		  {
		  DecimalCharType=-2
		  ThousandsCharType=-2
		  NegativeFormatType=-2
		  Decimals=2
		  EmptyIfBool=False
		  LeadingZero=True
		  ExponentialFormat=0
		  Units=
		  RemoveTrailingZeroes=False
		  }
		 Text=Sum(Bezahlt)
		 Width=25000
		 Height=10000
		 FixedHeight=0
		 bIsotropic=True
		 PlainTextFormat=True
		 Align=2
		 AlignDecPosition=-10000
		 VAlign=0
		 DrawingAlignment=0
		 Adjusted=False
		 LineWrap=1
		 ForceWrap=False
		 FlowControl=False
		 Spacing.Line=0
		 bFill=LL.Scheme.BackgroundFillMode
		 Raster=1
		 BkColor=RGB(156,191,119)
		 FgColor=LL.Color.Black
		 SpaceOptimization=True
		 Link.URL=
		 WithText=False
		 [Frame]
		  {
		  Default=False
		  Layout=1
		  [Left]
		   {
		   Spacing=1000
		   Line=False
		   }
		  [Top]
		   {
		   Spacing=500
		   Line=True
		   [Line]
			{
			Color=LL.Color.Black
			LineType=0
			}
		   LineWidth=100
		   }
		  [Right]
		   {
		   Spacing=1000
		   Line=False
		   }
		  [Bottom]
		   {
		   Spacing=500
		   Line=True
		   [Line]
			{
			Color=LL.Color.Black
			LineType=0
			}
		   LineWidth=100
		   }
		  }
		 [Font]
		  {
		  Default=False
		  FaceName="Calibri"
		  GdiCharSet=0
		  Size=10.0
		  Width=0
		  Bold=False
		  Italic=False
		  Underline=False
		  Strikeout=False
		  Color=LL.Color.Black
		  PitchAndFamily=34
		  OutPrecision=3
		  }
		 Direction=0
		 BarWidth=0
		 [BarWidth]
		  {
		  Align=0
		  }
		 BarRatio=0
		 ExportAsPicture=False
		 DwgSaveAsJPEG=False
		 Condition=True
		 }
		[Column]
		 {
		 Identifier=
		 OutputFormatter=DOUBLE
		 [OutputFormatter.DOUBLE]
		  {
		  DecimalCharType=-2
		  ThousandsCharType=-2
		  NegativeFormatType=-2
		  Decimals=2
		  EmptyIfBool=False
		  LeadingZero=True
		  ExponentialFormat=0
		  Units=
		  RemoveTrailingZeroes=False
		  }
		 Text=Sum(Bezahlt) - Sum(Gesamt)
		 Width=22700
		 Height=10000
		 FixedHeight=0
		 bIsotropic=True
		 PlainTextFormat=True
		 Align=2
		 AlignDecPosition=-10000
		 VAlign=0
		 DrawingAlignment=0
		 Adjusted=False
		 LineWrap=1
		 ForceWrap=False
		 FlowControl=False
		 Spacing.Line=0
		 bFill=LL.Scheme.BackgroundFillMode
		 Raster=1
		 BkColor=RGB(156,191,119)
		 FgColor=LL.Color.Black
		 SpaceOptimization=True
		 Link.URL=
		 WithText=False
		 [Frame]
		  {
		  Default=False
		  Layout=1
		  [Left]
		   {
		   Spacing=1000
		   Line=False
		   }
		  [Top]
		   {
		   Spacing=500
		   Line=True
		   [Line]
			{
			Color=LL.Color.Black
			LineType=0
			}
		   LineWidth=100
		   }
		  [Right]
		   {
		   Spacing=1000
		   Line=False
		   }
		  [Bottom]
		   {
		   Spacing=500
		   Line=True
		   [Line]
			{
			Color=LL.Color.Black
			LineType=0
			}
		   LineWidth=100
		   }
		  }
		 [Font]
		  {
		  Default=False
		  FaceName="Calibri"
		  GdiCharSet=0
		  Size=10.0
		  Width=0
		  Bold=False
		  Italic=False
		  Underline=False
		  Strikeout=False
		  Color=LL.Color.Black
		  PitchAndFamily=34
		  OutPrecision=3
		  }
		 Direction=0
		 BarWidth=0
		 [BarWidth]
		  {
		  Align=0
		  }
		 BarRatio=0
		 ExportAsPicture=False
		 DwgSaveAsJPEG=False
		 Condition=True
		 }
		[Column]
		 {
		 Identifier=
		 OutputFormatter=DOUBLE
		 [OutputFormatter.DOUBLE]
		  {
		  DecimalCharType=-2
		  ThousandsCharType=-2
		  NegativeFormatType=-2
		  Decimals=1
		  EmptyIfBool=False
		  LeadingZero=True
		  ExponentialFormat=0
		  Units=
		  RemoveTrailingZeroes=False
		  }
		 Text=Sum(Bezahlt) / Sum(Abrechnungen + Kosten) * 100
		 Width=18100
		 Height=10000
		 FixedHeight=0
		 bIsotropic=True
		 PlainTextFormat=True
		 Align=2
		 AlignDecPosition=-10000
		 VAlign=0
		 DrawingAlignment=0
		 Adjusted=False
		 LineWrap=1
		 ForceWrap=False
		 FlowControl=False
		 Spacing.Line=0
		 bFill=LL.Scheme.BackgroundFillMode
		 Raster=1
		 BkColor=RGB(156,191,119)
		 FgColor=LL.Color.Black
		 SpaceOptimization=True
		 Link.URL=
		 WithText=False
		 [Frame]
		  {
		  Default=False
		  Layout=1
		  [Left]
		   {
		   Spacing=1000
		   Line=False
		   }
		  [Top]
		   {
		   Spacing=500
		   Line=True
		   [Line]
			{
			Color=LL.Color.Black
			LineType=0
			}
		   LineWidth=100
		   }
		  [Right]
		   {
		   Spacing=1000
		   Line=False
		   }
		  [Bottom]
		   {
		   Spacing=500
		   Line=True
		   [Line]
			{
			Color=LL.Color.Black
			LineType=0
			}
		   LineWidth=100
		   }
		  }
		 [Font]
		  {
		  Default=False
		  FaceName="Calibri"
		  GdiCharSet=0
		  Size=10.0
		  Width=0
		  Bold=False
		  Italic=False
		  Underline=False
		  Strikeout=False
		  Color=LL.Color.Black
		  PitchAndFamily=34
		  OutPrecision=3
		  }
		 Direction=0
		 BarWidth=0
		 [BarWidth]
		  {
		  Align=0
		  }
		 BarRatio=0
		 ExportAsPicture=False
		 DwgSaveAsJPEG=False
		 Condition=True
		 }
		[Column]
		 {
		 Identifier=
		 OutputFormatter=DOUBLE
		 [OutputFormatter.DOUBLE]
		  {
		  DecimalCharType=-2
		  ThousandsCharType=-2
		  NegativeFormatType=-2
		  Decimals=1
		  EmptyIfBool=False
		  LeadingZero=True
		  ExponentialFormat=0
		  Units=
		  RemoveTrailingZeroes=False
		  }
		 Text=Sum(Vorschuss) / Sum(Abrechnungen - Ausbuchungen) * 100
		 Width=18900
		 Height=10000
		 FixedHeight=0
		 bIsotropic=True
		 PlainTextFormat=True
		 Align=2
		 AlignDecPosition=-10000
		 VAlign=0
		 DrawingAlignment=0
		 Adjusted=False
		 LineWrap=1
		 ForceWrap=False
		 FlowControl=False
		 Spacing.Line=0
		 bFill=LL.Scheme.BackgroundFillMode
		 Raster=1
		 BkColor=RGB(156,191,119)
		 FgColor=LL.Color.Black
		 SpaceOptimization=True
		 Link.URL=
		 WithText=False
		 [Frame]
		  {
		  Default=False
		  Layout=1
		  [Left]
		   {
		   Spacing=1000
		   Line=False
		   }
		  [Top]
		   {
		   Spacing=500
		   Line=True
		   [Line]
			{
			Color=LL.Color.Black
			LineType=0
			}
		   LineWidth=100
		   }
		  [Right]
		   {
		   Spacing=1000
		   Line=False
		   }
		  [Bottom]
		   {
		   Spacing=500
		   Line=True
		   [Line]
			{
			Color=LL.Color.Black
			LineType=0
			}
		   LineWidth=100
		   }
		  }
		 [Font]
		  {
		  Default=False
		  FaceName="Calibri"
		  GdiCharSet=0
		  Size=10.0
		  Width=0
		  Bold=False
		  Italic=False
		  Underline=False
		  Strikeout=False
		  Color=LL.Color.Black
		  PitchAndFamily=34
		  OutPrecision=3
		  }
		 Direction=0
		 BarWidth=0
		 [BarWidth]
		  {
		  Align=0
		  }
		 BarRatio=0
		 ExportAsPicture=False
		 DwgSaveAsJPEG=False
		 Condition=True
		 }
		[Column]
		 {
		 Identifier=
		 OutputFormatter=DOUBLE
		 [OutputFormatter.DOUBLE]
		  {
		  DecimalCharType=-2
		  ThousandsCharType=-2
		  NegativeFormatType=-2
		  Decimals=2
		  EmptyIfBool=False
		  LeadingZero=True
		  ExponentialFormat=0
		  Units=
		  RemoveTrailingZeroes=False
		  }
		 Text=Sum(Abrechnungen - Ausbuchungen) * VorschussProz / 100
		 Width=26700
		 Height=10000
		 FixedHeight=0
		 bIsotropic=True
		 PlainTextFormat=True
		 Align=2
		 AlignDecPosition=-10000
		 VAlign=0
		 DrawingAlignment=0
		 Adjusted=False
		 LineWrap=1
		 ForceWrap=False
		 FlowControl=False
		 Spacing.Line=0
		 bFill=LL.Scheme.BackgroundFillMode
		 Raster=1
		 BkColor=RGB(156,191,119)
		 FgColor=LL.Color.Black
		 SpaceOptimization=True
		 Link.URL=
		 WithText=False
		 [Frame]
		  {
		  Default=False
		  Layout=1
		  [Left]
		   {
		   Spacing=1000
		   Line=False
		   }
		  [Top]
		   {
		   Spacing=500
		   Line=True
		   [Line]
			{
			Color=LL.Color.Black
			LineType=0
			}
		   LineWidth=100
		   }
		  [Right]
		   {
		   Spacing=1000
		   Line=False
		   }
		  [Bottom]
		   {
		   Spacing=500
		   Line=True
		   [Line]
			{
			Color=LL.Color.Black
			LineType=0
			}
		   LineWidth=100
		   }
		  }
		 [Font]
		  {
		  Default=False
		  FaceName="Calibri"
		  GdiCharSet=0
		  Size=10.0
		  Width=0
		  Bold=False
		  Italic=False
		  Underline=False
		  Strikeout=False
		  Color=LL.Color.Black
		  PitchAndFamily=34
		  OutPrecision=3
		  }
		 Direction=0
		 BarWidth=0
		 [BarWidth]
		  {
		  Align=0
		  }
		 BarRatio=0
		 ExportAsPicture=False
		 DwgSaveAsJPEG=False
		 Condition=True
		 }
		[Column]
		 {
		 Identifier=
		 OutputFormatter=DOUBLE
		 [OutputFormatter.DOUBLE]
		  {
		  DecimalCharType=-2
		  ThousandsCharType=-2
		  NegativeFormatType=-2
		  Decimals=1
		  EmptyIfBool=False
		  LeadingZero=True
		  ExponentialFormat=0
		  Units=
		  RemoveTrailingZeroes=False
		  }
		 Text=(Sum(Abrechnungen - Ausbuchungen) * VorschussProz / 100) / Sum(Abrechnungen) * 100
		 Width=21700
		 Height=10000
		 FixedHeight=0
		 bIsotropic=True
		 PlainTextFormat=True
		 Align=2
		 AlignDecPosition=-10000
		 VAlign=0
		 DrawingAlignment=0
		 Adjusted=False
		 LineWrap=1
		 ForceWrap=False
		 FlowControl=False
		 Spacing.Line=0
		 bFill=LL.Scheme.BackgroundFillMode
		 Raster=1
		 BkColor=RGB(156,191,119)
		 FgColor=LL.Color.Black
		 SpaceOptimization=True
		 Link.URL=
		 WithText=False
		 [Frame]
		  {
		  Default=False
		  Layout=1
		  [Left]
		   {
		   Spacing=1000
		   Line=False
		   }
		  [Top]
		   {
		   Spacing=500
		   Line=True
		   [Line]
			{
			Color=LL.Color.Black
			LineType=0
			}
		   LineWidth=0
		   }
		  [Right]
		   {
		   Spacing=1000
		   Line=False
		   }
		  [Bottom]
		   {
		   Spacing=500
		   Line=True
		   [Line]
			{
			Color=LL.Color.Black
			LineType=0
			}
		   LineWidth=0
		   }
		  }
		 [Font]
		  {
		  Default=False
		  FaceName="Calibri"
		  GdiCharSet=0
		  Size=10.0
		  Width=0
		  Bold=False
		  Italic=False
		  Underline=False
		  Strikeout=False
		  Color=LL.Color.Black
		  PitchAndFamily=34
		  OutPrecision=3
		  }
		 Direction=0
		 BarWidth=0
		 [BarWidth]
		  {
		  Align=0
		  }
		 BarRatio=0
		 ExportAsPicture=False
		 DwgSaveAsJPEG=False
		 Condition=True
		 }
		}
	   [Options]
		{
		Description=Jahr (1)
		[LFont]
		 {
		 Default=True
		 }
		DisplayInDesigner=True
		PDFLevel=0
		PDFText=
		IndexPDFLevel=0
		IndexPDFText=
		[ReservedSpace]
		 {
		 Left=0
		 Top=0
		 Right=0
		 Bottom=0
		 }
		LCondition=True
		Anchor=0
		Anchor.ToTop=True
		GroupCondition=Year$(Datum)
		ResetSums=
		TriggerNewPage=False
		}
	   }
	  }
	 [Options]
	  {
	  }
	 }
	}
   }
  }
[Object]
 ObjectID=1
 ObjectName=Text
 Locked=FALSE
 LinkID=1
 LinkToID=0
 LinkMode=32
 LayerID=0
 GroupID=0
 Identifier=
 Condition=True
 UserLocked=False
 WrapBefore=False
 ExportAsPicture=False
 Position/Left=5300
 Position/Top=8300
 Position/Width=196400
 Position/Height=12100
 Direction=0
 bFill=0
 Frame/Layout=0
 Frame/Left/Spacing=0
 Frame/Left/Line=False
 Frame/Top/Spacing=0
 Frame/Top/Line=False
 Frame/Right/Spacing=0
 Frame/Right/Line=False
 Frame/Bottom/Spacing=0
 Frame/Bottom/Line=False
 PDFLevel=0
 PDFText=
 IndexPDFLevel=0
 IndexPDFText=
 IssueCondition=True
 bPageWrap=False
 bBottomAligned=False
 [@Lines]
  {
  [Lines]
   {
   [Line]
	{
	[Font]
	 {
	 Default=False
	 FaceName="Calibri"
	 GdiCharSet=0
	 Size=14.0
	 Width=0
	 Bold=True
	 Italic=False
	 Underline=False
	 Strikeout=False
	 Color=LL.Color.Black
	 PitchAndFamily=34
	 OutPrecision=3
	 }
	Align=0
	Adjusted=False
	Uneraseable=False
	LineWrap=1
	PageWrapAllowed=True
	ForceWrap=False
	SpaceOptimization=True
	Spacing.Paragraph=0
	Spacing.Line=0
	OutputFormatter=
	Condition=True
	Text=Bezeichnung
	Tab=0
	TabAlign=0
	}
   [Line]
	{
	[Font]
	 {
	 Default=True
	 }
	Align=0
	Adjusted=False
	Uneraseable=False
	LineWrap=1
	PageWrapAllowed=True
	ForceWrap=False
	SpaceOptimization=True
	Spacing.Paragraph=0
	Spacing.Line=0
	OutputFormatter=
	Condition=True
	Text=Fstr$(VorschussProz,"?&") + "% Vorschuß"
	Tab=0
	TabAlign=0
	}
   }
  }
[UserVariables]
[Parameters]
 [@Parameters]
  {
  [Parameters]
   {
   LL.ActiveLayout=Standard-Layout
   LL.DesignScheme="INTHEJUNGLE"
   LL.ProjectDescription=PrintMachine-Infos
   }
  }
[UsedIdentifiers]
 Variables=Bericht.GUID;Bericht.Name;Bericht.MitgliedNrL;Bezeichnung;Bericht.MitgliedNr;Bericht.Land;Bericht.Strasse;Bericht.ProgVer;LayoutName;Bericht.Name2;Bericht.Name1;Benutzer.Zeichen;Bericht.Ort;VorschussProz;Bericht.RechnungNr;Bericht.Deckblatt;PMEmail;Bericht.HalterNr
 Fields=Kosten;Gesamt;Bezahlt;Abrechnungen;Saldo;Ausbuchungen;Vorschuss;Datum
[PageLayouts]
 [@PageLayouts]
  {
  [PageLayouts]
   {
   [PageLayout]
	{
	DisplayName=
	Condition=True
	SourceTray=0
	ForcePaperFormat=True
	UsePhysicalPaper=True
	PaperFormat=9
	PaperFormat.cx=210000
	PaperFormat.cy=297000
	PaperFormat.Orientation=2
	Copies=1
	Duplex=0
	Collate=0
	FitPage=False
	ShowInPrintDialog=True
	}
   }
  }
[ExtendedInfo]
 [@ExtendedInfos]
  {
  [UserDefinedDesignScheme]
   {
   [Foreground]
	{
	Color=(173,215,227)
	Color=(167,195,209)
	Color=(165,170,199)
	Color=(155,122,153)
	Color=(135,95,119)
	Color=(255,230,179)
	Color=(238,190,93)
	Color=(242,167,17)
	Color=(166,178,102)
	Color=(102,204,199)
	}
   [Background]
	{
	Color=(240,249,255)
	Color=(255,230,179)
	Color=(173,215,227)
	Color=(167,195,209)
	FillMode=1
	}
   }
  }
