[List description]
[Description]
 Text=List & Label Projektdatei
 FileVersion=15
 Units=SCM-Units
 Metric=0
 TextQuote.Start=1
 TextQuote.End=1
 RepresentationCode.CondStart=171
 RepresentationCode.CondSep=166
 RepresentationCode.CondEnd=187
 RepresentationCode.Tab=247
 RepresentationCode.Ret=182
 RepresentationCode.PhantomSpace=8203
 RepresentationCode.LockNextChar=8288
 RepresentationCode.ExprSep=164
 LCID=1031
 UserVars.ManualSortOrder=1
 Created=<unknown>
 CreatedByApp=<unknown>
 CreatedByDLL=<unknown>
 CreatedByUser=<unknown>
 LastModified=14.12.2023, 09:15:16
 LastModifiedByApp=CBI62.EXE [6.2 SP5, Build 47428]
 LastModifiedByDLL=CMLL24.DLL [24.7.2019.34410 (19-12-03 10:28)F]
 LastModifiedByUser=Keuer on RDSH02
 CreatedByCallFrom=cdlli62.dll
[Layout]
 P1.Template=
 xGrid=1000
 yGrid=1000
 GridShow=FALSE
 GridSnap=FALSE
 EnhancedExpressions=TRUE
 EnhancedOldExpressions=FALSE
 Decimals=2
 RealDataPreviewPageLimit=-2
 DefFont={(0,0,0),12.000000,-16,0,0,0,400,0,0,0,0,4,0,0,0,Arial}
 HelpLines.Horizontal=
 HelpLines.Vertical=
 PDF.MaxOutlineDepth=2
 PDF.MaxOutlineDepth.IDX=3
 DefaultSize.Objecttype1=(0,0,181300,7400)
 DefaultSize.Objecttype6=(0,0,181300,231100)
 ObjectCount=3
[UserSection]
 
[SumVariables]
[Layer]
 Name=Basis
 Condition=
 WorkspaceColor=(0,0,0)
 Visible=TRUE
 LayerID=0
[Layer]
 Name=Erste Seite
 Condition=Page() = 1
 WorkspaceColor=(0,128,64)
 Visible=TRUE
 LayerID=1
[Layer]
 Name=Folgeseiten
 Condition=Page() <> 1
 WorkspaceColor=(0,0,255)
 Visible=TRUE
 LayerID=2
[ProjectTemplates]
 [@ProjectTemplates]
  {
  [ProjectTemplates]
   {
   }
  }
[Object]
 ObjectID=1
 ObjectName=Text
 Locked=FALSE
 LinkUUID={6BB6446D-C8D8-4AE5-8CC3-2ECD8B327D29}
 LinkMode=32
 LayerID=1
 LayerCond=Page() = 1
 GroupUUID=
 Identifier=
 Condition=True
 UserLocked=False
 WrapBefore=False
 bPageWrap=False
 ExportAsPicture=False
 Position/Left=10100
 Position/Top=14400
 Position/Width=181300
 Position/Height=7400
 Direction=0
 bFill=0
 Frame/Layout=0
 Frame/Left/Spacing=0
 Frame/Left/Line=False
 Frame/Top/Spacing=0
 Frame/Top/Line=False
 Frame/Right/Spacing=0
 Frame/Right/Line=False
 Frame/Bottom/Spacing=0
 Frame/Bottom/Line=False
 PDFLevel=0
 PDFText=
 IndexPDFLevel=0
 IndexPDFText=
 IssueCondition=True
 Link.URL=
 Animation=""
 HTMLAnimation=""
 bBottomAligned=0
 [@Lines]
  {
  [Lines]
   {
   [Line]
	{
	[Font]
	 {
	 Default=False
	 FaceName="Arial"
	 GdiCharSet=0
	 Size=14.0
	 Width=0
	 Bold=True
	 Italic=False
	 Underline=False
	 Strikeout=False
	 Color=LL.Color.Black
	 PitchAndFamily=34
	 OutPrecision=3
	 }
	Align=0
	Adjusted=False
	Uneraseable=False
	LineWrap=1
	PageWrapAllowed=False
	ForceWrap=True
	SpaceOptimization=True
	Spacing.Paragraph=0
	Spacing.Line=0
	OutputFormatter=
	Condition=True
	[ConditionalFormatter]
	 {
	 }
	Text="Zahlungen zu PR " + str$(Proz.Nr,0, 0) + " / " + Benutzer.Zeichen
	Tab=0
	TabAlign=0
	}
   }
  }
[Object]
 ObjectID=6
 ObjectName=Tabelle
 Locked=FALSE
 LinkUUID={2BA7DF2F-4968-4975-ACB0-186B1AE2E8E7}
 LinkToUUID={6BB6446D-C8D8-4AE5-8CC3-2ECD8B327D29}
 LinkToID=1
 LinkMode=8224
 LayerID=0
 LayerCond=
 GroupUUID=
 Identifier=
 Condition=True
 UserLocked=False
 WrapBefore=False
 Position/Left=10100
 Position/Top=28500
 Position/Width=181300
 Position/Height=231100
 Direction=0
 Frame/Layout=0
 Frame/Left/Spacing=0
 Frame/Left/Line=False
 Frame/Top/Spacing=0
 Frame/Top/Line=False
 Frame/Right/Spacing=0
 Frame/Right/Line=False
 Frame/Bottom/Spacing=0
 Frame/Bottom/Line=False
 PDFLevel=0
 PDFText=
 IndexPDFLevel=0
 IndexPDFText=
 IssueCondition=True
 Link.URL=
 Animation=""
 bFooterOnBottom=False
 bFillBottom=False
 DefaultFont/Default=True
 DefaultFont/FaceName=Null()
 DefaultFont/GdiCharSet=Null()
 DefaultFont/Size=Null()
 DefaultFont/Width=#Null()
 DefaultFont/Bold=Null()
 DefaultFont/Italic=Null()
 DefaultFont/Underline=Null()
 DefaultFont/Strikeout=Null()
 DefaultFont/Color=Null()
 DefaultFont/PitchAndFamily=Null()
 DefaultFont/OutPrecision=Null()
 FgColor=RGB(180,180,180)
 bFill=1
 Raster=1
 BkColor=LL.Color.White
 ColumnCount=0
 ColumnCount.Distance=0
 ColumnBreakCondition=False
 [@Tables]
  {
  [Tables]
   {
   [Table]
	{
	TableType=List
	TableID=
	RelationID=
	[GroupHeaderLines]
	 {
	 bConcatDataLines=True
	 bKeepTogether=False
	 }
	[GroupFooterLines]
	 {
	 bAlsoOnEmptyGroup=False
	 bKeepTogether=False
	 }
	[DataLines]
	 {
	 bKeepTogether=True
	 bSuppress=False
	 bForceSumCalculation=False
	 }
	ZebraPattern=1
	[ZebraPattern]
	 {
	 Pattern=1
	 Color=RGB(240,240,240)
	 }
	[FooterLines]
	 {
	 bKeepTogether=False
	 }
	PageBreakCondition=False
	[DefaultFrame]
	 {
	 Layout=1
	 [Left]
	  {
	  Spacing=0
	  Line=True
	  [Line]
	   {
	   Color=RGB(180,180,180)
	   LineType=0
	   }
	  LineWidth=0
	  }
	 [Top]
	  {
	  Spacing=0
	  Line=True
	  [Line]
	   {
	   Color=RGB(180,180,180)
	   LineType=0
	   }
	  LineWidth=0
	  }
	 [Right]
	  {
	  Spacing=0
	  Line=True
	  [Line]
	   {
	   Color=RGB(180,180,180)
	   LineType=0
	   }
	  LineWidth=0
	  }
	 [Bottom]
	  {
	  Spacing=0
	  Line=True
	  [Line]
	   {
	   Color=RGB(180,180,180)
	   LineType=0
	   }
	  LineWidth=0
	  }
	 }
	UseSepTicks=True
	ColumnCount=0
	ColumnCount.Distance=0
	ColumnBreakCondition=False
	FormulaFilter=True
	DesignScheme="PROJECT"
	[Body]
	 {
	 [Lines]
	  {
	  [Line]
	   {
	   [Columns]
		{
		[Column]
		 {
		 Identifier=
		 Text=Datum
		 Width=28800
		 Height=10000
		 FixedHeight=0
		 bIsotropic=False
		 PlainTextFormat=True
		 Align=0
		 AlignDecPosition=-10000
		 VAlign=0
		 DrawingAlignment=8
		 Adjusted=False
		 LineWrap=1
		 ForceWrap=False
		 FlowControl=False
		 Spacing.Line=0
		 bFill=0
		 FgColor=LL.Color.Black
		 SpaceOptimization=False
		 Link.URL=
		 WithText=False
		 MatchDevicePixel=False
		 [Frame]
		  {
		  Default=False
		  Layout=1
		  [Left]
		   {
		   Spacing=1000
		   Line=False
		   }
		  [Top]
		   {
		   Spacing=500
		   Line=False
		   }
		  [Right]
		   {
		   Spacing=1000
		   Line=False
		   }
		  [Bottom]
		   {
		   Spacing=500
		   Line=False
		   }
		  }
		 [Font]
		  {
		  Default=False
		  FaceName="Arial"
		  GdiCharSet=0
		  Size=12.0
		  Width=0
		  Bold=False
		  Italic=False
		  Underline=False
		  Strikeout=False
		  Color=LL.Color.Black
		  PitchAndFamily=0
		  OutPrecision=0
		  }
		 Direction=0
		 BarWidth=0
		 [BarWidth]
		  {
		  Align=0
		  }
		 BarRatio=0
		 ExportAsPicture=False
		 DwgSaveAsJPEG=0
		 Condition=True
		 Animation=""
		 HTMLAnimation=""
		 }
		[Column]
		 {
		 Identifier=
		 Text=Buchtext
		 Width=114900
		 Height=10000
		 FixedHeight=0
		 bIsotropic=False
		 PlainTextFormat=True
		 Align=0
		 AlignDecPosition=-10000
		 VAlign=0
		 DrawingAlignment=8
		 Adjusted=False
		 LineWrap=1
		 ForceWrap=False
		 FlowControl=False
		 Spacing.Line=0
		 bFill=0
		 FgColor=LL.Color.Black
		 SpaceOptimization=False
		 Link.URL=
		 WithText=False
		 MatchDevicePixel=False
		 [Frame]
		  {
		  Default=False
		  Layout=1
		  [Left]
		   {
		   Spacing=1000
		   Line=False
		   }
		  [Top]
		   {
		   Spacing=500
		   Line=False
		   }
		  [Right]
		   {
		   Spacing=1000
		   Line=False
		   }
		  [Bottom]
		   {
		   Spacing=500
		   Line=False
		   }
		  }
		 [Font]
		  {
		  Default=False
		  FaceName="Arial"
		  GdiCharSet=0
		  Size=12.0
		  Width=0
		  Bold=False
		  Italic=False
		  Underline=False
		  Strikeout=False
		  Color=LL.Color.Black
		  PitchAndFamily=0
		  OutPrecision=0
		  }
		 Direction=0
		 BarWidth=0
		 [BarWidth]
		  {
		  Align=0
		  }
		 BarRatio=0
		 ExportAsPicture=False
		 DwgSaveAsJPEG=0
		 Condition=True
		 Animation=""
		 HTMLAnimation=""
		 }
		[Column]
		 {
		 Identifier=
		 OutputFormatter=DOUBLE
		 [OutputFormatter.DOUBLE]
		  {
		  DecimalCharType=-2
		  ThousandsCharType=-2
		  NegativeFormatType=-2
		  Decimals=2
		  EmptyIfBool=False
		  LeadingZero=True
		  ForceSign=False
		  ExponentialFormat=0
		  Units=
		  RemoveTrailingZeroes=False
		  MultiplyBy100=False
		  }
		 Text=Betrag
		 Width=37500
		 Height=10000
		 FixedHeight=0
		 bIsotropic=False
		 PlainTextFormat=True
		 Align=2
		 AlignDecPosition=-10000
		 VAlign=0
		 DrawingAlignment=8
		 Adjusted=False
		 LineWrap=1
		 ForceWrap=False
		 FlowControl=False
		 Spacing.Line=0
		 bFill=0
		 FgColor=LL.Color.Black
		 SpaceOptimization=False
		 Link.URL=
		 WithText=False
		 MatchDevicePixel=False
		 [Frame]
		  {
		  Default=False
		  Layout=1
		  [Left]
		   {
		   Spacing=1000
		   Line=False
		   }
		  [Top]
		   {
		   Spacing=500
		   Line=False
		   }
		  [Right]
		   {
		   Spacing=1000
		   Line=False
		   }
		  [Bottom]
		   {
		   Spacing=500
		   Line=False
		   }
		  }
		 [Font]
		  {
		  Default=False
		  FaceName="Arial"
		  GdiCharSet=0
		  Size=12.0
		  Width=0
		  Bold=False
		  Italic=False
		  Underline=False
		  Strikeout=False
		  Color=LL.Color.Black
		  PitchAndFamily=0
		  OutPrecision=0
		  }
		 Direction=0
		 BarWidth=0
		 [BarWidth]
		  {
		  Align=0
		  }
		 BarRatio=0
		 ExportAsPicture=False
		 DwgSaveAsJPEG=0
		 Condition=True
		 Animation=""
		 HTMLAnimation=""
		 }
		}
	   [Options]
		{
		Description=
		[LFont]
		 {
		 Default=True
		 FaceName=Null()
		 GdiCharSet=Null()
		 Size=Null()
		 Width=#Null()
		 Bold=Null()
		 Italic=Null()
		 Underline=Null()
		 Strikeout=Null()
		 Color=Null()
		 PitchAndFamily=Null()
		 OutPrecision=Null()
		 }
		DisplayInDesigner=True
		PDFLevel=0
		PDFText=
		IndexPDFLevel=0
		IndexPDFText=
		[ReservedSpace]
		 {
		 Left=0
		 Top=0
		 Right=0
		 Bottom=0
		 }
		LCondition=True
		IndexedGroups=0
		Anchor=0
		Anchor.ToTop=True
		}
	   }
	  }
	 [Options]
	  {
	  }
	 }
	[Header]
	 {
	 [Lines]
	  {
	  [Line]
	   {
	   [Columns]
		{
		[Column]
		 {
		 Identifier=
		 Text="Datum"
		 Width=28800
		 Height=10000
		 FixedHeight=0
		 bIsotropic=False
		 PlainTextFormat=True
		 Align=0
		 AlignDecPosition=-10000
		 VAlign=0
		 DrawingAlignment=8
		 Adjusted=False
		 LineWrap=0
		 ForceWrap=False
		 FlowControl=False
		 Spacing.Line=0
		 bFill=1
		 Raster=1
		 BkColor=LL.Scheme.BackgroundColor2
		 FgColor=LL.Color.Black
		 SpaceOptimization=False
		 Link.URL=
		 WithText=False
		 MatchDevicePixel=False
		 [Frame]
		  {
		  Default=False
		  Layout=1
		  [Left]
		   {
		   Spacing=1000
		   Line=False
		   }
		  [Top]
		   {
		   Spacing=500
		   Line=False
		   }
		  [Right]
		   {
		   Spacing=1000
		   Line=False
		   }
		  [Bottom]
		   {
		   Spacing=500
		   Line=False
		   }
		  }
		 [Font]
		  {
		  Default=False
		  FaceName="Arial"
		  GdiCharSet=0
		  Size=12.0
		  Width=0
		  Bold=False
		  Italic=False
		  Underline=False
		  Strikeout=False
		  Color=LL.Color.White
		  PitchAndFamily=34
		  OutPrecision=3
		  }
		 Direction=0
		 BarWidth=0
		 [BarWidth]
		  {
		  Align=0
		  }
		 BarRatio=0
		 ExportAsPicture=False
		 DwgSaveAsJPEG=0
		 Condition=True
		 Animation=""
		 HTMLAnimation=""
		 }
		[Column]
		 {
		 Identifier=
		 Text="Buchtext"
		 Width=114900
		 Height=10000
		 FixedHeight=0
		 bIsotropic=False
		 PlainTextFormat=True
		 Align=0
		 AlignDecPosition=-10000
		 VAlign=0
		 DrawingAlignment=8
		 Adjusted=False
		 LineWrap=0
		 ForceWrap=False
		 FlowControl=False
		 Spacing.Line=0
		 bFill=1
		 Raster=1
		 BkColor=LL.Scheme.BackgroundColor2
		 FgColor=LL.Color.Black
		 SpaceOptimization=False
		 Link.URL=
		 WithText=False
		 MatchDevicePixel=False
		 [Frame]
		  {
		  Default=False
		  Layout=1
		  [Left]
		   {
		   Spacing=1000
		   Line=False
		   }
		  [Top]
		   {
		   Spacing=500
		   Line=False
		   }
		  [Right]
		   {
		   Spacing=1000
		   Line=False
		   }
		  [Bottom]
		   {
		   Spacing=500
		   Line=False
		   }
		  }
		 [Font]
		  {
		  Default=False
		  FaceName="Arial"
		  GdiCharSet=0
		  Size=12.0
		  Width=0
		  Bold=False
		  Italic=False
		  Underline=False
		  Strikeout=False
		  Color=LL.Color.White
		  PitchAndFamily=34
		  OutPrecision=3
		  }
		 Direction=0
		 BarWidth=0
		 [BarWidth]
		  {
		  Align=0
		  }
		 BarRatio=0
		 ExportAsPicture=False
		 DwgSaveAsJPEG=0
		 Condition=True
		 Animation=""
		 HTMLAnimation=""
		 }
		[Column]
		 {
		 Identifier=
		 Text="Betrag"
		 Width=37500
		 Height=10000
		 FixedHeight=0
		 bIsotropic=False
		 PlainTextFormat=True
		 Align=0
		 AlignDecPosition=-10000
		 VAlign=0
		 DrawingAlignment=8
		 Adjusted=False
		 LineWrap=0
		 ForceWrap=False
		 FlowControl=False
		 Spacing.Line=0
		 bFill=1
		 Raster=1
		 BkColor=LL.Scheme.BackgroundColor2
		 FgColor=LL.Color.Black
		 SpaceOptimization=False
		 Link.URL=
		 WithText=False
		 MatchDevicePixel=False
		 [Frame]
		  {
		  Default=False
		  Layout=1
		  [Left]
		   {
		   Spacing=1000
		   Line=False
		   }
		  [Top]
		   {
		   Spacing=500
		   Line=False
		   }
		  [Right]
		   {
		   Spacing=1000
		   Line=False
		   }
		  [Bottom]
		   {
		   Spacing=500
		   Line=False
		   }
		  }
		 [Font]
		  {
		  Default=False
		  FaceName="Arial"
		  GdiCharSet=0
		  Size=12.0
		  Width=0
		  Bold=False
		  Italic=False
		  Underline=False
		  Strikeout=False
		  Color=LL.Color.White
		  PitchAndFamily=34
		  OutPrecision=3
		  }
		 Direction=0
		 BarWidth=0
		 [BarWidth]
		  {
		  Align=0
		  }
		 BarRatio=0
		 ExportAsPicture=False
		 DwgSaveAsJPEG=0
		 Condition=True
		 Animation=""
		 HTMLAnimation=""
		 }
		}
	   [Options]
		{
		Description=
		[LFont]
		 {
		 Default=True
		 FaceName=Null()
		 GdiCharSet=Null()
		 Size=Null()
		 Width=#Null()
		 Bold=Null()
		 Italic=Null()
		 Underline=Null()
		 Strikeout=Null()
		 Color=Null()
		 PitchAndFamily=Null()
		 OutPrecision=Null()
		 }
		DisplayInDesigner=True
		PDFLevel=0
		PDFText=
		IndexPDFLevel=0
		IndexPDFText=
		[ReservedSpace]
		 {
		 Left=0
		 Top=0
		 Right=0
		 Bottom=0
		 }
		LCondition=True
		Anchor=0
		Anchor.ToTop=True
		}
	   }
	  }
	 [Options]
	  {
	  }
	 }
	[Footer]
	 {
	 [Lines]
	  {
	  [Line]
	   {
	   [Columns]
		{
		}
	   [Options]
		{
		Description=
		[LFont]
		 {
		 Default=True
		 FaceName=Null()
		 GdiCharSet=Null()
		 Size=Null()
		 Width=#Null()
		 Bold=Null()
		 Italic=Null()
		 Underline=Null()
		 Strikeout=Null()
		 Color=Null()
		 PitchAndFamily=Null()
		 OutPrecision=Null()
		 }
		DisplayInDesigner=True
		PDFLevel=0
		PDFText=
		IndexPDFLevel=0
		IndexPDFText=
		[ReservedSpace]
		 {
		 Left=0
		 Top=0
		 Right=0
		 Bottom=0
		 }
		LCondition=True
		Anchor=0
		Anchor.ToTop=True
		}
	   }
	  }
	 [Options]
	  {
	  }
	 }
	[GroupHeader]
	 {
	 [Lines]
	  {
	  [Line]
	   {
	   [Columns]
		{
		}
	   [Options]
		{
		Description=
		[LFont]
		 {
		 Default=True
		 FaceName=Null()
		 GdiCharSet=Null()
		 Size=Null()
		 Width=#Null()
		 Bold=Null()
		 Italic=Null()
		 Underline=Null()
		 Strikeout=Null()
		 Color=Null()
		 PitchAndFamily=Null()
		 OutPrecision=Null()
		 }
		DisplayInDesigner=True
		PDFLevel=1
		PDFText=
		IndexPDFLevel=0
		IndexPDFText=
		[ReservedSpace]
		 {
		 Left=0
		 Top=1000
		 Right=0
		 Bottom=0
		 }
		Anchor=0
		Anchor.ToTop=True
		GroupCondition=
		ResetSums=
		OnNewPage=False
		[OnNewPage]
		 {
		 ResetPageNumberOption=0
		 }
		PrintRightAfterHeader=False
		LCondition=True
		}
	   }
	  }
	 [Options]
	  {
	  }
	 }
	[GroupFooter]
	 {
	 [Lines]
	  {
	  [Line]
	   {
	   [Columns]
		{
		}
	   [Options]
		{
		Description=
		[LFont]
		 {
		 Default=True
		 FaceName=Null()
		 GdiCharSet=Null()
		 Size=Null()
		 Width=#Null()
		 Bold=Null()
		 Italic=Null()
		 Underline=Null()
		 Strikeout=Null()
		 Color=Null()
		 PitchAndFamily=Null()
		 OutPrecision=Null()
		 }
		DisplayInDesigner=True
		PDFLevel=0
		PDFText=
		IndexPDFLevel=0
		IndexPDFText=
		[ReservedSpace]
		 {
		 Left=0
		 Top=0
		 Right=0
		 Bottom=1000
		 }
		Anchor=0
		Anchor.ToTop=True
		GroupCondition=
		ResetSums=
		TriggerNewPage=False
		LCondition=True
		}
	   }
	  }
	 [Options]
	  {
	  }
	 }
	}
   }
  }
[Object]
 ObjectID=1
 ObjectName=Text
 Locked=FALSE
 LinkUUID={E444A9DD-4D96-44A2-B5BD-5878349C1818}
 LinkMode=32
 LayerID=0
 LayerCond=
 GroupUUID=
 Identifier=
 Condition=True
 UserLocked=False
 WrapBefore=False
 bPageWrap=False
 ExportAsPicture=False
 Position/Left=60500
 Position/Top=271200
 Position/Width=80600
 Position/Height=8600
 Direction=0
 bFill=0
 Frame/Layout=0
 Frame/Left/Spacing=0
 Frame/Left/Line=False
 Frame/Top/Spacing=0
 Frame/Top/Line=False
 Frame/Right/Spacing=0
 Frame/Right/Line=False
 Frame/Bottom/Spacing=0
 Frame/Bottom/Line=False
 PDFLevel=0
 PDFText=
 IndexPDFLevel=0
 IndexPDFText=
 IssueCondition=True
 Link.URL=
 Animation=""
 HTMLAnimation=""
 bBottomAligned=0
 [@Lines]
  {
  [Lines]
   {
   [Line]
	{
	[Font]
	 {
	 Default=True
	 FaceName=Null()
	 GdiCharSet=Null()
	 Size=Null()
	 Width=#Null()
	 Bold=Null()
	 Italic=Null()
	 Underline=Null()
	 Strikeout=Null()
	 Color=Null()
	 PitchAndFamily=Null()
	 OutPrecision=Null()
	 }
	Align=1
	Adjusted=False
	Uneraseable=False
	LineWrap=1
	PageWrapAllowed=False
	ForceWrap=True
	SpaceOptimization=True
	Spacing.Paragraph=0
	Spacing.Line=0
	OutputFormatter=
	Condition=True
	[ConditionalFormatter]
	 {
	 }
	Text="- Seite "+Page$()+"/"+TotalPages$()+" -"
	Tab=0
	TabAlign=0
	}
   }
  }
[UserVariables]
[Parameters]
 [@Parameters]
  {
  [Parameters]
   {
   LL.ProjectDescription=List & Label Projektdatei
   }
  }
[UsedIdentifiers]
 Variables=Benutzer.Zeichen;Proz.Nr
 Fields=Betrag;Buchtext;Datum
 ChartFields=
[PageLayouts]
 [@PageLayouts]
  {
  [PageLayouts]
   {
   [PageLayout]
	{
	DisplayName=
	Condition=True
	SourceTray=7
	ForcePaperFormat=True
	UsePhysicalPaper=False
	PaperFormat=0
	PaperFormat.cx=210000
	PaperFormat.cy=297000
	PaperFormat.Orientation=1
	Copies=1
	Duplex=1
	Collate=0
	FitPage=False
	ShowInPrintDialog=True
	}
   }
  }
[ExtendedInfo]
 [@ExtendedInfos]
  {
  [UserDefinedDesignScheme]
   {
   [Foreground]
	{
	Color=(188,221,161)
	Color=(154,201,73)
	Color=(135,165,101)
	Color=(235,93,129)
	Color=(75,152,184)
	Color=(91,179,213)
	Color=(171,214,226)
	Color=(153,153,153)
	Color=(102,102,102)
	Color=(204,204,204)
	}
   [Background]
	{
	Color=(251,251,251)
	Color=(204,204,204)
	Color=(77,77,77)
	Color=(51,51,51)
	FillMode=1
	}
   }
  [AutoTranslationTable.ID]
   {
   1={6BB6446D-C8D8-4AE5-8CC3-2ECD8B327D29}
   2={2BA7DF2F-4968-4975-ACB0-186B1AE2E8E7}
   3={E444A9DD-4D96-44A2-B5BD-5878349C1818}
   }
  [UIDescriptions]
   {
   }
  }
