[List description]
[Description]
 Text=? (default)
 FileVersion=10
 Units=SCM-Units
 Metric=0
 TextQuote.Start=1
 TextQuote.End=1
 RepresentationCode.CondStart=171
 RepresentationCode.CondSep=166
 RepresentationCode.CondEnd=187
 RepresentationCode.Tab=247
 RepresentationCode.Ret=182
 RepresentationCode.PhantomSpace=2
 RepresentationCode.LockNextChar=3
 RepresentationCode.ExprSep=164
 LCID=1031
 UserVars.ManualSortOrder=1
 Created=22.11.2006, 15:06:58
 CreatedByApp=TVNg.exe []
 CreatedByDLL=CMLL11.DLL [11,15,0,0 (06-04-24 10:35)]
 CreatedByUser=martin on _MARTIN
 LastModified=22.11.2016, 08:26:55
 LastModifiedByApp=CBI61.EXE [6.1-SP4, Build 38114M]
 LastModifiedByDLL=CMLL17.DLL [17.3.2012.9809 (12-04-05 09:06)F]
 LastModifiedByUser=keuer on PCKEUER
 CreatedByCallFrom=comctl32.dll
[Layout]
 P1.Template=
 xGrid=2500
 yGrid=2500
 GridShow=TRUE
 GridSnap=TRUE
 EnhancedExpressions=TRUE
 EnhancedOldExpressions=FALSE
 Decimals=2
 RealDataPreviewPageLimit=-2
 DefFont={(0,0,0),10.000000,-13,0,0,0,400,0,0,0,0,3,2,1,18,Times New Roman}
 HelpLines.Horizontal=
 HelpLines.Vertical=
 PDF.MaxOutlineDepth=2
 PDF.MaxOutlineDepth.IDX=3
 DefaultSize.Objecttype1=(0,0,20000,20000)
 DefaultSize.Objecttype2=(0,0,30000,7500)
 ObjectCount=107
[UserSection]

[SumVariables]
[Layer]
 Name=Basis
 Condition=
 WorkspaceColor=(102,102,102)
 Visible=TRUE
 LayerID=0
[Layer]
 Name=Erste Seite
 Condition=Page() = 1
 WorkspaceColor=(197,207,10)
 Visible=TRUE
 LayerID=1
[Layer]
 Name=Folgeseiten
 Condition=Page() <> 1
 WorkspaceColor=(161,203,243)
 Visible=TRUE
 LayerID=2
[ProjectTemplates]
 [@ProjectTemplates]
  {
  [ProjectTemplates]
   {
   }
  }
[Object]
 ObjectID=1
 ObjectName=Text
 Locked=FALSE
 LinkID=1
 LinkToID=0
 LinkMode=32
 LayerID=0
 GroupID=0
 Identifier=
 Condition=True
 UserLocked=False
 WrapBefore=False
 ExportAsPicture=False
 Position/Left=5000
 Position/Top=40000
 Position/Width=200000
 Position/Height=15000
 Direction=0
 bFill=False
 Frame/Layout=0
 Frame/Left/Spacing=0
 Frame/Left/Line=False
 Frame/Top/Spacing=0
 Frame/Top/Line=False
 Frame/Right/Spacing=0
 Frame/Right/Line=False
 Frame/Bottom/Spacing=0
 Frame/Bottom/Line=False
 PDFLevel=0
 PDFText=
 IndexPDFLevel=0
 IndexPDFText=
 IssueCondition=True
 bPageWrap=False
 bBottomAligned=False
 [@Lines]
  {
  [Lines]
   {
   [Line]
	{
	[Font]
	 {
	 Default=False
	 FaceName="Times New Roman"
	 GdiCharSet=0
	 Size=13
	 Width=0
	 Bold=True
	 Italic=False
	 Underline=True
	 Strikeout=False
	 Color=RGB(0,0,0)
	 PitchAndFamily=18
	 OutPrecision=3
	 }
	Align=1
	Adjusted=False
	Uneraseable=False
	LineWrap=1
	PageWrapAllowed=True
	ForceWrap=False
	SpaceOptimization=True
	Spacing.Paragraph=0
	Spacing.Line=4
	OutputFormatter=
	Condition=True
	Text="Mycoplasmenpool moveta/ EGF" + Chr$ (13) + §"Abrechnung"
	Tab=0
	TabAlign=0
	}
   }
  }
[Object]
 ObjectID=1
 ObjectName=Text
 Locked=FALSE
 LinkID=7
 LinkToID=0
 LinkMode=32
 LayerID=0
 GroupID=0
 Identifier=
 Condition=True
 UserLocked=False
 WrapBefore=False
 ExportAsPicture=False
 Position/Left=30000
 Position/Top=65000
 Position/Width=55000
 Position/Height=25000
 Direction=0
 bFill=False
 Frame/Layout=0
 Frame/Left/Spacing=0
 Frame/Left/Line=False
 Frame/Top/Spacing=0
 Frame/Top/Line=False
 Frame/Right/Spacing=0
 Frame/Right/Line=False
 Frame/Bottom/Spacing=0
 Frame/Bottom/Line=False
 PDFLevel=0
 PDFText=
 IndexPDFLevel=0
 IndexPDFText=
 IssueCondition=True
 bPageWrap=False
 bBottomAligned=False
 [@Lines]
  {
  [Lines]
   {
   [Line]
	{
	[Font]
	 {
	 Default=True
	 }
	Align=0
	Adjusted=False
	Uneraseable=False
	LineWrap=1
	PageWrapAllowed=True
	ForceWrap=False
	SpaceOptimization=True
	Spacing.Paragraph=0
	Spacing.Line=2
	OutputFormatter=
	Condition=True
	Text="moveta r.V.k.V." + Chr$ (13) +§"Rechnungsabteilung" + Chr$ (13) + §"Postfach 1363" + Chr$ (13) + §"31003 Elze"
	Tab=0
	TabAlign=0
	}
   }
  }
[Object]
 ObjectID=1
 ObjectName=Text
 Locked=FALSE
 LinkID=9
 LinkToID=0
 LinkMode=32
 LayerID=0
 GroupID=0
 Identifier=
 Condition=True
 UserLocked=False
 WrapBefore=False
 ExportAsPicture=False
 Position/Left=110000
 Position/Top=65000
 Position/Width=15000
 Position/Height=5000
 Direction=0
 bFill=False
 Frame/Layout=0
 Frame/Left/Spacing=0
 Frame/Left/Line=False
 Frame/Top/Spacing=0
 Frame/Top/Line=False
 Frame/Right/Spacing=0
 Frame/Right/Line=False
 Frame/Bottom/Spacing=0
 Frame/Bottom/Line=False
 PDFLevel=0
 PDFText=
 IndexPDFLevel=0
 IndexPDFText=
 IssueCondition=True
 bPageWrap=False
 bBottomAligned=False
 [@Lines]
  {
  [Lines]
   {
   [Line]
	{
	[Font]
	 {
	 Default=True
	 }
	Align=0
	Adjusted=False
	Uneraseable=False
	LineWrap=1
	PageWrapAllowed=True
	ForceWrap=False
	SpaceOptimization=True
	Spacing.Paragraph=0
	Spacing.Line=0
	OutputFormatter=
	Condition=True
	Text="TA-Nr. :"
	Tab=0
	TabAlign=0
	}
   }
  }
[Object]
 ObjectID=1
 ObjectName=Text
 Locked=FALSE
 LinkID=54
 LinkToID=0
 LinkMode=32
 LayerID=0
 GroupID=0
 Identifier=
 Condition=True
 UserLocked=False
 WrapBefore=False
 ExportAsPicture=False
 Position/Left=125000
 Position/Top=65000
 Position/Width=55000
 Position/Height=25000
 Direction=0
 bFill=False
 Frame/Layout=0
 Frame/Left/Spacing=0
 Frame/Left/Line=False
 Frame/Top/Spacing=0
 Frame/Top/Line=False
 Frame/Right/Spacing=0
 Frame/Right/Line=False
 Frame/Bottom/Spacing=0
 Frame/Bottom/Line=False
 PDFLevel=0
 PDFText=
 IndexPDFLevel=0
 IndexPDFText=
 IssueCondition=True
 bPageWrap=False
 bBottomAligned=False
 [@Lines]
  {
  [Lines]
   {
   [Line]
	{
	[Font]
	 {
	 Default=False
	 FaceName="Times New Roman"
	 GdiCharSet=0
	 Size=10
	 Width=0
	 Bold=True
	 Italic=False
	 Underline=False
	 Strikeout=False
	 Color=RGB(0,0,0)
	 PitchAndFamily=18
	 OutPrecision=3
	 }
	Align=0
	Adjusted=False
	Uneraseable=False
	LineWrap=1
	PageWrapAllowed=True
	ForceWrap=False
	SpaceOptimization=True
	Spacing.Paragraph=0
	Spacing.Line=2
	OutputFormatter=DOUBLE
	[OutputFormatter.DOUBLE]
	 {
	 DecimalCharType=-2
	 ThousandsCharType=0
	 NegativeFormatType=-2
	 Decimals=0
	 EmptyIfBool=False
	 LeadingZero=True
	 ExponentialFormat=0
	 Units=
	 RemoveTrailingZeroes=False
	 }
	Condition=True
	Text=vMitglied.Nr
	Tab=0
	TabAlign=0
	}
   [Line]
	{
	[Font]
	 {
	 Default=True
	 }
	Align=0
	Adjusted=False
	Uneraseable=False
	LineWrap=1
	PageWrapAllowed=True
	ForceWrap=False
	SpaceOptimization=True
	Spacing.Paragraph=0
	Spacing.Line=2
	OutputFormatter=
	Condition=True
	Text=vMitglied.Name1
	Tab=0
	TabAlign=0
	}
   [Line]
	{
	[Font]
	 {
	 Default=True
	 }
	Align=0
	Adjusted=False
	Uneraseable=False
	LineWrap=1
	PageWrapAllowed=True
	ForceWrap=False
	SpaceOptimization=True
	Spacing.Paragraph=0
	Spacing.Line=2
	OutputFormatter=
	Condition=True
	Text=vMitglied.Name2
	Tab=0
	TabAlign=0
	}
   [Line]
	{
	[Font]
	 {
	 Default=True
	 }
	Align=0
	Adjusted=False
	Uneraseable=False
	LineWrap=1
	PageWrapAllowed=True
	ForceWrap=False
	SpaceOptimization=True
	Spacing.Paragraph=0
	Spacing.Line=2
	OutputFormatter=
	Condition=True
	Text=vMitglied.Strasse
	Tab=0
	TabAlign=0
	}
   [Line]
	{
	[Font]
	 {
	 Default=True
	 }
	Align=0
	Adjusted=False
	Uneraseable=False
	LineWrap=1
	PageWrapAllowed=True
	ForceWrap=False
	SpaceOptimization=True
	Spacing.Paragraph=0
	Spacing.Line=2
	OutputFormatter=
	Condition=True
	Text=vMitglied.Ort
	Tab=0
	TabAlign=0
	}
   }
  }
[Object]
 ObjectID=1
 ObjectName=Text
 Locked=FALSE
 LinkID=58
 LinkToID=0
 LinkMode=32
 LayerID=0
 GroupID=0
 Identifier=
 Condition=True
 UserLocked=False
 WrapBefore=False
 ExportAsPicture=False
 Position/Left=20000
 Position/Top=105000
 Position/Width=15000
 Position/Height=5000
 Direction=0
 bFill=False
 Frame/Layout=0
 Frame/Left/Spacing=0
 Frame/Left/Line=False
 Frame/Top/Spacing=0
 Frame/Top/Line=False
 Frame/Right/Spacing=0
 Frame/Right/Line=False
 Frame/Bottom/Spacing=0
 Frame/Bottom/Line=False
 PDFLevel=0
 PDFText=
 IndexPDFLevel=0
 IndexPDFText=
 IssueCondition=True
 bPageWrap=False
 bBottomAligned=False
 [@Lines]
  {
  [Lines]
   {
   [Line]
	{
	[Font]
	 {
	 Default=True
	 }
	Align=0
	Adjusted=False
	Uneraseable=False
	LineWrap=1
	PageWrapAllowed=True
	ForceWrap=False
	SpaceOptimization=True
	Spacing.Paragraph=0
	Spacing.Line=0
	OutputFormatter=
	Condition=True
	Text="Datum"
	Tab=0
	TabAlign=0
	}
   }
  }
[Object]
 ObjectID=1
 ObjectName=Text
 Locked=FALSE
 LinkID=62
 LinkToID=0
 LinkMode=32
 LayerID=0
 GroupID=0
 Identifier=
 Condition=True
 UserLocked=False
 WrapBefore=False
 ExportAsPicture=False
 Position/Left=45000
 Position/Top=105000
 Position/Width=5000
 Position/Height=10000
 Direction=0
 bFill=False
 Frame/Layout=0
 Frame/Left/Spacing=0
 Frame/Left/Line=False
 Frame/Top/Spacing=0
 Frame/Top/Line=False
 Frame/Right/Spacing=0
 Frame/Right/Line=False
 Frame/Bottom/Spacing=0
 Frame/Bottom/Line=False
 PDFLevel=0
 PDFText=
 IndexPDFLevel=0
 IndexPDFText=
 IssueCondition=True
 bPageWrap=False
 bBottomAligned=False
 [@Lines]
  {
  [Lines]
   {
   [Line]
	{
	[Font]
	 {
	 Default=True
	 }
	Align=0
	Adjusted=False
	Uneraseable=False
	LineWrap=1
	PageWrapAllowed=True
	ForceWrap=False
	SpaceOptimization=True
	Spacing.Paragraph=0
	Spacing.Line=2
	OutputFormatter=
	Condition=True
	Text="TA"
	Tab=0
	TabAlign=0
	}
   [Line]
	{
	[Font]
	 {
	 Default=False
	 FaceName="Wingdings"
	 GdiCharSet=2
	 Size=10
	 Width=0
	 Bold=False
	 Italic=False
	 Underline=False
	 Strikeout=False
	 Color=RGB(0,0,0)
	 PitchAndFamily=2
	 OutPrecision=3
	 }
	Align=0
	Adjusted=False
	Uneraseable=False
	LineWrap=1
	PageWrapAllowed=True
	ForceWrap=False
	SpaceOptimization=True
	Spacing.Paragraph=0
	Spacing.Line=2
	OutputFormatter=
	Condition=True
	Text="å"
	Tab=0
	TabAlign=0
	}
   }
  }
[Object]
 ObjectID=1
 ObjectName=Text
 Locked=FALSE
 LinkID=72
 LinkToID=0
 LinkMode=32
 LayerID=0
 GroupID=0
 Identifier=
 Condition=True
 UserLocked=False
 WrapBefore=False
 ExportAsPicture=False
 Position/Left=50000
 Position/Top=105000
 Position/Width=5000
 Position/Height=10000
 Direction=0
 bFill=False
 Frame/Layout=0
 Frame/Left/Spacing=0
 Frame/Left/Line=False
 Frame/Top/Spacing=0
 Frame/Top/Line=False
 Frame/Right/Spacing=0
 Frame/Right/Line=False
 Frame/Bottom/Spacing=0
 Frame/Bottom/Line=False
 PDFLevel=0
 PDFText=
 IndexPDFLevel=0
 IndexPDFText=
 IssueCondition=True
 bPageWrap=False
 bBottomAligned=False
 [@Lines]
  {
  [Lines]
   {
   [Line]
	{
	[Font]
	 {
	 Default=True
	 }
	Align=0
	Adjusted=False
	Uneraseable=False
	LineWrap=1
	PageWrapAllowed=True
	ForceWrap=False
	SpaceOptimization=True
	Spacing.Paragraph=0
	Spacing.Line=2
	OutputFormatter=
	Condition=True
	Text="Ab"
	Tab=0
	TabAlign=0
	}
   [Line]
	{
	[Font]
	 {
	 Default=False
	 FaceName="Wingdings"
	 GdiCharSet=2
	 Size=10
	 Width=0
	 Bold=False
	 Italic=False
	 Underline=False
	 Strikeout=False
	 Color=RGB(0,0,0)
	 PitchAndFamily=2
	 OutPrecision=3
	 }
	Align=0
	Adjusted=False
	Uneraseable=False
	LineWrap=1
	PageWrapAllowed=True
	ForceWrap=False
	SpaceOptimization=True
	Spacing.Paragraph=0
	Spacing.Line=2
	OutputFormatter=
	Condition=True
	Text="ç"
	Tab=0
	TabAlign=0
	}
   }
  }
[Object]
 ObjectID=1
 ObjectName=Text
 Locked=FALSE
 LinkID=79
 LinkToID=0
 LinkMode=32
 LayerID=0
 GroupID=0
 Identifier=
 Condition=True
 UserLocked=False
 WrapBefore=False
 ExportAsPicture=False
 Position/Left=55000
 Position/Top=105000
 Position/Width=20000
 Position/Height=5000
 Direction=0
 bFill=False
 Frame/Layout=0
 Frame/Left/Spacing=0
 Frame/Left/Line=False
 Frame/Top/Spacing=0
 Frame/Top/Line=False
 Frame/Right/Spacing=0
 Frame/Right/Line=False
 Frame/Bottom/Spacing=0
 Frame/Bottom/Line=False
 PDFLevel=0
 PDFText=
 IndexPDFLevel=0
 IndexPDFText=
 IssueCondition=True
 bPageWrap=False
 bBottomAligned=False
 [@Lines]
  {
  [Lines]
   {
   [Line]
	{
	[Font]
	 {
	 Default=True
	 }
	Align=0
	Adjusted=False
	Uneraseable=False
	LineWrap=1
	PageWrapAllowed=True
	ForceWrap=False
	SpaceOptimization=True
	Spacing.Paragraph=0
	Spacing.Line=0
	OutputFormatter=
	Condition=True
	Text="Kunden-Nr"
	Tab=0
	TabAlign=0
	}
   }
  }
[Object]
 ObjectID=1
 ObjectName=Text
 Locked=FALSE
 LinkID=86
 LinkToID=0
 LinkMode=32
 LayerID=0
 GroupID=0
 Identifier=
 Condition=True
 UserLocked=False
 WrapBefore=False
 ExportAsPicture=False
 Position/Left=75000
 Position/Top=105000
 Position/Width=30000
 Position/Height=5000
 Direction=0
 bFill=False
 Frame/Layout=0
 Frame/Left/Spacing=0
 Frame/Left/Line=False
 Frame/Top/Spacing=0
 Frame/Top/Line=False
 Frame/Right/Spacing=0
 Frame/Right/Line=False
 Frame/Bottom/Spacing=0
 Frame/Bottom/Line=False
 PDFLevel=0
 PDFText=
 IndexPDFLevel=0
 IndexPDFText=
 IssueCondition=True
 bPageWrap=False
 bBottomAligned=False
 [@Lines]
  {
  [Lines]
   {
   [Line]
	{
	[Font]
	 {
	 Default=True
	 }
	Align=0
	Adjusted=False
	Uneraseable=False
	LineWrap=1
	PageWrapAllowed=True
	ForceWrap=False
	SpaceOptimization=True
	Spacing.Paragraph=0
	Spacing.Line=0
	OutputFormatter=
	Condition=True
	Text="Kunden-Adresse"
	Tab=0
	TabAlign=0
	}
   }
  }
[Object]
 ObjectID=1
 ObjectName=Text
 Locked=FALSE
 LinkID=91
 LinkToID=0
 LinkMode=32
 LayerID=0
 GroupID=0
 Identifier=
 Condition=True
 UserLocked=False
 WrapBefore=False
 ExportAsPicture=False
 Position/Left=145000
 Position/Top=105000
 Position/Width=20000
 Position/Height=10000
 Direction=0
 bFill=False
 Frame/Layout=0
 Frame/Left/Spacing=0
 Frame/Left/Line=False
 Frame/Top/Spacing=0
 Frame/Top/Line=False
 Frame/Right/Spacing=0
 Frame/Right/Line=False
 Frame/Bottom/Spacing=0
 Frame/Bottom/Line=False
 PDFLevel=0
 PDFText=
 IndexPDFLevel=0
 IndexPDFText=
 IssueCondition=True
 bPageWrap=False
 bBottomAligned=False
 [@Lines]
  {
  [Lines]
   {
   [Line]
	{
	[Font]
	 {
	 Default=True
	 }
	Align=0
	Adjusted=False
	Uneraseable=False
	LineWrap=1
	PageWrapAllowed=True
	ForceWrap=False
	SpaceOptimization=True
	Spacing.Paragraph=0
	Spacing.Line=2
	OutputFormatter=
	Condition=True
	Text="Menge" + Chr$ (13) + §"in Dosen"
	Tab=0
	TabAlign=0
	}
   }
  }
[Object]
 ObjectID=1
 ObjectName=Text
 Locked=FALSE
 LinkID=101
 LinkToID=0
 LinkMode=32
 LayerID=0
 GroupID=0
 Identifier=
 Condition=True
 UserLocked=False
 WrapBefore=False
 ExportAsPicture=False
 Position/Left=165000
 Position/Top=105000
 Position/Width=30000
 Position/Height=5000
 Direction=0
 bFill=False
 Frame/Layout=0
 Frame/Left/Spacing=0
 Frame/Left/Line=False
 Frame/Top/Spacing=0
 Frame/Top/Line=False
 Frame/Right/Spacing=0
 Frame/Right/Line=False
 Frame/Bottom/Spacing=0
 Frame/Bottom/Line=False
 PDFLevel=0
 PDFText=
 IndexPDFLevel=0
 IndexPDFText=
 IssueCondition=True
 bPageWrap=False
 bBottomAligned=False
 [@Lines]
  {
  [Lines]
   {
   [Line]
	{
	[Font]
	 {
	 Default=True
	 }
	Align=0
	Adjusted=False
	Uneraseable=False
	LineWrap=1
	PageWrapAllowed=True
	ForceWrap=False
	SpaceOptimization=True
	Spacing.Paragraph=0
	Spacing.Line=0
	OutputFormatter=
	Condition=True
	Text="Unterschrift"
	Tab=0
	TabAlign=0
	}
   }
  }
[Object]
 ObjectID=1
 ObjectName=Text
 Locked=FALSE
 LinkID=572
 LinkToID=0
 LinkMode=32
 LayerID=0
 GroupID=0
 Identifier=
 Condition=True
 UserLocked=False
 WrapBefore=False
 ExportAsPicture=False
 Position/Left=20000
 Position/Top=245000
 Position/Width=5000
 Position/Height=10000
 Direction=0
 bFill=False
 Frame/Layout=0
 Frame/Left/Spacing=0
 Frame/Left/Line=False
 Frame/Top/Spacing=0
 Frame/Top/Line=False
 Frame/Right/Spacing=0
 Frame/Right/Line=False
 Frame/Bottom/Spacing=0
 Frame/Bottom/Line=False
 PDFLevel=0
 PDFText=
 IndexPDFLevel=0
 IndexPDFText=
 IssueCondition=True
 bPageWrap=False
 bBottomAligned=False
 [@Lines]
  {
  [Lines]
   {
   [Line]
	{
	[Font]
	 {
	 Default=False
	 FaceName="Wingdings"
	 GdiCharSet=2
	 Size=10
	 Width=0
	 Bold=False
	 Italic=False
	 Underline=False
	 Strikeout=False
	 Color=RGB(0,0,0)
	 PitchAndFamily=2
	 OutPrecision=3
	 }
	Align=0
	Adjusted=False
	Uneraseable=False
	LineWrap=1
	PageWrapAllowed=True
	ForceWrap=False
	SpaceOptimization=True
	Spacing.Paragraph=0
	Spacing.Line=2
	OutputFormatter=
	Condition=True
	Text="å" + Chr$ (13) + §"ç"
	Tab=0
	TabAlign=0
	}
   }
  }
[Object]
 ObjectID=1
 ObjectName=Text
 Locked=FALSE
 LinkID=619
 LinkToID=0
 LinkMode=32
 LayerID=0
 GroupID=0
 Identifier=
 Condition=True
 UserLocked=False
 WrapBefore=False
 ExportAsPicture=False
 Position/Left=25000
 Position/Top=245000
 Position/Width=100000
 Position/Height=10000
 Direction=0
 bFill=False
 Frame/Layout=0
 Frame/Left/Spacing=0
 Frame/Left/Line=False
 Frame/Top/Spacing=0
 Frame/Top/Line=False
 Frame/Right/Spacing=0
 Frame/Right/Line=False
 Frame/Bottom/Spacing=0
 Frame/Bottom/Line=False
 PDFLevel=0
 PDFText=
 IndexPDFLevel=0
 IndexPDFText=
 IssueCondition=True
 bPageWrap=False
 bBottomAligned=False
 [@Lines]
  {
  [Lines]
   {
   [Line]
	{
	[Font]
	 {
	 Default=True
	 }
	Align=0
	Adjusted=False
	Uneraseable=False
	LineWrap=1
	PageWrapAllowed=True
	ForceWrap=False
	SpaceOptimization=True
	Spacing.Paragraph=0
	Spacing.Line=2
	OutputFormatter=
	Condition=True
	Text="TA = durch Tierarzt geimpft" + Chr$ (13) + §"Se = an den Landwirt gem. Impfkontrollbuch abgegeben"
	Tab=0
	TabAlign=0
	}
   }
  }
[Object]
 ObjectID=1
 ObjectName=Text
 Locked=FALSE
 LinkID=636
 LinkToID=0
 LinkMode=32
 LayerID=0
 GroupID=0
 Identifier=
 Condition=True
 UserLocked=False
 WrapBefore=False
 ExportAsPicture=False
 Position/Left=20000
 Position/Top=255000
 Position/Width=30000
 Position/Height=5000
 Direction=0
 bFill=False
 Frame/Layout=0
 Frame/Left/Spacing=0
 Frame/Left/Line=False
 Frame/Top/Spacing=0
 Frame/Top/Line=False
 Frame/Right/Spacing=0
 Frame/Right/Line=False
 Frame/Bottom/Spacing=0
 Frame/Bottom/Line=False
 PDFLevel=0
 PDFText=
 IndexPDFLevel=0
 IndexPDFText=
 IssueCondition=True
 bPageWrap=False
 bBottomAligned=False
 [@Lines]
  {
  [Lines]
   {
   [Line]
	{
	[Font]
	 {
	 Default=True
	 }
	Align=0
	Adjusted=False
	Uneraseable=False
	LineWrap=1
	PageWrapAllowed=True
	ForceWrap=False
	SpaceOptimization=True
	Spacing.Paragraph=0
	Spacing.Line=0
	OutputFormatter=
	Condition=True
	Text="(Bitte ankreuzen)"
	Tab=0
	TabAlign=0
	}
   }
  }
[Object]
 ObjectID=1
 ObjectName=Text
 Locked=FALSE
 LinkID=646
 LinkToID=0
 LinkMode=32
 LayerID=0
 GroupID=0
 Identifier=
 Condition=True
 UserLocked=False
 WrapBefore=False
 ExportAsPicture=False
 Position/Left=20000
 Position/Top=265000
 Position/Width=175000
 Position/Height=10000
 Direction=0
 bFill=False
 Frame/Layout=0
 Frame/Left/Spacing=0
 Frame/Left/Line=False
 Frame/Top/Spacing=0
 Frame/Top/Line=False
 Frame/Right/Spacing=0
 Frame/Right/Line=False
 Frame/Bottom/Spacing=0
 Frame/Bottom/Line=False
 PDFLevel=0
 PDFText=
 IndexPDFLevel=0
 IndexPDFText=
 IssueCondition=True
 bPageWrap=False
 bBottomAligned=False
 [@Lines]
  {
  [Lines]
   {
   [Line]
	{
	[Font]
	 {
	 Default=False
	 FaceName="Times New Roman"
	 GdiCharSet=0
	 Size=9
	 Width=0
	 Bold=False
	 Italic=False
	 Underline=False
	 Strikeout=False
	 Color=RGB(0,0,0)
	 PitchAndFamily=18
	 OutPrecision=3
	 }
	Align=0
	Adjusted=False
	Uneraseable=False
	LineWrap=1
	PageWrapAllowed=True
	ForceWrap=False
	SpaceOptimization=True
	Spacing.Paragraph=0
	Spacing.Line=2
	OutputFormatter=
	Condition=True
	Text="Mit ‹bersendung dieser Auflistung wird moveta der Auftrag erteilt, f¸r obige Kunden die Rechnung entsprechend den" + Chr$ (13) +§"getroffenen Vereinbarungen zu erstellen"
	Tab=0
	TabAlign=0
	}
   }
  }
[Object]
 ObjectID=2
 ObjectName=Rechteck
 Locked=FALSE
 LinkID=864
 LinkToID=0
 LinkMode=32
 LayerID=0
 GroupID=0
 Identifier=
 Condition=True
 UserLocked=False
 WrapBefore=False
 ExportAsPicture=False
 Position/Left=45000
 Position/Top=147500
 Position/Width=5000
 Position/Height=7500
 Direction=0
 PDFLevel=0
 PDFText=
 IndexPDFLevel=0
 IndexPDFText=
 IssueCondition=True
 bFrame=True
 FgColor=RGB(0,0,0)
 Width=100
 bFill=True
 Raster=1
 BkColor=RGB(255,255,255)
 bShadow=False
 Rounding=0
[Object]
 ObjectID=2
 ObjectName=Rechteck
 Locked=FALSE
 LinkID=866
 LinkToID=0
 LinkMode=32
 LayerID=0
 GroupID=0
 Identifier=
 Condition=True
 UserLocked=False
 WrapBefore=False
 ExportAsPicture=False
 Position/Left=45000
 Position/Top=170000
 Position/Width=5000
 Position/Height=7500
 Direction=0
 PDFLevel=0
 PDFText=
 IndexPDFLevel=0
 IndexPDFText=
 IssueCondition=True
 bFrame=True
 FgColor=RGB(0,0,0)
 Width=100
 bFill=True
 Raster=1
 BkColor=RGB(255,255,255)
 bShadow=False
 Rounding=0
[Object]
 ObjectID=2
 ObjectName=Rechteck
 Locked=FALSE
 LinkID=868
 LinkToID=0
 LinkMode=32
 LayerID=0
 GroupID=0
 Identifier=
 Condition=True
 UserLocked=False
 WrapBefore=False
 ExportAsPicture=False
 Position/Left=45000
 Position/Top=162500
 Position/Width=5000
 Position/Height=7500
 Direction=0
 PDFLevel=0
 PDFText=
 IndexPDFLevel=0
 IndexPDFText=
 IssueCondition=True
 bFrame=True
 FgColor=RGB(0,0,0)
 Width=100
 bFill=True
 Raster=1
 BkColor=RGB(255,255,255)
 bShadow=False
 Rounding=0
[Object]
 ObjectID=2
 ObjectName=Rechteck
 Locked=FALSE
 LinkID=870
 LinkToID=0
 LinkMode=32
 LayerID=0
 GroupID=0
 Identifier=
 Condition=True
 UserLocked=False
 WrapBefore=False
 ExportAsPicture=False
 Position/Left=45000
 Position/Top=155000
 Position/Width=5000
 Position/Height=7500
 Direction=0
 PDFLevel=0
 PDFText=
 IndexPDFLevel=0
 IndexPDFText=
 IssueCondition=True
 bFrame=True
 FgColor=RGB(0,0,0)
 Width=100
 bFill=True
 Raster=1
 BkColor=RGB(255,255,255)
 bShadow=False
 Rounding=0
[Object]
 ObjectID=2
 ObjectName=Rechteck
 Locked=FALSE
 LinkID=872
 LinkToID=0
 LinkMode=32
 LayerID=0
 GroupID=0
 Identifier=
 Condition=True
 UserLocked=False
 WrapBefore=False
 ExportAsPicture=False
 Position/Left=50000
 Position/Top=147500
 Position/Width=5000
 Position/Height=7500
 Direction=0
 PDFLevel=0
 PDFText=
 IndexPDFLevel=0
 IndexPDFText=
 IssueCondition=True
 bFrame=True
 FgColor=RGB(0,0,0)
 Width=100
 bFill=True
 Raster=1
 BkColor=RGB(255,255,255)
 bShadow=False
 Rounding=0
[Object]
 ObjectID=2
 ObjectName=Rechteck
 Locked=FALSE
 LinkID=874
 LinkToID=0
 LinkMode=32
 LayerID=0
 GroupID=0
 Identifier=
 Condition=True
 UserLocked=False
 WrapBefore=False
 ExportAsPicture=False
 Position/Left=50000
 Position/Top=170000
 Position/Width=5000
 Position/Height=7500
 Direction=0
 PDFLevel=0
 PDFText=
 IndexPDFLevel=0
 IndexPDFText=
 IssueCondition=True
 bFrame=True
 FgColor=RGB(0,0,0)
 Width=100
 bFill=True
 Raster=1
 BkColor=RGB(255,255,255)
 bShadow=False
 Rounding=0
[Object]
 ObjectID=2
 ObjectName=Rechteck
 Locked=FALSE
 LinkID=876
 LinkToID=0
 LinkMode=32
 LayerID=0
 GroupID=0
 Identifier=
 Condition=True
 UserLocked=False
 WrapBefore=False
 ExportAsPicture=False
 Position/Left=50000
 Position/Top=162500
 Position/Width=5000
 Position/Height=7500
 Direction=0
 PDFLevel=0
 PDFText=
 IndexPDFLevel=0
 IndexPDFText=
 IssueCondition=True
 bFrame=True
 FgColor=RGB(0,0,0)
 Width=100
 bFill=True
 Raster=1
 BkColor=RGB(255,255,255)
 bShadow=False
 Rounding=0
[Object]
 ObjectID=2
 ObjectName=Rechteck
 Locked=FALSE
 LinkID=878
 LinkToID=0
 LinkMode=32
 LayerID=0
 GroupID=0
 Identifier=
 Condition=True
 UserLocked=False
 WrapBefore=False
 ExportAsPicture=False
 Position/Left=50000
 Position/Top=155000
 Position/Width=5000
 Position/Height=7500
 Direction=0
 PDFLevel=0
 PDFText=
 IndexPDFLevel=0
 IndexPDFText=
 IssueCondition=True
 bFrame=True
 FgColor=RGB(0,0,0)
 Width=100
 bFill=True
 Raster=1
 BkColor=RGB(255,255,255)
 bShadow=False
 Rounding=0
[Object]
 ObjectID=2
 ObjectName=Rechteck
 Locked=FALSE
 LinkID=880
 LinkToID=0
 LinkMode=32
 LayerID=0
 GroupID=0
 Identifier=
 Condition=True
 UserLocked=False
 WrapBefore=False
 ExportAsPicture=False
 Position/Left=55000
 Position/Top=147500
 Position/Width=20000
 Position/Height=30000
 Direction=0
 PDFLevel=0
 PDFText=
 IndexPDFLevel=0
 IndexPDFText=
 IssueCondition=True
 bFrame=True
 FgColor=RGB(0,0,0)
 Width=100
 bFill=True
 Raster=1
 BkColor=RGB(255,255,255)
 bShadow=False
 Rounding=0
[Object]
 ObjectID=1
 ObjectName=Text
 Locked=FALSE
 LinkID=882
 LinkToID=0
 LinkMode=32
 LayerID=0
 GroupID=0
 Identifier=
 Condition=True
 UserLocked=False
 WrapBefore=False
 ExportAsPicture=False
 Position/Left=55000
 Position/Top=152500
 Position/Width=20000
 Position/Height=20000
 Direction=0
 bFill=False
 Frame/Layout=0
 Frame/Left/Spacing=0
 Frame/Left/Line=False
 Frame/Top/Spacing=0
 Frame/Top/Line=False
 Frame/Right/Spacing=0
 Frame/Right/Line=False
 Frame/Bottom/Spacing=0
 Frame/Bottom/Line=False
 PDFLevel=0
 PDFText=
 IndexPDFLevel=0
 IndexPDFText=
 IssueCondition=True
 bPageWrap=False
 bBottomAligned=False
 [@Lines]
  {
  [Lines]
   {
   [Line]
	{
	[Font]
	 {
	 Default=True
	 }
	Align=1
	Adjusted=False
	Uneraseable=False
	LineWrap=1
	PageWrapAllowed=True
	ForceWrap=False
	SpaceOptimization=True
	Spacing.Paragraph=0
	Spacing.Line=0
	OutputFormatter=
	Condition=True
	Text="wird" + Chr$ (13) + §"von der" + Chr$ (13) + §"TVN" + Chr$ (13) + §"ausgef¸llt !"
	Tab=0
	TabAlign=0
	}
   }
  }
[Object]
 ObjectID=2
 ObjectName=Rechteck
 Locked=FALSE
 LinkID=884
 LinkToID=0
 LinkMode=32
 LayerID=0
 GroupID=0
 Identifier=
 Condition=True
 UserLocked=False
 WrapBefore=False
 ExportAsPicture=False
 Position/Left=75000
 Position/Top=147500
 Position/Width=70000
 Position/Height=30000
 Direction=0
 PDFLevel=0
 PDFText=
 IndexPDFLevel=0
 IndexPDFText=
 IssueCondition=True
 bFrame=True
 FgColor=RGB(0,0,0)
 Width=100
 bFill=True
 Raster=1
 BkColor=RGB(255,255,255)
 bShadow=False
 Rounding=0
[Object]
 ObjectID=2
 ObjectName=Rechteck
 Locked=FALSE
 LinkID=886
 LinkToID=0
 LinkMode=32
 LayerID=0
 GroupID=0
 Identifier=
 Condition=True
 UserLocked=False
 WrapBefore=False
 ExportAsPicture=False
 Position/Left=145000
 Position/Top=147500
 Position/Width=20000
 Position/Height=7500
 Direction=0
 PDFLevel=0
 PDFText=
 IndexPDFLevel=0
 IndexPDFText=
 IssueCondition=True
 bFrame=True
 FgColor=RGB(0,0,0)
 Width=100
 bFill=True
 Raster=1
 BkColor=RGB(255,255,255)
 bShadow=False
 Rounding=0
[Object]
 ObjectID=2
 ObjectName=Rechteck
 Locked=FALSE
 LinkID=888
 LinkToID=0
 LinkMode=32
 LayerID=0
 GroupID=0
 Identifier=
 Condition=True
 UserLocked=False
 WrapBefore=False
 ExportAsPicture=False
 Position/Left=145000
 Position/Top=170000
 Position/Width=20000
 Position/Height=7500
 Direction=0
 PDFLevel=0
 PDFText=
 IndexPDFLevel=0
 IndexPDFText=
 IssueCondition=True
 bFrame=True
 FgColor=RGB(0,0,0)
 Width=100
 bFill=True
 Raster=1
 BkColor=RGB(255,255,255)
 bShadow=False
 Rounding=0
[Object]
 ObjectID=2
 ObjectName=Rechteck
 Locked=FALSE
 LinkID=890
 LinkToID=0
 LinkMode=32
 LayerID=0
 GroupID=0
 Identifier=
 Condition=True
 UserLocked=False
 WrapBefore=False
 ExportAsPicture=False
 Position/Left=145000
 Position/Top=162500
 Position/Width=20000
 Position/Height=7500
 Direction=0
 PDFLevel=0
 PDFText=
 IndexPDFLevel=0
 IndexPDFText=
 IssueCondition=True
 bFrame=True
 FgColor=RGB(0,0,0)
 Width=100
 bFill=True
 Raster=1
 BkColor=RGB(255,255,255)
 bShadow=False
 Rounding=0
[Object]
 ObjectID=2
 ObjectName=Rechteck
 Locked=FALSE
 LinkID=892
 LinkToID=0
 LinkMode=32
 LayerID=0
 GroupID=0
 Identifier=
 Condition=True
 UserLocked=False
 WrapBefore=False
 ExportAsPicture=False
 Position/Left=145000
 Position/Top=155000
 Position/Width=20000
 Position/Height=7500
 Direction=0
 PDFLevel=0
 PDFText=
 IndexPDFLevel=0
 IndexPDFText=
 IssueCondition=True
 bFrame=True
 FgColor=RGB(0,0,0)
 Width=100
 bFill=True
 Raster=1
 BkColor=RGB(255,255,255)
 bShadow=False
 Rounding=0
[Object]
 ObjectID=2
 ObjectName=Rechteck
 Locked=FALSE
 LinkID=894
 LinkToID=0
 LinkMode=32
 LayerID=0
 GroupID=0
 Identifier=
 Condition=True
 UserLocked=False
 WrapBefore=False
 ExportAsPicture=False
 Position/Left=165000
 Position/Top=147500
 Position/Width=30000
 Position/Height=7500
 Direction=0
 PDFLevel=0
 PDFText=
 IndexPDFLevel=0
 IndexPDFText=
 IssueCondition=True
 bFrame=True
 FgColor=RGB(0,0,0)
 Width=100
 bFill=True
 Raster=1
 BkColor=RGB(255,255,255)
 bShadow=False
 Rounding=0
[Object]
 ObjectID=2
 ObjectName=Rechteck
 Locked=FALSE
 LinkID=896
 LinkToID=0
 LinkMode=32
 LayerID=0
 GroupID=0
 Identifier=
 Condition=True
 UserLocked=False
 WrapBefore=False
 ExportAsPicture=False
 Position/Left=165000
 Position/Top=170000
 Position/Width=30000
 Position/Height=7500
 Direction=0
 PDFLevel=0
 PDFText=
 IndexPDFLevel=0
 IndexPDFText=
 IssueCondition=True
 bFrame=True
 FgColor=RGB(0,0,0)
 Width=100
 bFill=True
 Raster=1
 BkColor=RGB(255,255,255)
 bShadow=False
 Rounding=0
[Object]
 ObjectID=2
 ObjectName=Rechteck
 Locked=FALSE
 LinkID=898
 LinkToID=0
 LinkMode=32
 LayerID=0
 GroupID=0
 Identifier=
 Condition=True
 UserLocked=False
 WrapBefore=False
 ExportAsPicture=False
 Position/Left=165000
 Position/Top=162500
 Position/Width=30000
 Position/Height=7500
 Direction=0
 PDFLevel=0
 PDFText=
 IndexPDFLevel=0
 IndexPDFText=
 IssueCondition=True
 bFrame=True
 FgColor=RGB(0,0,0)
 Width=100
 bFill=True
 Raster=1
 BkColor=RGB(255,255,255)
 bShadow=False
 Rounding=0
[Object]
 ObjectID=2
 ObjectName=Rechteck
 Locked=FALSE
 LinkID=900
 LinkToID=0
 LinkMode=32
 LayerID=0
 GroupID=0
 Identifier=
 Condition=True
 UserLocked=False
 WrapBefore=False
 ExportAsPicture=False
 Position/Left=165000
 Position/Top=155000
 Position/Width=30000
 Position/Height=7500
 Direction=0
 PDFLevel=0
 PDFText=
 IndexPDFLevel=0
 IndexPDFText=
 IssueCondition=True
 bFrame=True
 FgColor=RGB(0,0,0)
 Width=100
 bFill=True
 Raster=1
 BkColor=RGB(255,255,255)
 bShadow=False
 Rounding=0
[Object]
 ObjectID=2
 ObjectName=Rechteck
 Locked=FALSE
 LinkID=902
 LinkToID=0
 LinkMode=32
 LayerID=0
 GroupID=0
 Identifier=
 Condition=True
 UserLocked=False
 WrapBefore=False
 ExportAsPicture=False
 Position/Left=20000
 Position/Top=147500
 Position/Width=25000
 Position/Height=7500
 Direction=0
 PDFLevel=0
 PDFText=
 IndexPDFLevel=0
 IndexPDFText=
 IssueCondition=True
 bFrame=True
 FgColor=RGB(0,0,0)
 Width=100
 bFill=True
 Raster=1
 BkColor=RGB(255,255,255)
 bShadow=False
 Rounding=0
[Object]
 ObjectID=2
 ObjectName=Rechteck
 Locked=FALSE
 LinkID=904
 LinkToID=0
 LinkMode=32
 LayerID=0
 GroupID=0
 Identifier=
 Condition=True
 UserLocked=False
 WrapBefore=False
 ExportAsPicture=False
 Position/Left=20000
 Position/Top=170000
 Position/Width=25000
 Position/Height=7500
 Direction=0
 PDFLevel=0
 PDFText=
 IndexPDFLevel=0
 IndexPDFText=
 IssueCondition=True
 bFrame=True
 FgColor=RGB(0,0,0)
 Width=100
 bFill=True
 Raster=1
 BkColor=RGB(255,255,255)
 bShadow=False
 Rounding=0
[Object]
 ObjectID=2
 ObjectName=Rechteck
 Locked=FALSE
 LinkID=906
 LinkToID=0
 LinkMode=32
 LayerID=0
 GroupID=0
 Identifier=
 Condition=True
 UserLocked=False
 WrapBefore=False
 ExportAsPicture=False
 Position/Left=20000
 Position/Top=155000
 Position/Width=25000
 Position/Height=7500
 Direction=0
 PDFLevel=0
 PDFText=
 IndexPDFLevel=0
 IndexPDFText=
 IssueCondition=True
 bFrame=True
 FgColor=RGB(0,0,0)
 Width=100
 bFill=True
 Raster=1
 BkColor=RGB(255,255,255)
 bShadow=False
 Rounding=0
[Object]
 ObjectID=2
 ObjectName=Rechteck
 Locked=FALSE
 LinkID=908
 LinkToID=0
 LinkMode=32
 LayerID=0
 GroupID=0
 Identifier=
 Condition=True
 UserLocked=False
 WrapBefore=False
 ExportAsPicture=False
 Position/Left=20000
 Position/Top=162500
 Position/Width=25000
 Position/Height=7500
 Direction=0
 PDFLevel=0
 PDFText=
 IndexPDFLevel=0
 IndexPDFText=
 IssueCondition=True
 bFrame=True
 FgColor=RGB(0,0,0)
 Width=100
 bFill=True
 Raster=1
 BkColor=RGB(255,255,255)
 bShadow=False
 Rounding=0
[Object]
 ObjectID=2
 ObjectName=Rechteck
 Locked=FALSE
 LinkID=937
 LinkToID=0
 LinkMode=32
 LayerID=0
 GroupID=0
 Identifier=
 Condition=True
 UserLocked=False
 WrapBefore=False
 ExportAsPicture=False
 Position/Left=45000
 Position/Top=115000
 Position/Width=5000
 Position/Height=7500
 Direction=0
 PDFLevel=0
 PDFText=
 IndexPDFLevel=0
 IndexPDFText=
 IssueCondition=True
 bFrame=True
 FgColor=RGB(0,0,0)
 Width=100
 bFill=True
 Raster=1
 BkColor=RGB(255,255,255)
 bShadow=False
 Rounding=0
[Object]
 ObjectID=2
 ObjectName=Rechteck
 Locked=FALSE
 LinkID=939
 LinkToID=0
 LinkMode=32
 LayerID=0
 GroupID=0
 Identifier=
 Condition=True
 UserLocked=False
 WrapBefore=False
 ExportAsPicture=False
 Position/Left=45000
 Position/Top=137500
 Position/Width=5000
 Position/Height=7500
 Direction=0
 PDFLevel=0
 PDFText=
 IndexPDFLevel=0
 IndexPDFText=
 IssueCondition=True
 bFrame=True
 FgColor=RGB(0,0,0)
 Width=100
 bFill=True
 Raster=1
 BkColor=RGB(255,255,255)
 bShadow=False
 Rounding=0
[Object]
 ObjectID=2
 ObjectName=Rechteck
 Locked=FALSE
 LinkID=941
 LinkToID=0
 LinkMode=32
 LayerID=0
 GroupID=0
 Identifier=
 Condition=True
 UserLocked=False
 WrapBefore=False
 ExportAsPicture=False
 Position/Left=45000
 Position/Top=130000
 Position/Width=5000
 Position/Height=7500
 Direction=0
 PDFLevel=0
 PDFText=
 IndexPDFLevel=0
 IndexPDFText=
 IssueCondition=True
 bFrame=True
 FgColor=RGB(0,0,0)
 Width=100
 bFill=True
 Raster=1
 BkColor=RGB(255,255,255)
 bShadow=False
 Rounding=0
[Object]
 ObjectID=2
 ObjectName=Rechteck
 Locked=FALSE
 LinkID=943
 LinkToID=0
 LinkMode=32
 LayerID=0
 GroupID=0
 Identifier=
 Condition=True
 UserLocked=False
 WrapBefore=False
 ExportAsPicture=False
 Position/Left=45000
 Position/Top=122500
 Position/Width=5000
 Position/Height=7500
 Direction=0
 PDFLevel=0
 PDFText=
 IndexPDFLevel=0
 IndexPDFText=
 IssueCondition=True
 bFrame=True
 FgColor=RGB(0,0,0)
 Width=100
 bFill=True
 Raster=1
 BkColor=RGB(255,255,255)
 bShadow=False
 Rounding=0
[Object]
 ObjectID=2
 ObjectName=Rechteck
 Locked=FALSE
 LinkID=945
 LinkToID=0
 LinkMode=32
 LayerID=0
 GroupID=0
 Identifier=
 Condition=True
 UserLocked=False
 WrapBefore=False
 ExportAsPicture=False
 Position/Left=50000
 Position/Top=115000
 Position/Width=5000
 Position/Height=7500
 Direction=0
 PDFLevel=0
 PDFText=
 IndexPDFLevel=0
 IndexPDFText=
 IssueCondition=True
 bFrame=True
 FgColor=RGB(0,0,0)
 Width=100
 bFill=True
 Raster=1
 BkColor=RGB(255,255,255)
 bShadow=False
 Rounding=0
[Object]
 ObjectID=2
 ObjectName=Rechteck
 Locked=FALSE
 LinkID=947
 LinkToID=0
 LinkMode=32
 LayerID=0
 GroupID=0
 Identifier=
 Condition=True
 UserLocked=False
 WrapBefore=False
 ExportAsPicture=False
 Position/Left=50000
 Position/Top=137500
 Position/Width=5000
 Position/Height=7500
 Direction=0
 PDFLevel=0
 PDFText=
 IndexPDFLevel=0
 IndexPDFText=
 IssueCondition=True
 bFrame=True
 FgColor=RGB(0,0,0)
 Width=100
 bFill=True
 Raster=1
 BkColor=RGB(255,255,255)
 bShadow=False
 Rounding=0
[Object]
 ObjectID=2
 ObjectName=Rechteck
 Locked=FALSE
 LinkID=949
 LinkToID=0
 LinkMode=32
 LayerID=0
 GroupID=0
 Identifier=
 Condition=True
 UserLocked=False
 WrapBefore=False
 ExportAsPicture=False
 Position/Left=50000
 Position/Top=130000
 Position/Width=5000
 Position/Height=7500
 Direction=0
 PDFLevel=0
 PDFText=
 IndexPDFLevel=0
 IndexPDFText=
 IssueCondition=True
 bFrame=True
 FgColor=RGB(0,0,0)
 Width=100
 bFill=True
 Raster=1
 BkColor=RGB(255,255,255)
 bShadow=False
 Rounding=0
[Object]
 ObjectID=2
 ObjectName=Rechteck
 Locked=FALSE
 LinkID=951
 LinkToID=0
 LinkMode=32
 LayerID=0
 GroupID=0
 Identifier=
 Condition=True
 UserLocked=False
 WrapBefore=False
 ExportAsPicture=False
 Position/Left=50000
 Position/Top=122500
 Position/Width=5000
 Position/Height=7500
 Direction=0
 PDFLevel=0
 PDFText=
 IndexPDFLevel=0
 IndexPDFText=
 IssueCondition=True
 bFrame=True
 FgColor=RGB(0,0,0)
 Width=100
 bFill=True
 Raster=1
 BkColor=RGB(255,255,255)
 bShadow=False
 Rounding=0
[Object]
 ObjectID=2
 ObjectName=Rechteck
 Locked=FALSE
 LinkID=953
 LinkToID=0
 LinkMode=32
 LayerID=0
 GroupID=0
 Identifier=
 Condition=True
 UserLocked=False
 WrapBefore=False
 ExportAsPicture=False
 Position/Left=55000
 Position/Top=115000
 Position/Width=20000
 Position/Height=30000
 Direction=0
 PDFLevel=0
 PDFText=
 IndexPDFLevel=0
 IndexPDFText=
 IssueCondition=True
 bFrame=True
 FgColor=RGB(0,0,0)
 Width=100
 bFill=True
 Raster=1
 BkColor=RGB(255,255,255)
 bShadow=False
 Rounding=0
[Object]
 ObjectID=1
 ObjectName=Text
 Locked=FALSE
 LinkID=955
 LinkToID=0
 LinkMode=32
 LayerID=0
 GroupID=0
 Identifier=
 Condition=True
 UserLocked=False
 WrapBefore=False
 ExportAsPicture=False
 Position/Left=55000
 Position/Top=120000
 Position/Width=20000
 Position/Height=20000
 Direction=0
 bFill=False
 Frame/Layout=0
 Frame/Left/Spacing=0
 Frame/Left/Line=False
 Frame/Top/Spacing=0
 Frame/Top/Line=False
 Frame/Right/Spacing=0
 Frame/Right/Line=False
 Frame/Bottom/Spacing=0
 Frame/Bottom/Line=False
 PDFLevel=0
 PDFText=
 IndexPDFLevel=0
 IndexPDFText=
 IssueCondition=True
 bPageWrap=False
 bBottomAligned=False
 [@Lines]
  {
  [Lines]
   {
   [Line]
	{
	[Font]
	 {
	 Default=True
	 }
	Align=1
	Adjusted=False
	Uneraseable=False
	LineWrap=1
	PageWrapAllowed=True
	ForceWrap=False
	SpaceOptimization=True
	Spacing.Paragraph=0
	Spacing.Line=0
	OutputFormatter=
	Condition=True
	Text="wird" + Chr$ (13) + §"von der" + Chr$ (13) + §"TVN" + Chr$ (13) + §"ausgef¸llt !"
	Tab=0
	TabAlign=0
	}
   }
  }
[Object]
 ObjectID=2
 ObjectName=Rechteck
 Locked=FALSE
 LinkID=957
 LinkToID=0
 LinkMode=32
 LayerID=0
 GroupID=0
 Identifier=
 Condition=True
 UserLocked=False
 WrapBefore=False
 ExportAsPicture=False
 Position/Left=75000
 Position/Top=115000
 Position/Width=70000
 Position/Height=30000
 Direction=0
 PDFLevel=0
 PDFText=
 IndexPDFLevel=0
 IndexPDFText=
 IssueCondition=True
 bFrame=True
 FgColor=RGB(0,0,0)
 Width=100
 bFill=True
 Raster=1
 BkColor=RGB(255,255,255)
 bShadow=False
 Rounding=0
[Object]
 ObjectID=2
 ObjectName=Rechteck
 Locked=FALSE
 LinkID=959
 LinkToID=0
 LinkMode=32
 LayerID=0
 GroupID=0
 Identifier=
 Condition=True
 UserLocked=False
 WrapBefore=False
 ExportAsPicture=False
 Position/Left=145000
 Position/Top=115000
 Position/Width=20000
 Position/Height=7500
 Direction=0
 PDFLevel=0
 PDFText=
 IndexPDFLevel=0
 IndexPDFText=
 IssueCondition=True
 bFrame=True
 FgColor=RGB(0,0,0)
 Width=100
 bFill=True
 Raster=1
 BkColor=RGB(255,255,255)
 bShadow=False
 Rounding=0
[Object]
 ObjectID=2
 ObjectName=Rechteck
 Locked=FALSE
 LinkID=961
 LinkToID=0
 LinkMode=32
 LayerID=0
 GroupID=0
 Identifier=
 Condition=True
 UserLocked=False
 WrapBefore=False
 ExportAsPicture=False
 Position/Left=145000
 Position/Top=137500
 Position/Width=20000
 Position/Height=7500
 Direction=0
 PDFLevel=0
 PDFText=
 IndexPDFLevel=0
 IndexPDFText=
 IssueCondition=True
 bFrame=True
 FgColor=RGB(0,0,0)
 Width=100
 bFill=True
 Raster=1
 BkColor=RGB(255,255,255)
 bShadow=False
 Rounding=0
[Object]
 ObjectID=2
 ObjectName=Rechteck
 Locked=FALSE
 LinkID=963
 LinkToID=0
 LinkMode=32
 LayerID=0
 GroupID=0
 Identifier=
 Condition=True
 UserLocked=False
 WrapBefore=False
 ExportAsPicture=False
 Position/Left=145000
 Position/Top=130000
 Position/Width=20000
 Position/Height=7500
 Direction=0
 PDFLevel=0
 PDFText=
 IndexPDFLevel=0
 IndexPDFText=
 IssueCondition=True
 bFrame=True
 FgColor=RGB(0,0,0)
 Width=100
 bFill=True
 Raster=1
 BkColor=RGB(255,255,255)
 bShadow=False
 Rounding=0
[Object]
 ObjectID=2
 ObjectName=Rechteck
 Locked=FALSE
 LinkID=965
 LinkToID=0
 LinkMode=32
 LayerID=0
 GroupID=0
 Identifier=
 Condition=True
 UserLocked=False
 WrapBefore=False
 ExportAsPicture=False
 Position/Left=145000
 Position/Top=122500
 Position/Width=20000
 Position/Height=7500
 Direction=0
 PDFLevel=0
 PDFText=
 IndexPDFLevel=0
 IndexPDFText=
 IssueCondition=True
 bFrame=True
 FgColor=RGB(0,0,0)
 Width=100
 bFill=True
 Raster=1
 BkColor=RGB(255,255,255)
 bShadow=False
 Rounding=0
[Object]
 ObjectID=2
 ObjectName=Rechteck
 Locked=FALSE
 LinkID=967
 LinkToID=0
 LinkMode=32
 LayerID=0
 GroupID=0
 Identifier=
 Condition=True
 UserLocked=False
 WrapBefore=False
 ExportAsPicture=False
 Position/Left=165000
 Position/Top=115000
 Position/Width=30000
 Position/Height=7500
 Direction=0
 PDFLevel=0
 PDFText=
 IndexPDFLevel=0
 IndexPDFText=
 IssueCondition=True
 bFrame=True
 FgColor=RGB(0,0,0)
 Width=100
 bFill=True
 Raster=1
 BkColor=RGB(255,255,255)
 bShadow=False
 Rounding=0
[Object]
 ObjectID=2
 ObjectName=Rechteck
 Locked=FALSE
 LinkID=969
 LinkToID=0
 LinkMode=32
 LayerID=0
 GroupID=0
 Identifier=
 Condition=True
 UserLocked=False
 WrapBefore=False
 ExportAsPicture=False
 Position/Left=165000
 Position/Top=137500
 Position/Width=30000
 Position/Height=7500
 Direction=0
 PDFLevel=0
 PDFText=
 IndexPDFLevel=0
 IndexPDFText=
 IssueCondition=True
 bFrame=True
 FgColor=RGB(0,0,0)
 Width=100
 bFill=True
 Raster=1
 BkColor=RGB(255,255,255)
 bShadow=False
 Rounding=0
[Object]
 ObjectID=2
 ObjectName=Rechteck
 Locked=FALSE
 LinkID=971
 LinkToID=0
 LinkMode=32
 LayerID=0
 GroupID=0
 Identifier=
 Condition=True
 UserLocked=False
 WrapBefore=False
 ExportAsPicture=False
 Position/Left=165000
 Position/Top=130000
 Position/Width=30000
 Position/Height=7500
 Direction=0
 PDFLevel=0
 PDFText=
 IndexPDFLevel=0
 IndexPDFText=
 IssueCondition=True
 bFrame=True
 FgColor=RGB(0,0,0)
 Width=100
 bFill=True
 Raster=1
 BkColor=RGB(255,255,255)
 bShadow=False
 Rounding=0
[Object]
 ObjectID=2
 ObjectName=Rechteck
 Locked=FALSE
 LinkID=973
 LinkToID=0
 LinkMode=32
 LayerID=0
 GroupID=0
 Identifier=
 Condition=True
 UserLocked=False
 WrapBefore=False
 ExportAsPicture=False
 Position/Left=165000
 Position/Top=122500
 Position/Width=30000
 Position/Height=7500
 Direction=0
 PDFLevel=0
 PDFText=
 IndexPDFLevel=0
 IndexPDFText=
 IssueCondition=True
 bFrame=True
 FgColor=RGB(0,0,0)
 Width=100
 bFill=True
 Raster=1
 BkColor=RGB(255,255,255)
 bShadow=False
 Rounding=0
[Object]
 ObjectID=2
 ObjectName=Rechteck
 Locked=FALSE
 LinkID=975
 LinkToID=0
 LinkMode=32
 LayerID=0
 GroupID=0
 Identifier=
 Condition=True
 UserLocked=False
 WrapBefore=False
 ExportAsPicture=False
 Position/Left=20000
 Position/Top=115000
 Position/Width=25000
 Position/Height=7500
 Direction=0
 PDFLevel=0
 PDFText=
 IndexPDFLevel=0
 IndexPDFText=
 IssueCondition=True
 bFrame=True
 FgColor=RGB(0,0,0)
 Width=100
 bFill=True
 Raster=1
 BkColor=RGB(255,255,255)
 bShadow=False
 Rounding=0
[Object]
 ObjectID=2
 ObjectName=Rechteck
 Locked=FALSE
 LinkID=977
 LinkToID=0
 LinkMode=32
 LayerID=0
 GroupID=0
 Identifier=
 Condition=True
 UserLocked=False
 WrapBefore=False
 ExportAsPicture=False
 Position/Left=20000
 Position/Top=137500
 Position/Width=25000
 Position/Height=7500
 Direction=0
 PDFLevel=0
 PDFText=
 IndexPDFLevel=0
 IndexPDFText=
 IssueCondition=True
 bFrame=True
 FgColor=RGB(0,0,0)
 Width=100
 bFill=True
 Raster=1
 BkColor=RGB(255,255,255)
 bShadow=False
 Rounding=0
[Object]
 ObjectID=2
 ObjectName=Rechteck
 Locked=FALSE
 LinkID=979
 LinkToID=0
 LinkMode=32
 LayerID=0
 GroupID=0
 Identifier=
 Condition=True
 UserLocked=False
 WrapBefore=False
 ExportAsPicture=False
 Position/Left=20000
 Position/Top=122500
 Position/Width=25000
 Position/Height=7500
 Direction=0
 PDFLevel=0
 PDFText=
 IndexPDFLevel=0
 IndexPDFText=
 IssueCondition=True
 bFrame=True
 FgColor=RGB(0,0,0)
 Width=100
 bFill=True
 Raster=1
 BkColor=RGB(255,255,255)
 bShadow=False
 Rounding=0
[Object]
 ObjectID=2
 ObjectName=Rechteck
 Locked=FALSE
 LinkID=981
 LinkToID=0
 LinkMode=32
 LayerID=0
 GroupID=0
 Identifier=
 Condition=True
 UserLocked=False
 WrapBefore=False
 ExportAsPicture=False
 Position/Left=20000
 Position/Top=130000
 Position/Width=25000
 Position/Height=7500
 Direction=0
 PDFLevel=0
 PDFText=
 IndexPDFLevel=0
 IndexPDFText=
 IssueCondition=True
 bFrame=True
 FgColor=RGB(0,0,0)
 Width=100
 bFill=True
 Raster=1
 BkColor=RGB(255,255,255)
 bShadow=False
 Rounding=0
[Object]
 ObjectID=2
 ObjectName=Rechteck
 Locked=FALSE
 LinkID=1006
 LinkToID=0
 LinkMode=32
 LayerID=0
 GroupID=0
 Identifier=
 Condition=True
 UserLocked=False
 WrapBefore=False
 ExportAsPicture=False
 Position/Left=45000
 Position/Top=180000
 Position/Width=5000
 Position/Height=7500
 Direction=0
 PDFLevel=0
 PDFText=
 IndexPDFLevel=0
 IndexPDFText=
 IssueCondition=True
 bFrame=True
 FgColor=RGB(0,0,0)
 Width=100
 bFill=True
 Raster=1
 BkColor=RGB(255,255,255)
 bShadow=False
 Rounding=0
[Object]
 ObjectID=2
 ObjectName=Rechteck
 Locked=FALSE
 LinkID=1008
 LinkToID=0
 LinkMode=32
 LayerID=0
 GroupID=0
 Identifier=
 Condition=True
 UserLocked=False
 WrapBefore=False
 ExportAsPicture=False
 Position/Left=45000
 Position/Top=202500
 Position/Width=5000
 Position/Height=7500
 Direction=0
 PDFLevel=0
 PDFText=
 IndexPDFLevel=0
 IndexPDFText=
 IssueCondition=True
 bFrame=True
 FgColor=RGB(0,0,0)
 Width=100
 bFill=True
 Raster=1
 BkColor=RGB(255,255,255)
 bShadow=False
 Rounding=0
[Object]
 ObjectID=2
 ObjectName=Rechteck
 Locked=FALSE
 LinkID=1010
 LinkToID=0
 LinkMode=32
 LayerID=0
 GroupID=0
 Identifier=
 Condition=True
 UserLocked=False
 WrapBefore=False
 ExportAsPicture=False
 Position/Left=45000
 Position/Top=195000
 Position/Width=5000
 Position/Height=7500
 Direction=0
 PDFLevel=0
 PDFText=
 IndexPDFLevel=0
 IndexPDFText=
 IssueCondition=True
 bFrame=True
 FgColor=RGB(0,0,0)
 Width=100
 bFill=True
 Raster=1
 BkColor=RGB(255,255,255)
 bShadow=False
 Rounding=0
[Object]
 ObjectID=2
 ObjectName=Rechteck
 Locked=FALSE
 LinkID=1012
 LinkToID=0
 LinkMode=32
 LayerID=0
 GroupID=0
 Identifier=
 Condition=True
 UserLocked=False
 WrapBefore=False
 ExportAsPicture=False
 Position/Left=45000
 Position/Top=187500
 Position/Width=5000
 Position/Height=7500
 Direction=0
 PDFLevel=0
 PDFText=
 IndexPDFLevel=0
 IndexPDFText=
 IssueCondition=True
 bFrame=True
 FgColor=RGB(0,0,0)
 Width=100
 bFill=True
 Raster=1
 BkColor=RGB(255,255,255)
 bShadow=False
 Rounding=0
[Object]
 ObjectID=2
 ObjectName=Rechteck
 Locked=FALSE
 LinkID=1014
 LinkToID=0
 LinkMode=32
 LayerID=0
 GroupID=0
 Identifier=
 Condition=True
 UserLocked=False
 WrapBefore=False
 ExportAsPicture=False
 Position/Left=50000
 Position/Top=180000
 Position/Width=5000
 Position/Height=7500
 Direction=0
 PDFLevel=0
 PDFText=
 IndexPDFLevel=0
 IndexPDFText=
 IssueCondition=True
 bFrame=True
 FgColor=RGB(0,0,0)
 Width=100
 bFill=True
 Raster=1
 BkColor=RGB(255,255,255)
 bShadow=False
 Rounding=0
[Object]
 ObjectID=2
 ObjectName=Rechteck
 Locked=FALSE
 LinkID=1016
 LinkToID=0
 LinkMode=32
 LayerID=0
 GroupID=0
 Identifier=
 Condition=True
 UserLocked=False
 WrapBefore=False
 ExportAsPicture=False
 Position/Left=50000
 Position/Top=202500
 Position/Width=5000
 Position/Height=7500
 Direction=0
 PDFLevel=0
 PDFText=
 IndexPDFLevel=0
 IndexPDFText=
 IssueCondition=True
 bFrame=True
 FgColor=RGB(0,0,0)
 Width=100
 bFill=True
 Raster=1
 BkColor=RGB(255,255,255)
 bShadow=False
 Rounding=0
[Object]
 ObjectID=2
 ObjectName=Rechteck
 Locked=FALSE
 LinkID=1018
 LinkToID=0
 LinkMode=32
 LayerID=0
 GroupID=0
 Identifier=
 Condition=True
 UserLocked=False
 WrapBefore=False
 ExportAsPicture=False
 Position/Left=50000
 Position/Top=195000
 Position/Width=5000
 Position/Height=7500
 Direction=0
 PDFLevel=0
 PDFText=
 IndexPDFLevel=0
 IndexPDFText=
 IssueCondition=True
 bFrame=True
 FgColor=RGB(0,0,0)
 Width=100
 bFill=True
 Raster=1
 BkColor=RGB(255,255,255)
 bShadow=False
 Rounding=0
[Object]
 ObjectID=2
 ObjectName=Rechteck
 Locked=FALSE
 LinkID=1020
 LinkToID=0
 LinkMode=32
 LayerID=0
 GroupID=0
 Identifier=
 Condition=True
 UserLocked=False
 WrapBefore=False
 ExportAsPicture=False
 Position/Left=50000
 Position/Top=187500
 Position/Width=5000
 Position/Height=7500
 Direction=0
 PDFLevel=0
 PDFText=
 IndexPDFLevel=0
 IndexPDFText=
 IssueCondition=True
 bFrame=True
 FgColor=RGB(0,0,0)
 Width=100
 bFill=True
 Raster=1
 BkColor=RGB(255,255,255)
 bShadow=False
 Rounding=0
[Object]
 ObjectID=2
 ObjectName=Rechteck
 Locked=FALSE
 LinkID=1022
 LinkToID=0
 LinkMode=32
 LayerID=0
 GroupID=0
 Identifier=
 Condition=True
 UserLocked=False
 WrapBefore=False
 ExportAsPicture=False
 Position/Left=55000
 Position/Top=180000
 Position/Width=20000
 Position/Height=30000
 Direction=0
 PDFLevel=0
 PDFText=
 IndexPDFLevel=0
 IndexPDFText=
 IssueCondition=True
 bFrame=True
 FgColor=RGB(0,0,0)
 Width=100
 bFill=True
 Raster=1
 BkColor=RGB(255,255,255)
 bShadow=False
 Rounding=0
[Object]
 ObjectID=1
 ObjectName=Text
 Locked=FALSE
 LinkID=1024
 LinkToID=0
 LinkMode=32
 LayerID=0
 GroupID=0
 Identifier=
 Condition=True
 UserLocked=False
 WrapBefore=False
 ExportAsPicture=False
 Position/Left=55000
 Position/Top=185000
 Position/Width=20000
 Position/Height=20000
 Direction=0
 bFill=False
 Frame/Layout=0
 Frame/Left/Spacing=0
 Frame/Left/Line=False
 Frame/Top/Spacing=0
 Frame/Top/Line=False
 Frame/Right/Spacing=0
 Frame/Right/Line=False
 Frame/Bottom/Spacing=0
 Frame/Bottom/Line=False
 PDFLevel=0
 PDFText=
 IndexPDFLevel=0
 IndexPDFText=
 IssueCondition=True
 bPageWrap=False
 bBottomAligned=False
 [@Lines]
  {
  [Lines]
   {
   [Line]
	{
	[Font]
	 {
	 Default=True
	 }
	Align=1
	Adjusted=False
	Uneraseable=False
	LineWrap=1
	PageWrapAllowed=True
	ForceWrap=False
	SpaceOptimization=True
	Spacing.Paragraph=0
	Spacing.Line=0
	OutputFormatter=
	Condition=True
	Text="wird" + Chr$ (13) + §"von der" + Chr$ (13) + §"TVN" + Chr$ (13) + §"ausgef¸llt !"
	Tab=0
	TabAlign=0
	}
   }
  }
[Object]
 ObjectID=2
 ObjectName=Rechteck
 Locked=FALSE
 LinkID=1026
 LinkToID=0
 LinkMode=32
 LayerID=0
 GroupID=0
 Identifier=
 Condition=True
 UserLocked=False
 WrapBefore=False
 ExportAsPicture=False
 Position/Left=75000
 Position/Top=180000
 Position/Width=70000
 Position/Height=30000
 Direction=0
 PDFLevel=0
 PDFText=
 IndexPDFLevel=0
 IndexPDFText=
 IssueCondition=True
 bFrame=True
 FgColor=RGB(0,0,0)
 Width=100
 bFill=True
 Raster=1
 BkColor=RGB(255,255,255)
 bShadow=False
 Rounding=0
[Object]
 ObjectID=2
 ObjectName=Rechteck
 Locked=FALSE
 LinkID=1028
 LinkToID=0
 LinkMode=32
 LayerID=0
 GroupID=0
 Identifier=
 Condition=True
 UserLocked=False
 WrapBefore=False
 ExportAsPicture=False
 Position/Left=145000
 Position/Top=180000
 Position/Width=20000
 Position/Height=7500
 Direction=0
 PDFLevel=0
 PDFText=
 IndexPDFLevel=0
 IndexPDFText=
 IssueCondition=True
 bFrame=True
 FgColor=RGB(0,0,0)
 Width=100
 bFill=True
 Raster=1
 BkColor=RGB(255,255,255)
 bShadow=False
 Rounding=0
[Object]
 ObjectID=2
 ObjectName=Rechteck
 Locked=FALSE
 LinkID=1030
 LinkToID=0
 LinkMode=32
 LayerID=0
 GroupID=0
 Identifier=
 Condition=True
 UserLocked=False
 WrapBefore=False
 ExportAsPicture=False
 Position/Left=145000
 Position/Top=202500
 Position/Width=20000
 Position/Height=7500
 Direction=0
 PDFLevel=0
 PDFText=
 IndexPDFLevel=0
 IndexPDFText=
 IssueCondition=True
 bFrame=True
 FgColor=RGB(0,0,0)
 Width=100
 bFill=True
 Raster=1
 BkColor=RGB(255,255,255)
 bShadow=False
 Rounding=0
[Object]
 ObjectID=2
 ObjectName=Rechteck
 Locked=FALSE
 LinkID=1032
 LinkToID=0
 LinkMode=32
 LayerID=0
 GroupID=0
 Identifier=
 Condition=True
 UserLocked=False
 WrapBefore=False
 ExportAsPicture=False
 Position/Left=145000
 Position/Top=195000
 Position/Width=20000
 Position/Height=7500
 Direction=0
 PDFLevel=0
 PDFText=
 IndexPDFLevel=0
 IndexPDFText=
 IssueCondition=True
 bFrame=True
 FgColor=RGB(0,0,0)
 Width=100
 bFill=True
 Raster=1
 BkColor=RGB(255,255,255)
 bShadow=False
 Rounding=0
[Object]
 ObjectID=2
 ObjectName=Rechteck
 Locked=FALSE
 LinkID=1034
 LinkToID=0
 LinkMode=32
 LayerID=0
 GroupID=0
 Identifier=
 Condition=True
 UserLocked=False
 WrapBefore=False
 ExportAsPicture=False
 Position/Left=145000
 Position/Top=187500
 Position/Width=20000
 Position/Height=7500
 Direction=0
 PDFLevel=0
 PDFText=
 IndexPDFLevel=0
 IndexPDFText=
 IssueCondition=True
 bFrame=True
 FgColor=RGB(0,0,0)
 Width=100
 bFill=True
 Raster=1
 BkColor=RGB(255,255,255)
 bShadow=False
 Rounding=0
[Object]
 ObjectID=2
 ObjectName=Rechteck
 Locked=FALSE
 LinkID=1036
 LinkToID=0
 LinkMode=32
 LayerID=0
 GroupID=0
 Identifier=
 Condition=True
 UserLocked=False
 WrapBefore=False
 ExportAsPicture=False
 Position/Left=165000
 Position/Top=180000
 Position/Width=30000
 Position/Height=7500
 Direction=0
 PDFLevel=0
 PDFText=
 IndexPDFLevel=0
 IndexPDFText=
 IssueCondition=True
 bFrame=True
 FgColor=RGB(0,0,0)
 Width=100
 bFill=True
 Raster=1
 BkColor=RGB(255,255,255)
 bShadow=False
 Rounding=0
[Object]
 ObjectID=2
 ObjectName=Rechteck
 Locked=FALSE
 LinkID=1038
 LinkToID=0
 LinkMode=32
 LayerID=0
 GroupID=0
 Identifier=
 Condition=True
 UserLocked=False
 WrapBefore=False
 ExportAsPicture=False
 Position/Left=165000
 Position/Top=202500
 Position/Width=30000
 Position/Height=7500
 Direction=0
 PDFLevel=0
 PDFText=
 IndexPDFLevel=0
 IndexPDFText=
 IssueCondition=True
 bFrame=True
 FgColor=RGB(0,0,0)
 Width=100
 bFill=True
 Raster=1
 BkColor=RGB(255,255,255)
 bShadow=False
 Rounding=0
[Object]
 ObjectID=2
 ObjectName=Rechteck
 Locked=FALSE
 LinkID=1040
 LinkToID=0
 LinkMode=32
 LayerID=0
 GroupID=0
 Identifier=
 Condition=True
 UserLocked=False
 WrapBefore=False
 ExportAsPicture=False
 Position/Left=165000
 Position/Top=195000
 Position/Width=30000
 Position/Height=7500
 Direction=0
 PDFLevel=0
 PDFText=
 IndexPDFLevel=0
 IndexPDFText=
 IssueCondition=True
 bFrame=True
 FgColor=RGB(0,0,0)
 Width=100
 bFill=True
 Raster=1
 BkColor=RGB(255,255,255)
 bShadow=False
 Rounding=0
[Object]
 ObjectID=2
 ObjectName=Rechteck
 Locked=FALSE
 LinkID=1042
 LinkToID=0
 LinkMode=32
 LayerID=0
 GroupID=0
 Identifier=
 Condition=True
 UserLocked=False
 WrapBefore=False
 ExportAsPicture=False
 Position/Left=165000
 Position/Top=187500
 Position/Width=30000
 Position/Height=7500
 Direction=0
 PDFLevel=0
 PDFText=
 IndexPDFLevel=0
 IndexPDFText=
 IssueCondition=True
 bFrame=True
 FgColor=RGB(0,0,0)
 Width=100
 bFill=True
 Raster=1
 BkColor=RGB(255,255,255)
 bShadow=False
 Rounding=0
[Object]
 ObjectID=2
 ObjectName=Rechteck
 Locked=FALSE
 LinkID=1044
 LinkToID=0
 LinkMode=32
 LayerID=0
 GroupID=0
 Identifier=
 Condition=True
 UserLocked=False
 WrapBefore=False
 ExportAsPicture=False
 Position/Left=20000
 Position/Top=180000
 Position/Width=25000
 Position/Height=7500
 Direction=0
 PDFLevel=0
 PDFText=
 IndexPDFLevel=0
 IndexPDFText=
 IssueCondition=True
 bFrame=True
 FgColor=RGB(0,0,0)
 Width=100
 bFill=True
 Raster=1
 BkColor=RGB(255,255,255)
 bShadow=False
 Rounding=0
[Object]
 ObjectID=2
 ObjectName=Rechteck
 Locked=FALSE
 LinkID=1046
 LinkToID=0
 LinkMode=32
 LayerID=0
 GroupID=0
 Identifier=
 Condition=True
 UserLocked=False
 WrapBefore=False
 ExportAsPicture=False
 Position/Left=20000
 Position/Top=202500
 Position/Width=25000
 Position/Height=7500
 Direction=0
 PDFLevel=0
 PDFText=
 IndexPDFLevel=0
 IndexPDFText=
 IssueCondition=True
 bFrame=True
 FgColor=RGB(0,0,0)
 Width=100
 bFill=True
 Raster=1
 BkColor=RGB(255,255,255)
 bShadow=False
 Rounding=0
[Object]
 ObjectID=2
 ObjectName=Rechteck
 Locked=FALSE
 LinkID=1048
 LinkToID=0
 LinkMode=32
 LayerID=0
 GroupID=0
 Identifier=
 Condition=True
 UserLocked=False
 WrapBefore=False
 ExportAsPicture=False
 Position/Left=20000
 Position/Top=187500
 Position/Width=25000
 Position/Height=7500
 Direction=0
 PDFLevel=0
 PDFText=
 IndexPDFLevel=0
 IndexPDFText=
 IssueCondition=True
 bFrame=True
 FgColor=RGB(0,0,0)
 Width=100
 bFill=True
 Raster=1
 BkColor=RGB(255,255,255)
 bShadow=False
 Rounding=0
[Object]
 ObjectID=2
 ObjectName=Rechteck
 Locked=FALSE
 LinkID=1050
 LinkToID=0
 LinkMode=32
 LayerID=0
 GroupID=0
 Identifier=
 Condition=True
 UserLocked=False
 WrapBefore=False
 ExportAsPicture=False
 Position/Left=20000
 Position/Top=195000
 Position/Width=25000
 Position/Height=7500
 Direction=0
 PDFLevel=0
 PDFText=
 IndexPDFLevel=0
 IndexPDFText=
 IssueCondition=True
 bFrame=True
 FgColor=RGB(0,0,0)
 Width=100
 bFill=True
 Raster=1
 BkColor=RGB(255,255,255)
 bShadow=False
 Rounding=0
[Object]
 ObjectID=2
 ObjectName=Rechteck
 Locked=FALSE
 LinkID=1085
 LinkToID=0
 LinkMode=32
 LayerID=0
 GroupID=0
 Identifier=
 Condition=True
 UserLocked=False
 WrapBefore=False
 ExportAsPicture=False
 Position/Left=45000
 Position/Top=212500
 Position/Width=5000
 Position/Height=7500
 Direction=0
 PDFLevel=0
 PDFText=
 IndexPDFLevel=0
 IndexPDFText=
 IssueCondition=True
 bFrame=True
 FgColor=RGB(0,0,0)
 Width=100
 bFill=True
 Raster=1
 BkColor=RGB(255,255,255)
 bShadow=False
 Rounding=0
[Object]
 ObjectID=2
 ObjectName=Rechteck
 Locked=FALSE
 LinkID=1087
 LinkToID=0
 LinkMode=32
 LayerID=0
 GroupID=0
 Identifier=
 Condition=True
 UserLocked=False
 WrapBefore=False
 ExportAsPicture=False
 Position/Left=45000
 Position/Top=235000
 Position/Width=5000
 Position/Height=7500
 Direction=0
 PDFLevel=0
 PDFText=
 IndexPDFLevel=0
 IndexPDFText=
 IssueCondition=True
 bFrame=True
 FgColor=RGB(0,0,0)
 Width=100
 bFill=True
 Raster=1
 BkColor=RGB(255,255,255)
 bShadow=False
 Rounding=0
[Object]
 ObjectID=2
 ObjectName=Rechteck
 Locked=FALSE
 LinkID=1089
 LinkToID=0
 LinkMode=32
 LayerID=0
 GroupID=0
 Identifier=
 Condition=True
 UserLocked=False
 WrapBefore=False
 ExportAsPicture=False
 Position/Left=45000
 Position/Top=227500
 Position/Width=5000
 Position/Height=7500
 Direction=0
 PDFLevel=0
 PDFText=
 IndexPDFLevel=0
 IndexPDFText=
 IssueCondition=True
 bFrame=True
 FgColor=RGB(0,0,0)
 Width=100
 bFill=True
 Raster=1
 BkColor=RGB(255,255,255)
 bShadow=False
 Rounding=0
[Object]
 ObjectID=2
 ObjectName=Rechteck
 Locked=FALSE
 LinkID=1091
 LinkToID=0
 LinkMode=32
 LayerID=0
 GroupID=0
 Identifier=
 Condition=True
 UserLocked=False
 WrapBefore=False
 ExportAsPicture=False
 Position/Left=45000
 Position/Top=220000
 Position/Width=5000
 Position/Height=7500
 Direction=0
 PDFLevel=0
 PDFText=
 IndexPDFLevel=0
 IndexPDFText=
 IssueCondition=True
 bFrame=True
 FgColor=RGB(0,0,0)
 Width=100
 bFill=True
 Raster=1
 BkColor=RGB(255,255,255)
 bShadow=False
 Rounding=0
[Object]
 ObjectID=2
 ObjectName=Rechteck
 Locked=FALSE
 LinkID=1093
 LinkToID=0
 LinkMode=32
 LayerID=0
 GroupID=0
 Identifier=
 Condition=True
 UserLocked=False
 WrapBefore=False
 ExportAsPicture=False
 Position/Left=50000
 Position/Top=212500
 Position/Width=5000
 Position/Height=7500
 Direction=0
 PDFLevel=0
 PDFText=
 IndexPDFLevel=0
 IndexPDFText=
 IssueCondition=True
 bFrame=True
 FgColor=RGB(0,0,0)
 Width=100
 bFill=True
 Raster=1
 BkColor=RGB(255,255,255)
 bShadow=False
 Rounding=0
[Object]
 ObjectID=2
 ObjectName=Rechteck
 Locked=FALSE
 LinkID=1095
 LinkToID=0
 LinkMode=32
 LayerID=0
 GroupID=0
 Identifier=
 Condition=True
 UserLocked=False
 WrapBefore=False
 ExportAsPicture=False
 Position/Left=50000
 Position/Top=235000
 Position/Width=5000
 Position/Height=7500
 Direction=0
 PDFLevel=0
 PDFText=
 IndexPDFLevel=0
 IndexPDFText=
 IssueCondition=True
 bFrame=True
 FgColor=RGB(0,0,0)
 Width=100
 bFill=True
 Raster=1
 BkColor=RGB(255,255,255)
 bShadow=False
 Rounding=0
[Object]
 ObjectID=2
 ObjectName=Rechteck
 Locked=FALSE
 LinkID=1097
 LinkToID=0
 LinkMode=32
 LayerID=0
 GroupID=0
 Identifier=
 Condition=True
 UserLocked=False
 WrapBefore=False
 ExportAsPicture=False
 Position/Left=50000
 Position/Top=227500
 Position/Width=5000
 Position/Height=7500
 Direction=0
 PDFLevel=0
 PDFText=
 IndexPDFLevel=0
 IndexPDFText=
 IssueCondition=True
 bFrame=True
 FgColor=RGB(0,0,0)
 Width=100
 bFill=True
 Raster=1
 BkColor=RGB(255,255,255)
 bShadow=False
 Rounding=0
[Object]
 ObjectID=2
 ObjectName=Rechteck
 Locked=FALSE
 LinkID=1099
 LinkToID=0
 LinkMode=32
 LayerID=0
 GroupID=0
 Identifier=
 Condition=True
 UserLocked=False
 WrapBefore=False
 ExportAsPicture=False
 Position/Left=50000
 Position/Top=220000
 Position/Width=5000
 Position/Height=7500
 Direction=0
 PDFLevel=0
 PDFText=
 IndexPDFLevel=0
 IndexPDFText=
 IssueCondition=True
 bFrame=True
 FgColor=RGB(0,0,0)
 Width=100
 bFill=True
 Raster=1
 BkColor=RGB(255,255,255)
 bShadow=False
 Rounding=0
[Object]
 ObjectID=2
 ObjectName=Rechteck
 Locked=FALSE
 LinkID=1101
 LinkToID=0
 LinkMode=32
 LayerID=0
 GroupID=0
 Identifier=
 Condition=True
 UserLocked=False
 WrapBefore=False
 ExportAsPicture=False
 Position/Left=55000
 Position/Top=212500
 Position/Width=20000
 Position/Height=30000
 Direction=0
 PDFLevel=0
 PDFText=
 IndexPDFLevel=0
 IndexPDFText=
 IssueCondition=True
 bFrame=True
 FgColor=RGB(0,0,0)
 Width=100
 bFill=True
 Raster=1
 BkColor=RGB(255,255,255)
 bShadow=False
 Rounding=0
[Object]
 ObjectID=1
 ObjectName=Text
 Locked=FALSE
 LinkID=1103
 LinkToID=0
 LinkMode=32
 LayerID=0
 GroupID=0
 Identifier=
 Condition=True
 UserLocked=False
 WrapBefore=False
 ExportAsPicture=False
 Position/Left=55000
 Position/Top=217500
 Position/Width=20000
 Position/Height=20000
 Direction=0
 bFill=False
 Frame/Layout=0
 Frame/Left/Spacing=0
 Frame/Left/Line=False
 Frame/Top/Spacing=0
 Frame/Top/Line=False
 Frame/Right/Spacing=0
 Frame/Right/Line=False
 Frame/Bottom/Spacing=0
 Frame/Bottom/Line=False
 PDFLevel=0
 PDFText=
 IndexPDFLevel=0
 IndexPDFText=
 IssueCondition=True
 bPageWrap=False
 bBottomAligned=False
 [@Lines]
  {
  [Lines]
   {
   [Line]
	{
	[Font]
	 {
	 Default=True
	 }
	Align=1
	Adjusted=False
	Uneraseable=False
	LineWrap=1
	PageWrapAllowed=True
	ForceWrap=False
	SpaceOptimization=True
	Spacing.Paragraph=0
	Spacing.Line=0
	OutputFormatter=
	Condition=True
	Text="wird" + Chr$ (13) + §"von der" + Chr$ (13) + §"TVN" + Chr$ (13) + §"ausgef¸llt !"
	Tab=0
	TabAlign=0
	}
   }
  }
[Object]
 ObjectID=2
 ObjectName=Rechteck
 Locked=FALSE
 LinkID=1105
 LinkToID=0
 LinkMode=32
 LayerID=0
 GroupID=0
 Identifier=
 Condition=True
 UserLocked=False
 WrapBefore=False
 ExportAsPicture=False
 Position/Left=75000
 Position/Top=212500
 Position/Width=70000
 Position/Height=30000
 Direction=0
 PDFLevel=0
 PDFText=
 IndexPDFLevel=0
 IndexPDFText=
 IssueCondition=True
 bFrame=True
 FgColor=RGB(0,0,0)
 Width=100
 bFill=True
 Raster=1
 BkColor=RGB(255,255,255)
 bShadow=False
 Rounding=0
[Object]
 ObjectID=2
 ObjectName=Rechteck
 Locked=FALSE
 LinkID=1107
 LinkToID=0
 LinkMode=32
 LayerID=0
 GroupID=0
 Identifier=
 Condition=True
 UserLocked=False
 WrapBefore=False
 ExportAsPicture=False
 Position/Left=145000
 Position/Top=212500
 Position/Width=20000
 Position/Height=7500
 Direction=0
 PDFLevel=0
 PDFText=
 IndexPDFLevel=0
 IndexPDFText=
 IssueCondition=True
 bFrame=True
 FgColor=RGB(0,0,0)
 Width=100
 bFill=True
 Raster=1
 BkColor=RGB(255,255,255)
 bShadow=False
 Rounding=0
[Object]
 ObjectID=2
 ObjectName=Rechteck
 Locked=FALSE
 LinkID=1109
 LinkToID=0
 LinkMode=32
 LayerID=0
 GroupID=0
 Identifier=
 Condition=True
 UserLocked=False
 WrapBefore=False
 ExportAsPicture=False
 Position/Left=145000
 Position/Top=235000
 Position/Width=20000
 Position/Height=7500
 Direction=0
 PDFLevel=0
 PDFText=
 IndexPDFLevel=0
 IndexPDFText=
 IssueCondition=True
 bFrame=True
 FgColor=RGB(0,0,0)
 Width=100
 bFill=True
 Raster=1
 BkColor=RGB(255,255,255)
 bShadow=False
 Rounding=0
[Object]
 ObjectID=2
 ObjectName=Rechteck
 Locked=FALSE
 LinkID=1111
 LinkToID=0
 LinkMode=32
 LayerID=0
 GroupID=0
 Identifier=
 Condition=True
 UserLocked=False
 WrapBefore=False
 ExportAsPicture=False
 Position/Left=145000
 Position/Top=227500
 Position/Width=20000
 Position/Height=7500
 Direction=0
 PDFLevel=0
 PDFText=
 IndexPDFLevel=0
 IndexPDFText=
 IssueCondition=True
 bFrame=True
 FgColor=RGB(0,0,0)
 Width=100
 bFill=True
 Raster=1
 BkColor=RGB(255,255,255)
 bShadow=False
 Rounding=0
[Object]
 ObjectID=2
 ObjectName=Rechteck
 Locked=FALSE
 LinkID=1113
 LinkToID=0
 LinkMode=32
 LayerID=0
 GroupID=0
 Identifier=
 Condition=True
 UserLocked=False
 WrapBefore=False
 ExportAsPicture=False
 Position/Left=145000
 Position/Top=220000
 Position/Width=20000
 Position/Height=7500
 Direction=0
 PDFLevel=0
 PDFText=
 IndexPDFLevel=0
 IndexPDFText=
 IssueCondition=True
 bFrame=True
 FgColor=RGB(0,0,0)
 Width=100
 bFill=True
 Raster=1
 BkColor=RGB(255,255,255)
 bShadow=False
 Rounding=0
[Object]
 ObjectID=2
 ObjectName=Rechteck
 Locked=FALSE
 LinkID=1115
 LinkToID=0
 LinkMode=32
 LayerID=0
 GroupID=0
 Identifier=
 Condition=True
 UserLocked=False
 WrapBefore=False
 ExportAsPicture=False
 Position/Left=165000
 Position/Top=212500
 Position/Width=30000
 Position/Height=7500
 Direction=0
 PDFLevel=0
 PDFText=
 IndexPDFLevel=0
 IndexPDFText=
 IssueCondition=True
 bFrame=True
 FgColor=RGB(0,0,0)
 Width=100
 bFill=True
 Raster=1
 BkColor=RGB(255,255,255)
 bShadow=False
 Rounding=0
[Object]
 ObjectID=2
 ObjectName=Rechteck
 Locked=FALSE
 LinkID=1117
 LinkToID=0
 LinkMode=32
 LayerID=0
 GroupID=0
 Identifier=
 Condition=True
 UserLocked=False
 WrapBefore=False
 ExportAsPicture=False
 Position/Left=165000
 Position/Top=235000
 Position/Width=30000
 Position/Height=7500
 Direction=0
 PDFLevel=0
 PDFText=
 IndexPDFLevel=0
 IndexPDFText=
 IssueCondition=True
 bFrame=True
 FgColor=RGB(0,0,0)
 Width=100
 bFill=True
 Raster=1
 BkColor=RGB(255,255,255)
 bShadow=False
 Rounding=0
[Object]
 ObjectID=2
 ObjectName=Rechteck
 Locked=FALSE
 LinkID=1119
 LinkToID=0
 LinkMode=32
 LayerID=0
 GroupID=0
 Identifier=
 Condition=True
 UserLocked=False
 WrapBefore=False
 ExportAsPicture=False
 Position/Left=165000
 Position/Top=227500
 Position/Width=30000
 Position/Height=7500
 Direction=0
 PDFLevel=0
 PDFText=
 IndexPDFLevel=0
 IndexPDFText=
 IssueCondition=True
 bFrame=True
 FgColor=RGB(0,0,0)
 Width=100
 bFill=True
 Raster=1
 BkColor=RGB(255,255,255)
 bShadow=False
 Rounding=0
[Object]
 ObjectID=2
 ObjectName=Rechteck
 Locked=FALSE
 LinkID=1121
 LinkToID=0
 LinkMode=32
 LayerID=0
 GroupID=0
 Identifier=
 Condition=True
 UserLocked=False
 WrapBefore=False
 ExportAsPicture=False
 Position/Left=165000
 Position/Top=220000
 Position/Width=30000
 Position/Height=7500
 Direction=0
 PDFLevel=0
 PDFText=
 IndexPDFLevel=0
 IndexPDFText=
 IssueCondition=True
 bFrame=True
 FgColor=RGB(0,0,0)
 Width=100
 bFill=True
 Raster=1
 BkColor=RGB(255,255,255)
 bShadow=False
 Rounding=0
[Object]
 ObjectID=2
 ObjectName=Rechteck
 Locked=FALSE
 LinkID=1123
 LinkToID=0
 LinkMode=32
 LayerID=0
 GroupID=0
 Identifier=
 Condition=True
 UserLocked=False
 WrapBefore=False
 ExportAsPicture=False
 Position/Left=20000
 Position/Top=212500
 Position/Width=25000
 Position/Height=7500
 Direction=0
 PDFLevel=0
 PDFText=
 IndexPDFLevel=0
 IndexPDFText=
 IssueCondition=True
 bFrame=True
 FgColor=RGB(0,0,0)
 Width=100
 bFill=True
 Raster=1
 BkColor=RGB(255,255,255)
 bShadow=False
 Rounding=0
[Object]
 ObjectID=2
 ObjectName=Rechteck
 Locked=FALSE
 LinkID=1125
 LinkToID=0
 LinkMode=32
 LayerID=0
 GroupID=0
 Identifier=
 Condition=True
 UserLocked=False
 WrapBefore=False
 ExportAsPicture=False
 Position/Left=20000
 Position/Top=235000
 Position/Width=25000
 Position/Height=7500
 Direction=0
 PDFLevel=0
 PDFText=
 IndexPDFLevel=0
 IndexPDFText=
 IssueCondition=True
 bFrame=True
 FgColor=RGB(0,0,0)
 Width=100
 bFill=True
 Raster=1
 BkColor=RGB(255,255,255)
 bShadow=False
 Rounding=0
[Object]
 ObjectID=2
 ObjectName=Rechteck
 Locked=FALSE
 LinkID=1127
 LinkToID=0
 LinkMode=32
 LayerID=0
 GroupID=0
 Identifier=
 Condition=True
 UserLocked=False
 WrapBefore=False
 ExportAsPicture=False
 Position/Left=20000
 Position/Top=220000
 Position/Width=25000
 Position/Height=7500
 Direction=0
 PDFLevel=0
 PDFText=
 IndexPDFLevel=0
 IndexPDFText=
 IssueCondition=True
 bFrame=True
 FgColor=RGB(0,0,0)
 Width=100
 bFill=True
 Raster=1
 BkColor=RGB(255,255,255)
 bShadow=False
 Rounding=0
[Object]
 ObjectID=2
 ObjectName=Rechteck
 Locked=FALSE
 LinkID=1129
 LinkToID=0
 LinkMode=32
 LayerID=0
 GroupID=0
 Identifier=
 Condition=True
 UserLocked=False
 WrapBefore=False
 ExportAsPicture=False
 Position/Left=20000
 Position/Top=227500
 Position/Width=25000
 Position/Height=7500
 Direction=0
 PDFLevel=0
 PDFText=
 IndexPDFLevel=0
 IndexPDFText=
 IssueCondition=True
 bFrame=True
 FgColor=RGB(0,0,0)
 Width=100
 bFill=True
 Raster=1
 BkColor=RGB(255,255,255)
 bShadow=False
 Rounding=0
[UserVariables]
[Parameters]
 [@Parameters]
  {
  [Parameters]
   {
   LL.ProjectDescription=? (default)
   }
  }
[UsedIdentifiers]
 Variables=vMitglied.Name1;vMitglied.Name2;vMitglied.Nr;vMitglied.Ort;vMitglied.Strasse
[PageLayouts]
 [@PageLayouts]
  {
  [PageLayouts]
   {
   [PageLayout]
	{
	DisplayName=
	Condition=True
	SourceTray=0
	ForcePaperFormat=True
	UsePhysicalPaper=True
	PaperFormat=9
	PaperFormat.cx=210000
	PaperFormat.cy=296900
	PaperFormat.Orientation=1
	Copies=1
	Duplex=0
	Collate=0
	FitPage=False
	ShowInPrintDialog=True
	}
   }
  }
[ExtendedInfo]
 [@ExtendedInfos]
  {
  [UserDefinedDesignScheme]
   {
   [Foreground]
	{
	Color=(173,215,227)
	Color=(167,195,209)
	Color=(165,170,199)
	Color=(155,122,153)
	Color=(135,95,119)
	Color=(255,230,179)
	Color=(238,190,93)
	Color=(242,167,17)
	Color=(166,178,102)
	Color=(102,204,199)
	}
   [Background]
	{
	Color=(240,249,255)
	Color=(255,230,179)
	Color=(173,215,227)
	Color=(167,195,209)
	FillMode=1
	}
   }
  }
