[List description]
[Description]
 Text=? (default)
 FileVersion=6
 Units=SCM-Units
 Metric=0
 TextQuote.Start=1
 TextQuote.End=1
 RepresentationCode.CondStart=171
 RepresentationCode.CondSep=166
 RepresentationCode.CondEnd=187
 RepresentationCode.Tab=247
 RepresentationCode.Ret=182
 RepresentationCode.PhantomSpace=2
 RepresentationCode.LockNextChar=3
 RepresentationCode.ExprSep=164
 LCID=7
 Created=28.11.2006, 15:07:03
 CreatedByApp=tvnd.exe []
 CreatedByDLL=CMLL11.DLL [11,15,0,0 (06-04-24 10:35)]
 CreatedByUser=martin on _MARTIN
 LastModified=11.12.2006, 09:14:16
 LastModifiedByApp=TVNx.exe []
 LastModifiedByDLL=CMLL11.DLL [11,15,0,0 (06-04-24 10:35)]
 LastModifiedByUser=Keuer on KEUER
 CreatedByCallFrom=cmCT11.DLL
[Layout]
 P1.Template=
 P2.Template=
 xOffset=0
 yOffset=0
 xSize=210000
 ySize=296900
 P1.xOffset=0
 P1.yOffset=0
 P1.xSize=210000
 P1.ySize=296900
 P2.xOffset=0
 P2.yOffset=0
 P2.xSize=210000
 P2.ySize=296900
 P1.nPaperFormat=9
 P1.xPaperSize=210000
 P1.yPaperSize=296900
 P1.ForcePaperFormat=TRUE
 P2.nPaperFormat=9
 P2.xPaperSize=210000
 P2.yPaperSize=296900
 P2.ForcePaperFormat=TRUE
 xGrid=5000
 yGrid=5000
 GridShow=TRUE
 GridSnap=FALSE
 PhysicalPage=TRUE
 P1.PhysicalPage=TRUE
 P2.PhysicalPage=TRUE
 Orientation=1
 P1.Orientation=1
 P2.Orientation=1
 EnhancedExpressions=TRUE
 EnhancedOldExpressions=FALSE
 Decimals=2
 DefFont={(0,0,0),9,-12,0,0,0,400,0,0,0,0,3,2,1,34,Calibri}
 HelpLines.Horizontal=
 HelpLines.Vertical=
 PDF.MaxOutlineDepth=2
 DefaultSize.Objecttype1=(0,0,185000,7800)
 DefaultSize.Objecttype2=(0,0,-75300,13200)
 DefaultSize.Objecttype3=(0,0,0,10400)
 DefaultSize.Objecttype6=(0,0,191500,269400)
 ObjectCount=68
[UserSection]

[SumVariables]
[Layer]
 Name=Basis
 Condition=
 WorkspaceColor=(0,0,0)
 Visible=TRUE
 LayerID=0
[Layer]
 Name=Erste Seite
 Condition=Page() = 1
 WorkspaceColor=(0,128,64)
 Visible=FALSE
 LayerID=1
[Layer]
 Name=Folgeseiten
 Condition=Page() <> 1
 WorkspaceColor=(0,0,255)
 Visible=FALSE
 LayerID=2
[Object]
 ObjectID=1
 ObjectName=Text
 Locked=FALSE
 LinkID=1
 LinkToID=0
 LinkMode=32
 LinkTest=-31298
 LayerID=0
 GroupID=0
 Identifier=
 Condition=True
 UserLocked=False
 WrapBefore=False
 Position/Left=9500
 Position/Top=14700
 Position/Width=100000
 Position/Height=25000
 Direction=0
 bFill=False
 BkColor=RGB(0,0,0)
 Frame/Layout=0
 Frame/Left/Line=False
 Frame/Top/Line=False
 Frame/Right/Line=False
 Frame/Bottom/Line=False
 bBottomAligned=False
 [@Lines]
  {
  [Lines]
   {
   [Line]
	{
	[Font]
	 {
	 Default=False
	 FaceName="Calibri"
	 GdiCharSet=0
	 Size=10
	 Width=0
	 Bold=False
	 Italic=False
	 Underline=False
	 Strikeout=False
	 Color=RGB(0,0,0)
	 PitchAndFamily=34
	 OutPrecision=3
	 }
	Align=0
	Adjusted=False
	Uneraseable=False
	LineWrap=1
	PageWrapAllowed=True
	SpaceOptimization=True
	Spacing.Paragraph=0
	Spacing.Line=2
	OutputFormatter=
	Text="moveta r.V.k.V., Postfach 1363" + Chr$ (13) + ¤"Danziger Str. 1, 31008 Elze" + Chr$ (13) + ¤"Tel. 0 50 68 / 90 07 -0, Fax 90 07 -80" + Chr$ (13) + ¤"Sparkasse Hildesheim · IBAN: DE13 2595 0130 0007 0065 73 · BIC: NOLADE21HIK"
	Tab=0
	TabAlign=0
	}
   }
  }
[Object]
 ObjectID=1
 ObjectName=Text
 Locked=FALSE
 LinkID=16
 LinkToID=0
 LinkMode=32
 LinkTest=-25430
 LayerID=0
 GroupID=0
 Identifier=
 Condition=True
 UserLocked=False
 WrapBefore=False
 Position/Left=112800
 Position/Top=40300
 Position/Width=70000
 Position/Height=10000
 Direction=0
 bFill=False
 BkColor=RGB(0,0,0)
 Frame/Layout=0
 Frame/Left/Line=False
 Frame/Top/Line=False
 Frame/Right/Line=False
 Frame/Bottom/Line=False
 bBottomAligned=False
 [@Lines]
  {
  [Lines]
   {
   [Line]
	{
	[Font]
	 {
	 Default=False
	 FaceName="Calibri"
	 GdiCharSet=0
	 Size=12
	 Width=0
	 Bold=True
	 Italic=False
	 Underline=False
	 Strikeout=False
	 Color=RGB(0,0,0)
	 PitchAndFamily=34
	 OutPrecision=3
	 }
	Align=0
	Adjusted=False
	Uneraseable=False
	LineWrap=1
	PageWrapAllowed=True
	SpaceOptimization=True
	Spacing.Paragraph=0
	Spacing.Line=0
	OutputFormatter=
	Text="Vollstreckungsantrag"
	Tab=0
	TabAlign=0
	}
   }
  }
[Object]
 ObjectID=1
 ObjectName=Text
 Locked=FALSE
 LinkID=23
 LinkToID=0
 LinkMode=32
 LinkTest=-28169
 LayerID=0
 GroupID=0
 Identifier=
 Condition=True
 UserLocked=False
 WrapBefore=False
 Position/Left=26500
 Position/Top=58000
 Position/Width=65000
 Position/Height=5000
 Direction=0
 bFill=False
 BkColor=RGB(0,0,0)
 Frame/Layout=0
 Frame/Left/Line=False
 Frame/Top/Line=False
 Frame/Right/Line=False
 Frame/Bottom/Line=False
 bBottomAligned=False
 [@Lines]
  {
  [Lines]
   {
   [Line]
	{
	[Font]
	 {
	 Default=False
	 FaceName="Calibri"
	 GdiCharSet=0
	 Size=10
	 Width=0
	 Bold=False
	 Italic=False
	 Underline=False
	 Strikeout=False
	 Color=RGB(0,0,0)
	 PitchAndFamily=34
	 OutPrecision=3
	 }
	Align=0
	Adjusted=False
	Uneraseable=False
	LineWrap=1
	PageWrapAllowed=True
	SpaceOptimization=True
	Spacing.Paragraph=0
	Spacing.Line=2
	OutputFormatter=
	Text="Amtsgericht"
	Tab=0
	TabAlign=0
	}
   }
  }
[Object]
 ObjectID=1
 ObjectName=Text
 Locked=FALSE
 LinkID=35
 LinkToID=0
 LinkMode=32
 LinkTest=-7169
 LayerID=0
 GroupID=0
 Identifier=
 Condition=True
 UserLocked=False
 WrapBefore=False
 Position/Left=26500
 Position/Top=63000
 Position/Width=65000
 Position/Height=5000
 Direction=0
 bFill=False
 BkColor=RGB(0,0,0)
 Frame/Layout=0
 Frame/Left/Line=False
 Frame/Top/Line=False
 Frame/Right/Line=False
 Frame/Bottom/Line=False
 bBottomAligned=False
 [@Lines]
  {
  [Lines]
   {
   [Line]
	{
	[Font]
	 {
	 Default=False
	 FaceName="Calibri"
	 GdiCharSet=0
	 Size=10
	 Width=0
	 Bold=True
	 Italic=False
	 Underline=False
	 Strikeout=False
	 Color=RGB(0,0,0)
	 PitchAndFamily=34
	 OutPrecision=3
	 }
	Align=0
	Adjusted=False
	Uneraseable=False
	LineWrap=1
	PageWrapAllowed=True
	SpaceOptimization=True
	Spacing.Paragraph=0
	Spacing.Line=0
	OutputFormatter=
	Text="Gerichtsvollzieherverteilungsstelle"
	Tab=0
	TabAlign=0
	}
   }
  }
[Object]
 ObjectID=1
 ObjectName=Text
 Locked=FALSE
 LinkID=39
 LinkToID=0
 LinkMode=32
 LinkTest=-22598
 LayerID=0
 GroupID=0
 Identifier=
 Condition=True
 UserLocked=False
 WrapBefore=False
 Position/Left=112800
 Position/Top=55300
 Position/Width=70000
 Position/Height=5000
 Direction=0
 bFill=False
 BkColor=RGB(0,0,0)
 Frame/Layout=0
 Frame/Left/Line=False
 Frame/Top/Line=False
 Frame/Right/Line=False
 Frame/Bottom/Line=False
 bBottomAligned=False
 [@Lines]
  {
  [Lines]
   {
   [Line]
	{
	[Font]
	 {
	 Default=False
	 FaceName="Calibri"
	 GdiCharSet=0
	 Size=10
	 Width=0
	 Bold=False
	 Italic=False
	 Underline=False
	 Strikeout=False
	 Color=RGB(0,0,0)
	 PitchAndFamily=34
	 OutPrecision=3
	 }
	Align=0
	Adjusted=False
	Uneraseable=False
	LineWrap=1
	PageWrapAllowed=True
	SpaceOptimization=True
	Spacing.Paragraph=0
	Spacing.Line=0
	OutputFormatter=
	Text="Datum : " + Date$(Now(),"%d.%m.%y")
	Tab=0
	TabAlign=0
	}
   }
  }
[Object]
 ObjectID=1
 ObjectName=Text
 Locked=FALSE
 LinkID=46
 LinkToID=0
 LinkMode=32
 LinkTest=-25719
 LayerID=0
 GroupID=0
 Identifier=
 Condition=True
 UserLocked=False
 WrapBefore=False
 Position/Left=112800
 Position/Top=65300
 Position/Width=67800
 Position/Height=5000
 Direction=0
 bFill=False
 BkColor=RGB(0,0,0)
 Frame/Layout=0
 Frame/Left/Line=False
 Frame/Top/Line=False
 Frame/Right/Line=False
 Frame/Bottom/Line=False
 bBottomAligned=False
 [@Lines]
  {
  [Lines]
   {
   [Line]
	{
	[Font]
	 {
	 Default=False
	 FaceName="Calibri"
	 GdiCharSet=0
	 Size=10
	 Width=0
	 Bold=False
	 Italic=False
	 Underline=False
	 Strikeout=False
	 Color=RGB(0,0,0)
	 PitchAndFamily=34
	 OutPrecision=3
	 }
	Align=0
	Adjusted=False
	Uneraseable=False
	LineWrap=1
	PageWrapAllowed=True
	SpaceOptimization=True
	Spacing.Paragraph=0
	Spacing.Line=0
	OutputFormatter=
	Text=Zeichen
	Tab=0
	TabAlign=0
	}
   }
  }
[Object]
 ObjectID=1
 ObjectName=Text
 Locked=FALSE
 LinkID=50
 LinkToID=0
 LinkMode=32
 LinkTest=-6654
 LayerID=0
 GroupID=0
 Identifier=
 Condition=True
 UserLocked=False
 WrapBefore=False
 Position/Left=112800
 Position/Top=70300
 Position/Width=67800
 Position/Height=5000
 Direction=0
 bFill=False
 BkColor=RGB(0,0,0)
 Frame/Layout=0
 Frame/Left/Line=False
 Frame/Top/Line=False
 Frame/Right/Line=False
 Frame/Bottom/Line=False
 bBottomAligned=False
 [@Lines]
  {
  [Lines]
   {
   [Line]
	{
	[Font]
	 {
	 Default=False
	 FaceName="Calibri"
	 GdiCharSet=0
	 Size=10
	 Width=0
	 Bold=False
	 Italic=False
	 Underline=False
	 Strikeout=False
	 Color=RGB(0,0,0)
	 PitchAndFamily=34
	 OutPrecision=3
	 }
	Align=0
	Adjusted=False
	Uneraseable=False
	LineWrap=1
	PageWrapAllowed=True
	SpaceOptimization=True
	Spacing.Paragraph=0
	Spacing.Line=0
	OutputFormatter=
	Text=Halter.Name
	Tab=0
	TabAlign=0
	}
   }
  }
[Object]
 ObjectID=1
 ObjectName=Text
 Locked=FALSE
 LinkID=76
 LinkToID=0
 LinkMode=32
 LinkTest=-5262
 LayerID=0
 GroupID=0
 Identifier=
 Condition=True
 UserLocked=False
 WrapBefore=False
 Position/Left=26500
 Position/Top=73000
 Position/Width=65000
 Position/Height=5000
 Direction=0
 bFill=False
 BkColor=RGB(0,0,0)
 Frame/Layout=0
 Frame/Left/Line=False
 Frame/Top/Line=False
 Frame/Right/Line=False
 Frame/Bottom/Line=False
 bBottomAligned=False
 [@Lines]
  {
  [Lines]
   {
   [Line]
	{
	[Font]
	 {
	 Default=False
	 FaceName="Calibri"
	 GdiCharSet=0
	 Size=10
	 Width=0
	 Bold=False
	 Italic=False
	 Underline=False
	 Strikeout=False
	 Color=RGB(0,0,0)
	 PitchAndFamily=34
	 OutPrecision=3
	 }
	Align=0
	Adjusted=False
	Uneraseable=False
	LineWrap=1
	PageWrapAllowed=True
	SpaceOptimization=True
	Spacing.Paragraph=0
	Spacing.Line=0
	OutputFormatter=
	Text=GerOrt
	Tab=0
	TabAlign=0
	}
   }
  }
[Object]
 ObjectID=1
 ObjectName=Text
 Locked=FALSE
 LinkID=329
 LinkToID=0
 LinkMode=32
 LinkTest=-2256
 LayerID=0
 GroupID=0
 Identifier=
 Condition=True
 UserLocked=False
 WrapBefore=False
 Position/Left=15000
 Position/Top=114900
 Position/Width=185000
 Position/Height=28200
 Direction=0
 bFill=False
 BkColor=RGB(0,0,0)
 Frame/Layout=0
 Frame/Left/Line=False
 Frame/Top/Line=False
 Frame/Right/Line=False
 Frame/Bottom/Line=False
 bBottomAligned=False
 [@Lines]
  {
  [Lines]
   {
   [Line]
	{
	[Font]
	 {
	 Default=True
	 FaceName="Calibri"
	 GdiCharSet=0
	 Size=9
	 Width=0
	 Bold=False
	 Italic=False
	 Underline=False
	 Strikeout=False
	 Color=RGB(0,0,0)
	 PitchAndFamily=34
	 OutPrecision=3
	 }
	Align=0
	Adjusted=False
	Uneraseable=False
	LineWrap=1
	PageWrapAllowed=True
	SpaceOptimization=True
	Spacing.Paragraph=2
	Spacing.Line=0
	OutputFormatter=
	Text="die Zwangsvollstreckung (einschl. Taschenpfändung)"
	Tab=0
	TabAlign=0
	}
   [Line]
	{
	[Font]
	 {
	 Default=True
	 FaceName="Calibri"
	 GdiCharSet=0
	 Size=9
	 Width=0
	 Bold=False
	 Italic=False
	 Underline=False
	 Strikeout=False
	 Color=RGB(0,0,0)
	 PitchAndFamily=34
	 OutPrecision=3
	 }
	Align=0
	Adjusted=False
	Uneraseable=False
	LineWrap=1
	PageWrapAllowed=True
	SpaceOptimization=True
	Spacing.Paragraph=2
	Spacing.Line=0
	OutputFormatter=
	Text="die Sicherungsvollstreckung gem. § 720a ZPO"
	Tab=0
	TabAlign=0
	}
   [Line]
	{
	[Font]
	 {
	 Default=True
	 FaceName="Calibri"
	 GdiCharSet=0
	 Size=9
	 Width=0
	 Bold=False
	 Italic=False
	 Underline=False
	 Strikeout=False
	 Color=RGB(0,0,0)
	 PitchAndFamily=34
	 OutPrecision=3
	 }
	Align=0
	Adjusted=False
	Uneraseable=False
	LineWrap=1
	PageWrapAllowed=True
	SpaceOptimization=True
	Spacing.Paragraph=2
	Spacing.Line=0
	OutputFormatter=
	Text="die Wegnahmevollstreckung - für den Fall, daß die Sache nicht vorgefunden wird,"
	Tab=0
	TabAlign=0
	}
   [Line]
	{
	[Font]
	 {
	 Default=True
	 FaceName="Calibri"
	 GdiCharSet=0
	 Size=9
	 Width=0
	 Bold=False
	 Italic=False
	 Underline=False
	 Strikeout=False
	 Color=RGB(0,0,0)
	 PitchAndFamily=34
	 OutPrecision=3
	 }
	Align=0
	Adjusted=False
	Uneraseable=False
	LineWrap=1
	PageWrapAllowed=True
	SpaceOptimization=True
	Spacing.Paragraph=2
	Spacing.Line=0
	OutputFormatter=
	Text="wird die eidesstattliche Versicherung gem. § 883 II ZPO beantragt -"
	Tab=0
	TabAlign=0
	}
   [Line]
	{
	[Font]
	 {
	 Default=True
	 FaceName="Calibri"
	 GdiCharSet=0
	 Size=9
	 Width=0
	 Bold=False
	 Italic=False
	 Underline=False
	 Strikeout=False
	 Color=RGB(0,0,0)
	 PitchAndFamily=34
	 OutPrecision=3
	 }
	Align=0
	Adjusted=False
	Uneraseable=False
	LineWrap=1
	PageWrapAllowed=True
	SpaceOptimization=True
	Spacing.Paragraph=2
	Spacing.Line=0
	OutputFormatter=
	Text="im Falle der fruchtlosen Vollstreckung oder wenn die Voraussetzungen des § 807 I Nr. 3 u. 4 ZPO vorliegen"
	Tab=0
	TabAlign=0
	}
   [Line]
	{
	[Font]
	 {
	 Default=True
	 FaceName="Calibri"
	 GdiCharSet=0
	 Size=9
	 Width=0
	 Bold=False
	 Italic=False
	 Underline=False
	 Strikeout=False
	 Color=RGB(0,0,0)
	 PitchAndFamily=34
	 OutPrecision=3
	 }
	Align=0
	Adjusted=False
	Uneraseable=False
	LineWrap=1
	PageWrapAllowed=True
	SpaceOptimization=True
	Spacing.Paragraph=2
	Spacing.Line=0
	OutputFormatter=
	Text="das Verfahren zur Abnahme der eidesstattlichen Versicherung gem. §§ 807 III, 900 ZPO"
	Tab=0
	TabAlign=0
	}
   [Line]
	{
	[Font]
	 {
	 Default=True
	 FaceName="Calibri"
	 GdiCharSet=0
	 Size=9
	 Width=0
	 Bold=False
	 Italic=False
	 Underline=False
	 Strikeout=False
	 Color=RGB(0,0,0)
	 PitchAndFamily=34
	 OutPrecision=3
	 }
	Align=0
	Adjusted=False
	Uneraseable=False
	LineWrap=1
	PageWrapAllowed=True
	SpaceOptimization=True
	Spacing.Paragraph=2
	Spacing.Line=0
	OutputFormatter=
	Text="nur das Verfahren zur Abnahme der eidesstattlichen Versicherung"
	Tab=0
	TabAlign=0
	}
   }
  }
[Object]
 ObjectID=1
 ObjectName=Text
 Locked=FALSE
 LinkID=354
 LinkToID=0
 LinkMode=32
 LinkTest=-3679
 LayerID=0
 GroupID=0
 Identifier=
 Condition=True
 UserLocked=False
 WrapBefore=False
 Position/Left=20000
 Position/Top=143100
 Position/Width=180000
 Position/Height=10000
 Direction=0
 bFill=False
 BkColor=RGB(0,0,0)
 Frame/Layout=0
 Frame/Left/Line=False
 Frame/Top/Line=False
 Frame/Right/Line=False
 Frame/Bottom/Line=False
 bBottomAligned=False
 [@Lines]
  {
  [Lines]
   {
   [Line]
	{
	[Font]
	 {
	 Default=True
	 FaceName="Calibri"
	 GdiCharSet=0
	 Size=9
	 Width=0
	 Bold=False
	 Italic=False
	 Underline=False
	 Strikeout=False
	 Color=RGB(0,0,0)
	 PitchAndFamily=34
	 OutPrecision=3
	 }
	Align=0
	Adjusted=False
	Uneraseable=False
	LineWrap=1
	PageWrapAllowed=True
	SpaceOptimization=True
	Spacing.Paragraph=2
	Spacing.Line=0
	OutputFormatter=
	Text="gem. §§ 807 III, 900 ZPO"
	Tab=0
	TabAlign=0
	}
   [Line]
	{
	[Font]
	 {
	 Default=True
	 FaceName="Calibri"
	 GdiCharSet=0
	 Size=9
	 Width=0
	 Bold=False
	 Italic=False
	 Underline=False
	 Strikeout=False
	 Color=RGB(0,0,0)
	 PitchAndFamily=34
	 OutPrecision=3
	 }
	Align=0
	Adjusted=False
	Uneraseable=False
	LineWrap=1
	PageWrapAllowed=True
	SpaceOptimization=True
	Spacing.Paragraph=2
	Spacing.Line=0
	OutputFormatter=
	Text="gem. § 903 ZPO (Wiederholte eidesstattliche Versicherung)"
	Tab=0
	TabAlign=0
	}
   }
  }
[Object]
 ObjectID=1
 ObjectName=Text
 Locked=FALSE
 LinkID=369
 LinkToID=0
 LinkMode=32
 LinkTest=-1530
 LayerID=0
 GroupID=0
 Identifier=
 Condition=True
 UserLocked=False
 WrapBefore=False
 Position/Left=30000
 Position/Top=151700
 Position/Width=170000
 Position/Height=20000
 Direction=0
 bFill=False
 BkColor=RGB(0,0,0)
 Frame/Layout=0
 Frame/Left/Line=False
 Frame/Top/Line=False
 Frame/Right/Line=False
 Frame/Bottom/Line=False
 bBottomAligned=False
 [@Lines]
  {
  [Lines]
   {
   [Line]
	{
	[Font]
	 {
	 Default=True
	 FaceName="Calibri"
	 GdiCharSet=0
	 Size=9
	 Width=0
	 Bold=False
	 Italic=False
	 Underline=False
	 Strikeout=False
	 Color=RGB(0,0,0)
	 PitchAndFamily=34
	 OutPrecision=3
	 }
	Align=0
	Adjusted=False
	Uneraseable=False
	LineWrap=1
	PageWrapAllowed=True
	SpaceOptimization=True
	Spacing.Paragraph=2
	Spacing.Line=0
	OutputFormatter=
	Text="Das bisher bestehende Arbeitsverhältnis ist aufgelöst"
	Tab=0
	TabAlign=0
	}
   [Line]
	{
	[Font]
	 {
	 Default=True
	 FaceName="Calibri"
	 GdiCharSet=0
	 Size=9
	 Width=0
	 Bold=False
	 Italic=False
	 Underline=False
	 Strikeout=False
	 Color=RGB(0,0,0)
	 PitchAndFamily=34
	 OutPrecision=3
	 }
	Align=0
	Adjusted=False
	Uneraseable=False
	LineWrap=1
	PageWrapAllowed=True
	SpaceOptimization=True
	Spacing.Paragraph=2
	Spacing.Line=0
	OutputFormatter=
	Text="Das vom / n Schuldner / in behauptete Arbeitsverhältnis besteht nicht"
	Tab=0
	TabAlign=0
	}
   [Line]
	{
	[Font]
	 {
	 Default=True
	 FaceName="Calibri"
	 GdiCharSet=0
	 Size=9
	 Width=0
	 Bold=False
	 Italic=False
	 Underline=False
	 Strikeout=False
	 Color=RGB(0,0,0)
	 PitchAndFamily=34
	 OutPrecision=3
	 }
	Align=0
	Adjusted=False
	Uneraseable=False
	LineWrap=1
	PageWrapAllowed=True
	SpaceOptimization=True
	Spacing.Paragraph=2
	Spacing.Line=0
	OutputFormatter=
	Text="Der / Die Schuldner / in war arbeitslos, hat aber eine neue Arbeit aufgenommen"
	Tab=0
	TabAlign=0
	}
   [Line]
	{
	[Font]
	 {
	 Default=True
	 FaceName="Calibri"
	 GdiCharSet=0
	 Size=9
	 Width=0
	 Bold=False
	 Italic=False
	 Underline=False
	 Strikeout=False
	 Color=RGB(0,0,0)
	 PitchAndFamily=34
	 OutPrecision=3
	 }
	Align=0
	Adjusted=False
	Uneraseable=False
	LineWrap=1
	PageWrapAllowed=True
	SpaceOptimization=True
	Spacing.Paragraph=2
	Spacing.Line=0
	OutputFormatter=
	Text="Der / Die Schuldner / in hat später Vermögen erworben"
	Tab=0
	TabAlign=0
	}
   }
  }
[Object]
 ObjectID=1
 ObjectName=Text
 Locked=FALSE
 LinkID=375
 LinkToID=0
 LinkMode=32
 LinkTest=-26266
 LayerID=0
 GroupID=0
 Identifier=
 Condition=True
 UserLocked=False
 WrapBefore=False
 Position/Left=20000
 Position/Top=168100
 Position/Width=180000
 Position/Height=5000
 Direction=0
 bFill=False
 BkColor=RGB(0,0,0)
 Frame/Layout=0
 Frame/Left/Line=False
 Frame/Top/Line=False
 Frame/Right/Line=False
 Frame/Bottom/Line=False
 bBottomAligned=False
 [@Lines]
  {
  [Lines]
   {
   [Line]
	{
	[Font]
	 {
	 Default=True
	 FaceName="Calibri"
	 GdiCharSet=0
	 Size=9
	 Width=0
	 Bold=False
	 Italic=False
	 Underline=False
	 Strikeout=False
	 Color=RGB(0,0,0)
	 PitchAndFamily=34
	 OutPrecision=3
	 }
	Align=0
	Adjusted=False
	Uneraseable=False
	LineWrap=1
	PageWrapAllowed=True
	SpaceOptimization=True
	Spacing.Paragraph=4
	Spacing.Line=0
	OutputFormatter=
	Text="Zur Glaubhaftmachung wird auf beigefügte Anlage verwiesen"
	Tab=0
	TabAlign=0
	}
   }
  }
[Object]
 ObjectID=1
 ObjectName=Text
 Locked=FALSE
 LinkID=378
 LinkToID=0
 LinkMode=32
 LinkTest=-14567
 LayerID=0
 GroupID=0
 Identifier=
 Condition=True
 UserLocked=False
 WrapBefore=False
 Position/Left=20000
 Position/Top=173100
 Position/Width=180000
 Position/Height=10000
 Direction=0
 bFill=False
 BkColor=RGB(0,0,0)
 Frame/Layout=0
 Frame/Left/Line=False
 Frame/Top/Line=False
 Frame/Right/Line=False
 Frame/Bottom/Line=False
 bBottomAligned=False
 [@Lines]
  {
  [Lines]
   {
   [Line]
	{
	[Font]
	 {
	 Default=True
	 FaceName="Calibri"
	 GdiCharSet=0
	 Size=9
	 Width=0
	 Bold=False
	 Italic=False
	 Underline=False
	 Strikeout=False
	 Color=RGB(0,0,0)
	 PitchAndFamily=34
	 OutPrecision=3
	 }
	Align=0
	Adjusted=False
	Uneraseable=False
	LineWrap=1
	PageWrapAllowed=True
	SpaceOptimization=True
	Spacing.Paragraph=2
	Spacing.Line=0
	OutputFormatter=
	Text="die Verhaftung - Haftbefehl des Amtsgerichts"
	Tab=0
	TabAlign=0
	}
   [Line]
	{
	[Font]
	 {
	 Default=True
	 FaceName="Calibri"
	 GdiCharSet=0
	 Size=9
	 Width=0
	 Bold=False
	 Italic=False
	 Underline=False
	 Strikeout=False
	 Color=RGB(0,0,0)
	 PitchAndFamily=34
	 OutPrecision=3
	 }
	Align=0
	Adjusted=False
	Uneraseable=False
	LineWrap=1
	PageWrapAllowed=True
	SpaceOptimization=True
	Spacing.Paragraph=2
	Spacing.Line=0
	OutputFormatter=
	Text="in "  + VA3in + " vom " + Date$(VA3vom) + "AZ.: " + VA3AZ
	Tab=0
	TabAlign=0
	}
   }
  }
[Object]
 ObjectID=1
 ObjectName=Text
 Locked=FALSE
 LinkID=414
 LinkToID=0
 LinkMode=32
 LinkTest=-28307
 LayerID=0
 GroupID=0
 Identifier=letzteZeileText
 Condition=True
 UserLocked=False
 WrapBefore=False
 Position/Left=10000
 Position/Top=183100
 Position/Width=185000
 Position/Height=7800
 Direction=0
 bFill=False
 BkColor=RGB(0,0,0)
 Frame/Layout=0
 Frame/Left/Line=False
 Frame/Top/Line=False
 Frame/Right/Line=False
 Frame/Bottom/Line=False
 bBottomAligned=False
 [@Lines]
  {
  [Lines]
   {
   [Line]
	{
	[Font]
	 {
	 Default=True
	 FaceName="Calibri"
	 GdiCharSet=0
	 Size=9
	 Width=0
	 Bold=False
	 Italic=False
	 Underline=False
	 Strikeout=False
	 Color=RGB(0,0,0)
	 PitchAndFamily=34
	 OutPrecision=3
	 }
	Align=0
	Adjusted=False
	Uneraseable=False
	LineWrap=1
	PageWrapAllowed=True
	SpaceOptimization=True
	Spacing.Paragraph=2
	Spacing.Line=0
	OutputFormatter=
	Text="durchzuführen und den Arbeitgeber und die Bankverbindung festzustellen."
	Tab=0
	TabAlign=0
	}
   [Line]
	{
	[Font]
	 {
	 Default=True
	 FaceName="Calibri"
	 GdiCharSet=0
	 Size=9
	 Width=0
	 Bold=False
	 Italic=False
	 Underline=False
	 Strikeout=False
	 Color=RGB(0,0,0)
	 PitchAndFamily=34
	 OutPrecision=3
	 }
	Align=0
	Adjusted=False
	Uneraseable=False
	LineWrap=1
	PageWrapAllowed=True
	SpaceOptimization=True
	Spacing.Paragraph=2
	Spacing.Line=0
	OutputFormatter=
	Text=Text
	Tab=0
	TabAlign=0
	}
   }
  }
[Object]
 ObjectID=1
 ObjectName=Text
 Locked=FALSE
 LinkID=938
 LinkToID=0
 LinkMode=32
 LinkTest=-26891
 LayerID=0
 GroupID=0
 Identifier=
 Condition=True
 UserLocked=False
 WrapBefore=False
 Position/Left=11300
 Position/Top=115100
 Position/Width=3000
 Position/Height=3900
 Direction=0
 bFill=False
 BkColor=RGB(0,0,0)
 Frame/Layout=0
 Frame/Left/Line=False
 Frame/Top/Line=False
 Frame/Right/Line=False
 Frame/Bottom/Line=False
 bBottomAligned=False
 [@Lines]
  {
  [Lines]
   {
   [Line]
	{
	[Font]
	 {
	 Default=False
	 FaceName="Wingdings"
	 GdiCharSet=2
	 Size=9
	 Width=0
	 Bold=False
	 Italic=False
	 Underline=False
	 Strikeout=False
	 Color=RGB(0,0,0)
	 PitchAndFamily=2
	 OutPrecision=3
	 }
	Align=0
	Adjusted=False
	Uneraseable=False
	LineWrap=1
	PageWrapAllowed=True
	SpaceOptimization=True
	Spacing.Paragraph=0
	Spacing.Line=0
	OutputFormatter=
	Text="ý"
	Tab=0
	TabAlign=0
	}
   }
  }
[Object]
 ObjectID=1
 ObjectName=Text
 Locked=FALSE
 LinkID=961
 LinkToID=0
 LinkMode=32
 LinkTest=-6306
 LayerID=0
 GroupID=0
 Identifier=
 Condition=True
 UserLocked=False
 WrapBefore=False
 Position/Left=11300
 Position/Top=119100
 Position/Width=2800
 Position/Height=3900
 Direction=0
 bFill=False
 BkColor=RGB(0,0,0)
 Frame/Layout=0
 Frame/Left/Line=False
 Frame/Top/Line=False
 Frame/Right/Line=False
 Frame/Bottom/Line=False
 bBottomAligned=False
 [@Lines]
  {
  [Lines]
   {
   [Line]
	{
	[Font]
	 {
	 Default=False
	 FaceName="Wingdings"
	 GdiCharSet=2
	 Size=9
	 Width=0
	 Bold=False
	 Italic=False
	 Underline=False
	 Strikeout=False
	 Color=RGB(0,0,0)
	 PitchAndFamily=2
	 OutPrecision=3
	 }
	Align=0
	Adjusted=False
	Uneraseable=False
	LineWrap=1
	PageWrapAllowed=True
	SpaceOptimization=True
	Spacing.Paragraph=0
	Spacing.Line=0
	OutputFormatter=
	Text="ý"
	Tab=0
	TabAlign=0
	}
   }
  }
[Object]
 ObjectID=1
 ObjectName=Text
 Locked=FALSE
 LinkID=973
 LinkToID=0
 LinkMode=32
 LinkTest=-28169
 LayerID=0
 GroupID=0
 Identifier=
 Condition=True
 UserLocked=False
 WrapBefore=False
 Position/Left=11300
 Position/Top=123200
 Position/Width=2800
 Position/Height=3900
 Direction=0
 bFill=False
 BkColor=RGB(0,0,0)
 Frame/Layout=0
 Frame/Left/Line=False
 Frame/Top/Line=False
 Frame/Right/Line=False
 Frame/Bottom/Line=False
 bBottomAligned=False
 [@Lines]
  {
  [Lines]
   {
   [Line]
	{
	[Font]
	 {
	 Default=False
	 FaceName="Wingdings"
	 GdiCharSet=2
	 Size=9
	 Width=0
	 Bold=False
	 Italic=False
	 Underline=False
	 Strikeout=False
	 Color=RGB(0,0,0)
	 PitchAndFamily=2
	 OutPrecision=3
	 }
	Align=0
	Adjusted=False
	Uneraseable=False
	LineWrap=1
	PageWrapAllowed=True
	SpaceOptimization=True
	Spacing.Paragraph=0
	Spacing.Line=0
	OutputFormatter=
	Text=Cond(VA0=1,"ý","¨")
	Tab=0
	TabAlign=0
	}
   }
  }
[Object]
 ObjectID=1
 ObjectName=Text
 Locked=FALSE
 LinkID=1062
 LinkToID=0
 LinkMode=32
 LinkTest=-6801
 LayerID=0
 GroupID=0
 Identifier=
 Condition=True
 UserLocked=False
 WrapBefore=False
 Position/Left=11300
 Position/Top=130600
 Position/Width=2900
 Position/Height=3900
 Direction=0
 bFill=False
 BkColor=RGB(0,0,0)
 Frame/Layout=0
 Frame/Left/Line=False
 Frame/Top/Line=False
 Frame/Right/Line=False
 Frame/Bottom/Line=False
 bBottomAligned=False
 [@Lines]
  {
  [Lines]
   {
   [Line]
	{
	[Font]
	 {
	 Default=False
	 FaceName="Wingdings"
	 GdiCharSet=2
	 Size=9
	 Width=0
	 Bold=False
	 Italic=False
	 Underline=False
	 Strikeout=False
	 Color=RGB(0,0,0)
	 PitchAndFamily=2
	 OutPrecision=3
	 }
	Align=0
	Adjusted=False
	Uneraseable=False
	LineWrap=1
	PageWrapAllowed=True
	SpaceOptimization=True
	Spacing.Paragraph=0
	Spacing.Line=0
	OutputFormatter=
	Text=Cond(VA1=1,"ý","¨")
	Tab=0
	TabAlign=0
	}
   }
  }
[Object]
 ObjectID=1
 ObjectName=Text
 Locked=FALSE
 LinkID=1067
 LinkToID=0
 LinkMode=32
 LinkTest=-21914
 LayerID=0
 GroupID=0
 Identifier=
 Condition=True
 UserLocked=False
 WrapBefore=False
 Position/Left=11300
 Position/Top=138700
 Position/Width=2800
 Position/Height=3900
 Direction=0
 bFill=False
 BkColor=RGB(0,0,0)
 Frame/Layout=0
 Frame/Left/Line=False
 Frame/Top/Line=False
 Frame/Right/Line=False
 Frame/Bottom/Line=False
 bBottomAligned=False
 [@Lines]
  {
  [Lines]
   {
   [Line]
	{
	[Font]
	 {
	 Default=False
	 FaceName="Wingdings"
	 GdiCharSet=2
	 Size=9
	 Width=0
	 Bold=False
	 Italic=False
	 Underline=False
	 Strikeout=False
	 Color=RGB(0,0,0)
	 PitchAndFamily=2
	 OutPrecision=3
	 }
	Align=0
	Adjusted=False
	Uneraseable=False
	LineWrap=1
	PageWrapAllowed=True
	SpaceOptimization=True
	Spacing.Paragraph=0
	Spacing.Line=0
	OutputFormatter=
	Text=Cond(VA2=1,"ý","¨")
	Tab=0
	TabAlign=0
	}
   }
  }
[Object]
 ObjectID=1
 ObjectName=Text
 Locked=FALSE
 LinkID=1072
 LinkToID=0
 LinkMode=32
 LinkTest=-7989
 LayerID=0
 GroupID=0
 Identifier=
 Condition=True
 UserLocked=False
 WrapBefore=False
 Position/Left=16400
 Position/Top=143600
 Position/Width=2800
 Position/Height=3900
 Direction=0
 bFill=False
 BkColor=RGB(0,0,0)
 Frame/Layout=0
 Frame/Left/Line=False
 Frame/Top/Line=False
 Frame/Right/Line=False
 Frame/Bottom/Line=False
 bBottomAligned=False
 [@Lines]
  {
  [Lines]
   {
   [Line]
	{
	[Font]
	 {
	 Default=False
	 FaceName="Wingdings"
	 GdiCharSet=2
	 Size=9
	 Width=0
	 Bold=False
	 Italic=False
	 Underline=False
	 Strikeout=False
	 Color=RGB(0,0,0)
	 PitchAndFamily=2
	 OutPrecision=3
	 }
	Align=0
	Adjusted=False
	Uneraseable=False
	LineWrap=1
	PageWrapAllowed=True
	SpaceOptimization=True
	Spacing.Paragraph=0
	Spacing.Line=0
	OutputFormatter=
	Text=Cond(VA2a=1,"ý","¨")
	Tab=0
	TabAlign=0
	}
   }
  }
[Object]
 ObjectID=1
 ObjectName=Text
 Locked=FALSE
 LinkID=1075
 LinkToID=0
 LinkMode=32
 LinkTest=-8614
 LayerID=0
 GroupID=0
 Identifier=
 Condition=True
 UserLocked=False
 WrapBefore=False
 Position/Left=16400
 Position/Top=147600
 Position/Width=2800
 Position/Height=3900
 Direction=0
 bFill=False
 BkColor=RGB(0,0,0)
 Frame/Layout=0
 Frame/Left/Line=False
 Frame/Top/Line=False
 Frame/Right/Line=False
 Frame/Bottom/Line=False
 bBottomAligned=False
 [@Lines]
  {
  [Lines]
   {
   [Line]
	{
	[Font]
	 {
	 Default=False
	 FaceName="Wingdings"
	 GdiCharSet=2
	 Size=9
	 Width=0
	 Bold=False
	 Italic=False
	 Underline=False
	 Strikeout=False
	 Color=RGB(0,0,0)
	 PitchAndFamily=2
	 OutPrecision=3
	 }
	Align=0
	Adjusted=False
	Uneraseable=False
	LineWrap=1
	PageWrapAllowed=True
	SpaceOptimization=True
	Spacing.Paragraph=0
	Spacing.Line=0
	OutputFormatter=
	Text=Cond(VA2b=1,"ý","¨")
	Tab=0
	TabAlign=0
	}
   }
  }
[Object]
 ObjectID=1
 ObjectName=Text
 Locked=FALSE
 LinkID=1079
 LinkToID=0
 LinkMode=32
 LinkTest=-1037
 LayerID=0
 GroupID=0
 Identifier=
 Condition=True
 UserLocked=False
 WrapBefore=False
 Position/Left=26800
 Position/Top=151900
 Position/Width=3000
 Position/Height=3900
 Direction=0
 bFill=False
 BkColor=RGB(0,0,0)
 Frame/Layout=0
 Frame/Left/Line=False
 Frame/Top/Line=False
 Frame/Right/Line=False
 Frame/Bottom/Line=False
 bBottomAligned=False
 [@Lines]
  {
  [Lines]
   {
   [Line]
	{
	[Font]
	 {
	 Default=False
	 FaceName="Wingdings"
	 GdiCharSet=2
	 Size=9
	 Width=0
	 Bold=False
	 Italic=False
	 Underline=False
	 Strikeout=False
	 Color=RGB(0,0,0)
	 PitchAndFamily=2
	 OutPrecision=3
	 }
	Align=0
	Adjusted=False
	Uneraseable=False
	LineWrap=1
	PageWrapAllowed=True
	SpaceOptimization=True
	Spacing.Paragraph=0
	Spacing.Line=0
	OutputFormatter=
	Text=Cond(VA2b1=1,"ý","¨")
	Tab=0
	TabAlign=0
	}
   }
  }
[Object]
 ObjectID=1
 ObjectName=Text
 Locked=FALSE
 LinkID=1082
 LinkToID=0
 LinkMode=32
 LinkTest=-28398
 LayerID=0
 GroupID=0
 Identifier=
 Condition=True
 UserLocked=False
 WrapBefore=False
 Position/Left=26800
 Position/Top=155700
 Position/Width=3000
 Position/Height=3900
 Direction=0
 bFill=False
 BkColor=RGB(0,0,0)
 Frame/Layout=0
 Frame/Left/Line=False
 Frame/Top/Line=False
 Frame/Right/Line=False
 Frame/Bottom/Line=False
 bBottomAligned=False
 [@Lines]
  {
  [Lines]
   {
   [Line]
	{
	[Font]
	 {
	 Default=False
	 FaceName="Wingdings"
	 GdiCharSet=2
	 Size=9
	 Width=0
	 Bold=False
	 Italic=False
	 Underline=False
	 Strikeout=False
	 Color=RGB(0,0,0)
	 PitchAndFamily=2
	 OutPrecision=3
	 }
	Align=0
	Adjusted=False
	Uneraseable=False
	LineWrap=1
	PageWrapAllowed=True
	SpaceOptimization=True
	Spacing.Paragraph=0
	Spacing.Line=0
	OutputFormatter=
	Text=Cond(VA2b2=1,"ý","¨")
	Tab=0
	TabAlign=0
	}
   }
  }
[Object]
 ObjectID=1
 ObjectName=Text
 Locked=FALSE
 LinkID=1085
 LinkToID=0
 LinkMode=32
 LinkTest=-5059
 LayerID=0
 GroupID=0
 Identifier=
 Condition=True
 UserLocked=False
 WrapBefore=False
 Position/Left=26800
 Position/Top=159400
 Position/Width=2800
 Position/Height=3900
 Direction=0
 bFill=False
 BkColor=RGB(0,0,0)
 Frame/Layout=0
 Frame/Left/Line=False
 Frame/Top/Line=False
 Frame/Right/Line=False
 Frame/Bottom/Line=False
 bBottomAligned=False
 [@Lines]
  {
  [Lines]
   {
   [Line]
	{
	[Font]
	 {
	 Default=False
	 FaceName="Wingdings"
	 GdiCharSet=2
	 Size=9
	 Width=0
	 Bold=False
	 Italic=False
	 Underline=False
	 Strikeout=False
	 Color=RGB(0,0,0)
	 PitchAndFamily=2
	 OutPrecision=3
	 }
	Align=0
	Adjusted=False
	Uneraseable=False
	LineWrap=1
	PageWrapAllowed=True
	SpaceOptimization=True
	Spacing.Paragraph=0
	Spacing.Line=0
	OutputFormatter=
	Text=Cond(VA2b3=1,"ý","¨")
	Tab=0
	TabAlign=0
	}
   }
  }
[Object]
 ObjectID=1
 ObjectName=Text
 Locked=FALSE
 LinkID=1088
 LinkToID=0
 LinkMode=32
 LinkTest=-4157
 LayerID=0
 GroupID=0
 Identifier=
 Condition=True
 UserLocked=False
 WrapBefore=False
 Position/Left=26800
 Position/Top=163500
 Position/Width=2700
 Position/Height=3900
 Direction=0
 bFill=False
 BkColor=RGB(0,0,0)
 Frame/Layout=0
 Frame/Left/Line=False
 Frame/Top/Line=False
 Frame/Right/Line=False
 Frame/Bottom/Line=False
 bBottomAligned=False
 [@Lines]
  {
  [Lines]
   {
   [Line]
	{
	[Font]
	 {
	 Default=False
	 FaceName="Wingdings"
	 GdiCharSet=2
	 Size=9
	 Width=0
	 Bold=False
	 Italic=False
	 Underline=False
	 Strikeout=False
	 Color=RGB(0,0,0)
	 PitchAndFamily=2
	 OutPrecision=3
	 }
	Align=0
	Adjusted=False
	Uneraseable=False
	LineWrap=1
	PageWrapAllowed=True
	SpaceOptimization=True
	Spacing.Paragraph=0
	Spacing.Line=0
	OutputFormatter=
	Text=Cond(VA2b4=1,"ý","¨")
	Tab=0
	TabAlign=0
	}
   }
  }
[Object]
 ObjectID=1
 ObjectName=Text
 Locked=FALSE
 LinkID=1092
 LinkToID=0
 LinkMode=32
 LinkTest=-23017
 LayerID=0
 GroupID=0
 Identifier=
 Condition=True
 UserLocked=False
 WrapBefore=False
 Position/Left=16300
 Position/Top=173200
 Position/Width=2800
 Position/Height=3900
 Direction=0
 bFill=False
 BkColor=RGB(0,0,0)
 Frame/Layout=0
 Frame/Left/Line=False
 Frame/Top/Line=False
 Frame/Right/Line=False
 Frame/Bottom/Line=False
 bBottomAligned=False
 [@Lines]
  {
  [Lines]
   {
   [Line]
	{
	[Font]
	 {
	 Default=False
	 FaceName="Wingdings"
	 GdiCharSet=2
	 Size=9
	 Width=0
	 Bold=False
	 Italic=False
	 Underline=False
	 Strikeout=False
	 Color=RGB(0,0,0)
	 PitchAndFamily=2
	 OutPrecision=3
	 }
	Align=0
	Adjusted=False
	Uneraseable=False
	LineWrap=1
	PageWrapAllowed=True
	SpaceOptimization=True
	Spacing.Paragraph=0
	Spacing.Line=0
	OutputFormatter=
	Text=Cond(VA3=1,"ý","¨")
	Tab=0
	TabAlign=0
	}
   }
  }
[Object]
 ObjectID=1
 ObjectName=Text
 Locked=FALSE
 LinkID=1098
 LinkToID=0
 LinkMode=32
 LinkTest=-18751
 LayerID=0
 GroupID=0
 Identifier=
 Condition=True
 UserLocked=False
 WrapBefore=False
 Position/Left=143000
 Position/Top=114000
 Position/Width=47100
 Position/Height=3600
 Direction=0
 bFill=False
 BkColor=RGB(0,0,0)
 Frame/Layout=0
 Frame/Left/Line=False
 Frame/Top/Line=False
 Frame/Right/Line=False
 Frame/Bottom/Line=False
 bBottomAligned=False
 [@Lines]
  {
  [Lines]
   {
   [Line]
	{
	[Font]
	 {
	 Default=True
	 FaceName="Calibri"
	 GdiCharSet=0
	 Size=9
	 Width=0
	 Bold=False
	 Italic=False
	 Underline=False
	 Strikeout=False
	 Color=RGB(0,0,0)
	 PitchAndFamily=34
	 OutPrecision=3
	 }
	Align=0
	Adjusted=False
	Uneraseable=False
	LineWrap=1
	PageWrapAllowed=True
	SpaceOptimization=True
	Spacing.Paragraph=0
	Spacing.Line=0
	OutputFormatter=
	Text="den Titel zuzustellen"
	Tab=0
	TabAlign=0
	}
   }
  }
[Object]
 ObjectID=1
 ObjectName=Text
 Locked=FALSE
 LinkID=1103
 LinkToID=0
 LinkMode=32
 LinkTest=-10680
 LayerID=0
 GroupID=0
 Identifier=
 Condition=True
 UserLocked=False
 WrapBefore=False
 Position/Left=139800
 Position/Top=114100
 Position/Width=2800
 Position/Height=3900
 Direction=0
 bFill=False
 BkColor=RGB(0,0,0)
 Frame/Layout=0
 Frame/Left/Line=False
 Frame/Top/Line=False
 Frame/Right/Line=False
 Frame/Bottom/Line=False
 bBottomAligned=False
 [@Lines]
  {
  [Lines]
   {
   [Line]
	{
	[Font]
	 {
	 Default=False
	 FaceName="Wingdings"
	 GdiCharSet=2
	 Size=9
	 Width=0
	 Bold=False
	 Italic=False
	 Underline=False
	 Strikeout=False
	 Color=RGB(0,0,0)
	 PitchAndFamily=2
	 OutPrecision=3
	 }
	Align=0
	Adjusted=False
	Uneraseable=False
	LineWrap=1
	PageWrapAllowed=True
	SpaceOptimization=True
	Spacing.Paragraph=0
	Spacing.Line=0
	OutputFormatter=
	Text="ý"
	Tab=0
	TabAlign=0
	}
   }
  }
[Object]
 ObjectID=1
 ObjectName=Text
 Locked=FALSE
 LinkID=1192
 LinkToID=0
 LinkMode=32
 LinkTest=-22526
 LayerID=0
 GroupID=0
 Identifier=
 Condition=True
 UserLocked=False
 WrapBefore=False
 Position/Left=9600
 Position/Top=83100
 Position/Width=189300
 Position/Height=27800
 Direction=0
 bFill=False
 BkColor=RGB(0,0,0)
 Frame/Layout=0
 Frame/Left/Line=False
 Frame/Top/Line=False
 Frame/Right/Line=False
 Frame/Bottom/Line=False
 bBottomAligned=False
 [@Lines]
  {
  [Lines]
   {
   [Line]
	{
	[Font]
	 {
	 Default=True
	 FaceName="Calibri"
	 GdiCharSet=0
	 Size=9
	 Width=0
	 Bold=False
	 Italic=False
	 Underline=False
	 Strikeout=False
	 Color=RGB(0,0,0)
	 PitchAndFamily=34
	 OutPrecision=3
	 }
	Align=0
	Adjusted=False
	Uneraseable=False
	LineWrap=1
	PageWrapAllowed=True
	SpaceOptimization=True
	Spacing.Paragraph=2
	Spacing.Line=0
	OutputFormatter=
	Text="In der Zwangsvollstreckungssache moveta r.V.k.V., Danziger Str. 1, 31008 Elze"
	Tab=0
	TabAlign=0
	}
   [Line]
	{
	[Font]
	 {
	 Default=True
	 FaceName="Calibri"
	 GdiCharSet=0
	 Size=9
	 Width=0
	 Bold=False
	 Italic=False
	 Underline=False
	 Strikeout=False
	 Color=RGB(0,0,0)
	 PitchAndFamily=34
	 OutPrecision=3
	 }
	Align=0
	Adjusted=False
	Uneraseable=False
	LineWrap=1
	PageWrapAllowed=True
	SpaceOptimization=True
	Spacing.Paragraph=2
	Spacing.Line=0
	OutputFormatter=
	Text=" "
	Tab=0
	TabAlign=0
	}
   [Line]
	{
	[Font]
	 {
	 Default=True
	 FaceName="Calibri"
	 GdiCharSet=0
	 Size=9
	 Width=0
	 Bold=False
	 Italic=False
	 Underline=False
	 Strikeout=False
	 Color=RGB(0,0,0)
	 PitchAndFamily=34
	 OutPrecision=3
	 }
	Align=0
	Adjusted=False
	Uneraseable=False
	LineWrap=1
	PageWrapAllowed=True
	SpaceOptimization=True
	Spacing.Paragraph=2
	Spacing.Line=0
	OutputFormatter=
	Text=" "
	Tab=0
	TabAlign=0
	}
   [Line]
	{
	[Font]
	 {
	 Default=True
	 FaceName="Calibri"
	 GdiCharSet=0
	 Size=9
	 Width=0
	 Bold=False
	 Italic=False
	 Underline=False
	 Strikeout=False
	 Color=RGB(0,0,0)
	 PitchAndFamily=34
	 OutPrecision=3
	 }
	Align=0
	Adjusted=False
	Uneraseable=False
	LineWrap=1
	PageWrapAllowed=True
	SpaceOptimization=True
	Spacing.Paragraph=2
	Spacing.Line=0
	OutputFormatter=
	Text="gegen " + Halter.Name  + Cond (Halter.Name2="","",", " + Halter.Name2) + Cond (Halter.Strasse="","", ", " + Halter.Strasse) + Cond (Halter.Ort="", "", ", " + Halter.Ort)
	Tab=0
	TabAlign=0
	}
   [Line]
	{
	[Font]
	 {
	 Default=True
	 FaceName="Calibri"
	 GdiCharSet=0
	 Size=9
	 Width=0
	 Bold=False
	 Italic=False
	 Underline=False
	 Strikeout=False
	 Color=RGB(0,0,0)
	 PitchAndFamily=34
	 OutPrecision=3
	 }
	Align=0
	Adjusted=False
	Uneraseable=False
	LineWrap=1
	PageWrapAllowed=True
	SpaceOptimization=True
	Spacing.Paragraph=2
	Spacing.Line=0
	OutputFormatter=
	Text=" "
	Tab=0
	TabAlign=0
	}
   [Line]
	{
	[Font]
	 {
	 Default=True
	 FaceName="Calibri"
	 GdiCharSet=0
	 Size=9
	 Width=0
	 Bold=False
	 Italic=False
	 Underline=False
	 Strikeout=False
	 Color=RGB(0,0,0)
	 PitchAndFamily=34
	 OutPrecision=3
	 }
	Align=0
	Adjusted=False
	Uneraseable=False
	LineWrap=1
	PageWrapAllowed=True
	SpaceOptimization=True
	Spacing.Paragraph=2
	Spacing.Line=0
	OutputFormatter=
	Text="wird anliegend vollstreckbare Ausfertigung des Vollstreckungsbescheides"
	Tab=0
	TabAlign=0
	}
   [Line]
	{
	[Font]
	 {
	 Default=True
	 FaceName="Calibri"
	 GdiCharSet=0
	 Size=9
	 Width=0
	 Bold=False
	 Italic=False
	 Underline=False
	 Strikeout=False
	 Color=RGB(0,0,0)
	 PitchAndFamily=34
	 OutPrecision=3
	 }
	Align=0
	Adjusted=False
	Uneraseable=False
	LineWrap=1
	PageWrapAllowed=True
	SpaceOptimization=True
	Spacing.Paragraph=2
	Spacing.Line=0
	OutputFormatter=
	Text="des Amtsgerichts in Uelzen vom " + Date$(Zustellung.VB) + " Az. : " + Aktenzeichen + " überreicht mit dem Antrag :"
	Tab=0
	TabAlign=0
	}
   }
  }
[Object]
 ObjectID=3
 ObjectName=Linie
 Locked=FALSE
 LinkID=194
 LinkToID=0
 LinkMode=32
 LinkTest=-26252
 LayerID=0
 GroupID=0
 Identifier=
 Condition=True
 UserLocked=False
 WrapBefore=False
 Position/Left=112600
 Position/Top=64700
 Position/Width=67500
 Position/Height=0
 Direction=0
 Frame/Layout=0
 Frame/Left/Line=False
 Frame/Top/Line=False
 Frame/Right/Line=False
 Frame/Bottom/Line=False
 FgColor=RGB(0,0,0)
 LineType=0
 Width=100
 LineDirection=0
[Object]
 ObjectID=3
 ObjectName=Linie
 Locked=FALSE
 LinkID=212
 LinkToID=0
 LinkMode=32
 LinkTest=-9217
 LayerID=0
 GroupID=0
 Identifier=
 Condition=True
 UserLocked=False
 WrapBefore=False
 Position/Left=112600
 Position/Top=75100
 Position/Width=67500
 Position/Height=0
 Direction=0
 Frame/Layout=0
 Frame/Left/Line=False
 Frame/Top/Line=False
 Frame/Right/Line=False
 Frame/Bottom/Line=False
 FgColor=RGB(0,0,0)
 LineType=0
 Width=100
 LineDirection=0
[Object]
 ObjectID=3
 ObjectName=Linie
 Locked=FALSE
 LinkID=216
 LinkToID=0
 LinkMode=32
 LinkTest=-1729
 LayerID=0
 GroupID=0
 Identifier=
 Condition=True
 UserLocked=False
 WrapBefore=False
 Position/Left=180100
 Position/Top=64800
 Position/Width=0
 Position/Height=10400
 Direction=0
 Frame/Layout=0
 Frame/Left/Line=False
 Frame/Top/Line=False
 Frame/Right/Line=False
 Frame/Bottom/Line=False
 FgColor=RGB(0,0,0)
 LineType=0
 Width=100
 LineDirection=1
[Object]
 ObjectID=3
 ObjectName=Linie
 Locked=FALSE
 LinkID=238
 LinkToID=0
 LinkMode=32
 LinkTest=-4723
 LayerID=0
 GroupID=0
 Identifier=
 Condition=True
 UserLocked=False
 WrapBefore=False
 Position/Left=112500
 Position/Top=64700
 Position/Width=0
 Position/Height=10400
 Direction=0
 Frame/Layout=0
 Frame/Left/Line=False
 Frame/Top/Line=False
 Frame/Right/Line=False
 Frame/Bottom/Line=False
 FgColor=RGB(0,0,0)
 LineType=0
 Width=100
 LineDirection=1
[Object]
 ObjectID=6
 ObjectName=Tabelle
 Locked=FALSE
 LinkID=41
 LinkToID=414
 LinkMode=48
 LinkTest=-21286
 LayerID=0
 GroupID=0
 Identifier=
 Condition=True
 UserLocked=False
 WrapBefore=False
 Position/Left=9500
 Position/Top=21600
 Position/Width=191500
 Position/Height=269400
 Direction=0
 bFooterOnBottom=False
 bFillBottom=False
 DefaultFont=default
 FgColor=RGB(0,0,0)
 bFill=False
 BkColor=RGB(255,255,255)
 [@Tables]
  {
  [Tables]
   {
   [Table]
	{
	TableID=
	RelationID=
	[GroupHeaderLines]
	 {
	 bConcatDataLines=True
	 }
	[GroupFooterLines]
	 {
	 bAlsoOnEmptyGroup=False
	 }
	[DataLines]
	 {
	 bKeepTogether=True
	 bSuppress=False
	 bForceSumCalculation=False
	 }
	ZebraPattern=False
	[ZebraPattern]
	 {
	 Color=RGB(0,0,0)
	 Pattern=6
	 }
	[FooterLines]
	 {
	 bKeepTogether=True
	 }
	PageBreakCondition=False
	[DefaultFrame]
	 {
	 Layout=1
	 [Left]
	  {
	  Spacing=1000
	  Line=True
	  [Line]
	   {
	   Color=RGB(0,0,0)
	   LineType=0
	   }
	  LineWidth=0
	  }
	 [Top]
	  {
	  Spacing=500
	  Line=True
	  [Line]
	   {
	   Color=RGB(0,0,0)
	   LineType=0
	   }
	  LineWidth=0
	  }
	 [Right]
	  {
	  Spacing=1000
	  Line=True
	  [Line]
	   {
	   Color=RGB(0,0,0)
	   LineType=0
	   }
	  LineWidth=0
	  }
	 [Bottom]
	  {
	  Spacing=500
	  Line=True
	  [Line]
	   {
	   Color=RGB(0,0,0)
	   LineType=0
	   }
	  LineWidth=0
	  }
	 }
	[Body]
	 {
	 [Options]
	  {
	  }
	 [Lines]
	  {
	  [Line]
	   {
	   LineID=0
	   [Columns]
		{
		Columns=2
		[Column]
		 {
		 Width=17100
		 Height=10000
		 bIsotropic=True
		 PlainTextFormat=True
		 Align=0
		 AlignDecPosition=-10000
		 VAlign=0
		 Adjusted=False
		 LineWrap=1
		 bFill=False
		 BkColor=RGB(224,224,224)
		 Raster=1
		 FgColor=RGB(0,0,0)
		 SpaceOptimization=True
		 Link.URL=
		 WithText=False
		 [Frame]
		  {
		  Default=True
		  Layout=1
		  [Left]
		   {
		   Spacing=1000
		   Line=True
		   [Line]
			{
			Color=RGB(0,0,0)
			LineType=0
			}
		   LineWidth=0
		   }
		  [Top]
		   {
		   Spacing=500
		   Line=True
		   [Line]
			{
			Color=RGB(0,0,0)
			LineType=0
			}
		   LineWidth=0
		   }
		  [Right]
		   {
		   Spacing=1000
		   Line=True
		   [Line]
			{
			Color=RGB(0,0,0)
			LineType=0
			}
		   LineWidth=0
		   }
		  [Bottom]
		   {
		   Spacing=500
		   Line=True
		   [Line]
			{
			Color=RGB(0,0,0)
			LineType=0
			}
		   LineWidth=0
		   }
		  }
		 [Font]
		  {
		  Default=True
		  FaceName="Calibri"
		  GdiCharSet=0
		  Size=9
		  Width=0
		  Bold=False
		  Italic=False
		  Underline=False
		  Strikeout=False
		  Color=RGB(0,0,0)
		  PitchAndFamily=34
		  OutPrecision=3
		  }
		 OutputFormatter=
		 Direction=0
		 Text=Zahlung.EUR * (-1)
		 }
		[Column]
		 {
		 Width=173700
		 Height=10000
		 bIsotropic=True
		 PlainTextFormat=True
		 Align=0
		 AlignDecPosition=-10000
		 VAlign=0
		 Adjusted=False
		 LineWrap=1
		 bFill=False
		 BkColor=RGB(224,224,224)
		 Raster=1
		 FgColor=RGB(0,0,0)
		 SpaceOptimization=True
		 Link.URL=
		 WithText=False
		 [Frame]
		  {
		  Default=True
		  Layout=1
		  [Left]
		   {
		   Spacing=1000
		   Line=True
		   [Line]
			{
			Color=RGB(0,0,0)
			LineType=0
			}
		   LineWidth=0
		   }
		  [Top]
		   {
		   Spacing=500
		   Line=True
		   [Line]
			{
			Color=RGB(0,0,0)
			LineType=0
			}
		   LineWidth=0
		   }
		  [Right]
		   {
		   Spacing=1000
		   Line=True
		   [Line]
			{
			Color=RGB(0,0,0)
			LineType=0
			}
		   LineWidth=0
		   }
		  [Bottom]
		   {
		   Spacing=500
		   Line=True
		   [Line]
			{
			Color=RGB(0,0,0)
			LineType=0
			}
		   LineWidth=0
		   }
		  }
		 [Font]
		  {
		  Default=True
		  FaceName="Calibri"
		  GdiCharSet=0
		  Size=9
		  Width=0
		  Bold=False
		  Italic=False
		  Underline=False
		  Strikeout=False
		  Color=RGB(0,0,0)
		  PitchAndFamily=34
		  OutPrecision=3
		  }
		 OutputFormatter=
		 Direction=0
		 Text="Zahlung vom " + Date$(Zahlung.Datum)
		 }
		}
	   [Options]
		{
		[Frame0]
		 {
		 SpaceOut=0
		 }
		[Frame1]
		 {
		 SpaceOut=0
		 }
		[Frame2]
		 {
		 SpaceOut=0
		 }
		[Frame3]
		 {
		 SpaceOut=0
		 }
		LFont=default
		LCondition=
		IgnoreEmpty=TRUE
		Description=Zeilendefinition  1
		DisplayInDesigner=TRUE
		}
	   }
	  }
	 }
	[Header]
	 {
	 [Options]
	  {
	  }
	 [Lines]
	  {
	  [Line]
	   {
	   LineID=0
	   [Columns]
		{
		Columns=1
		[Column]
		 {
		 Width=190800
		 Height=10000
		 bIsotropic=True
		 PlainTextFormat=True
		 Align=0
		 AlignDecPosition=-10000
		 VAlign=0
		 Adjusted=False
		 LineWrap=1
		 bFill=False
		 BkColor=RGB(224,224,224)
		 Raster=1
		 FgColor=RGB(0,0,0)
		 SpaceOptimization=True
		 Link.URL=
		 WithText=False
		 [Frame]
		  {
		  Default=True
		  Layout=1
		  [Left]
		   {
		   Spacing=1000
		   Line=True
		   [Line]
			{
			Color=RGB(0,0,0)
			LineType=0
			}
		   LineWidth=0
		   }
		  [Top]
		   {
		   Spacing=500
		   Line=True
		   [Line]
			{
			Color=RGB(0,0,0)
			LineType=0
			}
		   LineWidth=0
		   }
		  [Right]
		   {
		   Spacing=1000
		   Line=True
		   [Line]
			{
			Color=RGB(0,0,0)
			LineType=0
			}
		   LineWidth=0
		   }
		  [Bottom]
		   {
		   Spacing=500
		   Line=True
		   [Line]
			{
			Color=RGB(0,0,0)
			LineType=0
			}
		   LineWidth=0
		   }
		  }
		 [Font]
		  {
		  Default=True
		  FaceName="Calibri"
		  GdiCharSet=0
		  Size=9
		  Width=0
		  Bold=False
		  Italic=False
		  Underline=False
		  Strikeout=False
		  Color=RGB(0,0,0)
		  PitchAndFamily=34
		  OutPrecision=3
		  }
		 OutputFormatter=
		 Direction=0
		 Text="Alle Beträge sind in € angegeben."
		 }
		}
	   [Options]
		{
		[Frame0]
		 {
		 SpaceOut=0
		 }
		[Frame1]
		 {
		 SpaceOut=0
		 }
		[Frame2]
		 {
		 SpaceOut=0
		 }
		[Frame3]
		 {
		 SpaceOut=0
		 }
		LFont=default
		LCondition=
		IgnoreEmpty=TRUE
		Description=Zeilendefinition  1
		DisplayInDesigner=TRUE
		}
	   }
	  [Line]
	   {
	   LineID=1
	   [Columns]
		{
		Columns=2
		[Column]
		 {
		 Width=17100
		 Height=10000
		 bIsotropic=True
		 PlainTextFormat=True
		 Align=0
		 AlignDecPosition=-10000
		 VAlign=0
		 Adjusted=False
		 LineWrap=1
		 bFill=False
		 BkColor=RGB(224,224,224)
		 Raster=1
		 FgColor=RGB(0,0,0)
		 SpaceOptimization=True
		 Link.URL=
		 WithText=False
		 [Frame]
		  {
		  Default=True
		  Layout=1
		  [Left]
		   {
		   Spacing=1000
		   Line=True
		   [Line]
			{
			Color=RGB(0,0,0)
			LineType=0
			}
		   LineWidth=0
		   }
		  [Top]
		   {
		   Spacing=500
		   Line=True
		   [Line]
			{
			Color=RGB(0,0,0)
			LineType=0
			}
		   LineWidth=0
		   }
		  [Right]
		   {
		   Spacing=1000
		   Line=True
		   [Line]
			{
			Color=RGB(0,0,0)
			LineType=0
			}
		   LineWidth=0
		   }
		  [Bottom]
		   {
		   Spacing=500
		   Line=True
		   [Line]
			{
			Color=RGB(0,0,0)
			LineType=0
			}
		   LineWidth=0
		   }
		  }
		 [Font]
		  {
		  Default=True
		  FaceName="Calibri"
		  GdiCharSet=0
		  Size=9
		  Width=0
		  Bold=False
		  Italic=False
		  Underline=False
		  Strikeout=False
		  Color=RGB(0,0,0)
		  PitchAndFamily=34
		  OutPrecision=3
		  }
		 OutputFormatter=
		 Direction=0
		 Text=fEUR_HF
		 }
		[Column]
		 {
		 Width=173700
		 Height=10000
		 bIsotropic=True
		 PlainTextFormat=True
		 Align=0
		 AlignDecPosition=-10000
		 VAlign=0
		 Adjusted=False
		 LineWrap=1
		 bFill=False
		 BkColor=RGB(224,224,224)
		 Raster=1
		 FgColor=RGB(0,0,0)
		 SpaceOptimization=True
		 Link.URL=
		 WithText=False
		 [Frame]
		  {
		  Default=True
		  Layout=1
		  [Left]
		   {
		   Spacing=1000
		   Line=True
		   [Line]
			{
			Color=RGB(0,0,0)
			LineType=0
			}
		   LineWidth=0
		   }
		  [Top]
		   {
		   Spacing=500
		   Line=True
		   [Line]
			{
			Color=RGB(0,0,0)
			LineType=0
			}
		   LineWidth=0
		   }
		  [Right]
		   {
		   Spacing=1000
		   Line=True
		   [Line]
			{
			Color=RGB(0,0,0)
			LineType=0
			}
		   LineWidth=0
		   }
		  [Bottom]
		   {
		   Spacing=500
		   Line=True
		   [Line]
			{
			Color=RGB(0,0,0)
			LineType=0
			}
		   LineWidth=0
		   }
		  }
		 [Font]
		  {
		  Default=True
		  FaceName="Calibri"
		  GdiCharSet=0
		  Size=9
		  Width=0
		  Bold=False
		  Italic=False
		  Underline=False
		  Strikeout=False
		  Color=RGB(0,0,0)
		  PitchAndFamily=34
		  OutPrecision=3
		  }
		 OutputFormatter=
		 Direction=0
		 Text="Hauptforderung"
		 }
		}
	   [Options]
		{
		[Frame0]
		 {
		 SpaceOut=0
		 }
		[Frame1]
		 {
		 SpaceOut=0
		 }
		[Frame2]
		 {
		 SpaceOut=0
		 }
		[Frame3]
		 {
		 SpaceOut=0
		 }
		LFont=default
		LCondition=
		IgnoreEmpty=TRUE
		Description=Zeilendefinition  2
		DisplayInDesigner=TRUE
		}
	   }
	  [Line]
	   {
	   LineID=2
	   [Columns]
		{
		Columns=2
		[Column]
		 {
		 Width=17100
		 Height=10000
		 bIsotropic=True
		 PlainTextFormat=True
		 Align=0
		 AlignDecPosition=-10000
		 VAlign=0
		 Adjusted=False
		 LineWrap=1
		 bFill=False
		 BkColor=RGB(224,224,224)
		 Raster=1
		 FgColor=RGB(0,0,0)
		 SpaceOptimization=True
		 Link.URL=
		 WithText=False
		 [Frame]
		  {
		  Default=True
		  Layout=1
		  [Left]
		   {
		   Spacing=1000
		   Line=True
		   [Line]
			{
			Color=RGB(0,0,0)
			LineType=0
			}
		   LineWidth=0
		   }
		  [Top]
		   {
		   Spacing=500
		   Line=True
		   [Line]
			{
			Color=RGB(0,0,0)
			LineType=0
			}
		   LineWidth=0
		   }
		  [Right]
		   {
		   Spacing=1000
		   Line=True
		   [Line]
			{
			Color=RGB(0,0,0)
			LineType=0
			}
		   LineWidth=0
		   }
		  [Bottom]
		   {
		   Spacing=500
		   Line=True
		   [Line]
			{
			Color=RGB(0,0,0)
			LineType=0
			}
		   LineWidth=0
		   }
		  }
		 [Font]
		  {
		  Default=True
		  FaceName="Calibri"
		  GdiCharSet=0
		  Size=9
		  Width=0
		  Bold=False
		  Italic=False
		  Underline=False
		  Strikeout=False
		  Color=RGB(0,0,0)
		  PitchAndFamily=34
		  OutPrecision=3
		  }
		 OutputFormatter=
		 Direction=0
		 Text=""
		 }
		[Column]
		 {
		 Width=173700
		 Height=10000
		 bIsotropic=True
		 PlainTextFormat=True
		 Align=0
		 AlignDecPosition=-10000
		 VAlign=0
		 Adjusted=False
		 LineWrap=1
		 bFill=False
		 BkColor=RGB(224,224,224)
		 Raster=1
		 FgColor=RGB(0,0,0)
		 SpaceOptimization=True
		 Link.URL=
		 WithText=False
		 [Frame]
		  {
		  Default=True
		  Layout=1
		  [Left]
		   {
		   Spacing=1000
		   Line=True
		   [Line]
			{
			Color=RGB(0,0,0)
			LineType=0
			}
		   LineWidth=0
		   }
		  [Top]
		   {
		   Spacing=500
		   Line=True
		   [Line]
			{
			Color=RGB(0,0,0)
			LineType=0
			}
		   LineWidth=0
		   }
		  [Right]
		   {
		   Spacing=1000
		   Line=True
		   [Line]
			{
			Color=RGB(0,0,0)
			LineType=0
			}
		   LineWidth=0
		   }
		  [Bottom]
		   {
		   Spacing=500
		   Line=True
		   [Line]
			{
			Color=RGB(0,0,0)
			LineType=0
			}
		   LineWidth=0
		   }
		  }
		 [Font]
		  {
		  Default=True
		  FaceName="Calibri"
		  GdiCharSet=0
		  Size=9
		  Width=0
		  Bold=False
		  Italic=False
		  Underline=False
		  Strikeout=False
		  Color=RGB(0,0,0)
		  PitchAndFamily=34
		  OutPrecision=3
		  }
		 OutputFormatter=
		 Direction=0
		 Text=Str$(Proz_HF,0,0) + " % Zinsen seit dem " + Date$(Zustellung.MB) + " = €  " + Str$(Zins_HF,8,2)
		 }
		}
	   [Options]
		{
		[Frame0]
		 {
		 SpaceOut=0
		 }
		[Frame1]
		 {
		 SpaceOut=0
		 }
		[Frame2]
		 {
		 SpaceOut=0
		 }
		[Frame3]
		 {
		 SpaceOut=0
		 }
		LFont=default
		LCondition=
		IgnoreEmpty=TRUE
		Description=Zeilendefinition  3
		DisplayInDesigner=TRUE
		}
	   }
	  [Line]
	   {
	   LineID=3
	   [Columns]
		{
		Columns=2
		[Column]
		 {
		 Width=17100
		 Height=10000
		 bIsotropic=True
		 PlainTextFormat=True
		 Align=0
		 AlignDecPosition=-10000
		 VAlign=0
		 Adjusted=False
		 LineWrap=1
		 bFill=False
		 BkColor=RGB(224,224,224)
		 Raster=1
		 FgColor=RGB(0,0,0)
		 SpaceOptimization=True
		 Link.URL=
		 WithText=False
		 [Frame]
		  {
		  Default=True
		  Layout=1
		  [Left]
		   {
		   Spacing=1000
		   Line=True
		   [Line]
			{
			Color=RGB(0,0,0)
			LineType=0
			}
		   LineWidth=0
		   }
		  [Top]
		   {
		   Spacing=500
		   Line=True
		   [Line]
			{
			Color=RGB(0,0,0)
			LineType=0
			}
		   LineWidth=0
		   }
		  [Right]
		   {
		   Spacing=1000
		   Line=True
		   [Line]
			{
			Color=RGB(0,0,0)
			LineType=0
			}
		   LineWidth=0
		   }
		  [Bottom]
		   {
		   Spacing=500
		   Line=True
		   [Line]
			{
			Color=RGB(0,0,0)
			LineType=0
			}
		   LineWidth=0
		   }
		  }
		 [Font]
		  {
		  Default=True
		  FaceName="Calibri"
		  GdiCharSet=0
		  Size=9
		  Width=0
		  Bold=False
		  Italic=False
		  Underline=False
		  Strikeout=False
		  Color=RGB(0,0,0)
		  PitchAndFamily=34
		  OutPrecision=3
		  }
		 OutputFormatter=
		 Direction=0
		 Text=fEUR_Mahn
		 }
		[Column]
		 {
		 Width=173700
		 Height=10000
		 bIsotropic=True
		 PlainTextFormat=True
		 Align=0
		 AlignDecPosition=-10000
		 VAlign=0
		 Adjusted=False
		 LineWrap=1
		 bFill=False
		 BkColor=RGB(224,224,224)
		 Raster=1
		 FgColor=RGB(0,0,0)
		 SpaceOptimization=True
		 Link.URL=
		 WithText=False
		 [Frame]
		  {
		  Default=True
		  Layout=1
		  [Left]
		   {
		   Spacing=1000
		   Line=True
		   [Line]
			{
			Color=RGB(0,0,0)
			LineType=0
			}
		   LineWidth=0
		   }
		  [Top]
		   {
		   Spacing=500
		   Line=True
		   [Line]
			{
			Color=RGB(0,0,0)
			LineType=0
			}
		   LineWidth=0
		   }
		  [Right]
		   {
		   Spacing=1000
		   Line=True
		   [Line]
			{
			Color=RGB(0,0,0)
			LineType=0
			}
		   LineWidth=0
		   }
		  [Bottom]
		   {
		   Spacing=500
		   Line=True
		   [Line]
			{
			Color=RGB(0,0,0)
			LineType=0
			}
		   LineWidth=0
		   }
		  }
		 [Font]
		  {
		  Default=True
		  FaceName="Calibri"
		  GdiCharSet=0
		  Size=9
		  Width=0
		  Bold=False
		  Italic=False
		  Underline=False
		  Strikeout=False
		  Color=RGB(0,0,0)
		  PitchAndFamily=34
		  OutPrecision=3
		  }
		 OutputFormatter=
		 Direction=0
		 Text="vorgerichtliche Mahnkosten des Gläubigers"
		 }
		}
	   [Options]
		{
		[Frame0]
		 {
		 SpaceOut=0
		 }
		[Frame1]
		 {
		 SpaceOut=0
		 }
		[Frame2]
		 {
		 SpaceOut=0
		 }
		[Frame3]
		 {
		 SpaceOut=0
		 }
		LFont=default
		LCondition=
		IgnoreEmpty=TRUE
		Description=Zeilendefinition  4
		DisplayInDesigner=TRUE
		}
	   }
	  [Line]
	   {
	   LineID=4
	   [Columns]
		{
		Columns=2
		[Column]
		 {
		 Width=17100
		 Height=10000
		 bIsotropic=True
		 PlainTextFormat=True
		 Align=0
		 AlignDecPosition=-10000
		 VAlign=0
		 Adjusted=False
		 LineWrap=1
		 bFill=False
		 BkColor=RGB(224,224,224)
		 Raster=1
		 FgColor=RGB(0,0,0)
		 SpaceOptimization=True
		 Link.URL=
		 WithText=False
		 [Frame]
		  {
		  Default=True
		  Layout=1
		  [Left]
		   {
		   Spacing=1000
		   Line=True
		   [Line]
			{
			Color=RGB(0,0,0)
			LineType=0
			}
		   LineWidth=0
		   }
		  [Top]
		   {
		   Spacing=500
		   Line=True
		   [Line]
			{
			Color=RGB(0,0,0)
			LineType=0
			}
		   LineWidth=0
		   }
		  [Right]
		   {
		   Spacing=1000
		   Line=True
		   [Line]
			{
			Color=RGB(0,0,0)
			LineType=0
			}
		   LineWidth=0
		   }
		  [Bottom]
		   {
		   Spacing=500
		   Line=True
		   [Line]
			{
			Color=RGB(0,0,0)
			LineType=0
			}
		   LineWidth=0
		   }
		  }
		 [Font]
		  {
		  Default=True
		  FaceName="Calibri"
		  GdiCharSet=0
		  Size=9
		  Width=0
		  Bold=False
		  Italic=False
		  Underline=False
		  Strikeout=False
		  Color=RGB(0,0,0)
		  PitchAndFamily=34
		  OutPrecision=3
		  }
		 OutputFormatter=
		 Direction=0
		 Text=fEUR_MB
		 }
		[Column]
		 {
		 Width=173700
		 Height=10000
		 bIsotropic=True
		 PlainTextFormat=True
		 Align=0
		 AlignDecPosition=-10000
		 VAlign=0
		 Adjusted=False
		 LineWrap=1
		 bFill=False
		 BkColor=RGB(224,224,224)
		 Raster=1
		 FgColor=RGB(0,0,0)
		 SpaceOptimization=True
		 Link.URL=
		 WithText=False
		 [Frame]
		  {
		  Default=True
		  Layout=1
		  [Left]
		   {
		   Spacing=1000
		   Line=True
		   [Line]
			{
			Color=RGB(0,0,0)
			LineType=0
			}
		   LineWidth=0
		   }
		  [Top]
		   {
		   Spacing=500
		   Line=True
		   [Line]
			{
			Color=RGB(0,0,0)
			LineType=0
			}
		   LineWidth=0
		   }
		  [Right]
		   {
		   Spacing=1000
		   Line=True
		   [Line]
			{
			Color=RGB(0,0,0)
			LineType=0
			}
		   LineWidth=0
		   }
		  [Bottom]
		   {
		   Spacing=500
		   Line=True
		   [Line]
			{
			Color=RGB(0,0,0)
			LineType=0
			}
		   LineWidth=0
		   }
		  }
		 [Font]
		  {
		  Default=True
		  FaceName="Calibri"
		  GdiCharSet=0
		  Size=9
		  Width=0
		  Bold=False
		  Italic=False
		  Underline=False
		  Strikeout=False
		  Color=RGB(0,0,0)
		  PitchAndFamily=34
		  OutPrecision=3
		  }
		 OutputFormatter=
		 Direction=0
		 Text="Kosten des Mahnbescheides"
		 }
		}
	   [Options]
		{
		[Frame0]
		 {
		 SpaceOut=0
		 }
		[Frame1]
		 {
		 SpaceOut=0
		 }
		[Frame2]
		 {
		 SpaceOut=0
		 }
		[Frame3]
		 {
		 SpaceOut=0
		 }
		LFont=default
		LCondition=
		IgnoreEmpty=TRUE
		Description=Zeilendefinition  5
		DisplayInDesigner=TRUE
		}
	   }
	  [Line]
	   {
	   LineID=5
	   [Columns]
		{
		Columns=2
		[Column]
		 {
		 Width=17100
		 Height=10000
		 bIsotropic=True
		 PlainTextFormat=True
		 Align=0
		 AlignDecPosition=-10000
		 VAlign=0
		 Adjusted=False
		 LineWrap=1
		 bFill=False
		 BkColor=RGB(224,224,224)
		 Raster=1
		 FgColor=RGB(0,0,0)
		 SpaceOptimization=True
		 Link.URL=
		 WithText=False
		 [Frame]
		  {
		  Default=True
		  Layout=1
		  [Left]
		   {
		   Spacing=1000
		   Line=True
		   [Line]
			{
			Color=RGB(0,0,0)
			LineType=0
			}
		   LineWidth=0
		   }
		  [Top]
		   {
		   Spacing=500
		   Line=True
		   [Line]
			{
			Color=RGB(0,0,0)
			LineType=0
			}
		   LineWidth=0
		   }
		  [Right]
		   {
		   Spacing=1000
		   Line=True
		   [Line]
			{
			Color=RGB(0,0,0)
			LineType=0
			}
		   LineWidth=0
		   }
		  [Bottom]
		   {
		   Spacing=500
		   Line=True
		   [Line]
			{
			Color=RGB(0,0,0)
			LineType=0
			}
		   LineWidth=0
		   }
		  }
		 [Font]
		  {
		  Default=True
		  FaceName="Calibri"
		  GdiCharSet=0
		  Size=9
		  Width=0
		  Bold=False
		  Italic=False
		  Underline=False
		  Strikeout=False
		  Color=RGB(0,0,0)
		  PitchAndFamily=34
		  OutPrecision=3
		  }
		 OutputFormatter=
		 Direction=0
		 Text=fEUR_VB
		 }
		[Column]
		 {
		 Width=173700
		 Height=10000
		 bIsotropic=True
		 PlainTextFormat=True
		 Align=0
		 AlignDecPosition=-10000
		 VAlign=0
		 Adjusted=False
		 LineWrap=1
		 bFill=False
		 BkColor=RGB(224,224,224)
		 Raster=1
		 FgColor=RGB(0,0,0)
		 SpaceOptimization=True
		 Link.URL=
		 WithText=False
		 [Frame]
		  {
		  Default=True
		  Layout=1
		  [Left]
		   {
		   Spacing=1000
		   Line=True
		   [Line]
			{
			Color=RGB(0,0,0)
			LineType=0
			}
		   LineWidth=0
		   }
		  [Top]
		   {
		   Spacing=500
		   Line=True
		   [Line]
			{
			Color=RGB(0,0,0)
			LineType=0
			}
		   LineWidth=0
		   }
		  [Right]
		   {
		   Spacing=1000
		   Line=True
		   [Line]
			{
			Color=RGB(0,0,0)
			LineType=0
			}
		   LineWidth=0
		   }
		  [Bottom]
		   {
		   Spacing=500
		   Line=True
		   [Line]
			{
			Color=RGB(0,0,0)
			LineType=0
			}
		   LineWidth=0
		   }
		  }
		 [Font]
		  {
		  Default=True
		  FaceName="Calibri"
		  GdiCharSet=0
		  Size=9
		  Width=0
		  Bold=False
		  Italic=False
		  Underline=False
		  Strikeout=False
		  Color=RGB(0,0,0)
		  PitchAndFamily=34
		  OutPrecision=3
		  }
		 OutputFormatter=
		 Direction=0
		 Text="Kosten des Vollstreckungsbescheides"
		 }
		}
	   [Options]
		{
		[Frame0]
		 {
		 SpaceOut=0
		 }
		[Frame1]
		 {
		 SpaceOut=0
		 }
		[Frame2]
		 {
		 SpaceOut=0
		 }
		[Frame3]
		 {
		 SpaceOut=0
		 }
		LFont=default
		LCondition=
		IgnoreEmpty=TRUE
		Description=Zeilendefinition  6
		DisplayInDesigner=TRUE
		}
	   }
	  [Line]
	   {
	   LineID=6
	   [Columns]
		{
		Columns=2
		[Column]
		 {
		 Width=17100
		 Height=10000
		 bIsotropic=True
		 PlainTextFormat=True
		 Align=0
		 AlignDecPosition=-10000
		 VAlign=0
		 Adjusted=False
		 LineWrap=1
		 bFill=False
		 BkColor=RGB(224,224,224)
		 Raster=1
		 FgColor=RGB(0,0,0)
		 SpaceOptimization=True
		 Link.URL=
		 WithText=False
		 [Frame]
		  {
		  Default=True
		  Layout=1
		  [Left]
		   {
		   Spacing=1000
		   Line=True
		   [Line]
			{
			Color=RGB(0,0,0)
			LineType=0
			}
		   LineWidth=0
		   }
		  [Top]
		   {
		   Spacing=500
		   Line=True
		   [Line]
			{
			Color=RGB(0,0,0)
			LineType=0
			}
		   LineWidth=0
		   }
		  [Right]
		   {
		   Spacing=1000
		   Line=True
		   [Line]
			{
			Color=RGB(0,0,0)
			LineType=0
			}
		   LineWidth=0
		   }
		  [Bottom]
		   {
		   Spacing=500
		   Line=True
		   [Line]
			{
			Color=RGB(0,0,0)
			LineType=0
			}
		   LineWidth=0
		   }
		  }
		 [Font]
		  {
		  Default=True
		  FaceName="Calibri"
		  GdiCharSet=0
		  Size=9
		  Width=0
		  Bold=False
		  Italic=False
		  Underline=False
		  Strikeout=False
		  Color=RGB(0,0,0)
		  PitchAndFamily=34
		  OutPrecision=3
		  }
		 OutputFormatter=
		 Direction=0
		 Text=""
		 }
		[Column]
		 {
		 Width=173700
		 Height=10000
		 bIsotropic=True
		 PlainTextFormat=True
		 Align=0
		 AlignDecPosition=-10000
		 VAlign=0
		 Adjusted=False
		 LineWrap=1
		 bFill=False
		 BkColor=RGB(224,224,224)
		 Raster=1
		 FgColor=RGB(0,0,0)
		 SpaceOptimization=True
		 Link.URL=
		 WithText=False
		 [Frame]
		  {
		  Default=True
		  Layout=1
		  [Left]
		   {
		   Spacing=1000
		   Line=True
		   [Line]
			{
			Color=RGB(0,0,0)
			LineType=0
			}
		   LineWidth=0
		   }
		  [Top]
		   {
		   Spacing=500
		   Line=True
		   [Line]
			{
			Color=RGB(0,0,0)
			LineType=0
			}
		   LineWidth=0
		   }
		  [Right]
		   {
		   Spacing=1000
		   Line=True
		   [Line]
			{
			Color=RGB(0,0,0)
			LineType=0
			}
		   LineWidth=0
		   }
		  [Bottom]
		   {
		   Spacing=500
		   Line=True
		   [Line]
			{
			Color=RGB(0,0,0)
			LineType=0
			}
		   LineWidth=0
		   }
		  }
		 [Font]
		  {
		  Default=True
		  FaceName="Calibri"
		  GdiCharSet=0
		  Size=9
		  Width=0
		  Bold=False
		  Italic=False
		  Underline=False
		  Strikeout=False
		  Color=RGB(0,0,0)
		  PitchAndFamily=34
		  OutPrecision=3
		  }
		 OutputFormatter=
		 Direction=0
		 Text=Str$(Proz_MBVB,0,0) + " % Zinsen seit dem " + Date$(Zustellung.VB) + " = € " + Str$(Zins_MB,8,2)
		 }
		}
	   [Options]
		{
		[Frame0]
		 {
		 SpaceOut=0
		 }
		[Frame1]
		 {
		 SpaceOut=0
		 }
		[Frame2]
		 {
		 SpaceOut=0
		 }
		[Frame3]
		 {
		 SpaceOut=0
		 }
		LFont=default
		LCondition=
		IgnoreEmpty=TRUE
		Description=Zeilendefinition  7
		DisplayInDesigner=TRUE
		}
	   }
	  [Line]
	   {
	   LineID=7
	   [Columns]
		{
		Columns=2
		[Column]
		 {
		 Width=17100
		 Height=10000
		 bIsotropic=True
		 PlainTextFormat=True
		 Align=0
		 AlignDecPosition=-10000
		 VAlign=0
		 Adjusted=False
		 LineWrap=1
		 bFill=False
		 BkColor=RGB(224,224,224)
		 Raster=1
		 FgColor=RGB(0,0,0)
		 SpaceOptimization=True
		 Link.URL=
		 WithText=False
		 [Frame]
		  {
		  Default=True
		  Layout=1
		  [Left]
		   {
		   Spacing=1000
		   Line=True
		   [Line]
			{
			Color=RGB(0,0,0)
			LineType=0
			}
		   LineWidth=0
		   }
		  [Top]
		   {
		   Spacing=500
		   Line=True
		   [Line]
			{
			Color=RGB(0,0,0)
			LineType=0
			}
		   LineWidth=0
		   }
		  [Right]
		   {
		   Spacing=1000
		   Line=True
		   [Line]
			{
			Color=RGB(0,0,0)
			LineType=0
			}
		   LineWidth=0
		   }
		  [Bottom]
		   {
		   Spacing=500
		   Line=True
		   [Line]
			{
			Color=RGB(0,0,0)
			LineType=0
			}
		   LineWidth=0
		   }
		  }
		 [Font]
		  {
		  Default=True
		  FaceName="Calibri"
		  GdiCharSet=0
		  Size=9
		  Width=0
		  Bold=False
		  Italic=False
		  Underline=False
		  Strikeout=False
		  Color=RGB(0,0,0)
		  PitchAndFamily=34
		  OutPrecision=3
		  }
		 OutputFormatter=
		 Direction=0
		 Text=fEUR_Früher
		 }
		[Column]
		 {
		 Width=173700
		 Height=10000
		 bIsotropic=True
		 PlainTextFormat=True
		 Align=0
		 AlignDecPosition=-10000
		 VAlign=0
		 Adjusted=False
		 LineWrap=1
		 bFill=False
		 BkColor=RGB(224,224,224)
		 Raster=1
		 FgColor=RGB(0,0,0)
		 SpaceOptimization=True
		 Link.URL=
		 WithText=False
		 [Frame]
		  {
		  Default=True
		  Layout=1
		  [Left]
		   {
		   Spacing=1000
		   Line=True
		   [Line]
			{
			Color=RGB(0,0,0)
			LineType=0
			}
		   LineWidth=0
		   }
		  [Top]
		   {
		   Spacing=500
		   Line=True
		   [Line]
			{
			Color=RGB(0,0,0)
			LineType=0
			}
		   LineWidth=0
		   }
		  [Right]
		   {
		   Spacing=1000
		   Line=True
		   [Line]
			{
			Color=RGB(0,0,0)
			LineType=0
			}
		   LineWidth=0
		   }
		  [Bottom]
		   {
		   Spacing=500
		   Line=True
		   [Line]
			{
			Color=RGB(0,0,0)
			LineType=0
			}
		   LineWidth=0
		   }
		  }
		 [Font]
		  {
		  Default=True
		  FaceName="Calibri"
		  GdiCharSet=0
		  Size=9
		  Width=0
		  Bold=False
		  Italic=False
		  Underline=False
		  Strikeout=False
		  Color=RGB(0,0,0)
		  PitchAndFamily=34
		  OutPrecision=3
		  }
		 OutputFormatter=
		 Direction=0
		 Text="Kosten früherer Vollstreckungssmaßnahmen gem. Anlage"
		 }
		}
	   [Options]
		{
		[Frame0]
		 {
		 SpaceOut=0
		 }
		[Frame1]
		 {
		 SpaceOut=0
		 }
		[Frame2]
		 {
		 SpaceOut=0
		 }
		[Frame3]
		 {
		 SpaceOut=0
		 }
		LFont=default
		LCondition=
		IgnoreEmpty=TRUE
		Description=Zeilendefinition  8
		DisplayInDesigner=TRUE
		}
	   }
	  }
	 }
	[Footer]
	 {
	 [Options]
	  {
	  }
	 [Lines]
	  {
	  [Line]
	   {
	   LineID=0
	   [Columns]
		{
		Columns=3
		[Column]
		 {
		 Width=17100
		 Height=10000
		 bIsotropic=True
		 PlainTextFormat=True
		 Align=0
		 AlignDecPosition=-10000
		 VAlign=0
		 Adjusted=False
		 LineWrap=1
		 bFill=False
		 BkColor=RGB(224,224,224)
		 Raster=1
		 FgColor=RGB(0,0,0)
		 SpaceOptimization=True
		 Link.URL=
		 WithText=False
		 [Frame]
		  {
		  Default=True
		  Layout=1
		  [Left]
		   {
		   Spacing=1000
		   Line=True
		   [Line]
			{
			Color=RGB(0,0,0)
			LineType=0
			}
		   LineWidth=0
		   }
		  [Top]
		   {
		   Spacing=500
		   Line=True
		   [Line]
			{
			Color=RGB(0,0,0)
			LineType=0
			}
		   LineWidth=0
		   }
		  [Right]
		   {
		   Spacing=1000
		   Line=True
		   [Line]
			{
			Color=RGB(0,0,0)
			LineType=0
			}
		   LineWidth=0
		   }
		  [Bottom]
		   {
		   Spacing=500
		   Line=True
		   [Line]
			{
			Color=RGB(0,0,0)
			LineType=0
			}
		   LineWidth=0
		   }
		  }
		 [Font]
		  {
		  Default=True
		  FaceName="Calibri"
		  GdiCharSet=0
		  Size=9
		  Width=0
		  Bold=False
		  Italic=False
		  Underline=False
		  Strikeout=False
		  Color=RGB(0,0,0)
		  PitchAndFamily=34
		  OutPrecision=3
		  }
		 OutputFormatter=
		 Direction=0
		 Text=(fEUR_HF + fEUR_Mahn + fEUR_MB + fEUR_VB + fEUR_Früher) - Sum (Zahlung.EUR)
		 }
		[Column]
		 {
		 Width=39100
		 Height=10000
		 bIsotropic=True
		 PlainTextFormat=True
		 Align=0
		 AlignDecPosition=-10000
		 VAlign=0
		 Adjusted=False
		 LineWrap=1
		 bFill=False
		 BkColor=RGB(224,224,224)
		 Raster=1
		 FgColor=RGB(0,0,0)
		 SpaceOptimization=True
		 Link.URL=
		 WithText=False
		 [Frame]
		  {
		  Default=True
		  Layout=1
		  [Left]
		   {
		   Spacing=1000
		   Line=True
		   [Line]
			{
			Color=RGB(0,0,0)
			LineType=0
			}
		   LineWidth=0
		   }
		  [Top]
		   {
		   Spacing=500
		   Line=True
		   [Line]
			{
			Color=RGB(0,0,0)
			LineType=0
			}
		   LineWidth=0
		   }
		  [Right]
		   {
		   Spacing=1000
		   Line=True
		   [Line]
			{
			Color=RGB(0,0,0)
			LineType=0
			}
		   LineWidth=0
		   }
		  [Bottom]
		   {
		   Spacing=500
		   Line=True
		   [Line]
			{
			Color=RGB(0,0,0)
			LineType=0
			}
		   LineWidth=0
		   }
		  }
		 [Font]
		  {
		  Default=True
		  FaceName="Calibri"
		  GdiCharSet=0
		  Size=9
		  Width=0
		  Bold=False
		  Italic=False
		  Underline=False
		  Strikeout=False
		  Color=RGB(0,0,0)
		  PitchAndFamily=34
		  OutPrecision=3
		  }
		 OutputFormatter=
		 Direction=0
		 Text="Gesamtsumme"
		 }
		[Column]
		 {
		 Width=134600
		 Height=10000
		 bIsotropic=True
		 PlainTextFormat=True
		 Align=0
		 AlignDecPosition=-10000
		 VAlign=0
		 Adjusted=False
		 LineWrap=1
		 bFill=False
		 BkColor=RGB(224,224,224)
		 Raster=1
		 FgColor=RGB(0,0,0)
		 SpaceOptimization=True
		 Link.URL=
		 WithText=False
		 [Frame]
		  {
		  Default=True
		  Layout=1
		  [Left]
		   {
		   Spacing=1000
		   Line=True
		   [Line]
			{
			Color=RGB(0,0,0)
			LineType=0
			}
		   LineWidth=0
		   }
		  [Top]
		   {
		   Spacing=500
		   Line=True
		   [Line]
			{
			Color=RGB(0,0,0)
			LineType=0
			}
		   LineWidth=0
		   }
		  [Right]
		   {
		   Spacing=1000
		   Line=True
		   [Line]
			{
			Color=RGB(0,0,0)
			LineType=0
			}
		   LineWidth=0
		   }
		  [Bottom]
		   {
		   Spacing=500
		   Line=True
		   [Line]
			{
			Color=RGB(0,0,0)
			LineType=0
			}
		   LineWidth=0
		   }
		  }
		 [Font]
		  {
		  Default=False
		  FaceName="Calibri"
		  GdiCharSet=0
		  Size=9
		  Width=0
		  Bold=True
		  Italic=False
		  Underline=False
		  Strikeout=False
		  Color=RGB(0,0,0)
		  PitchAndFamily=34
		  OutPrecision=3
		  }
		 OutputFormatter=
		 Direction=0
		 Text="Hinzu kommen die untenstehenden Kosten nebst weiteren Zinsen"
		 }
		}
	   [Options]
		{
		[Frame0]
		 {
		 SpaceOut=0
		 }
		[Frame1]
		 {
		 SpaceOut=0
		 }
		[Frame2]
		 {
		 SpaceOut=0
		 }
		[Frame3]
		 {
		 SpaceOut=0
		 }
		LFont=default
		LCondition=
		IgnoreEmpty=TRUE
		Description=Zeilendefinition  1
		DisplayInDesigner=TRUE
		}
	   }
	  [Line]
	   {
	   LineID=1
	   [Columns]
		{
		Columns=1
		[Column]
		 {
		 Width=190800
		 Height=10000
		 bIsotropic=True
		 PlainTextFormat=True
		 Align=0
		 AlignDecPosition=-10000
		 VAlign=0
		 Adjusted=False
		 LineWrap=1
		 bFill=False
		 BkColor=RGB(224,224,224)
		 Raster=1
		 FgColor=RGB(0,0,0)
		 SpaceOptimization=True
		 Link.URL=
		 WithText=False
		 [Frame]
		  {
		  Default=True
		  Layout=1
		  [Left]
		   {
		   Spacing=1000
		   Line=True
		   [Line]
			{
			Color=RGB(0,0,0)
			LineType=0
			}
		   LineWidth=0
		   }
		  [Top]
		   {
		   Spacing=500
		   Line=True
		   [Line]
			{
			Color=RGB(0,0,0)
			LineType=0
			}
		   LineWidth=0
		   }
		  [Right]
		   {
		   Spacing=1000
		   Line=True
		   [Line]
			{
			Color=RGB(0,0,0)
			LineType=0
			}
		   LineWidth=0
		   }
		  [Bottom]
		   {
		   Spacing=500
		   Line=True
		   [Line]
			{
			Color=RGB(0,0,0)
			LineType=0
			}
		   LineWidth=0
		   }
		  }
		 [Font]
		  {
		  Default=False
		  FaceName="Calibri"
		  GdiCharSet=0
		  Size=9
		  Width=0
		  Bold=True
		  Italic=False
		  Underline=False
		  Strikeout=False
		  Color=RGB(0,0,0)
		  PitchAndFamily=34
		  OutPrecision=3
		  }
		 OutputFormatter=
		 Direction=0
		 Text="Kosten dieses Antrages"
		 }
		}
	   [Options]
		{
		[Frame0]
		 {
		 SpaceOut=0
		 }
		[Frame1]
		 {
		 SpaceOut=0
		 }
		[Frame2]
		 {
		 SpaceOut=0
		 }
		[Frame3]
		 {
		 SpaceOut=0
		 }
		LFont=default
		LCondition=
		IgnoreEmpty=TRUE
		Description=Zeilendefinition  2
		DisplayInDesigner=TRUE
		}
	   }
	  [Line]
	   {
	   LineID=2
	   [Columns]
		{
		Columns=2
		[Column]
		 {
		 Width=17100
		 Height=10000
		 bIsotropic=True
		 PlainTextFormat=True
		 Align=0
		 AlignDecPosition=-10000
		 VAlign=0
		 Adjusted=False
		 LineWrap=1
		 bFill=False
		 BkColor=RGB(224,224,224)
		 Raster=1
		 FgColor=RGB(0,0,0)
		 SpaceOptimization=True
		 Link.URL=
		 WithText=False
		 [Frame]
		  {
		  Default=True
		  Layout=1
		  [Left]
		   {
		   Spacing=1000
		   Line=True
		   [Line]
			{
			Color=RGB(0,0,0)
			LineType=0
			}
		   LineWidth=0
		   }
		  [Top]
		   {
		   Spacing=500
		   Line=True
		   [Line]
			{
			Color=RGB(0,0,0)
			LineType=0
			}
		   LineWidth=0
		   }
		  [Right]
		   {
		   Spacing=1000
		   Line=True
		   [Line]
			{
			Color=RGB(0,0,0)
			LineType=0
			}
		   LineWidth=0
		   }
		  [Bottom]
		   {
		   Spacing=500
		   Line=True
		   [Line]
			{
			Color=RGB(0,0,0)
			LineType=0
			}
		   LineWidth=0
		   }
		  }
		 [Font]
		  {
		  Default=True
		  FaceName="Calibri"
		  GdiCharSet=0
		  Size=9
		  Width=0
		  Bold=False
		  Italic=False
		  Underline=False
		  Strikeout=False
		  Color=RGB(0,0,0)
		  PitchAndFamily=34
		  OutPrecision=3
		  }
		 OutputFormatter=
		 Direction=0
		 Text=fEUR_VA
		 }
		[Column]
		 {
		 Width=173700
		 Height=10000
		 bIsotropic=True
		 PlainTextFormat=True
		 Align=0
		 AlignDecPosition=-10000
		 VAlign=0
		 Adjusted=False
		 LineWrap=1
		 bFill=False
		 BkColor=RGB(224,224,224)
		 Raster=1
		 FgColor=RGB(0,0,0)
		 SpaceOptimization=True
		 Link.URL=
		 WithText=False
		 [Frame]
		  {
		  Default=True
		  Layout=1
		  [Left]
		   {
		   Spacing=1000
		   Line=True
		   [Line]
			{
			Color=RGB(0,0,0)
			LineType=0
			}
		   LineWidth=0
		   }
		  [Top]
		   {
		   Spacing=500
		   Line=True
		   [Line]
			{
			Color=RGB(0,0,0)
			LineType=0
			}
		   LineWidth=0
		   }
		  [Right]
		   {
		   Spacing=1000
		   Line=True
		   [Line]
			{
			Color=RGB(0,0,0)
			LineType=0
			}
		   LineWidth=0
		   }
		  [Bottom]
		   {
		   Spacing=500
		   Line=True
		   [Line]
			{
			Color=RGB(0,0,0)
			LineType=0
			}
		   LineWidth=0
		   }
		  }
		 [Font]
		  {
		  Default=True
		  FaceName="Calibri"
		  GdiCharSet=0
		  Size=9
		  Width=0
		  Bold=False
		  Italic=False
		  Underline=False
		  Strikeout=False
		  Color=RGB(0,0,0)
		  PitchAndFamily=34
		  OutPrecision=3
		  }
		 OutputFormatter=
		 Direction=0
		 Text="Auslagen"
		 }
		}
	   [Options]
		{
		[Frame0]
		 {
		 SpaceOut=0
		 }
		[Frame1]
		 {
		 SpaceOut=0
		 }
		[Frame2]
		 {
		 SpaceOut=0
		 }
		[Frame3]
		 {
		 SpaceOut=0
		 }
		LFont=default
		LCondition=
		IgnoreEmpty=TRUE
		Description=Zeilendefinition  3
		DisplayInDesigner=TRUE
		}
	   }
	  [Line]
	   {
	   LineID=3
	   [Columns]
		{
		Columns=2
		[Column]
		 {
		 Width=17100
		 Height=10000
		 bIsotropic=True
		 PlainTextFormat=True
		 Align=0
		 AlignDecPosition=-10000
		 VAlign=0
		 Adjusted=False
		 LineWrap=1
		 bFill=False
		 BkColor=RGB(224,224,224)
		 Raster=1
		 FgColor=RGB(0,0,0)
		 SpaceOptimization=True
		 Link.URL=
		 WithText=False
		 [Frame]
		  {
		  Default=True
		  Layout=1
		  [Left]
		   {
		   Spacing=1000
		   Line=True
		   [Line]
			{
			Color=RGB(0,0,0)
			LineType=0
			}
		   LineWidth=0
		   }
		  [Top]
		   {
		   Spacing=500
		   Line=True
		   [Line]
			{
			Color=RGB(0,0,0)
			LineType=0
			}
		   LineWidth=0
		   }
		  [Right]
		   {
		   Spacing=1000
		   Line=True
		   [Line]
			{
			Color=RGB(0,0,0)
			LineType=0
			}
		   LineWidth=0
		   }
		  [Bottom]
		   {
		   Spacing=500
		   Line=True
		   [Line]
			{
			Color=RGB(0,0,0)
			LineType=0
			}
		   LineWidth=0
		   }
		  }
		 [Font]
		  {
		  Default=True
		  FaceName="Calibri"
		  GdiCharSet=0
		  Size=9
		  Width=0
		  Bold=False
		  Italic=False
		  Underline=False
		  Strikeout=False
		  Color=RGB(0,0,0)
		  PitchAndFamily=34
		  OutPrecision=3
		  }
		 OutputFormatter=
		 Direction=0
		 Text=fEUR_VA
		 }
		[Column]
		 {
		 Width=173700
		 Height=10000
		 bIsotropic=True
		 PlainTextFormat=True
		 Align=0
		 AlignDecPosition=-10000
		 VAlign=0
		 Adjusted=False
		 LineWrap=1
		 bFill=False
		 BkColor=RGB(224,224,224)
		 Raster=1
		 FgColor=RGB(0,0,0)
		 SpaceOptimization=True
		 Link.URL=
		 WithText=False
		 [Frame]
		  {
		  Default=True
		  Layout=1
		  [Left]
		   {
		   Spacing=1000
		   Line=True
		   [Line]
			{
			Color=RGB(0,0,0)
			LineType=0
			}
		   LineWidth=0
		   }
		  [Top]
		   {
		   Spacing=500
		   Line=True
		   [Line]
			{
			Color=RGB(0,0,0)
			LineType=0
			}
		   LineWidth=0
		   }
		  [Right]
		   {
		   Spacing=1000
		   Line=True
		   [Line]
			{
			Color=RGB(0,0,0)
			LineType=0
			}
		   LineWidth=0
		   }
		  [Bottom]
		   {
		   Spacing=500
		   Line=True
		   [Line]
			{
			Color=RGB(0,0,0)
			LineType=0
			}
		   LineWidth=0
		   }
		  }
		 [Font]
		  {
		  Default=True
		  FaceName="Calibri"
		  GdiCharSet=0
		  Size=9
		  Width=0
		  Bold=False
		  Italic=False
		  Underline=False
		  Strikeout=False
		  Color=RGB(0,0,0)
		  PitchAndFamily=34
		  OutPrecision=3
		  }
		 OutputFormatter=
		 Direction=0
		 Text="Summe Kosten"
		 }
		}
	   [Options]
		{
		[Frame0]
		 {
		 SpaceOut=0
		 }
		[Frame1]
		 {
		 SpaceOut=0
		 }
		[Frame2]
		 {
		 SpaceOut=0
		 }
		[Frame3]
		 {
		 SpaceOut=0
		 }
		LFont=default
		LCondition=
		IgnoreEmpty=TRUE
		Description=Zeilendefinition  4
		DisplayInDesigner=TRUE
		}
	   }
	  [Line]
	   {
	   LineID=4
	   [Columns]
		{
		Columns=4
		[Column]
		 {
		 Width=5100
		 Height=10000
		 bIsotropic=True
		 PlainTextFormat=True
		 Align=0
		 AlignDecPosition=-10000
		 VAlign=0
		 Adjusted=False
		 LineWrap=1
		 bFill=False
		 BkColor=RGB(224,224,224)
		 Raster=1
		 FgColor=RGB(0,0,0)
		 SpaceOptimization=True
		 Link.URL=
		 WithText=False
		 [Frame]
		  {
		  Default=True
		  Layout=1
		  [Left]
		   {
		   Spacing=1000
		   Line=True
		   [Line]
			{
			Color=RGB(0,0,0)
			LineType=0
			}
		   LineWidth=0
		   }
		  [Top]
		   {
		   Spacing=500
		   Line=True
		   [Line]
			{
			Color=RGB(0,0,0)
			LineType=0
			}
		   LineWidth=0
		   }
		  [Right]
		   {
		   Spacing=1000
		   Line=True
		   [Line]
			{
			Color=RGB(0,0,0)
			LineType=0
			}
		   LineWidth=0
		   }
		  [Bottom]
		   {
		   Spacing=500
		   Line=True
		   [Line]
			{
			Color=RGB(0,0,0)
			LineType=0
			}
		   LineWidth=0
		   }
		  }
		 [Font]
		  {
		  Default=False
		  FaceName="Wingdings"
		  GdiCharSet=2
		  Size=9
		  Width=0
		  Bold=False
		  Italic=False
		  Underline=False
		  Strikeout=False
		  Color=RGB(0,0,0)
		  PitchAndFamily=2
		  OutPrecision=3
		  }
		 OutputFormatter=
		 Direction=0
		 Text="ý"
		 }
		[Column]
		 {
		 Width=56100
		 Height=10000
		 bIsotropic=True
		 PlainTextFormat=True
		 Align=0
		 AlignDecPosition=-10000
		 VAlign=0
		 Adjusted=False
		 LineWrap=1
		 bFill=False
		 BkColor=RGB(224,224,224)
		 Raster=1
		 FgColor=RGB(0,0,0)
		 SpaceOptimization=True
		 Link.URL=
		 WithText=False
		 [Frame]
		  {
		  Default=True
		  Layout=1
		  [Left]
		   {
		   Spacing=1000
		   Line=True
		   [Line]
			{
			Color=RGB(0,0,0)
			LineType=0
			}
		   LineWidth=0
		   }
		  [Top]
		   {
		   Spacing=500
		   Line=True
		   [Line]
			{
			Color=RGB(0,0,0)
			LineType=0
			}
		   LineWidth=0
		   }
		  [Right]
		   {
		   Spacing=1000
		   Line=True
		   [Line]
			{
			Color=RGB(0,0,0)
			LineType=0
			}
		   LineWidth=0
		   }
		  [Bottom]
		   {
		   Spacing=500
		   Line=True
		   [Line]
			{
			Color=RGB(0,0,0)
			LineType=0
			}
		   LineWidth=0
		   }
		  }
		 [Font]
		  {
		  Default=True
		  FaceName="Calibri"
		  GdiCharSet=0
		  Size=9
		  Width=0
		  Bold=False
		  Italic=False
		  Underline=False
		  Strikeout=False
		  Color=RGB(0,0,0)
		  PitchAndFamily=34
		  OutPrecision=3
		  }
		 OutputFormatter=
		 Direction=0
		 Text="Der Einziehung der GV-Kosten vom "
		 }
		[Column]
		 {
		 Width=5100
		 Height=10000
		 bIsotropic=True
		 PlainTextFormat=True
		 Align=0
		 AlignDecPosition=-10000
		 VAlign=0
		 Adjusted=False
		 LineWrap=1
		 bFill=False
		 BkColor=RGB(224,224,224)
		 Raster=1
		 FgColor=RGB(0,0,0)
		 SpaceOptimization=True
		 Link.URL=
		 WithText=False
		 [Frame]
		  {
		  Default=True
		  Layout=1
		  [Left]
		   {
		   Spacing=1000
		   Line=True
		   [Line]
			{
			Color=RGB(0,0,0)
			LineType=0
			}
		   LineWidth=0
		   }
		  [Top]
		   {
		   Spacing=500
		   Line=True
		   [Line]
			{
			Color=RGB(0,0,0)
			LineType=0
			}
		   LineWidth=0
		   }
		  [Right]
		   {
		   Spacing=1000
		   Line=True
		   [Line]
			{
			Color=RGB(0,0,0)
			LineType=0
			}
		   LineWidth=0
		   }
		  [Bottom]
		   {
		   Spacing=500
		   Line=True
		   [Line]
			{
			Color=RGB(0,0,0)
			LineType=0
			}
		   LineWidth=0
		   }
		  }
		 [Font]
		  {
		  Default=False
		  FaceName="Wingdings"
		  GdiCharSet=2
		  Size=9
		  Width=0
		  Bold=False
		  Italic=False
		  Underline=False
		  Strikeout=False
		  Color=RGB(0,0,0)
		  PitchAndFamily=2
		  OutPrecision=3
		  }
		 OutputFormatter=
		 Direction=0
		 Text="ý"
		 }
		[Column]
		 {
		 Width=124500
		 Height=10000
		 bIsotropic=True
		 PlainTextFormat=True
		 Align=0
		 AlignDecPosition=-10000
		 VAlign=0
		 Adjusted=False
		 LineWrap=1
		 bFill=False
		 BkColor=RGB(224,224,224)
		 Raster=1
		 FgColor=RGB(0,0,0)
		 SpaceOptimization=True
		 Link.URL=
		 WithText=False
		 [Frame]
		  {
		  Default=True
		  Layout=1
		  [Left]
		   {
		   Spacing=1000
		   Line=True
		   [Line]
			{
			Color=RGB(0,0,0)
			LineType=0
			}
		   LineWidth=0
		   }
		  [Top]
		   {
		   Spacing=500
		   Line=True
		   [Line]
			{
			Color=RGB(0,0,0)
			LineType=0
			}
		   LineWidth=0
		   }
		  [Right]
		   {
		   Spacing=1000
		   Line=True
		   [Line]
			{
			Color=RGB(0,0,0)
			LineType=0
			}
		   LineWidth=0
		   }
		  [Bottom]
		   {
		   Spacing=500
		   Line=True
		   [Line]
			{
			Color=RGB(0,0,0)
			LineType=0
			}
		   LineWidth=0
		   }
		  }
		 [Font]
		  {
		  Default=True
		  FaceName="Calibri"
		  GdiCharSet=0
		  Size=9
		  Width=0
		  Bold=False
		  Italic=False
		  Underline=False
		  Strikeout=False
		  Color=RGB(0,0,0)
		  PitchAndFamily=34
		  OutPrecision=3
		  }
		 OutputFormatter=
		 Direction=0
		 Text="vorgenannten Konto wird zugestimmt."
		 }
		}
	   [Options]
		{
		[Frame0]
		 {
		 SpaceOut=0
		 }
		[Frame1]
		 {
		 SpaceOut=0
		 }
		[Frame2]
		 {
		 SpaceOut=0
		 }
		[Frame3]
		 {
		 SpaceOut=0
		 }
		LFont=default
		LCondition=
		IgnoreEmpty=TRUE
		Description=Zeilendefinition  5
		DisplayInDesigner=TRUE
		}
	   }
	  [Line]
	   {
	   LineID=5
	   [Columns]
		{
		Columns=1
		[Column]
		 {
		 Width=190800
		 Height=10000
		 bIsotropic=True
		 PlainTextFormat=True
		 Align=0
		 AlignDecPosition=-10000
		 VAlign=0
		 Adjusted=False
		 LineWrap=1
		 bFill=False
		 BkColor=RGB(224,224,224)
		 Raster=1
		 FgColor=RGB(0,0,0)
		 SpaceOptimization=True
		 Link.URL=
		 WithText=False
		 [Frame]
		  {
		  Default=True
		  Layout=1
		  [Left]
		   {
		   Spacing=1000
		   Line=True
		   [Line]
			{
			Color=RGB(0,0,0)
			LineType=0
			}
		   LineWidth=0
		   }
		  [Top]
		   {
		   Spacing=500
		   Line=True
		   [Line]
			{
			Color=RGB(0,0,0)
			LineType=0
			}
		   LineWidth=0
		   }
		  [Right]
		   {
		   Spacing=1000
		   Line=True
		   [Line]
			{
			Color=RGB(0,0,0)
			LineType=0
			}
		   LineWidth=0
		   }
		  [Bottom]
		   {
		   Spacing=500
		   Line=True
		   [Line]
			{
			Color=RGB(0,0,0)
			LineType=0
			}
		   LineWidth=0
		   }
		  }
		 [Font]
		  {
		  Default=True
		  FaceName="Calibri"
		  GdiCharSet=0
		  Size=9
		  Width=0
		  Bold=False
		  Italic=False
		  Underline=False
		  Strikeout=False
		  Color=RGB(0,0,0)
		  PitchAndFamily=34
		  OutPrecision=3
		  }
		 OutputFormatter=
		 Direction=0
		 Text="Falls Schuldner/in eine freiwillige Durchsuchung seiner / ihrer Wohnung / Geschäftsräume und Behältnisse nicht gestattet " + Chr$ (13) + ¤"oder trotz wiederholter Versuche und erfolgter Ankündigung nicht angetroffen wurde, wird gebeten, dies im Protokoll zu ver-" + Chr$ (13) + ¤"merken und die Vollstreckungsunterlagen zurückzusenden." + Chr$ (13) + ¤" "
		 }
		}
	   [Options]
		{
		[Frame0]
		 {
		 SpaceOut=0
		 }
		[Frame1]
		 {
		 SpaceOut=0
		 }
		[Frame2]
		 {
		 SpaceOut=0
		 }
		[Frame3]
		 {
		 SpaceOut=0
		 }
		LFont=default
		LCondition=
		IgnoreEmpty=TRUE
		Description=Zeilendefinition  6
		DisplayInDesigner=TRUE
		}
	   }
	  [Line]
	   {
	   LineID=6
	   [Columns]
		{
		Columns=1
		[Column]
		 {
		 Width=190800
		 Height=10000
		 bIsotropic=True
		 PlainTextFormat=True
		 Align=0
		 AlignDecPosition=-10000
		 VAlign=0
		 Adjusted=False
		 LineWrap=1
		 bFill=False
		 BkColor=RGB(224,224,224)
		 Raster=1
		 FgColor=RGB(0,0,0)
		 SpaceOptimization=True
		 Link.URL=
		 WithText=False
		 [Frame]
		  {
		  Default=True
		  Layout=1
		  [Left]
		   {
		   Spacing=1000
		   Line=True
		   [Line]
			{
			Color=RGB(0,0,0)
			LineType=0
			}
		   LineWidth=0
		   }
		  [Top]
		   {
		   Spacing=500
		   Line=True
		   [Line]
			{
			Color=RGB(0,0,0)
			LineType=0
			}
		   LineWidth=0
		   }
		  [Right]
		   {
		   Spacing=1000
		   Line=True
		   [Line]
			{
			Color=RGB(0,0,0)
			LineType=0
			}
		   LineWidth=0
		   }
		  [Bottom]
		   {
		   Spacing=500
		   Line=True
		   [Line]
			{
			Color=RGB(0,0,0)
			LineType=0
			}
		   LineWidth=0
		   }
		  }
		 [Font]
		  {
		  Default=False
		  FaceName="Calibri"
		  GdiCharSet=0
		  Size=9
		  Width=0
		  Bold=True
		  Italic=False
		  Underline=False
		  Strikeout=False
		  Color=RGB(0,0,0)
		  PitchAndFamily=34
		  OutPrecision=3
		  }
		 OutputFormatter=
		 Direction=0
		 Text="Generell ist zu beachten :" + Chr$ (13) + ¤" "¤
		 }
		}
	   [Options]
		{
		[Frame0]
		 {
		 SpaceOut=0
		 }
		[Frame1]
		 {
		 SpaceOut=0
		 }
		[Frame2]
		 {
		 SpaceOut=0
		 }
		[Frame3]
		 {
		 SpaceOut=0
		 }
		LFont=default
		LCondition=
		IgnoreEmpty=TRUE
		Description=Zeilendefinition  7
		DisplayInDesigner=TRUE
		}
	   }
	  [Line]
	   {
	   LineID=7
	   [Columns]
		{
		Columns=1
		[Column]
		 {
		 Width=190800
		 Height=10000
		 bIsotropic=True
		 PlainTextFormat=True
		 Align=0
		 AlignDecPosition=-10000
		 VAlign=0
		 Adjusted=False
		 LineWrap=1
		 bFill=False
		 BkColor=RGB(224,224,224)
		 Raster=1
		 FgColor=RGB(0,0,0)
		 SpaceOptimization=True
		 Link.URL=
		 WithText=False
		 [Frame]
		  {
		  Default=True
		  Layout=1
		  [Left]
		   {
		   Spacing=1000
		   Line=True
		   [Line]
			{
			Color=RGB(0,0,0)
			LineType=0
			}
		   LineWidth=0
		   }
		  [Top]
		   {
		   Spacing=500
		   Line=True
		   [Line]
			{
			Color=RGB(0,0,0)
			LineType=0
			}
		   LineWidth=0
		   }
		  [Right]
		   {
		   Spacing=1000
		   Line=True
		   [Line]
			{
			Color=RGB(0,0,0)
			LineType=0
			}
		   LineWidth=0
		   }
		  [Bottom]
		   {
		   Spacing=500
		   Line=True
		   [Line]
			{
			Color=RGB(0,0,0)
			LineType=0
			}
		   LineWidth=0
		   }
		  }
		 [Font]
		  {
		  Default=True
		  FaceName="Calibri"
		  GdiCharSet=0
		  Size=9
		  Width=0
		  Bold=False
		  Italic=False
		  Underline=False
		  Strikeout=False
		  Color=RGB(0,0,0)
		  PitchAndFamily=34
		  OutPrecision=3
		  }
		 OutputFormatter=
		 Direction=0
		 Text="1) Erlaß und Zustellung eines vorläufigen Zahlungsverbotes gem. § 845 ZPO gegen Drittschuldner/in, sofern pfändbare For-" + Chr$ (13) + ¤"     derungen bekannt werden und eine sofortige Beschlagnahme geboten erscheint. Hiervon ist unverzüglich Mitteilung zu" + Chr$ (13) + ¤"     machen." + Chr$ (13) + ¤"2) Übersendung einer Abschrift des Gesamtprotokolls." + Chr$ (13) + ¤"Die eingezogenen Beträge sind auf das vorgenannte Konto zu überweisen." + Chr$ (13) + ¤" " + Chr$ (13) + ¤" " + Chr$ (13) + ¤"Sollte die sofortige Abnahme der Eidesstattlichen Versicherung nicht möglich sein, wird hiermit beantragt :" + Chr$ (13) + ¤"kurzfristig Termine zur Abnahme der Eidesstattlichen Versicherung zu bestimmen und nach Abgabe derselben eine " + Chr$ (13) + ¤"Abschrift des Protokolls und des Vermögensverzeichnisses zu übersenden. Im Falle des Ausbleibens oder der Weigerung" + Chr$ (13) + ¤"des/r Schuldner/s/in wird Erlaß des Haftbefehls durch den/die Richter/in gem. § 901 ZPO beantragt. Der / die " + Chr$ (13) + ¤"Gerichtsvollzieher/in wird gebeten, diesen Antrag an das Vollstreckungsgericht weiterzuleiten. Das Gericht wird gebeten," + Chr$ (13) + ¤"die Vollstreckungsunterlagen mit dem erlassenen Haftbefehl an den /die Gerichtsvollzieher / in zurückzugeben, der / die" + Chr$ (13) + ¤"mit der anschließenden Verhaftung beauftragt wird." + Chr$ (13) + ¤"Auf die Teilnahme am Termin wird verzichtet." + Chr$ (13) + ¤" " + Chr$ (13) + ¤"Falls Schuldner/in die eidesstattliche Versicherung während der letzten drei Jahre abgegeben hat, wird die Übersendung" + Chr$ (13) + ¤"einer Abschrift des Vermögensverzeichnisses und des Protokolls beantragt." + Chr$ (13) + ¤"Der/Die Gerichtsvollzieher/in wird gebeten, diesen Antrag an das Vollstreckungsgericht weiterzuleiten." + Chr$ (13) + ¤" " + Chr$ (13) + ¤"Mit der Einziehung von Teilbeträgen bin ich einverstanden ( §§ 806 b, 813 a ZPO)." + Chr$ (13) + ¤" " + Chr$ (13) 
		 }
		}
	   [Options]
		{
		[Frame0]
		 {
		 SpaceOut=0
		 }
		[Frame1]
		 {
		 SpaceOut=0
		 }
		[Frame2]
		 {
		 SpaceOut=0
		 }
		[Frame3]
		 {
		 SpaceOut=0
		 }
		LFont=default
		LCondition=
		IgnoreEmpty=TRUE
		Description=Zeilendefinition  8
		DisplayInDesigner=TRUE
		}
	   }
	  }
	 }
	[GroupHeader]
	 {
	 }
	[GroupFooter]
	 {
	 [Options]
	  {
	  }
	 [Lines]
	  {
	  [Line]
	   {
	   LineID=0
	   [Columns]
		{
		Columns=1
		[Column]
		 {
		 Width=190800
		 Height=10000
		 bIsotropic=True
		 PlainTextFormat=True
		 Align=0
		 AlignDecPosition=-10000
		 VAlign=0
		 Adjusted=False
		 LineWrap=1
		 bFill=False
		 BkColor=RGB(224,224,224)
		 Raster=1
		 FgColor=RGB(0,0,0)
		 SpaceOptimization=True
		 Link.URL=
		 WithText=False
		 [Frame]
		  {
		  Default=True
		  Layout=1
		  [Left]
		   {
		   Spacing=1000
		   Line=True
		   [Line]
			{
			Color=RGB(0,0,0)
			LineType=0
			}
		   LineWidth=0
		   }
		  [Top]
		   {
		   Spacing=500
		   Line=True
		   [Line]
			{
			Color=RGB(0,0,0)
			LineType=0
			}
		   LineWidth=0
		   }
		  [Right]
		   {
		   Spacing=1000
		   Line=True
		   [Line]
			{
			Color=RGB(0,0,0)
			LineType=0
			}
		   LineWidth=0
		   }
		  [Bottom]
		   {
		   Spacing=500
		   Line=True
		   [Line]
			{
			Color=RGB(0,0,0)
			LineType=0
			}
		   LineWidth=0
		   }
		  }
		 [Font]
		  {
		  Default=False
		  FaceName="Calibri"
		  GdiCharSet=0
		  Size=8
		  Width=0
		  Bold=False
		  Italic=False
		  Underline=False
		  Strikeout=False
		  Color=RGB(255,255,255)
		  PitchAndFamily=34
		  OutPrecision=3
		  }
		 OutputFormatter=
		 Direction=0
		 Text=Str$ (Proz_Nr,0,0)
		 }
		}
	   [Options]
		{
		[Frame0]
		 {
		 SpaceOut=0
		 }
		[Frame1]
		 {
		 SpaceOut=0
		 }
		[Frame2]
		 {
		 SpaceOut=0
		 }
		[Frame3]
		 {
		 SpaceOut=1000
		 }
		LFont=default
		LCondition=
		IgnoreEmpty=TRUE
		Description=Zeilendefinition  1
		TriggerNewPage=True
		GroupCondition=Str$ (Proz_Nr,0)
		DisplayInDesigner=TRUE
		}
	   }
	  }
	 }
	}
   }
  }
[UserVariables]
[Parameters]
 [@Parameters]
  {
  [Parameters]
   {
   }
  }
[UsedIdentifiers]
 Variables=Aktenzeichen;GerOrt;Halter.Name;Halter.Name2;Halter.Ort;Halter.Strasse;Proz-HF;Proz-MBVB;Text;VA0;VA1;VA2;VA2a;VA2b;VA2b1;VA2b2;VA2b3;VA2b4;VA3;VA3AZ;VA3in;VA3vom;Zeichen;Zins-HF;Zins-MB;Zustellung.MB;Zustellung.VB
 Fields=Proz-Nr;Zahlung.Datum;Zahlung.EUR;fEUR-Früher;fEUR-HF;fEUR-MB;fEUR-Mahn;fEUR-VA;fEUR-VB
