[List description]
[Description]
 Text=PrintMachine-Infos
 FileVersion=8
 Units=SCM-Units
 Metric=0
 TextQuote.Start=1
 TextQuote.End=1
 RepresentationCode.CondStart=171
 RepresentationCode.CondSep=166
 RepresentationCode.CondEnd=187
 RepresentationCode.Tab=247
 RepresentationCode.Ret=182
 RepresentationCode.PhantomSpace=2
 RepresentationCode.LockNextChar=3
 RepresentationCode.ExprSep=164
 LCID=1024
 Created=13.02.2007, 14:35:49
 CreatedByApp=TVN1.exe []
 CreatedByDLL=CMLL11.DLL [11,15,0,0 (06-04-24 10:35)]
 CreatedByUser=keuer on KEUER
 LastModified=31.08.2009, 15:17:40
 LastModifiedByApp=CBI30.EXE [3.0.0-PTF3, Build 13344]
 LastModifiedByDLL=CMLL13.DLL [13,15,0,0 (09-01-27 09:36)]
 LastModifiedByUser=keuer on KEUER
 CreatedByCallFrom=cmCT13.DLL
[Layout]
 P1.Template=
 P2.Template=
 xOffset=0
 yOffset=0
 xSize=210000
 ySize=297000
 P1.xOffset=0
 P1.yOffset=0
 P1.xSize=210000
 P1.ySize=297000
 P2.xOffset=0
 P2.yOffset=0
 P2.xSize=210000
 P2.ySize=297000
 P1.nPaperFormat=9
 P1.xPaperSize=210000
 P1.yPaperSize=297000
 P1.ForcePaperFormat=TRUE
 P2.nPaperFormat=9
 P2.xPaperSize=210000
 P2.yPaperSize=297000
 P2.ForcePaperFormat=TRUE
 xGrid=2000
 yGrid=2000
 GridShow=FALSE
 GridSnap=TRUE
 PhysicalPage=TRUE
 P1.PhysicalPage=TRUE
 P2.PhysicalPage=TRUE
 Orientation=1
 P1.Orientation=1
 P2.Orientation=1
 EnhancedExpressions=TRUE
 EnhancedOldExpressions=FALSE
 Decimals=2
 RealDataPreviewPageLimit=2
 DefFont={(0,0,0),10.000000,-13,0,0,0,400,0,0,0,0,3,2,1,34,Calibri}
 HelpLines.Horizontal=
 HelpLines.Vertical=
 PDF.MaxOutlineDepth=2
 DefaultSize.Objecttype1=(0,0,116000,66000)
 DefaultSize.Objecttype2=(0,0,8300,71900)
 DefaultSize.Objecttype3=(0,0,128000,238000)
 DefaultSize.Objecttype5=(0,0,62800,40000)
 DefaultSize.Objecttype6=(0,0,182000,28300)
 DefaultSize.Objecttype11=(0,0,188000,90000)
 ObjectCount=15
[UserSection]

[SumVariables]
[Layer]
 Name=LetzteSeite
 Condition=Lastpage()
 WorkspaceColor=(255,0,128)
 Visible=TRUE
 LayerID=3
[Layer]
 Name=Basis
 Condition=
 WorkspaceColor=(0,0,0)
 Visible=TRUE
 LayerID=0
[Layer]
 Name=Erste Seite
 Condition=Page() = 1
 WorkspaceColor=(0,128,64)
 Visible=TRUE
 LayerID=1
[Layer]
 Name=Folgeseiten
 Condition=Page() <> 1
 WorkspaceColor=(0,0,255)
 Visible=TRUE
 LayerID=2
[ProjectTemplates]
 [@ProjectTemplates]
  {
  [ProjectTemplates]
   {
   [ProjectTemplate]
	{
	Identifier=
	bVisible=True
	Condition=True
	Filename=ProjectPath$() + "PrintMachine-Infos.lst"
	}
   }
  }
[Object]
 ObjectID=1
 ObjectName=Text
 Locked=FALSE
 LinkID=3
 LinkToID=0
 LinkMode=32
 LinkTest=-19034
 LayerID=0
 GroupID=0
 Identifier=Mitglied.Memo
 Condition=True
 UserLocked=False
 WrapBefore=False
 ExportAsPicture=False
 Position/Left=17900
 Position/Top=55900
 Position/Width=178200
 Position/Height=100100
 Direction=0
 bFill=0
 BkColor=LL.Color.Black
 Frame/Layout=0
 Frame/Left/Line=False
 Frame/Top/Line=False
 Frame/Right/Line=False
 Frame/Bottom/Line=False
 PDFLevel=0
 PDFText=
 bPageWrap=False
 bBottomAligned=False
 [@Lines]
  {
  [Lines]
   {
   [Line]
	{
	[Font]
	 {
	 Default=True
	 }
	Align=0
	Adjusted=False
	Uneraseable=False
	LineWrap=1
	PageWrapAllowed=True
	ForceWrap=False
	SpaceOptimization=True
	Spacing.Paragraph=0
	Spacing.Line=0
	OutputFormatter=
	Condition=True
	Text=Mitglied.Memo
	Tab=0
	TabAlign=0
	}
   }
  }
[Object]
 ObjectID=1
 ObjectName=Text
 Locked=FALSE
 LinkID=72
 LinkToID=0
 LinkMode=0
 LinkTest=-27333
 LayerID=0
 GroupID=0
 Identifier=OCR-Feld
 Condition=True
 UserLocked=False
 WrapBefore=False
 ExportAsPicture=False
 Position/Left=68000
 Position/Top=213000
 Position/Width=116000
 Position/Height=66000
 Direction=0
 bFill=0
 BkColor=LL.Color.Black
 Frame/Layout=0
 Frame/Left/Line=False
 Frame/Top/Line=False
 Frame/Right/Line=False
 Frame/Bottom/Line=False
 PDFLevel=0
 PDFText=
 bPageWrap=False
 bBottomAligned=False
 bWYSIWYGDialog=FALSE
 [@Lines]
  {
  [Lines]
   {
   [Line]
	{
	[Font]
	 {
	 Default=False
	 FaceName="Calibri"
	 GdiCharSet=0
	 Size=12.0
	 Width=0
	 Bold=False
	 Italic=False
	 Underline=False
	 Strikeout=False
	 Color=LL.Color.Black
	 PitchAndFamily=34
	 OutPrecision=3
	 }
	Align=0
	Adjusted=False
	Uneraseable=False
	LineWrap=1
	PageWrapAllowed=True
	ForceWrap=False
	SpaceOptimization=True
	Spacing.Paragraph=12
	Spacing.Line=0
	OutputFormatter=
	Condition=True
	Text="Tierärztliche Verrechnungsstelle Nieders.Elze"
	Tab=0
	TabAlign=0
	}
   [Line]
	{
	[Font]
	 {
	 Default=False
	 FaceName="Calibri"
	 GdiCharSet=0
	 Size=12.0
	 Width=0
	 Bold=False
	 Italic=False
	 Underline=False
	 Strikeout=False
	 Color=LL.Color.Black
	 PitchAndFamily=34
	 OutPrecision=3
	 }
	Align=0
	Adjusted=False
	Uneraseable=False
	LineWrap=1
	PageWrapAllowed=True
	ForceWrap=False
	SpaceOptimization=False
	Spacing.Paragraph=12
	Spacing.Line=0
	OutputFormatter=
	Condition=True
	Text=vHalter.VirtKonto + "                                                                   25950130"
	Tab=0
	TabAlign=0
	}
   [Line]
	{
	[Font]
	 {
	 Default=False
	 FaceName="Calibri"
	 GdiCharSet=0
	 Size=12.0
	 Width=0
	 Bold=False
	 Italic=False
	 Underline=False
	 Strikeout=False
	 Color=LL.Color.Black
	 PitchAndFamily=34
	 OutPrecision=3
	 }
	Align=0
	Adjusted=False
	Uneraseable=False
	LineWrap=1
	PageWrapAllowed=True
	ForceWrap=False
	SpaceOptimization=True
	Spacing.Paragraph=12
	Spacing.Line=0
	OutputFormatter=
	Condition=True
	Text="Sparkasse Hildesheim"
	Tab=0
	TabAlign=0
	}
   [Line]
	{
	[Font]
	 {
	 Default=False
	 FaceName="Courier New"
	 GdiCharSet=0
	 Size=12.0
	 Width=0
	 Bold=True
	 Italic=False
	 Underline=False
	 Strikeout=False
	 Color=LL.Color.Black
	 PitchAndFamily=49
	 OutPrecision=3
	 }
	Align=2
	Adjusted=False
	Uneraseable=False
	LineWrap=1
	PageWrapAllowed=True
	ForceWrap=False
	SpaceOptimization=False
	Spacing.Paragraph=12
	Spacing.Line=0
	OutputFormatter=
	Condition=True
	Text=Cond((Rechnung.Brutto-Rechnung.TSK)<=0, "XXXXXXXXXXXXXXXXX", StrSubst$ (Str$((Rechnung.Brutto-Rechnung.TSK),10,2), " ", "*"))
	Tab=0
	TabAlign=0
	}
   [Line]
	{
	[Font]
	 {
	 Default=False
	 FaceName="Calibri"
	 GdiCharSet=0
	 Size=2.0
	 Width=0
	 Bold=False
	 Italic=False
	 Underline=False
	 Strikeout=False
	 Color=LL.Color.Black
	 PitchAndFamily=34
	 OutPrecision=3
	 }
	Align=0
	Adjusted=False
	Uneraseable=False
	LineWrap=1
	PageWrapAllowed=True
	ForceWrap=False
	SpaceOptimization=True
	Spacing.Paragraph=0
	Spacing.Line=0
	OutputFormatter=
	Condition=True
	Text=" "
	Tab=0
	TabAlign=0
	}
   [Line]
	{
	[Font]
	 {
	 Default=False
	 FaceName="Courier New"
	 GdiCharSet=0
	 Size=12.0
	 Width=0
	 Bold=True
	 Italic=False
	 Underline=False
	 Strikeout=False
	 Color=LL.Color.Black
	 PitchAndFamily=49
	 OutPrecision=3
	 }
	Align=0
	Adjusted=False
	Uneraseable=False
	LineWrap=1
	PageWrapAllowed=True
	ForceWrap=False
	SpaceOptimization=False
	Spacing.Paragraph=12
	Spacing.Line=0
	OutputFormatter=
	Condition=True
	Text=Cond(Rechnung.Brutto<0, "XXXXXXXXXXXXXXXXX", Rechnung.MZF)
	Tab=0
	TabAlign=0
	}
   [Line]
	{
	[Font]
	 {
	 Default=False
	 FaceName="Courier New"
	 GdiCharSet=0
	 Size=12.0
	 Width=0
	 Bold=True
	 Italic=False
	 Underline=False
	 Strikeout=False
	 Color=LL.Color.Black
	 PitchAndFamily=49
	 OutPrecision=3
	 }
	Align=0
	Adjusted=False
	Uneraseable=False
	LineWrap=1
	PageWrapAllowed=True
	ForceWrap=False
	SpaceOptimization=True
	Spacing.Paragraph=12
	Spacing.Line=0
	OutputFormatter=
	Condition=True
	Text=Cond(Rechnung.Brutto<0, "XXXXXXXXXXXXXXXXX", Str$(Mitglied.Nr,4) + "/H" + Str$(vHalter.Nr, 5))
	Tab=0
	TabAlign=0
	}
   [Line]
	{
	[Font]
	 {
	 Default=False
	 FaceName="Courier New"
	 GdiCharSet=0
	 Size=12.0
	 Width=0
	 Bold=True
	 Italic=False
	 Underline=False
	 Strikeout=False
	 Color=LL.Color.Black
	 PitchAndFamily=49
	 OutPrecision=3
	 }
	Align=0
	Adjusted=False
	Uneraseable=False
	LineWrap=1
	PageWrapAllowed=True
	ForceWrap=False
	SpaceOptimization=True
	Spacing.Paragraph=12
	Spacing.Line=0
	OutputFormatter=
	Condition=True
	Text=Cond(Rechnung.Brutto<0, "XXXXXXXXXXXXXXXXX", vHalter.Titel + Cond(vHalter.Vorname="", "", vHalter.Vorname +" ") + vHalter.Nachname)
	Tab=0
	TabAlign=0
	}
   }
  }
[Object]
 ObjectID=1
 ObjectName=Text
 Locked=FALSE
 LinkID=19
 LinkToID=0
 LinkMode=32
 LinkTest=-17745
 LayerID=0
 GroupID=0
 Identifier=Benutzer.Zeichen
 Condition=True
 UserLocked=False
 WrapBefore=False
 ExportAsPicture=False
 Position/Left=200000
 Position/Top=24000
 Position/Width=4000
 Position/Height=153600
 Direction=1
 bFill=0
 BkColor=LL.Color.Black
 Frame/Layout=0
 Frame/Left/Line=False
 Frame/Top/Line=False
 Frame/Right/Line=False
 Frame/Bottom/Line=False
 PDFLevel=0
 PDFText=
 bPageWrap=False
 bBottomAligned=False
 [@Lines]
  {
  [Lines]
   {
   [Line]
	{
	[Font]
	 {
	 Default=False
	 FaceName="Calibri"
	 GdiCharSet=0
	 Size=8.0
	 Width=0
	 Bold=False
	 Italic=False
	 Underline=False
	 Strikeout=False
	 Color=RGB(192,192,192)
	 PitchAndFamily=34
	 OutPrecision=3
	 }
	Align=0
	Adjusted=False
	Uneraseable=False
	LineWrap=1
	PageWrapAllowed=True
	ForceWrap=False
	SpaceOptimization=True
	Spacing.Paragraph=0
	Spacing.Line=0
	OutputFormatter=
	Condition=True
	Text=Date$(Now(),"%d.%m.%y, %H:%02i:%02s") + "/ " + Benutzer.Zeichen + " " +LL.Device.Name + " " + LL.Device.Page.Name + " Seite " + Page$ () + " / " + TotalPages$ ()
	Tab=0
	TabAlign=0
	}
   }
  }
[Object]
 ObjectID=1
 ObjectName=Text
 Locked=FALSE
 LinkID=31
 LinkToID=0
 LinkMode=0
 LinkTest=-7362
 LayerID=0
 GroupID=0
 Identifier=Quittung
 Condition=True
 UserLocked=False
 WrapBefore=False
 ExportAsPicture=False
 Position/Left=12000
 Position/Top=238000
 Position/Width=43300
 Position/Height=22000
 Direction=0
 bFill=0
 BkColor=LL.Color.Black
 Frame/Layout=0
 Frame/Left/Line=False
 Frame/Top/Line=False
 Frame/Right/Line=False
 Frame/Bottom/Line=False
 PDFLevel=0
 PDFText=
 bPageWrap=False
 bBottomAligned=False
 [@Lines]
  {
  [Lines]
   {
   [Line]
	{
	[Font]
	 {
	 Default=False
	 FaceName="Calibri"
	 GdiCharSet=0
	 Size=10.0
	 Width=0
	 Bold=False
	 Italic=False
	 Underline=False
	 Strikeout=False
	 Color=LL.Color.Black
	 PitchAndFamily=34
	 OutPrecision=3
	 }
	Align=0
	Adjusted=False
	Uneraseable=False
	LineWrap=1
	PageWrapAllowed=True
	ForceWrap=False
	SpaceOptimization=True
	Spacing.Paragraph=0
	Spacing.Line=0
	OutputFormatter=
	Condition=True
	Text=Cond(Rechnung.Brutto<0, "XXXXXXXXXXXXXXXXX", StrSubst$ (Str$(Rechnung.Brutto,10,2), " ", "*") + Chr$(13) + Chr$(13))
	Tab=0
	TabAlign=0
	}
   [Line]
	{
	[Font]
	 {
	 Default=True
	 }
	Align=0
	Adjusted=False
	Uneraseable=False
	LineWrap=1
	PageWrapAllowed=True
	ForceWrap=False
	SpaceOptimization=True
	Spacing.Paragraph=0
	Spacing.Line=0
	OutputFormatter=
	Condition=True
	Text="  "
	Tab=0
	TabAlign=0
	}
   [Line]
	{
	[Font]
	 {
	 Default=False
	 FaceName="Calibri"
	 GdiCharSet=0
	 Size=10.0
	 Width=0
	 Bold=False
	 Italic=False
	 Underline=False
	 Strikeout=False
	 Color=LL.Color.Black
	 PitchAndFamily=34
	 OutPrecision=3
	 }
	Align=0
	Adjusted=False
	Uneraseable=False
	LineWrap=1
	PageWrapAllowed=True
	ForceWrap=False
	SpaceOptimization=True
	Spacing.Paragraph=0
	Spacing.Line=0
	OutputFormatter=
	Condition=True
	Text=Cond(Rechnung.Brutto<0, "XXXXXXXXXXXXXXXXX", Rechnung.MZF)
	Tab=0
	TabAlign=0
	}
   [Line]
	{
	[Font]
	 {
	 Default=False
	 FaceName="Calibri"
	 GdiCharSet=0
	 Size=10.0
	 Width=0
	 Bold=False
	 Italic=False
	 Underline=False
	 Strikeout=False
	 Color=LL.Color.Black
	 PitchAndFamily=34
	 OutPrecision=3
	 }
	Align=0
	Adjusted=False
	Uneraseable=False
	LineWrap=1
	PageWrapAllowed=True
	ForceWrap=False
	SpaceOptimization=True
	Spacing.Paragraph=0
	Spacing.Line=0
	OutputFormatter=
	Condition=True
	Text=Cond(Rechnung.Brutto<0, "XXXXXXXXXXXXXXXXX", "Kunden-Nr." + Str$(Mitglied.Nr,4,0) + "/H" + Str$(vHalter.Nr,5,0))
	Tab=0
	TabAlign=0
	}
   }
  }
[Object]
 ObjectID=1
 ObjectName=Text
 Locked=FALSE
 LinkID=16
 LinkToID=0
 LinkMode=32
 LinkTest=-26920
 LayerID=0
 GroupID=0
 Identifier=Datum2
 Condition=True
 UserLocked=False
 WrapBefore=False
 ExportAsPicture=False
 Position/Left=124000
 Position/Top=8000
 Position/Width=24000
 Position/Height=10000
 Direction=0
 bFill=0
 BkColor=LL.Color.Black
 Frame/Layout=0
 Frame/Left/Line=False
 Frame/Top/Line=False
 Frame/Right/Line=False
 Frame/Bottom/Line=False
 PDFLevel=0
 PDFText=
 bPageWrap=False
 bBottomAligned=False
 [@Lines]
  {
  [Lines]
   {
   [Line]
	{
	[Font]
	 {
	 Default=False
	 FaceName="Calibri"
	 GdiCharSet=0
	 Size=8.0
	 Width=0
	 Bold=False
	 Italic=False
	 Underline=False
	 Strikeout=False
	 Color=LL.Color.Black
	 PitchAndFamily=34
	 OutPrecision=3
	 }
	Align=0
	Adjusted=False
	Uneraseable=False
	LineWrap=1
	PageWrapAllowed=True
	ForceWrap=False
	SpaceOptimization=True
	Spacing.Paragraph=2
	Spacing.Line=0
	OutputFormatter=
	Condition=True
	Text="Datum"
	Tab=0
	TabAlign=0
	}
   [Line]
	{
	[Font]
	 {
	 Default=True
	 }
	Align=0
	Adjusted=False
	Uneraseable=False
	LineWrap=1
	PageWrapAllowed=True
	ForceWrap=False
	SpaceOptimization=True
	Spacing.Paragraph=0
	Spacing.Line=0
	OutputFormatter=
	Condition=True
	Text=
	Tab=0
	TabAlign=0
	}
   [Line]
	{
	[Font]
	 {
	 Default=True
	 }
	Align=0
	Adjusted=False
	Uneraseable=False
	LineWrap=1
	PageWrapAllowed=True
	ForceWrap=False
	SpaceOptimization=True
	Spacing.Paragraph=0
	Spacing.Line=0
	OutputFormatter=
	Condition=True
	Text=Rechnung.Datum
	Tab=0
	TabAlign=0
	}
   }
  }
[Object]
 ObjectID=1
 ObjectName=Text
 Locked=FALSE
 LinkID=21
 LinkToID=0
 LinkMode=32
 LinkTest=-31661
 LayerID=0
 GroupID=0
 Identifier=RechNr2
 Condition=True
 UserLocked=False
 WrapBefore=False
 ExportAsPicture=False
 Position/Left=176800
 Position/Top=8000
 Position/Width=26000
 Position/Height=10000
 Direction=0
 bFill=0
 BkColor=LL.Color.Black
 Frame/Layout=0
 Frame/Left/Line=False
 Frame/Top/Line=False
 Frame/Right/Line=False
 Frame/Bottom/Line=False
 PDFLevel=0
 PDFText=
 bPageWrap=False
 bBottomAligned=False
 [@Lines]
  {
  [Lines]
   {
   [Line]
	{
	[Font]
	 {
	 Default=False
	 FaceName="Calibri"
	 GdiCharSet=0
	 Size=8.0
	 Width=0
	 Bold=False
	 Italic=False
	 Underline=False
	 Strikeout=False
	 Color=LL.Color.Black
	 PitchAndFamily=34
	 OutPrecision=3
	 }
	Align=0
	Adjusted=False
	Uneraseable=False
	LineWrap=1
	PageWrapAllowed=True
	ForceWrap=False
	SpaceOptimization=True
	Spacing.Paragraph=2
	Spacing.Line=0
	OutputFormatter=
	Condition=True
	Text="Rechnungs-Nr."
	Tab=0
	TabAlign=0
	}
   [Line]
	{
	[Font]
	 {
	 Default=True
	 }
	Align=0
	Adjusted=False
	Uneraseable=False
	LineWrap=1
	PageWrapAllowed=True
	ForceWrap=False
	SpaceOptimization=True
	Spacing.Paragraph=0
	Spacing.Line=0
	OutputFormatter=
	Condition=True
	Text=
	Tab=0
	TabAlign=0
	}
   [Line]
	{
	[Font]
	 {
	 Default=True
	 }
	Align=0
	Adjusted=False
	Uneraseable=False
	LineWrap=1
	PageWrapAllowed=True
	ForceWrap=False
	SpaceOptimization=True
	Spacing.Paragraph=0
	Spacing.Line=0
	OutputFormatter=
	Condition=True
	Text=Str$(Mitglied.Nr,4,0) + "/R" + Str$(Rechnung.Nr,5,0)
	Tab=0
	TabAlign=0
	}
   }
  }
[Object]
 ObjectID=1
 ObjectName=Text
 Locked=FALSE
 LinkID=23
 LinkToID=0
 LinkMode=32
 LinkTest=-24963
 LayerID=0
 GroupID=0
 Identifier=KundenNr2
 Condition=True
 UserLocked=False
 WrapBefore=False
 ExportAsPicture=False
 Position/Left=152000
 Position/Top=8000
 Position/Width=22800
 Position/Height=10000
 Direction=0
 bFill=0
 BkColor=LL.Color.Black
 Frame/Layout=0
 Frame/Left/Line=False
 Frame/Top/Line=False
 Frame/Right/Line=False
 Frame/Bottom/Line=False
 PDFLevel=0
 PDFText=
 bPageWrap=False
 bBottomAligned=False
 [@Lines]
  {
  [Lines]
   {
   [Line]
	{
	[Font]
	 {
	 Default=False
	 FaceName="Calibri"
	 GdiCharSet=0
	 Size=8.0
	 Width=0
	 Bold=False
	 Italic=False
	 Underline=False
	 Strikeout=False
	 Color=LL.Color.Black
	 PitchAndFamily=34
	 OutPrecision=3
	 }
	Align=0
	Adjusted=False
	Uneraseable=False
	LineWrap=1
	PageWrapAllowed=True
	ForceWrap=False
	SpaceOptimization=True
	Spacing.Paragraph=2
	Spacing.Line=0
	OutputFormatter=
	Condition=True
	Text="Kunden-Nr."
	Tab=0
	TabAlign=0
	}
   [Line]
	{
	[Font]
	 {
	 Default=True
	 }
	Align=0
	Adjusted=False
	Uneraseable=False
	LineWrap=1
	PageWrapAllowed=True
	ForceWrap=False
	SpaceOptimization=True
	Spacing.Paragraph=0
	Spacing.Line=0
	OutputFormatter=
	Condition=True
	Text=
	Tab=0
	TabAlign=0
	}
   [Line]
	{
	[Font]
	 {
	 Default=True
	 }
	Align=0
	Adjusted=False
	Uneraseable=False
	LineWrap=1
	PageWrapAllowed=True
	ForceWrap=False
	SpaceOptimization=True
	Spacing.Paragraph=0
	Spacing.Line=0
	OutputFormatter=
	Condition=True
	Text=Str$(Mitglied.Nr,4,0) + "/H" + Str$(vHalter.Nr,5,0)
	Tab=0
	TabAlign=0
	}
   }
  }
[Object]
 ObjectID=1
 ObjectName=Text
 Locked=FALSE
 LinkID=57
 LinkToID=0
 LinkMode=32
 LinkTest=-18659
 LayerID=0
 GroupID=0
 Identifier=Empfaenger2
 Condition=True
 UserLocked=False
 WrapBefore=False
 ExportAsPicture=False
 Position/Left=16000
 Position/Top=8000
 Position/Width=106500
 Position/Height=12000
 Direction=0
 bFill=0
 BkColor=LL.Color.Black
 Frame/Layout=0
 Frame/Left/Line=False
 Frame/Top/Line=False
 Frame/Right/Line=False
 Frame/Bottom/Line=False
 PDFLevel=0
 PDFText=
 bPageWrap=False
 bBottomAligned=False
 [@Lines]
  {
  [Lines]
   {
   [Line]
	{
	[Font]
	 {
	 Default=False
	 FaceName="Calibri"
	 GdiCharSet=0
	 Size=8.0
	 Width=0
	 Bold=False
	 Italic=False
	 Underline=False
	 Strikeout=False
	 Color=LL.Color.Black
	 PitchAndFamily=34
	 OutPrecision=3
	 }
	Align=0
	Adjusted=False
	Uneraseable=False
	LineWrap=1
	PageWrapAllowed=True
	ForceWrap=False
	SpaceOptimization=True
	Spacing.Paragraph=2
	Spacing.Line=0
	OutputFormatter=
	Condition=True
	Text="Abs.: Tierärztliche Verrechnungsstelle Niedersachsen r.V. · Postfach 1363 · 31003 Elze"
	Tab=0
	TabAlign=0
	}
   [Line]
	{
	[Font]
	 {
	 Default=False
	 FaceName="Calibri"
	 GdiCharSet=0
	 Size=8.0
	 Width=0
	 Bold=False
	 Italic=False
	 Underline=False
	 Strikeout=False
	 Color=LL.Color.Black
	 PitchAndFamily=34
	 OutPrecision=3
	 }
	Align=0
	Adjusted=False
	Uneraseable=False
	LineWrap=1
	PageWrapAllowed=True
	ForceWrap=False
	SpaceOptimization=True
	Spacing.Paragraph=2
	Spacing.Line=0
	OutputFormatter=
	Condition=True
	Text="Empf.: " + vHalter.Titel + vHalter.Vorname + Cond(vHalter.Vorname = "", "", " ") + vHalter.Nachname + Cond(vHalter.Name2="", "", ", " + vHalter.Name2) + ", " +  Cond(vHalter.Strasse = "", "", vHalter.Strasse + ", ") + vHalter.Ort + Cond(vHalter.Land = "", "", ", " + vHalter.Land)
	Tab=0
	TabAlign=0
	}
   [Line]
	{
	[Font]
	 {
	 Default=True
	 }
	Align=0
	Adjusted=False
	Uneraseable=False
	LineWrap=1
	PageWrapAllowed=True
	ForceWrap=False
	SpaceOptimization=True
	Spacing.Paragraph=0
	Spacing.Line=0
	OutputFormatter=
	Condition=True
	Text=
	Tab=0
	TabAlign=0
	}
   }
  }
[Object]
 ObjectID=1
 ObjectName=Text
 Locked=FALSE
 LinkID=10
 LinkToID=0
 LinkMode=32
 LinkTest=-18244
 LayerID=0
 GroupID=0
 Identifier=
 Condition=True
 UserLocked=False
 WrapBefore=False
 ExportAsPicture=False
 Position/Left=500
 Position/Top=6000
 Position/Width=37500
 Position/Height=2000
 Direction=0
 bFill=0
 BkColor=LL.Color.Black
 Frame/Layout=0
 Frame/Left/Line=False
 Frame/Top/Line=False
 Frame/Right/Line=False
 Frame/Bottom/Line=False
 PDFLevel=0
 PDFText=
 bPageWrap=False
 bBottomAligned=False
 [@Lines]
  {
  [Lines]
   {
   [Line]
	{
	[Font]
	 {
	 Default=False
	 FaceName="Calibri"
	 GdiCharSet=0
	 Size=4.0
	 Width=0
	 Bold=False
	 Italic=False
	 Underline=False
	 Strikeout=False
	 Color=RGB(192,192,192)
	 PitchAndFamily=34
	 OutPrecision=3
	 }
	Align=0
	Adjusted=False
	Uneraseable=False
	LineWrap=1
	PageWrapAllowed=True
	ForceWrap=False
	SpaceOptimization=True
	Spacing.Paragraph=0
	Spacing.Line=0
	OutputFormatter=
	Condition=True
	Text=Cond(Barcode = "", "", Barcode)
	Tab=0
	TabAlign=0
	}
   }
  }
[Object]
 ObjectID=6
 ObjectName=Tabelle
 Locked=FALSE
 LinkID=2
 LinkToID=0
 LinkMode=8224
 LinkTest=-28321
 LayerID=0
 GroupID=0
 Identifier=
 Condition=True
 UserLocked=False
 WrapBefore=False
 Position/Left=16000
 Position/Top=22000
 Position/Width=182000
 Position/Height=28300
 Direction=0
 PDFLevel=0
 PDFText=
 bFooterOnBottom=False
 bFillBottom=False
 DefaultFont/Default=True
 DefaultFont/FaceName="Calibri"
 DefaultFont/GdiCharSet=0
 DefaultFont/Size=10.0
 DefaultFont/Width=0
 DefaultFont/Bold=False
 DefaultFont/Italic=False
 DefaultFont/Underline=False
 DefaultFont/Strikeout=False
 DefaultFont/Color=LL.Color.Black
 DefaultFont/PitchAndFamily=34
 DefaultFont/OutPrecision=3
 FgColor=LL.Color.Black
 bFill=0
 Raster=1
 BkColor=LL.Color.White
 BkColor3=LL.Color.White
 BkColor2=LL.Color.White
 BkColor.Alpha=50
 ColumnCount=0
 ColumnCount.Distance=0
 ColumnBreakCondition=False
 [@Tables]
  {
  [Tables]
   {
   [Table]
	{
	TableType=List
	TableID=
	RelationID=
	[GroupHeaderLines]
	 {
	 bConcatDataLines=True
	 }
	[GroupFooterLines]
	 {
	 bAlsoOnEmptyGroup=False
	 }
	[DataLines]
	 {
	 bKeepTogether=True
	 bSuppress=False
	 bForceSumCalculation=True
	 }
	ZebraPattern=0
	[ZebraPattern]
	 {
	 Pattern=6
	 Color=LL.Color.Black
	 Color3=LL.Color.White
	 Color2=LL.Color.White
	 Color.Alpha=50
	 }
	[FooterLines]
	 {
	 bKeepTogether=True
	 }
	PageBreakCondition=False
	[DefaultFrame]
	 {
	 Layout=1
	 [Left]
	  {
	  Spacing=1000
	  Line=True
	  [Line]
	   {
	   Color=LL.Color.Black
	   LineType=0
	   }
	  LineWidth=0
	  }
	 [Top]
	  {
	  Spacing=500
	  Line=True
	  [Line]
	   {
	   Color=LL.Color.Black
	   LineType=0
	   }
	  LineWidth=0
	  }
	 [Right]
	  {
	  Spacing=1000
	  Line=True
	  [Line]
	   {
	   Color=LL.Color.Black
	   LineType=0
	   }
	  LineWidth=0
	  }
	 [Bottom]
	  {
	  Spacing=500
	  Line=True
	  [Line]
	   {
	   Color=LL.Color.Black
	   LineType=0
	   }
	  LineWidth=0
	  }
	 }
	ColumnCount=0
	ColumnCount.Distance=0
	ColumnBreakCondition=False
	FormulaFilter=True
	[Body]
	 {
	 [Lines]
	  {
	  [Line]
	   {
	   [Columns]
		{
		}
	   [Options]
		{
		Description=
		[LFont]
		 {
		 Default=True
		 }
		LCondition=True
		DisplayInDesigner=True
		IgnoreEmpty=True
		PDFLevel=0
		PDFText=
		[ReservedSpace]
		 {
		 Left=0
		 Top=0
		 Right=0
		 Bottom=0
		 }
		}
	   }
	  }
	 [Options]
	  {
	  }
	 }
	[Header]
	 {
	 [Lines]
	  {
	  [Line]
	   {
	   [Columns]
		{
		}
	   [Options]
		{
		Description=
		[LFont]
		 {
		 Default=True
		 }
		LCondition=True
		DisplayInDesigner=True
		IgnoreEmpty=True
		PDFLevel=0
		PDFText=
		[ReservedSpace]
		 {
		 Left=0
		 Top=0
		 Right=0
		 Bottom=0
		 }
		}
	   }
	  }
	 [Options]
	  {
	  }
	 }
	[Footer]
	 {
	 [Lines]
	  {
	  [Line]
	   {
	   [Columns]
		{
		}
	   [Options]
		{
		Description=
		[LFont]
		 {
		 Default=True
		 }
		LCondition=True
		DisplayInDesigner=True
		IgnoreEmpty=True
		PDFLevel=0
		PDFText=
		[ReservedSpace]
		 {
		 Left=0
		 Top=0
		 Right=0
		 Bottom=0
		 }
		}
	   }
	  }
	 [Options]
	  {
	  }
	 }
	[GroupHeader]
	 {
	 [Lines]
	  {
	  [Line]
	   {
	   [Columns]
		{
		[Column]
		 {
		 Identifier=
		 OutputFormatter=
		 Text=" "
		 Width=188000
		 Height=10000
		 FixedHeight=0
		 bIsotropic=True
		 PlainTextFormat=True
		 Align=0
		 AlignDecPosition=-10000
		 VAlign=0
		 Adjusted=False
		 LineWrap=1
		 ForceWrap=False
		 Spacing.Line=0
		 bFill=0
		 Raster=1
		 BkColor=RGB(224,224,224)
		 BkColor3=LL.Color.White
		 BkColor2=LL.Color.White
		 BkColor.Alpha=50
		 FgColor=LL.Color.Black
		 SpaceOptimization=True
		 Link.URL=
		 WithText=False
		 [Frame]
		  {
		  Default=False
		  Layout=1
		  [Left]
		   {
		   Spacing=1000
		   Line=False
		   }
		  [Top]
		   {
		   Spacing=500
		   Line=False
		   }
		  [Right]
		   {
		   Spacing=1000
		   Line=False
		   }
		  [Bottom]
		   {
		   Spacing=500
		   Line=False
		   }
		  }
		 [Font]
		  {
		  Default=False
		  FaceName="Calibri"
		  GdiCharSet=0
		  Size=8.0
		  Width=0
		  Bold=False
		  Italic=False
		  Underline=False
		  Strikeout=False
		  Color=LL.Color.Black
		  PitchAndFamily=34
		  OutPrecision=3
		  }
		 Direction=0
		 BarWidth=0
		 [BarWidth]
		  {
		  Align=0
		  }
		 BarRatio=0
		 ExportAsPicture=False
		 Condition=True
		 }
		}
	   [Options]
		{
		Description=TextO
		[LFont]
		 {
		 Default=True
		 }
		LCondition=Page () = 1
		DisplayInDesigner=True
		IgnoreEmpty=True
		PDFLevel=1
		PDFText=
		[ReservedSpace]
		 {
		 Left=0
		 Top=1000
		 Right=0
		 Bottom=0
		 }
		GroupCondition=Str$ (ArztNr) + Str$ (Rechnung.Nr)
		ResetSums=
		OnNewPage=False
		PrintRightAfterHeader=True
		}
	   }
	  }
	 [Options]
	  {
	  }
	 }
	[GroupFooter]
	 {
	 [Lines]
	  {
	  [Line]
	   {
	   [Columns]
		{
		[Column]
		 {
		 Identifier=
		 OutputFormatter=
		 Text=" "
		 Width=194000
		 Height=10000
		 FixedHeight=0
		 bIsotropic=True
		 PlainTextFormat=True
		 Align=0
		 AlignDecPosition=-10000
		 VAlign=0
		 Adjusted=False
		 LineWrap=1
		 ForceWrap=False
		 Spacing.Line=0
		 bFill=0
		 Raster=1
		 BkColor=RGB(224,224,224)
		 BkColor3=LL.Color.White
		 BkColor2=LL.Color.White
		 BkColor.Alpha=50
		 FgColor=LL.Color.Black
		 SpaceOptimization=False
		 Link.URL=
		 WithText=False
		 [Frame]
		  {
		  Default=False
		  Layout=1
		  [Left]
		   {
		   Spacing=1000
		   Line=False
		   }
		  [Top]
		   {
		   Spacing=500
		   Line=True
		   [Line]
			{
			Color=LL.Color.Black
			LineType=1
			}
		   LineWidth=0
		   }
		  [Right]
		   {
		   Spacing=1000
		   Line=False
		   }
		  [Bottom]
		   {
		   Spacing=500
		   Line=True
		   [Line]
			{
			Color=LL.Color.Black
			LineType=1
			}
		   LineWidth=0
		   }
		  }
		 [Font]
		  {
		  Default=False
		  FaceName="Courier New"
		  GdiCharSet=0
		  Size=10.0
		  Width=0
		  Bold=True
		  Italic=False
		  Underline=False
		  Strikeout=False
		  Color=LL.Color.Black
		  PitchAndFamily=49
		  OutPrecision=3
		  }
		 Direction=0
		 BarWidth=0
		 [BarWidth]
		  {
		  Align=0
		  }
		 BarRatio=0
		 ExportAsPicture=False
		 Condition=True
		 }
		}
	   [Options]
		{
		Description=KT1
		[LFont]
		 {
		 Default=True
		 }
		LCondition=True
		DisplayInDesigner=True
		IgnoreEmpty=True
		PDFLevel=0
		PDFText=
		[ReservedSpace]
		 {
		 Left=0
		 Top=5000
		 Right=0
		 Bottom=0
		 }
		GroupCondition=Str$ (ArztNr) + Str$ (Rechnung.Nr)
		ResetSums=
		TriggerNewPage=False
		}
	   }
	  [Line]
	   {
	   [Columns]
		{
		[Column]
		 {
		 Identifier=
		 OutputFormatter=
		 Text=" "
		 Width=77000
		 Height=10000
		 FixedHeight=0
		 bIsotropic=True
		 PlainTextFormat=True
		 Align=2
		 AlignDecPosition=-10000
		 VAlign=2
		 Adjusted=False
		 LineWrap=1
		 ForceWrap=False
		 Spacing.Line=0
		 bFill=0
		 Raster=1
		 BkColor=RGB(224,224,224)
		 BkColor3=LL.Color.White
		 BkColor2=LL.Color.White
		 BkColor.Alpha=50
		 FgColor=LL.Color.Black
		 SpaceOptimization=True
		 Link.URL=
		 WithText=False
		 [Frame]
		  {
		  Default=False
		  Layout=1
		  [Left]
		   {
		   Spacing=1000
		   Line=False
		   }
		  [Top]
		   {
		   Spacing=500
		   Line=False
		   }
		  [Right]
		   {
		   Spacing=1000
		   Line=False
		   }
		  [Bottom]
		   {
		   Spacing=500
		   Line=False
		   }
		  }
		 [Font]
		  {
		  Default=False
		  FaceName="Calibri"
		  GdiCharSet=0
		  Size=12.0
		  Width=0
		  Bold=True
		  Italic=False
		  Underline=False
		  Strikeout=False
		  Color=LL.Color.Black
		  PitchAndFamily=34
		  OutPrecision=3
		  }
		 Direction=0
		 BarWidth=0
		 [BarWidth]
		  {
		  Align=0
		  }
		 BarRatio=0
		 ExportAsPicture=False
		 Condition=True
		 }
		}
	   [Options]
		{
		Description=TextO (1)
		[LFont]
		 {
		 Default=True
		 }
		LCondition=True
		DisplayInDesigner=True
		IgnoreEmpty=True
		PDFLevel=0
		PDFText=
		[ReservedSpace]
		 {
		 Left=0
		 Top=5000
		 Right=0
		 Bottom=0
		 }
		GroupCondition=Str$ (ArztNr) + Str$ (Rechnung.Nr)
		ResetSums=
		TriggerNewPage=False
		}
	   }
	  }
	 [Options]
	  {
	  }
	 }
	}
   }
  }
[Object]
 ObjectID=1
 ObjectName=Text
 Locked=FALSE
 LinkID=40
 LinkToID=0
 LinkMode=32
 LinkTest=-12108
 LayerID=0
 GroupID=0
 Identifier=
 Condition=True
 UserLocked=False
 WrapBefore=False
 ExportAsPicture=False
 Position/Left=18000
 Position/Top=156000
 Position/Width=88000
 Position/Height=18000
 Direction=0
 bFill=0
 BkColor=LL.Color.Black
 Frame/Layout=0
 Frame/Left/Line=False
 Frame/Top/Line=False
 Frame/Right/Line=False
 Frame/Bottom/Line=False
 PDFLevel=0
 PDFText=
 bPageWrap=False
 bBottomAligned=False
 [@Lines]
  {
  [Lines]
   {
   [Line]
	{
	[Font]
	 {
	 Default=True
	 }
	Align=0
	Adjusted=False
	Uneraseable=False
	LineWrap=1
	PageWrapAllowed=True
	ForceWrap=False
	SpaceOptimization=True
	Spacing.Paragraph=0
	Spacing.Line=0
	OutputFormatter=
	Condition=True
	Text="Bitte verwenden Sie den anhängenden Überweisungsauftrag. Die prompte und korrekte Buchung Ihrer Zahlung ist damit sichergestellt."
	Tab=0
	TabAlign=0
	}
   }
  }
[Object]
 ObjectID=1
 ObjectName=Text
 Locked=FALSE
 LinkID=52
 LinkToID=0
 LinkMode=32
 LinkTest=-4519
 LayerID=0
 GroupID=0
 Identifier=
 Condition=True
 UserLocked=False
 WrapBefore=False
 ExportAsPicture=False
 Position/Left=110000
 Position/Top=156000
 Position/Width=82000
 Position/Height=18000
 Direction=0
 bFill=0
 BkColor=LL.Color.Black
 Frame/Layout=0
 Frame/Left/Line=False
 Frame/Top/Line=False
 Frame/Right/Line=False
 Frame/Bottom/Line=False
 PDFLevel=0
 PDFText=
 bPageWrap=False
 bBottomAligned=False
 [@Lines]
  {
  [Lines]
   {
   [Line]
	{
	[Font]
	 {
	 Default=True
	 }
	Align=0
	Adjusted=False
	Uneraseable=False
	LineWrap=1
	PageWrapAllowed=True
	ForceWrap=False
	SpaceOptimization=True
	Spacing.Paragraph=0
	Spacing.Line=0
	OutputFormatter=
	Condition=True
	Text="Wenn Sie online überweisen oder einen anderen Überweisungsauftrag verwenden, so geben Sie bitte die Referenznummer " + Rechnung.MZF + " an. Vielen Dank!"
	Tab=0
	TabAlign=0
	}
   }
  }
[UserVariables]
[Parameters]
 [@Parameters]
  {
  [Parameters]
   {
   LL.ProjectDescription=PrintMachine-Infos
   }
  }
[UsedIdentifiers]
 Variables=Barcode;Benutzer.Zeichen;Bericht.auf blanco;Bericht.Deckblatt;Bericht.HalterNr;Bericht.Land;Bericht.MitgliedNr;Bericht.MitgliedNrL;Bericht.Name;Bericht.Name1;Bericht.Name2;Bericht.Ort;Bericht.RechnungNr;Bericht.Strasse;Kreuztabelle;Mitarbeiter;Mitglied.Logo;Mitglied.Memo;Mitglied.Name1;Mitglied.Name2;Mitglied.Nr;Mitglied.Ort;Mitglied.Strasse;Mitglied.UStID;Rechnung.Brutto;Rechnung.Datum;Rechnung.MZF;Rechnung.Nr;Rechnung.nurOPs;Rechnung.TSK;vHalter.Anrede;vHalter.Bankeinzug;vHalter.FaellTg;vHalter.Land;vHalter.Nachname;vHalter.Name2;vHalter.Nr;vHalter.Ort;vHalter.SperrDatum;vHalter.Strasse;vHalter.Titel;vHalter.VirtKonto;vHalter.Vorname
 Fields=ArztNr;Rechnung.EUR;Rechnung.MwSt;Rechnung.Text;Rechnung-Datum
